<?xml version="1.0"?>
<!DOCTYPE CyberCIEGEeventLog SYSTEM "..\..\eventlog.dtd">
<CyberCIEGEeventLog>
<gameEvent>
	<dtimeGame>20220410083000</dtimeGame>	<dtimeReal>20220827133452</dtimeReal>
	<loadFile>..\Starting Scenarios\1_Introduction.sdf</loadFile>
</gameEvent>
<gameEvent>
	<dtimeGame>20220410083000</dtimeGame>	<dtimeReal>20220827133452</dtimeReal>
	<loadFile>Introduction.CSM 9/30/16 3 47 PM</loadFile>
</gameEvent>
<gameEvent>
	<dtimeGame>20220410083000</dtimeGame>	<dtimeReal>20220827133453</dtimeReal>
	<creates>
		<user>Curly</user>
	</creates>
</gameEvent>
<gameEvent>
	<dtimeGame>20220410083000</dtimeGame>	<dtimeReal>20220827133453</dtimeReal>
	<creates>
		<user>Moe</user>
	</creates>
</gameEvent>
<componentEvent>
	<dtimeGame>20220410083000</dtimeGame>	<dtimeReal>20220827133453</dtimeReal>
	<name>BitFlipper Firewall</name>
	<networkConnect>LAN 1</networkConnect>
	<cost>0</cost><cash>12000</cash>
</componentEvent>
<componentEvent>
	<dtimeGame>20220410083000</dtimeGame>	<dtimeReal>20220827133453</dtimeReal>
	<name>BitFlipper Firewall</name>
	<networkConnect>Internet</networkConnect>
	<cost>0</cost><cash>12000</cash>
</componentEvent>
<gameEvent>
	<dtimeGame>20220410083000</dtimeGame>	<dtimeReal>20220827133453</dtimeReal>
	<creates>
		<deviceName>BitFlipper Firewall</deviceName>
	</creates>
</gameEvent>
<componentEvent>
	<dtimeGame>20220410083000</dtimeGame>	<dtimeReal>20220827133453</dtimeReal>
	<name>BortSoft Server</name>
	<networkConnect>LAN 1</networkConnect>
	<cost>0</cost><cash>12000</cash>
</componentEvent>
<assetEvent>
	<dtimeGame>20220410083000</dtimeGame>	<dtimeReal>20220827133453</dtimeReal>
	<name>Moe's E-Mail</name>
	<moveType>Add : SCENARIO_FILE</moveType>
	<computerName>BortSoft Server</computerName>
</assetEvent>
<assetEvent>
	<dtimeGame>20220410083000</dtimeGame>	<dtimeReal>20220827133453</dtimeReal>
	<name>Curly's E-Mail</name>
	<moveType>Add : SCENARIO_FILE</moveType>
	<computerName>BortSoft Server</computerName>
</assetEvent>
<assetEvent>
	<dtimeGame>20220410083000</dtimeGame>	<dtimeReal>20220827133453</dtimeReal>
	<name>BortSoft Data</name>
	<moveType>Add : SCENARIO_FILE</moveType>
	<computerName>BortSoft Server</computerName>
</assetEvent>
<gameEvent>
	<dtimeGame>20220410083000</dtimeGame>	<dtimeReal>20220827133453</dtimeReal>
	<creates>
		<computerName>BortSoft Server</computerName>
	</creates>
</gameEvent>
<gameEvent>
	<dtimeGame>20220410083000</dtimeGame>	<dtimeReal>20220827133453</dtimeReal>
	<start></start>
</gameEvent>
<goalFailure>
	<dtimeGame>20220410083000</dtimeGame>	<dtimeReal>20220827133453</dtimeReal>
	<name>Modify BortSoft Data</name>
	<userList>Moe</userList>
	<reason>The Modify BortSoft Data goal failed for Moe because no workstation could access BortSoft Data.</reason>
	<cost>0</cost><cash>12000</cash>
</goalFailure>
<goalFailure>
	<dtimeGame>20220410083000</dtimeGame>	<dtimeReal>20220827133453</dtimeReal>
	<name>Read Moe's E-Mail</name>
	<userList>Moe</userList>
	<reason>The Modify BortSoft Data goal failed for me because no workstation could access BortSoft Data.</reason>
	<cost>0</cost><cash>12000</cash>
</goalFailure>
<goalFailure>
	<dtimeGame>20220410083000</dtimeGame>	<dtimeReal>20220827133453</dtimeReal>
	<name>Modify BortSoft Data</name>
	<userList>Curly</userList>
	<reason>The Modify BortSoft Data goal failed for Curly because no workstation could access BortSoft Data.</reason>
	<cost>0</cost><cash>12000</cash>
</goalFailure>
<goalFailure>
	<dtimeGame>20220410083000</dtimeGame>	<dtimeReal>20220827133453</dtimeReal>
	<name>Read Curly's E-Mail</name>
	<userList>Curly</userList>
	<reason>The Modify BortSoft Data goal failed for me because no workstation could access BortSoft Data.</reason>
	<cost>0</cost><cash>12000</cash>
</goalFailure>
<uiEvent>
	<dtimeGame>20220410083000</dtimeGame>	<dtimeReal>20220827133453</dtimeReal>
	<tab>office</tab>
</uiEvent>
<trigger>
	<dtimeGame>20220410083000</dtimeGame>	<dtimeReal>20220827133453</dtimeReal>
	<name>SetIncomplete1_1</name>
	<triggerType>SET_OBJECTIVE_STATUS</triggerType>
	<timesGoneOff>1</timesGoneOff>
	<conditions>ConditionList: not MoeHasComputer(false) or_not CurlyHasComputer(false) :end</conditions>
</trigger>
<trigger>
	<dtimeGame>20220410083000</dtimeGame>	<dtimeReal>20220827133453</dtimeReal>
	<name>SetIncomplete1_2</name>
	<triggerType>SET_OBJECTIVE_STATUS</triggerType>
	<timesGoneOff>1</timesGoneOff>
	<conditions>ConditionList: not (CompanyHas3PlusComputers(false) and CompanyHas3PlusCompsOnLAN1(false) and MoeHasComputer(false) and CurlyHasComputer(false)) :end</conditions>
</trigger>
<goalFailure>
	<dtimeGame>20220410083000</dtimeGame>	<dtimeReal>20220827133457</dtimeReal>
	<name>Modify BortSoft Data</name>
	<userList>Moe</userList>
	<reason>The Modify BortSoft Data goal failed for Moe because no workstation could access BortSoft Data.</reason>
	<cost>0</cost><cash>12000</cash>
</goalFailure>
<goalFailure>
	<dtimeGame>20220410083000</dtimeGame>	<dtimeReal>20220827133457</dtimeReal>
	<name>Read Moe's E-Mail</name>
	<userList>Moe</userList>
	<reason>The Modify BortSoft Data goal failed for me because no workstation could access BortSoft Data.</reason>
	<cost>0</cost><cash>12000</cash>
</goalFailure>
<goalFailure>
	<dtimeGame>20220410083000</dtimeGame>	<dtimeReal>20220827133457</dtimeReal>
	<name>Modify BortSoft Data</name>
	<userList>Curly</userList>
	<reason>The Modify BortSoft Data goal failed for Curly because no workstation could access BortSoft Data.</reason>
	<cost>0</cost><cash>12000</cash>
</goalFailure>
<goalFailure>
	<dtimeGame>20220410083000</dtimeGame>	<dtimeReal>20220827133457</dtimeReal>
	<name>Read Curly's E-Mail</name>
	<userList>Curly</userList>
	<reason>The Modify BortSoft Data goal failed for me because no workstation could access BortSoft Data.</reason>
	<cost>0</cost><cash>12000</cash>
</goalFailure>
<trigger>
	<dtimeGame>20220410083000</dtimeGame>	<dtimeReal>20220827133457</dtimeReal>
	<name>IntroTipObjective</name>
	<triggerType>HELPTIP_TRIGGER</triggerType>
	<timesGoneOff>1</timesGoneOff>
	<conditions>ConditionList: WhichScreen2,2 and_not ObjectiveViewed_intrinsic0,0 :end</conditions>
</trigger>
<uiEvent>
	<dtimeGame>20220410083000</dtimeGame>	<dtimeReal>20220827133459</dtimeReal>
	<tab>objective</tab>
</uiEvent>
<trigger>
	<dtimeGame>20220410083000</dtimeGame>	<dtimeReal>20220827133500</dtimeReal>
	<name>ObjectiveViewed</name>
	<triggerType>LOG_TRIGGER</triggerType>
	<timesGoneOff>1</timesGoneOff>
	<conditions>ConditionList: WhichScreen12,12 and_not ThirdPhaseCompleted(false) :end</conditions>
</trigger>
<gameEvent>
	<dtimeGame>20220410083000</dtimeGame>	<dtimeReal>20220827133500</dtimeReal>
	<logTrigger>  <name>ObjectiveViewed</name>
  <message>Objective viewed</message>
  <conditions>ConditionList: WhichScreen12,12 and_not ThirdPhaseCompleted(false) :end,</conditions>
</logTrigger>
</gameEvent>
<trigger>
	<dtimeGame>20220410083000</dtimeGame>	<dtimeReal>20220827133506</dtimeReal>
	<name>ReturnFromObjective</name>
	<triggerType>HELPTIP_TRIGGER</triggerType>
	<timesGoneOff>1</timesGoneOff>
	<conditions>ConditionList: (TimesObjectiveViewed0,1 or TimesObjectiveViewed1,1) and WhichScreen12,12 :end</conditions>
</trigger>
<goalFailure>
	<dtimeGame>20220410083000</dtimeGame>	<dtimeReal>20220827133508</dtimeReal>
	<name>Modify BortSoft Data</name>
	<userList>Moe</userList>
	<reason>The Modify BortSoft Data goal failed for Moe because no workstation could access BortSoft Data.</reason>
	<cost>0</cost><cash>12000</cash>
</goalFailure>
<goalFailure>
	<dtimeGame>20220410083000</dtimeGame>	<dtimeReal>20220827133508</dtimeReal>
	<name>Read Moe's E-Mail</name>
	<userList>Moe</userList>
	<reason>The Modify BortSoft Data goal failed for me because no workstation could access BortSoft Data.</reason>
	<cost>0</cost><cash>12000</cash>
</goalFailure>
<goalFailure>
	<dtimeGame>20220410083000</dtimeGame>	<dtimeReal>20220827133508</dtimeReal>
	<name>Modify BortSoft Data</name>
	<userList>Curly</userList>
	<reason>The Modify BortSoft Data goal failed for Curly because no workstation could access BortSoft Data.</reason>
	<cost>0</cost><cash>12000</cash>
</goalFailure>
<goalFailure>
	<dtimeGame>20220410083000</dtimeGame>	<dtimeReal>20220827133508</dtimeReal>
	<name>Read Curly's E-Mail</name>
	<userList>Curly</userList>
	<reason>The Modify BortSoft Data goal failed for me because no workstation could access BortSoft Data.</reason>
	<cost>0</cost><cash>12000</cash>
</goalFailure>
<uiEvent>
	<dtimeGame>20220410083000</dtimeGame>	<dtimeReal>20220827133508</dtimeReal>
	<tab>office</tab>
</uiEvent>
<uiEvent>
	<dtimeGame>20220410083000</dtimeGame>	<dtimeReal>20220827133510</dtimeReal>
	<tab>network</tab>
</uiEvent>
<trigger>
	<dtimeGame>20220410083000</dtimeGame>	<dtimeReal>20220827133510</dtimeReal>
	<name>IntroTip3</name>
	<triggerType>HELPTIP_TRIGGER</triggerType>
	<timesGoneOff>1</timesGoneOff>
	<conditions>ConditionList: not (MoeHasComputer(false) and CurlyHasComputer(false)) and_not WhichScreen2,3 and_not WhichScreen1,3 and_not WhichScreen9,3 and_not WhichScreen11,3 and_not WhichScreen12,3 and_not FirstPhaseCompleted(false) :end</conditions>
</trigger>
<goalFailure>
	<dtimeGame>20220410083000</dtimeGame>	<dtimeReal>20220827133512</dtimeReal>
	<name>Modify BortSoft Data</name>
	<userList>Moe</userList>
	<reason>The Modify BortSoft Data goal failed for Moe because no workstation could access BortSoft Data.</reason>
	<cost>0</cost><cash>12000</cash>
</goalFailure>
<goalFailure>
	<dtimeGame>20220410083000</dtimeGame>	<dtimeReal>20220827133512</dtimeReal>
	<name>Read Moe's E-Mail</name>
	<userList>Moe</userList>
	<reason>The Modify BortSoft Data goal failed for me because no workstation could access BortSoft Data.</reason>
	<cost>0</cost><cash>12000</cash>
</goalFailure>
<goalFailure>
	<dtimeGame>20220410083000</dtimeGame>	<dtimeReal>20220827133512</dtimeReal>
	<name>Modify BortSoft Data</name>
	<userList>Curly</userList>
	<reason>The Modify BortSoft Data goal failed for Curly because no workstation could access BortSoft Data.</reason>
	<cost>0</cost><cash>12000</cash>
</goalFailure>
<goalFailure>
	<dtimeGame>20220410083000</dtimeGame>	<dtimeReal>20220827133512</dtimeReal>
	<name>Read Curly's E-Mail</name>
	<userList>Curly</userList>
	<reason>The Modify BortSoft Data goal failed for me because no workstation could access BortSoft Data.</reason>
	<cost>0</cost><cash>12000</cash>
</goalFailure>
<uiEvent>
	<dtimeGame>20220410083000</dtimeGame>	<dtimeReal>20220827133512</dtimeReal>
	<tab>office</tab>
</uiEvent>
<trigger>
	<dtimeGame>20220410083000</dtimeGame>	<dtimeReal>20220827133514</dtimeReal>
	<name>IntroTip1</name>
	<triggerType>HELPTIP_TRIGGER</triggerType>
	<timesGoneOff>1</timesGoneOff>
	<conditions>ConditionList: not CurlyHasComputer(false) and WhichScreen2,2 and_not FirstPhaseCompleted(false) and ObjectiveViewed_intrinsic0,1 :end</conditions>
</trigger>
<trigger>
	<dtimeGame>20220410083000</dtimeGame>	<dtimeReal>20220827133516</dtimeReal>
	<name>IntroTip3a</name>
	<triggerType>HELPTIP_TRIGGER</triggerType>
	<timesGoneOff>1</timesGoneOff>
	<conditions>ConditionList: not (MoeHasComputer(false) or CurlyHasComputer(false)) and WhichScreen9,9 :end</conditions>
</trigger>
<componentEvent>
	<dtimeGame>20220410083000</dtimeGame>	<dtimeReal>20220827133534</dtimeReal>
	<name>Curly_ws</name>
	<accountAdd>
		<user>Curly</user>
	</accountAdd>
	<cost>0</cost><cash>12000</cash>
</componentEvent>
<componentEvent>
	<dtimeGame>20220410083000</dtimeGame>	<dtimeReal>20220827133534</dtimeReal>
	<name>Curly_ws</name>
	<buy>
		<catalogName>Targo Worksaver</catalogName>
		<position>2</position>
	</buy>
	<cost>1200</cost><cash>10800</cash>
</componentEvent>
<goalFailure>
	<dtimeGame>20220410083000</dtimeGame>	<dtimeReal>20220827133534</dtimeReal>
	<name>Modify BortSoft Data</name>
	<userList>Moe</userList>
	<reason>The Modify BortSoft Data goal failed for Moe because no workstation could access BortSoft Data.</reason>
	<cost>0</cost><cash>10800</cash>
</goalFailure>
<goalFailure>
	<dtimeGame>20220410083000</dtimeGame>	<dtimeReal>20220827133534</dtimeReal>
	<name>Read Moe's E-Mail</name>
	<userList>Moe</userList>
	<reason>The Modify BortSoft Data goal failed for me because no workstation could access BortSoft Data.</reason>
	<cost>0</cost><cash>10800</cash>
</goalFailure>
<goalFailure>
	<dtimeGame>20220410083000</dtimeGame>	<dtimeReal>20220827133534</dtimeReal>
	<name>Modify BortSoft Data</name>
	<userList>Curly</userList>
	<reason>I failed Modify BortSoft Data.  </reason>
	<cost>0</cost><cash>10800</cash>
</goalFailure>
<goalFailure>
	<dtimeGame>20220410083000</dtimeGame>	<dtimeReal>20220827133534</dtimeReal>
	<name>Read Curly's E-Mail</name>
	<userList>Curly</userList>
	<reason>I failed Modify BortSoft Data.  </reason>
	<cost>0</cost><cash>10800</cash>
</goalFailure>
<trigger>
	<dtimeGame>20220410083000</dtimeGame>	<dtimeReal>20220827133535</dtimeReal>
	<name>IntroTip2</name>
	<triggerType>HELPTIP_TRIGGER</triggerType>
	<timesGoneOff>1</timesGoneOff>
	<conditions>ConditionList: not MoeHasComputer(false) and CurlyHasComputer(true) and (WhichScreen2,2 or WhichScreen12,2) and_not FirstPhaseCompleted(false) :end</conditions>
</trigger>
<componentEvent>
	<dtimeGame>20220410083000</dtimeGame>	<dtimeReal>20220827133545</dtimeReal>
	<name>Moe_ws</name>
	<accountAdd>
		<user>Moe</user>
	</accountAdd>
	<cost>0</cost><cash>10800</cash>
</componentEvent>
<componentEvent>
	<dtimeGame>20220410083000</dtimeGame>	<dtimeReal>20220827133545</dtimeReal>
	<name>Moe_ws</name>
	<buy>
		<catalogName>Targo Worksaver</catalogName>
		<position>3</position>
	</buy>
	<cost>1200</cost><cash>9600</cash>
</componentEvent>
<goalFailure>
	<dtimeGame>20220410083000</dtimeGame>	<dtimeReal>20220827133545</dtimeReal>
	<name>Modify BortSoft Data</name>
	<userList>Moe</userList>
	<reason>I failed Modify BortSoft Data.  </reason>
	<cost>0</cost><cash>9600</cash>
</goalFailure>
<goalFailure>
	<dtimeGame>20220410083000</dtimeGame>	<dtimeReal>20220827133545</dtimeReal>
	<name>Read Moe's E-Mail</name>
	<userList>Moe</userList>
	<reason>I failed Modify BortSoft Data.  </reason>
	<cost>0</cost><cash>9600</cash>
</goalFailure>
<goalFailure>
	<dtimeGame>20220410083000</dtimeGame>	<dtimeReal>20220827133545</dtimeReal>
	<name>Modify BortSoft Data</name>
	<userList>Curly</userList>
	<reason>I failed Modify BortSoft Data.  </reason>
	<cost>0</cost><cash>9600</cash>
</goalFailure>
<goalFailure>
	<dtimeGame>20220410083000</dtimeGame>	<dtimeReal>20220827133545</dtimeReal>
	<name>Read Curly's E-Mail</name>
	<userList>Curly</userList>
	<reason>I failed Modify BortSoft Data.  </reason>
	<cost>0</cost><cash>9600</cash>
</goalFailure>
<trigger>
	<dtimeGame>20220410083000</dtimeGame>	<dtimeReal>20220827133545</dtimeReal>
	<name>SetComplete1_1</name>
	<triggerType>SET_OBJECTIVE_STATUS</triggerType>
	<timesGoneOff>1</timesGoneOff>
	<conditions>ConditionList: MoeHasComputer(true) and CurlyHasComputer(true) :end</conditions>
</trigger>
<trigger>
	<dtimeGame>20220410083000</dtimeGame>	<dtimeReal>20220827133547</dtimeReal>
	<name>IntroTip5</name>
	<triggerType>HELPTIP_TRIGGER</triggerType>
	<timesGoneOff>1</timesGoneOff>
	<conditions>ConditionList: (MoeHasComputer(true) and CurlyHasComputer(true)) and (HowManyNetworked11,1 or HowManyNetworked12,1) and_not WhichScreen3,2 :end</conditions>
</trigger>
<goalFailure>
	<dtimeGame>20220410083000</dtimeGame>	<dtimeReal>20220827133547</dtimeReal>
	<name>Modify BortSoft Data</name>
	<userList>Moe</userList>
	<reason>I failed Modify BortSoft Data.  </reason>
	<cost>0</cost><cash>9600</cash>
</goalFailure>
<goalFailure>
	<dtimeGame>20220410083000</dtimeGame>	<dtimeReal>20220827133547</dtimeReal>
	<name>Read Moe's E-Mail</name>
	<userList>Moe</userList>
	<reason>I failed Modify BortSoft Data.  </reason>
	<cost>0</cost><cash>9600</cash>
</goalFailure>
<goalFailure>
	<dtimeGame>20220410083000</dtimeGame>	<dtimeReal>20220827133547</dtimeReal>
	<name>Modify BortSoft Data</name>
	<userList>Curly</userList>
	<reason>I failed Modify BortSoft Data.  </reason>
	<cost>0</cost><cash>9600</cash>
</goalFailure>
<goalFailure>
	<dtimeGame>20220410083000</dtimeGame>	<dtimeReal>20220827133547</dtimeReal>
	<name>Read Curly's E-Mail</name>
	<userList>Curly</userList>
	<reason>I failed Modify BortSoft Data.  </reason>
	<cost>0</cost><cash>9600</cash>
</goalFailure>
<uiEvent>
	<dtimeGame>20220410083000</dtimeGame>	<dtimeReal>20220827133551</dtimeReal>
	<tab>network</tab>
</uiEvent>
<trigger>
	<dtimeGame>20220410083000</dtimeGame>	<dtimeReal>20220827133552</dtimeReal>
	<name>IntroTip5a</name>
	<triggerType>HELPTIP_TRIGGER</triggerType>
	<timesGoneOff>1</timesGoneOff>
	<conditions>ConditionList: (MoeHasComputer(true) and CurlyHasComputer(true)) and (HowManyNetworked11,1 or HowManyNetworked12,1) and WhichScreen3,3 :end</conditions>
</trigger>
<trigger>
	<dtimeGame>20220410083000</dtimeGame>	<dtimeReal>20220827133554</dtimeReal>
	<name>IntroTip5b</name>
	<triggerType>HELPTIP_TRIGGER</triggerType>
	<timesGoneOff>1</timesGoneOff>
	<conditions>ConditionList: (MoeHasComputer(true) and CurlyHasComputer(true)) and (HowManyNetworked11,1 or HowManyNetworked12,1) and WhichScreen3,3 :end</conditions>
</trigger>
<trigger>
	<dtimeGame>20220410083000</dtimeGame>	<dtimeReal>20220827133602</dtimeReal>
	<name>IntroTip5a</name>
	<triggerType>HELPTIP_TRIGGER</triggerType>
	<timesGoneOff>2</timesGoneOff>
	<conditions>ConditionList: (MoeHasComputer(true) and CurlyHasComputer(true)) and (HowManyNetworked11,1 or HowManyNetworked12,1) and WhichScreen3,3 :end</conditions>
</trigger>
<trigger>
	<dtimeGame>20220410083000</dtimeGame>	<dtimeReal>20220827133604</dtimeReal>
	<name>IntroTip5b</name>
	<triggerType>HELPTIP_TRIGGER</triggerType>
	<timesGoneOff>2</timesGoneOff>
	<conditions>ConditionList: (MoeHasComputer(true) and CurlyHasComputer(true)) and (HowManyNetworked11,1 or HowManyNetworked12,1) and WhichScreen3,3 :end</conditions>
</trigger>
<componentEvent>
	<dtimeGame>20220410083000</dtimeGame>	<dtimeReal>20220827133607</dtimeReal>
	<name>Curly_ws</name>
	<networkConnect>LAN 1</networkConnect>
	<cost>0</cost><cash>9600</cash>
</componentEvent>
<trigger>
	<dtimeGame>20220410083000</dtimeGame>	<dtimeReal>20220827133612</dtimeReal>
	<name>IntroTip5a</name>
	<triggerType>HELPTIP_TRIGGER</triggerType>
	<timesGoneOff>3</timesGoneOff>
	<conditions>ConditionList: (MoeHasComputer(true) and CurlyHasComputer(true)) and (HowManyNetworked11,2 or HowManyNetworked12,2) and WhichScreen3,3 :end</conditions>
</trigger>
<trigger>
	<dtimeGame>20220410083000</dtimeGame>	<dtimeReal>20220827133614</dtimeReal>
	<name>IntroTip5b</name>
	<triggerType>HELPTIP_TRIGGER</triggerType>
	<timesGoneOff>3</timesGoneOff>
	<conditions>ConditionList: (MoeHasComputer(true) and CurlyHasComputer(true)) and (HowManyNetworked11,2 or HowManyNetworked12,2) and WhichScreen3,3 :end</conditions>
</trigger>
<componentEvent>
	<dtimeGame>20220410083000</dtimeGame>	<dtimeReal>20220827133618</dtimeReal>
	<name>Moe_ws</name>
	<networkConnect>LAN 2</networkConnect>
	<cost>0</cost><cash>9600</cash>
</componentEvent>
<trigger>
	<dtimeGame>20220410083000</dtimeGame>	<dtimeReal>20220827133622</dtimeReal>
	<name>IntroTip5a</name>
	<triggerType>HELPTIP_TRIGGER</triggerType>
	<timesGoneOff>4</timesGoneOff>
	<conditions>ConditionList: (MoeHasComputer(true) and CurlyHasComputer(true)) and (HowManyNetworked11,2 or HowManyNetworked12,2) and WhichScreen3,3 :end</conditions>
</trigger>
<trigger>
	<dtimeGame>20220410083000</dtimeGame>	<dtimeReal>20220827133624</dtimeReal>
	<name>IntroTip5b</name>
	<triggerType>HELPTIP_TRIGGER</triggerType>
	<timesGoneOff>4</timesGoneOff>
	<conditions>ConditionList: (MoeHasComputer(true) and CurlyHasComputer(true)) and (HowManyNetworked11,2 or HowManyNetworked12,2) and WhichScreen3,3 :end</conditions>
</trigger>
<uiEvent>
	<dtimeGame>20220410083000</dtimeGame>	<dtimeReal>20220827133626</dtimeReal>
	<tab>component</tab>
</uiEvent>
<trigger>
	<dtimeGame>20220410083000</dtimeGame>	<dtimeReal>20220827133628</dtimeReal>
	<name>IntroTip5</name>
	<triggerType>HELPTIP_TRIGGER</triggerType>
	<timesGoneOff>2</timesGoneOff>
	<conditions>ConditionList: (MoeHasComputer(true) and CurlyHasComputer(true)) and (HowManyNetworked11,2 or HowManyNetworked12,2) and_not WhichScreen3,4 :end</conditions>
</trigger>
<uiEvent>
	<dtimeGame>20220410083000</dtimeGame>	<dtimeReal>20220827133630</dtimeReal>
	<tab>network</tab>
</uiEvent>
<trigger>
	<dtimeGame>20220410083000</dtimeGame>	<dtimeReal>20220827133632</dtimeReal>
	<name>IntroTip5a</name>
	<triggerType>HELPTIP_TRIGGER</triggerType>
	<timesGoneOff>5</timesGoneOff>
	<conditions>ConditionList: (MoeHasComputer(true) and CurlyHasComputer(true)) and (HowManyNetworked11,2 or HowManyNetworked12,2) and WhichScreen3,3 :end</conditions>
</trigger>
<trigger>
	<dtimeGame>20220410083000</dtimeGame>	<dtimeReal>20220827133634</dtimeReal>
	<name>IntroTip5b</name>
	<triggerType>HELPTIP_TRIGGER</triggerType>
	<timesGoneOff>5</timesGoneOff>
	<conditions>ConditionList: (MoeHasComputer(true) and CurlyHasComputer(true)) and (HowManyNetworked11,2 or HowManyNetworked12,2) and WhichScreen3,3 :end</conditions>
</trigger>
<trigger>
	<dtimeGame>20220410083000</dtimeGame>	<dtimeReal>20220827133650</dtimeReal>
	<name>IntroTip5a</name>
	<triggerType>HELPTIP_TRIGGER</triggerType>
	<timesGoneOff>6</timesGoneOff>
	<conditions>ConditionList: (MoeHasComputer(true) and CurlyHasComputer(true)) and (HowManyNetworked11,2 or HowManyNetworked12,2) and WhichScreen3,3 :end</conditions>
</trigger>
<trigger>
	<dtimeGame>20220410083000</dtimeGame>	<dtimeReal>20220827133652</dtimeReal>
	<name>IntroTip5b</name>
	<triggerType>HELPTIP_TRIGGER</triggerType>
	<timesGoneOff>6</timesGoneOff>
	<conditions>ConditionList: (MoeHasComputer(true) and CurlyHasComputer(true)) and (HowManyNetworked11,2 or HowManyNetworked12,2) and WhichScreen3,3 :end</conditions>
</trigger>
<componentEvent>
	<dtimeGame>20220410083000</dtimeGame>	<dtimeReal>20220827133658</dtimeReal>
	<name>Curly_ws</name>
	<networkDisconnect>LAN 1</networkDisconnect>
	<cost>0</cost><cash>9600</cash>
</componentEvent>
<trigger>
	<dtimeGame>20220410083000</dtimeGame>	<dtimeReal>20220827133700</dtimeReal>
	<name>IntroTip5a</name>
	<triggerType>HELPTIP_TRIGGER</triggerType>
	<timesGoneOff>7</timesGoneOff>
	<conditions>ConditionList: (MoeHasComputer(true) and CurlyHasComputer(true)) and (HowManyNetworked11,1 or HowManyNetworked12,1) and WhichScreen3,3 :end</conditions>
</trigger>
<trigger>
	<dtimeGame>20220410083000</dtimeGame>	<dtimeReal>20220827133702</dtimeReal>
	<name>IntroTip5b</name>
	<triggerType>HELPTIP_TRIGGER</triggerType>
	<timesGoneOff>7</timesGoneOff>
	<conditions>ConditionList: (MoeHasComputer(true) and CurlyHasComputer(true)) and (HowManyNetworked11,1 or HowManyNetworked12,1) and WhichScreen3,3 :end</conditions>
</trigger>
<componentEvent>
	<dtimeGame>20220410083000</dtimeGame>	<dtimeReal>20220827133704</dtimeReal>
	<name>Curly_ws</name>
	<networkConnect>LAN 1</networkConnect>
	<cost>0</cost><cash>9600</cash>
</componentEvent>
<componentEvent>
	<dtimeGame>20220410083000</dtimeGame>	<dtimeReal>20220827133706</dtimeReal>
	<name>Moe_ws</name>
	<networkDisconnect>LAN 2</networkDisconnect>
	<cost>0</cost><cash>9600</cash>
</componentEvent>
<trigger>
	<dtimeGame>20220410083000</dtimeGame>	<dtimeReal>20220827133710</dtimeReal>
	<name>IntroTip5a</name>
	<triggerType>HELPTIP_TRIGGER</triggerType>
	<timesGoneOff>8</timesGoneOff>
	<conditions>ConditionList: (MoeHasComputer(true) and CurlyHasComputer(true)) and (HowManyNetworked11,2 or HowManyNetworked12,2) and WhichScreen3,3 :end</conditions>
</trigger>
<trigger>
	<dtimeGame>20220410083000</dtimeGame>	<dtimeReal>20220827133712</dtimeReal>
	<name>IntroTip5b</name>
	<triggerType>HELPTIP_TRIGGER</triggerType>
	<timesGoneOff>8</timesGoneOff>
	<conditions>ConditionList: (MoeHasComputer(true) and CurlyHasComputer(true)) and (HowManyNetworked11,2 or HowManyNetworked12,2) and WhichScreen3,3 :end</conditions>
</trigger>
<trigger>
	<dtimeGame>20220410083000</dtimeGame>	<dtimeReal>20220827133720</dtimeReal>
	<name>IntroTip5a</name>
	<triggerType>HELPTIP_TRIGGER</triggerType>
	<timesGoneOff>9</timesGoneOff>
	<conditions>ConditionList: (MoeHasComputer(true) and CurlyHasComputer(true)) and (HowManyNetworked11,2 or HowManyNetworked12,2) and WhichScreen3,3 :end</conditions>
</trigger>
<trigger>
	<dtimeGame>20220410083000</dtimeGame>	<dtimeReal>20220827133722</dtimeReal>
	<name>IntroTip5b</name>
	<triggerType>HELPTIP_TRIGGER</triggerType>
	<timesGoneOff>9</timesGoneOff>
	<conditions>ConditionList: (MoeHasComputer(true) and CurlyHasComputer(true)) and (HowManyNetworked11,2 or HowManyNetworked12,2) and WhichScreen3,3 :end</conditions>
</trigger>
<componentEvent>
	<dtimeGame>20220410083000</dtimeGame>	<dtimeReal>20220827133724</dtimeReal>
	<name>Curly_ws</name>
	<networkDisconnect>LAN 1</networkDisconnect>
	<cost>0</cost><cash>9600</cash>
</componentEvent>
<componentEvent>
	<dtimeGame>20220410083000</dtimeGame>	<dtimeReal>20220827133728</dtimeReal>
	<name>Curly_ws</name>
	<networkConnect>LAN 1</networkConnect>
	<cost>0</cost><cash>9600</cash>
</componentEvent>
<trigger>
	<dtimeGame>20220410083000</dtimeGame>	<dtimeReal>20220827133730</dtimeReal>
	<name>IntroTip5a</name>
	<triggerType>HELPTIP_TRIGGER</triggerType>
	<timesGoneOff>10</timesGoneOff>
	<conditions>ConditionList: (MoeHasComputer(true) and CurlyHasComputer(true)) and (HowManyNetworked11,2 or HowManyNetworked12,2) and WhichScreen3,3 :end</conditions>
</trigger>
<trigger>
	<dtimeGame>20220410083000</dtimeGame>	<dtimeReal>20220827133732</dtimeReal>
	<name>IntroTip5b</name>
	<triggerType>HELPTIP_TRIGGER</triggerType>
	<timesGoneOff>10</timesGoneOff>
	<conditions>ConditionList: (MoeHasComputer(true) and CurlyHasComputer(true)) and (HowManyNetworked11,2 or HowManyNetworked12,2) and WhichScreen3,3 :end</conditions>
</trigger>
<trigger>
	<dtimeGame>20220410083000</dtimeGame>	<dtimeReal>20220827133740</dtimeReal>
	<name>IntroTip5a</name>
	<triggerType>HELPTIP_TRIGGER</triggerType>
	<timesGoneOff>11</timesGoneOff>
	<conditions>ConditionList: (MoeHasComputer(true) and CurlyHasComputer(true)) and (HowManyNetworked11,2 or HowManyNetworked12,2) and WhichScreen3,3 :end</conditions>
</trigger>
<trigger>
	<dtimeGame>20220410083000</dtimeGame>	<dtimeReal>20220827133742</dtimeReal>
	<name>IntroTip5b</name>
	<triggerType>HELPTIP_TRIGGER</triggerType>
	<timesGoneOff>11</timesGoneOff>
	<conditions>ConditionList: (MoeHasComputer(true) and CurlyHasComputer(true)) and (HowManyNetworked11,2 or HowManyNetworked12,2) and WhichScreen3,3 :end</conditions>
</trigger>
<trigger>
	<dtimeGame>20220410083000</dtimeGame>	<dtimeReal>20220827133750</dtimeReal>
	<name>IntroTip5a</name>
	<triggerType>HELPTIP_TRIGGER</triggerType>
	<timesGoneOff>12</timesGoneOff>
	<conditions>ConditionList: (MoeHasComputer(true) and CurlyHasComputer(true)) and (HowManyNetworked11,2 or HowManyNetworked12,2) and WhichScreen3,3 :end</conditions>
</trigger>
<trigger>
	<dtimeGame>20220410083000</dtimeGame>	<dtimeReal>20220827133752</dtimeReal>
	<name>IntroTip5b</name>
	<triggerType>HELPTIP_TRIGGER</triggerType>
	<timesGoneOff>12</timesGoneOff>
	<conditions>ConditionList: (MoeHasComputer(true) and CurlyHasComputer(true)) and (HowManyNetworked11,2 or HowManyNetworked12,2) and WhichScreen3,3 :end</conditions>
</trigger>
<trigger>
	<dtimeGame>20220410083000</dtimeGame>	<dtimeReal>20220827133800</dtimeReal>
	<name>IntroTip5a</name>
	<triggerType>HELPTIP_TRIGGER</triggerType>
	<timesGoneOff>13</timesGoneOff>
	<conditions>ConditionList: (MoeHasComputer(true) and CurlyHasComputer(true)) and (HowManyNetworked11,2 or HowManyNetworked12,2) and WhichScreen3,3 :end</conditions>
</trigger>
<trigger>
	<dtimeGame>20220410083000</dtimeGame>	<dtimeReal>20220827133802</dtimeReal>
	<name>IntroTip5b</name>
	<triggerType>HELPTIP_TRIGGER</triggerType>
	<timesGoneOff>13</timesGoneOff>
	<conditions>ConditionList: (MoeHasComputer(true) and CurlyHasComputer(true)) and (HowManyNetworked11,2 or HowManyNetworked12,2) and WhichScreen3,3 :end</conditions>
</trigger>
<trigger>
	<dtimeGame>20220410083000</dtimeGame>	<dtimeReal>20220827133810</dtimeReal>
	<name>IntroTip5a</name>
	<triggerType>HELPTIP_TRIGGER</triggerType>
	<timesGoneOff>14</timesGoneOff>
	<conditions>ConditionList: (MoeHasComputer(true) and CurlyHasComputer(true)) and (HowManyNetworked11,2 or HowManyNetworked12,2) and WhichScreen3,3 :end</conditions>
</trigger>
<trigger>
	<dtimeGame>20220410083000</dtimeGame>	<dtimeReal>20220827133812</dtimeReal>
	<name>IntroTip5b</name>
	<triggerType>HELPTIP_TRIGGER</triggerType>
	<timesGoneOff>14</timesGoneOff>
	<conditions>ConditionList: (MoeHasComputer(true) and CurlyHasComputer(true)) and (HowManyNetworked11,2 or HowManyNetworked12,2) and WhichScreen3,3 :end</conditions>
</trigger>
<trigger>
	<dtimeGame>20220410083000</dtimeGame>	<dtimeReal>20220827133820</dtimeReal>
	<name>IntroTip5a</name>
	<triggerType>HELPTIP_TRIGGER</triggerType>
	<timesGoneOff>15</timesGoneOff>
	<conditions>ConditionList: (MoeHasComputer(true) and CurlyHasComputer(true)) and (HowManyNetworked11,2 or HowManyNetworked12,2) and WhichScreen3,3 :end</conditions>
</trigger>
<trigger>
	<dtimeGame>20220410083000</dtimeGame>	<dtimeReal>20220827133822</dtimeReal>
	<name>IntroTip5b</name>
	<triggerType>HELPTIP_TRIGGER</triggerType>
	<timesGoneOff>15</timesGoneOff>
	<conditions>ConditionList: (MoeHasComputer(true) and CurlyHasComputer(true)) and (HowManyNetworked11,2 or HowManyNetworked12,2) and WhichScreen3,3 :end</conditions>
</trigger>
<trigger>
	<dtimeGame>20220410083000</dtimeGame>	<dtimeReal>20220827133830</dtimeReal>
	<name>IntroTip5a</name>
	<triggerType>HELPTIP_TRIGGER</triggerType>
	<timesGoneOff>16</timesGoneOff>
	<conditions>ConditionList: (MoeHasComputer(true) and CurlyHasComputer(true)) and (HowManyNetworked11,2 or HowManyNetworked12,2) and WhichScreen3,3 :end</conditions>
</trigger>
<trigger>
	<dtimeGame>20220410083000</dtimeGame>	<dtimeReal>20220827133832</dtimeReal>
	<name>IntroTip5b</name>
	<triggerType>HELPTIP_TRIGGER</triggerType>
	<timesGoneOff>16</timesGoneOff>
	<conditions>ConditionList: (MoeHasComputer(true) and CurlyHasComputer(true)) and (HowManyNetworked11,2 or HowManyNetworked12,2) and WhichScreen3,3 :end</conditions>
</trigger>
<trigger>
	<dtimeGame>20220410083000</dtimeGame>	<dtimeReal>20220827133840</dtimeReal>
	<name>IntroTip5a</name>
	<triggerType>HELPTIP_TRIGGER</triggerType>
	<timesGoneOff>17</timesGoneOff>
	<conditions>ConditionList: (MoeHasComputer(true) and CurlyHasComputer(true)) and (HowManyNetworked11,2 or HowManyNetworked12,2) and WhichScreen3,3 :end</conditions>
</trigger>
<trigger>
	<dtimeGame>20220410083000</dtimeGame>	<dtimeReal>20220827133842</dtimeReal>
	<name>IntroTip5b</name>
	<triggerType>HELPTIP_TRIGGER</triggerType>
	<timesGoneOff>17</timesGoneOff>
	<conditions>ConditionList: (MoeHasComputer(true) and CurlyHasComputer(true)) and (HowManyNetworked11,2 or HowManyNetworked12,2) and WhichScreen3,3 :end</conditions>
</trigger>
<componentEvent>
	<dtimeGame>20220410083000</dtimeGame>	<dtimeReal>20220827133850</dtimeReal>
	<name>Curly_ws</name>
	<networkConnect>LAN 2</networkConnect>
	<cost>0</cost><cash>9600</cash>
</componentEvent>
<trigger>
	<dtimeGame>20220410083000</dtimeGame>	<dtimeReal>20220827133850</dtimeReal>
	<name>IntroTip5a</name>
	<triggerType>HELPTIP_TRIGGER</triggerType>
	<timesGoneOff>18</timesGoneOff>
	<conditions>ConditionList: (MoeHasComputer(true) and CurlyHasComputer(true)) and (HowManyNetworked11,2 or HowManyNetworked12,2) and WhichScreen3,3 :end</conditions>
</trigger>
<trigger>
	<dtimeGame>20220410083000</dtimeGame>	<dtimeReal>20220827133852</dtimeReal>
	<name>IntroTip5b</name>
	<triggerType>HELPTIP_TRIGGER</triggerType>
	<timesGoneOff>18</timesGoneOff>
	<conditions>ConditionList: (MoeHasComputer(true) and CurlyHasComputer(true)) and (HowManyNetworked11,2 or HowManyNetworked12,2) and WhichScreen3,3 :end</conditions>
</trigger>
<componentEvent>
	<dtimeGame>20220410083000</dtimeGame>	<dtimeReal>20220827133855</dtimeReal>
	<name>Curly_ws</name>
	<networkDisconnect>LAN 1</networkDisconnect>
	<cost>0</cost><cash>9600</cash>
</componentEvent>
<trigger>
	<dtimeGame>20220410083000</dtimeGame>	<dtimeReal>20220827133900</dtimeReal>
	<name>IntroTip5a</name>
	<triggerType>HELPTIP_TRIGGER</triggerType>
	<timesGoneOff>19</timesGoneOff>
	<conditions>ConditionList: (MoeHasComputer(true) and CurlyHasComputer(true)) and (HowManyNetworked11,1 or HowManyNetworked12,1) and WhichScreen3,3 :end</conditions>
</trigger>
<trigger>
	<dtimeGame>20220410083000</dtimeGame>	<dtimeReal>20220827133902</dtimeReal>
	<name>IntroTip5b</name>
	<triggerType>HELPTIP_TRIGGER</triggerType>
	<timesGoneOff>19</timesGoneOff>
	<conditions>ConditionList: (MoeHasComputer(true) and CurlyHasComputer(true)) and (HowManyNetworked11,1 or HowManyNetworked12,1) and WhichScreen3,3 :end</conditions>
</trigger>
<trigger>
	<dtimeGame>20220410083000</dtimeGame>	<dtimeReal>20220827133910</dtimeReal>
	<name>IntroTip5a</name>
	<triggerType>HELPTIP_TRIGGER</triggerType>
	<timesGoneOff>20</timesGoneOff>
	<conditions>ConditionList: (MoeHasComputer(true) and CurlyHasComputer(true)) and (HowManyNetworked11,1 or HowManyNetworked12,1) and WhichScreen3,3 :end</conditions>
</trigger>
<trigger>
	<dtimeGame>20220410083000</dtimeGame>	<dtimeReal>20220827133912</dtimeReal>
	<name>IntroTip5b</name>
	<triggerType>HELPTIP_TRIGGER</triggerType>
	<timesGoneOff>20</timesGoneOff>
	<conditions>ConditionList: (MoeHasComputer(true) and CurlyHasComputer(true)) and (HowManyNetworked11,1 or HowManyNetworked12,1) and WhichScreen3,3 :end</conditions>
</trigger>
<componentEvent>
	<dtimeGame>20220410083000</dtimeGame>	<dtimeReal>20220827133917</dtimeReal>
	<name>Curly_ws</name>
	<networkConnect>LAN 1</networkConnect>
	<cost>0</cost><cash>9600</cash>
</componentEvent>
<trigger>
	<dtimeGame>20220410083000</dtimeGame>	<dtimeReal>20220827133920</dtimeReal>
	<name>IntroTip5a</name>
	<triggerType>HELPTIP_TRIGGER</triggerType>
	<timesGoneOff>21</timesGoneOff>
	<conditions>ConditionList: (MoeHasComputer(true) and CurlyHasComputer(true)) and (HowManyNetworked11,2 or HowManyNetworked12,2) and WhichScreen3,3 :end</conditions>
</trigger>
<componentEvent>
	<dtimeGame>20220410083000</dtimeGame>	<dtimeReal>20220827133920</dtimeReal>
	<name>Moe_ws</name>
	<networkConnect>LAN 1</networkConnect>
	<cost>0</cost><cash>9600</cash>
</componentEvent>
<trigger>
	<dtimeGame>20220410083000</dtimeGame>	<dtimeReal>20220827133921</dtimeReal>
	<name>SetComplete1_2</name>
	<triggerType>SET_OBJECTIVE_STATUS</triggerType>
	<timesGoneOff>1</timesGoneOff>
	<conditions>ConditionList: CompanyHas3PlusComputers(true) and CompanyHas3PlusCompsOnLAN1(true) and MoeHasComputer(true) and CurlyHasComputer(true) :end</conditions>
</trigger>
<trigger>
	<dtimeGame>20220410083000</dtimeGame>	<dtimeReal>20220827133921</dtimeReal>
	<name>SetIncomplete1_4</name>
	<triggerType>SET_OBJECTIVE_STATUS</triggerType>
	<timesGoneOff>1</timesGoneOff>
	<conditions>ConditionList: (CompanyHas3PlusComputers(true) and CompanyHas3PlusCompsOnLAN1(true) and MoeHasComputer(true) and CurlyHasComputer(true)) and_not HasSomeIT(false) :end</conditions>
</trigger>
<trigger>
	<dtimeGame>20220410083000</dtimeGame>	<dtimeReal>20220827133924</dtimeReal>
	<name>IntroTip5c</name>
	<triggerType>HELPTIP_TRIGGER</triggerType>
	<timesGoneOff>1</timesGoneOff>
	<conditions>ConditionList: (MoeHasComputer(true) and CurlyHasComputer(true)) and HowManyNetworked13,3 and WhichScreen3,3 :end</conditions>
</trigger>
<uiEvent>
	<dtimeGame>20220410083000</dtimeGame>	<dtimeReal>20220827133926</dtimeReal>
	<tab>office</tab>
</uiEvent>
<trigger>
	<dtimeGame>20220410083000</dtimeGame>	<dtimeReal>20220827133928</dtimeReal>
	<name>CheckITGuy</name>
	<triggerType>HELPTIP_TRIGGER</triggerType>
	<timesGoneOff>1</timesGoneOff>
	<conditions>ConditionList: MoeHasComputer(true) and CurlyHasComputer(true) and CompanyHas3PlusCompsOnLAN1(true) and_not FirstPhaseCompleted(false) and_not HasSomeIT(false) and WhichScreen2,2 :end</conditions>
</trigger>
<userEvent>
	<dtimeGame>20220410083000</dtimeGame>	<dtimeReal>20220827133937</dtimeReal>
	<hire>
		<name>Larry</name>
		<salary>0</salary>
	</hire>
	<cost>0</cost><cash>9600</cash>
</userEvent>
<trigger>
	<dtimeGame>20220410083000</dtimeGame>	<dtimeReal>20220827133938</dtimeReal>
	<name>SetComplete1_4</name>
	<triggerType>SET_OBJECTIVE_STATUS</triggerType>
	<timesGoneOff>1</timesGoneOff>
	<conditions>ConditionList: (CompanyHas3PlusComputers(true) and CompanyHas3PlusCompsOnLAN1(true) and MoeHasComputer(true) and CurlyHasComputer(true)) and HasSomeIT(true) :end</conditions>
</trigger>
<trigger>
	<dtimeGame>20220410083000</dtimeGame>	<dtimeReal>20220827133940</dtimeReal>
	<name>AdvanceToPhase2</name>
	<triggerType>SET_PHASE</triggerType>
	<timesGoneOff>1</timesGoneOff>
	<conditions>ConditionList: WhichScreen2,2 and (CompanyHas3PlusComputers(true) and CompanyHas3PlusCompsOnLAN1(true) and MoeHasComputer(true) and CurlyHasComputer(true)) and HasSomeIT(true) and_not FirstPhaseCompleted(false) :end</conditions>
</trigger>
<trigger>
	<dtimeGame>20220410083000</dtimeGame>	<dtimeReal>20220827133945</dtimeReal>
	<name>IntroTipPause2</name>
	<triggerType>HELPTIP_TRIGGER</triggerType>
	<timesGoneOff>1</timesGoneOff>
	<conditions>ConditionList: FirstPhaseCompleted(true) and GamePaused(true) and WhichScreen2,2 and_not time1hour(false) :end</conditions>
</trigger>
<gameEvent>
	<dtimeGame>20220410083000</dtimeGame>	<dtimeReal>20220827133948</dtimeReal>
	<resume></resume>
</gameEvent>
<summaryEvent>
	<dtimeGame>20220410083102</dtimeGame>	<dtimeReal>20220827133948</dtimeReal>
	<bonus>0</bonus><cash>9600</cash>
</summaryEvent>
<trigger>
	<dtimeGame>20220410083502</dtimeGame>	<dtimeReal>20220827133949</dtimeReal>
	<name>Phase1</name>
	<triggerType>SAVEGAME_TRIGGER</triggerType>
	<timesGoneOff>1</timesGoneOff>
	<conditions>ConditionList: FirstPhaseCompleted(true) :end</conditions>
</trigger>
<gameEvent>
	<dtimeGame>20220410083502</dtimeGame>	<dtimeReal>20220827133949</dtimeReal>
	<saveFile>Phase1.sdf</saveFile>
</gameEvent>
<trigger>
	<dtimeGame>20220410094500</dtimeGame>	<dtimeReal>20220827134003</dtimeReal>
	<name>BadPolicies</name>
	<triggerType>ATTACK_TRIGGER</triggerType>
	<timesGoneOff>1</timesGoneOff>
	<conditions>ConditionList: FirstPhaseCompleted(true) :end</conditions>
</trigger>
<warning>
	<dtimeGame>20220410094500</dtimeGame>	<dtimeReal>20220827134003</dtimeReal>
	<malware>Trojan Horse:Aladinz</malware>
	<name>Curly_ws</name>
	<cause>User impulsively executed email attachments</cause>
</warning>
<warning>
	<dtimeGame>20220410094500</dtimeGame>	<dtimeReal>20220827134003</dtimeReal>
	<malware>Virus:POP.Sling Virus</malware>
	<name>Curly_ws</name>
	<cause>User impulsively executed email attachments</cause>
</warning>
<warning>
	<dtimeGame>20220410094500</dtimeGame>	<dtimeReal>20220827134003</dtimeReal>
	<malware>Trojan Horse:Aladinz</malware>
	<name>Moe_ws</name>
	<cause>User impulsively executed email attachments</cause>
</warning>
<warning>
	<dtimeGame>20220410094500</dtimeGame>	<dtimeReal>20220827134003</dtimeReal>
	<malware>Virus:POP.Sling Virus</malware>
	<name>Moe_ws</name>
	<cause>User impulsively executed email attachments</cause>
</warning>
<trigger>
	<dtimeGame>20220410094500</dtimeGame>	<dtimeReal>20220827134003</dtimeReal>
	<name>Malware</name>
	<triggerType>ATTACK_TRIGGER</triggerType>
	<timesGoneOff>1</timesGoneOff>
	<conditions>ConditionList: FirstPhaseCompleted(true) :end</conditions>
</trigger>
<assetAttacked>
	<dtimeGame>20220410094500</dtimeGame>	<dtimeReal>20220827134003</dtimeReal>
	<name>BortSoft Data</name>
	<motiveType>Modification</motiveType>
	<motive>70</motive>
	<attackType>ATTACK_TARG_MAL_SOFTWARE</attackType>
	<attackIndex>[18]</attackIndex>
	<computerName>BortSoft Server</computerName>
	<attacker>Attacker</attacker>
	<cost>500</cost><cash>9129</cash>
	<reason>Malicious software (Aladinz) on Curly_ws has corrupted BortSoft Data on BortSoft Server. Malware installed on computer because user impulsively executes email attachments.</reason>
</assetAttacked>
<trigger>
	<dtimeGame>20220410094500</dtimeGame>	<dtimeReal>20220827134003</dtimeReal>
	<name>TipAttackLog</name>
	<triggerType>HELPTIP_TRIGGER</triggerType>
	<timesGoneOff>1</timesGoneOff>
	<conditions>ConditionList: assetAttacked(true) and_not attackLogViewed_intrinsic0,0 :end</conditions>
</trigger>
<trigger>
	<dtimeGame>20220410094500</dtimeGame>	<dtimeReal>20220827134003</dtimeReal>
	<name>DLTrojanPenalty</name>
	<triggerType>CASH_TRIGGER</triggerType>
	<timesGoneOff>1</timesGoneOff>
	<conditions>ConditionList: FirstPhaseCompleted(true) and (CurlyHasVirus(true) or MoeHasVirus(true)) and_not SecondPhaseCompleted(false) :end</conditions>
</trigger>
<summaryEvent>
	<dtimeGame>20220410095504</dtimeGame>	<dtimeReal>20220827134005</dtimeReal>
	<bonus>-0</bonus><cash>8632</cash>
</summaryEvent>
<userEvent>
	<dtimeGame>20220410095801</dtimeGame>	<dtimeReal>20220827134006</dtimeReal>
	<newMode>
		<name>Curly</name>
		<animMode>14</animMode>
	</newMode>
	<cost>0</cost><cash>8632</cash>
</userEvent>
<userEvent>
	<dtimeGame>20220410101156</dtimeGame>	<dtimeReal>20220827134009</dtimeReal>
	<newMode>
		<name>Curly</name>
		<animMode>3</animMode>
	</newMode>
	<cost>0</cost><cash>8631</cash>
</userEvent>
<userEvent>
	<dtimeGame>20220410101322</dtimeGame>	<dtimeReal>20220827134009</dtimeReal>
	<newMode>
		<name>Moe</name>
		<animMode>14</animMode>
	</newMode>
	<cost>0</cost><cash>8631</cash>
</userEvent>
<userEvent>
	<dtimeGame>20220410102551</dtimeGame>	<dtimeReal>20220827134012</dtimeReal>
	<newMode>
		<name>Curly</name>
		<animMode>14</animMode>
	</newMode>
	<cost>0</cost><cash>8630</cash>
</userEvent>
<userEvent>
	<dtimeGame>20220410102717</dtimeGame>	<dtimeReal>20220827134012</dtimeReal>
	<newMode>
		<name>Moe</name>
		<animMode>3</animMode>
	</newMode>
	<cost>0</cost><cash>8630</cash>
</userEvent>
<userEvent>
	<dtimeGame>20220410103946</dtimeGame>	<dtimeReal>20220827134015</dtimeReal>
	<newMode>
		<name>Curly</name>
		<animMode>3</animMode>
	</newMode>
	<cost>0</cost><cash>8629</cash>
</userEvent>
<userEvent>
	<dtimeGame>20220410104112</dtimeGame>	<dtimeReal>20220827134015</dtimeReal>
	<newMode>
		<name>Moe</name>
		<animMode>14</animMode>
	</newMode>
	<cost>0</cost><cash>8629</cash>
</userEvent>
<userEvent>
	<dtimeGame>20220410104810</dtimeGame>	<dtimeReal>20220827134016</dtimeReal>
	<newMode>
		<name>Moe</name>
		<animMode>3</animMode>
	</newMode>
	<cost>0</cost><cash>8629</cash>
</userEvent>
<userEvent>
	<dtimeGame>20220410105341</dtimeGame>	<dtimeReal>20220827134017</dtimeReal>
	<newMode>
		<name>Curly</name>
		<animMode>14</animMode>
	</newMode>
	<cost>0</cost><cash>8628</cash>
</userEvent>
<trigger>
	<dtimeGame>20220410110004</dtimeGame>	<dtimeReal>20220827134019</dtimeReal>
	<name>BadPolicies</name>
	<triggerType>ATTACK_TRIGGER</triggerType>
	<timesGoneOff>2</timesGoneOff>
	<conditions>ConditionList: FirstPhaseCompleted(true) :end</conditions>
</trigger>
<warning>
	<dtimeGame>20220410110004</dtimeGame>	<dtimeReal>20220827134019</dtimeReal>
	<malware>Trojan Horse:Aladinz</malware>
	<name>Curly_ws</name>
	<cause>User impulsively executed email attachments</cause>
</warning>
<warning>
	<dtimeGame>20220410110004</dtimeGame>	<dtimeReal>20220827134019</dtimeReal>
	<malware>Virus:POP.Sling Virus</malware>
	<name>Curly_ws</name>
	<cause>User impulsively executed email attachments</cause>
</warning>
<warning>
	<dtimeGame>20220410110004</dtimeGame>	<dtimeReal>20220827134019</dtimeReal>
	<malware>Trojan Horse:Aladinz</malware>
	<name>Moe_ws</name>
	<cause>User impulsively executed email attachments</cause>
</warning>
<warning>
	<dtimeGame>20220410110004</dtimeGame>	<dtimeReal>20220827134019</dtimeReal>
	<malware>Virus:POP.Sling Virus</malware>
	<name>Moe_ws</name>
	<cause>User impulsively executed email attachments</cause>
</warning>
<trigger>
	<dtimeGame>20220410110004</dtimeGame>	<dtimeReal>20220827134019</dtimeReal>
	<name>Malware</name>
	<triggerType>ATTACK_TRIGGER</triggerType>
	<timesGoneOff>2</timesGoneOff>
	<conditions>ConditionList: FirstPhaseCompleted(true) :end</conditions>
</trigger>
<assetAttacked>
	<dtimeGame>20220410110004</dtimeGame>	<dtimeReal>20220827134019</dtimeReal>
	<name>BortSoft Data</name>
	<motiveType>Modification</motiveType>
	<motive>70</motive>
	<attackType>ATTACK_TARG_MAL_SOFTWARE</attackType>
	<attackIndex>[18]</attackIndex>
	<computerName>BortSoft Server</computerName>
	<attacker>Attacker</attacker>
	<cost>500</cost><cash>8128</cash>
	<reason>Malicious software (Aladinz) on Curly_ws has corrupted BortSoft Data on BortSoft Server. Malware installed on computer because user impulsively executes email attachments.</reason>
</assetAttacked>
<trigger>
	<dtimeGame>20220410110004</dtimeGame>	<dtimeReal>20220827134019</dtimeReal>
	<name>TipAttackLog</name>
	<triggerType>HELPTIP_TRIGGER</triggerType>
	<timesGoneOff>2</timesGoneOff>
	<conditions>ConditionList: assetAttacked(true) and_not attackLogViewed_intrinsic0,0 :end</conditions>
</trigger>
<trigger>
	<dtimeGame>20220410110004</dtimeGame>	<dtimeReal>20220827134019</dtimeReal>
	<name>DLTrojanPenalty</name>
	<triggerType>CASH_TRIGGER</triggerType>
	<timesGoneOff>2</timesGoneOff>
	<conditions>ConditionList: FirstPhaseCompleted(true) and (CurlyHasVirus(true) or MoeHasVirus(true)) and_not SecondPhaseCompleted(false) :end</conditions>
</trigger>
<userEvent>
	<dtimeGame>20220410110038</dtimeGame>	<dtimeReal>20220827134019</dtimeReal>
	<newMode>
		<name>Curly</name>
		<animMode>3</animMode>
	</newMode>
	<cost>0</cost><cash>7628</cash>
</userEvent>
<userEvent>
	<dtimeGame>20220410112130</dtimeGame>	<dtimeReal>20220827134023</dtimeReal>
	<newMode>
		<name>Curly</name>
		<animMode>14</animMode>
	</newMode>
	<cost>0</cost><cash>7626</cash>
</userEvent>
<userEvent>
	<dtimeGame>20220410112828</dtimeGame>	<dtimeReal>20220827134025</dtimeReal>
	<newMode>
		<name>Curly</name>
		<animMode>3</animMode>
	</newMode>
	<cost>0</cost><cash>7626</cash>
</userEvent>
<userEvent>
	<dtimeGame>20220410112954</dtimeGame>	<dtimeReal>20220827134025</dtimeReal>
	<newMode>
		<name>Moe</name>
		<animMode>14</animMode>
	</newMode>
	<cost>0</cost><cash>7626</cash>
</userEvent>
<trigger>
	<dtimeGame>20220410113617</dtimeGame>	<dtimeReal>20220827134027</dtimeReal>
	<name>attackLogViewed</name>
	<triggerType>LOG_TRIGGER</triggerType>
	<timesGoneOff>1</timesGoneOff>
	<conditions>ConditionList: WhichScreen23,23 :end</conditions>
</trigger>
<gameEvent>
	<dtimeGame>20220410113617</dtimeGame>	<dtimeReal>20220827134027</dtimeReal>
	<logTrigger>  <name>attackLogViewed</name>
  <message>viewed attack log</message>
  <conditions>ConditionList: WhichScreen23,23 :end,</conditions>
</logTrigger>
</gameEvent>
<trigger>
	<dtimeGame>20220410114004</dtimeGame>	<dtimeReal>20220827134034</dtimeReal>
	<name>CurlyWarnAttach</name>
	<triggerType>HELPTIP_TRIGGER</triggerType>
	<timesGoneOff>1</timesGoneOff>
	<conditions>ConditionList: FirstPhaseCompleted(true) and WhichScreen2,2 and CurlyHasVirus(true) and_not CurlyNoAttach(false) and attackLogViewed_intrinsic0,1 :end</conditions>
</trigger>
<userEvent>
	<dtimeGame>20220410114457</dtimeGame>	<dtimeReal>20220827134035</dtimeReal>
	<newMode>
		<name>Curly</name>
		<animMode>14</animMode>
	</newMode>
	<cost>0</cost><cash>7625</cash>
</userEvent>
<summaryEvent>
	<dtimeGame>20220410114502</dtimeGame>	<dtimeReal>20220827134035</dtimeReal>
	<bonus>-0</bonus><cash>7624</cash>
</summaryEvent>
<trigger>
	<dtimeGame>20220410115501</dtimeGame>	<dtimeReal>20220827134038</dtimeReal>
	<name>CurlyWarnAttach</name>
	<triggerType>HELPTIP_TRIGGER</triggerType>
	<timesGoneOff>2</timesGoneOff>
	<conditions>ConditionList: FirstPhaseCompleted(true) and WhichScreen2,2 and CurlyHasVirus(true) and_not CurlyNoAttach(false) and attackLogViewed_intrinsic0,1 :end</conditions>
</trigger>
<trigger>
	<dtimeGame>20220410121003</dtimeGame>	<dtimeReal>20220827134041</dtimeReal>
	<name>CurlyWarnAttach</name>
	<triggerType>HELPTIP_TRIGGER</triggerType>
	<timesGoneOff>3</timesGoneOff>
	<conditions>ConditionList: FirstPhaseCompleted(true) and WhichScreen2,2 and CurlyHasVirus(true) and_not CurlyNoAttach(false) and attackLogViewed_intrinsic0,1 :end</conditions>
</trigger>
<trigger>
	<dtimeGame>20220410121501</dtimeGame>	<dtimeReal>20220827134042</dtimeReal>
	<name>BadPolicies</name>
	<triggerType>ATTACK_TRIGGER</triggerType>
	<timesGoneOff>3</timesGoneOff>
	<conditions>ConditionList: FirstPhaseCompleted(true) :end</conditions>
</trigger>
<warning>
	<dtimeGame>20220410121501</dtimeGame>	<dtimeReal>20220827134042</dtimeReal>
	<malware>Trojan Horse:Aladinz</malware>
	<name>Curly_ws</name>
	<cause>User impulsively executed email attachments</cause>
</warning>
<warning>
	<dtimeGame>20220410121501</dtimeGame>	<dtimeReal>20220827134042</dtimeReal>
	<malware>Virus:POP.Sling Virus</malware>
	<name>Curly_ws</name>
	<cause>User impulsively executed email attachments</cause>
</warning>
<warning>
	<dtimeGame>20220410121501</dtimeGame>	<dtimeReal>20220827134042</dtimeReal>
	<malware>Trojan Horse:Aladinz</malware>
	<name>Moe_ws</name>
	<cause>User impulsively executed email attachments</cause>
</warning>
<warning>
	<dtimeGame>20220410121501</dtimeGame>	<dtimeReal>20220827134042</dtimeReal>
	<malware>Virus:POP.Sling Virus</malware>
	<name>Moe_ws</name>
	<cause>User impulsively executed email attachments</cause>
</warning>
<trigger>
	<dtimeGame>20220410121501</dtimeGame>	<dtimeReal>20220827134042</dtimeReal>
	<name>Malware</name>
	<triggerType>ATTACK_TRIGGER</triggerType>
	<timesGoneOff>3</timesGoneOff>
	<conditions>ConditionList: FirstPhaseCompleted(true) :end</conditions>
</trigger>
<assetAttacked>
	<dtimeGame>20220410121501</dtimeGame>	<dtimeReal>20220827134042</dtimeReal>
	<name>BortSoft Data</name>
	<motiveType>Modification</motiveType>
	<motive>70</motive>
	<attackType>ATTACK_TARG_MAL_SOFTWARE</attackType>
	<attackIndex>[18]</attackIndex>
	<computerName>BortSoft Server</computerName>
	<attacker>Attacker</attacker>
	<cost>500</cost><cash>7114</cash>
	<reason>Malicious software (Aladinz) on Curly_ws has corrupted BortSoft Data on BortSoft Server. Malware installed on computer because user impulsively executes email attachments.</reason>
</assetAttacked>
<trigger>
	<dtimeGame>20220410121501</dtimeGame>	<dtimeReal>20220827134042</dtimeReal>
	<name>DLTrojanPenalty</name>
	<triggerType>CASH_TRIGGER</triggerType>
	<timesGoneOff>3</timesGoneOff>
	<conditions>ConditionList: FirstPhaseCompleted(true) and (CurlyHasVirus(true) or MoeHasVirus(true)) and_not SecondPhaseCompleted(false) :end</conditions>
</trigger>
<trigger>
	<dtimeGame>20220410122501</dtimeGame>	<dtimeReal>20220827134044</dtimeReal>
	<name>CurlyWarnAttach</name>
	<triggerType>HELPTIP_TRIGGER</triggerType>
	<timesGoneOff>4</timesGoneOff>
	<conditions>ConditionList: FirstPhaseCompleted(true) and WhichScreen2,2 and CurlyHasVirus(true) and_not CurlyNoAttach(false) and attackLogViewed_intrinsic0,1 :end</conditions>
</trigger>
<uiEvent>
	<dtimeGame>20220410123948</dtimeGame>	<dtimeReal>20220827134047</dtimeReal>
	<tab>component</tab>
</uiEvent>
<trigger>
	<dtimeGame>20220410123948</dtimeGame>	<dtimeReal>20220827134047</dtimeReal>
	<name>TipSelectWS</name>
	<triggerType>HELPTIP_TRIGGER</triggerType>
	<timesGoneOff>1</timesGoneOff>
	<conditions>ConditionList: WhichScreen4,4 and (FirstPhaseCompleted(true) and_not (CurlyNoAttach(false) and MoeNoAttach(false)) and_not SecondPhaseCompleted(false)) :end</conditions>
</trigger>
<trigger>
	<dtimeGame>20220410123948</dtimeGame>	<dtimeReal>20220827134048</dtimeReal>
	<name>TipBewareAttach</name>
	<triggerType>HELPTIP_TRIGGER</triggerType>
	<timesGoneOff>1</timesGoneOff>
	<conditions>ConditionList: FirstPhaseCompleted(true) and WhichScreen4,4 and_not (CurlyNoAttach(false) and MoeNoAttach(false)) and_not SecondPhaseCompleted(false) :end</conditions>
</trigger>
<componentEvent>
	<dtimeGame>20220410123948</dtimeGame>	<dtimeReal>20220827134056</dtimeReal>
	<name>Curly_ws</name>
	<procSetting>
		<field>NoExternalSoftware:</field>
		<value>true</value>
		<newProtection>-1</newProtection>
	</procSetting>
	<cost>300</cost><cash>6306</cash>
</componentEvent>
<trigger>
	<dtimeGame>20220410123948</dtimeGame>	<dtimeReal>20220827134057</dtimeReal>
	<name>TipSelectWS</name>
	<triggerType>HELPTIP_TRIGGER</triggerType>
	<timesGoneOff>2</timesGoneOff>
	<conditions>ConditionList: WhichScreen4,4 and (FirstPhaseCompleted(true) and_not (CurlyNoAttach(false) and MoeNoAttach(false)) and_not SecondPhaseCompleted(false)) :end</conditions>
</trigger>
<trigger>
	<dtimeGame>20220410123948</dtimeGame>	<dtimeReal>20220827134058</dtimeReal>
	<name>TipBewareAttach</name>
	<triggerType>HELPTIP_TRIGGER</triggerType>
	<timesGoneOff>2</timesGoneOff>
	<conditions>ConditionList: FirstPhaseCompleted(true) and WhichScreen4,4 and_not (CurlyNoAttach(false) and MoeNoAttach(false)) and_not SecondPhaseCompleted(false) :end</conditions>
</trigger>
<componentEvent>
	<dtimeGame>20220410123948</dtimeGame>	<dtimeReal>20220827134102</dtimeReal>
	<name>Moe_ws</name>
	<procSetting>
		<field>NoEmailAttachmentExecute:</field>
		<value>true</value>
		<newProtection>-1</newProtection>
	</procSetting>
	<cost>150</cost><cash>6156</cash>
</componentEvent>
<componentEvent>
	<dtimeGame>20220410123948</dtimeGame>	<dtimeReal>20220827134106</dtimeReal>
	<name>Curly_ws</name>
	<procSetting>
		<field>NoEmailAttachmentExecute:</field>
		<value>true</value>
		<newProtection>-1</newProtection>
	</procSetting>
	<cost>150</cost><cash>6006</cash>
</componentEvent>
<componentEvent>
	<dtimeGame>20220410123948</dtimeGame>	<dtimeReal>20220827134107</dtimeReal>
	<name>Curly_ws</name>
	<procSetting>
		<field>NoExternalSoftware:</field>
		<value>false</value>
		<newProtection>-1</newProtection>
	</procSetting>
	<cost>150</cost><cash>5856</cash>
</componentEvent>
<trigger>
	<dtimeGame>20220410123948</dtimeGame>	<dtimeReal>20220827134111</dtimeReal>
	<name>ReturnFromComponent</name>
	<triggerType>HELPTIP_TRIGGER</triggerType>
	<timesGoneOff>1</timesGoneOff>
	<conditions>ConditionList: WhichScreen4,4 and ((MoeNoAttach(true) and CurlyNoAttach(true) and_not TrojWarnWentOff(false)) or (MoeNoExternalSW(false) and CurlyNoExternalSW(false) and TrojWarnWentOff(false))) and_not SecondPhaseCompleted(false) :end</conditions>
</trigger>
<uiEvent>
	<dtimeGame>20220410123948</dtimeGame>	<dtimeReal>20220827134113</dtimeReal>
	<tab>office</tab>
</uiEvent>
<summaryEvent>
	<dtimeGame>20220410124002</dtimeGame>	<dtimeReal>20220827134113</dtimeReal>
	<bonus>-0</bonus><cash>5855</cash>
</summaryEvent>
<trigger>
	<dtimeGame>20220410125505</dtimeGame>	<dtimeReal>20220827134116</dtimeReal>
	<name>MoeWarnExtSW</name>
	<triggerType>HELPTIP_TRIGGER</triggerType>
	<timesGoneOff>1</timesGoneOff>
	<conditions>ConditionList: FirstPhaseCompleted(true) and WhichScreen2,2 and MoeHasVirus(true) and_not MoeNoExternalSW(false) and CurlyNoAttach(true) and MoeNoAttach(true) and attackLogViewed_intrinsic0,1 :end</conditions>
</trigger>
<trigger>
	<dtimeGame>20220410131002</dtimeGame>	<dtimeReal>20220827134120</dtimeReal>
	<name>CurlyWarnExtSW</name>
	<triggerType>HELPTIP_TRIGGER</triggerType>
	<timesGoneOff>1</timesGoneOff>
	<conditions>ConditionList: FirstPhaseCompleted(true) and WhichScreen2,2 and CurlyHasVirus(true) and_not CurlyNoExternalSW(false) and CurlyNoAttach(true) and MoeNoAttach(true) and attackLogViewed_intrinsic0,1 :end</conditions>
</trigger>
<trigger>
	<dtimeGame>20220410131504</dtimeGame>	<dtimeReal>20220827134121</dtimeReal>
	<name>MoeWarnExtSW</name>
	<triggerType>HELPTIP_TRIGGER</triggerType>
	<timesGoneOff>2</timesGoneOff>
	<conditions>ConditionList: FirstPhaseCompleted(true) and WhichScreen2,2 and MoeHasVirus(true) and_not MoeNoExternalSW(false) and CurlyNoAttach(true) and MoeNoAttach(true) and attackLogViewed_intrinsic0,1 :end</conditions>
</trigger>
<uiEvent>
	<dtimeGame>20220410132035</dtimeGame>	<dtimeReal>20220827134122</dtimeReal>
	<tab>component</tab>
</uiEvent>
<trigger>
	<dtimeGame>20220410132035</dtimeGame>	<dtimeReal>20220827134122</dtimeReal>
	<name>TipSelectWS2</name>
	<triggerType>HELPTIP_TRIGGER</triggerType>
	<timesGoneOff>1</timesGoneOff>
	<conditions>ConditionList: WhichScreen4,4 and (FirstPhaseCompleted(true) and_not (CurlyNoExternalSW(false) and MoeNoExternalSW(false)) and TrojWarnWentOff(true) and_not SecondPhaseCompleted(false)) :end</conditions>
</trigger>
<trigger>
	<dtimeGame>20220410132035</dtimeGame>	<dtimeReal>20220827134123</dtimeReal>
	<name>TipNoExternalSW</name>
	<triggerType>HELPTIP_TRIGGER</triggerType>
	<timesGoneOff>1</timesGoneOff>
	<conditions>ConditionList: FirstPhaseCompleted(true) and WhichScreen4,4 and_not (CurlyNoExternalSW(false) and MoeNoExternalSW(false)) and CurlyNoAttach(true) and MoeNoAttach(true) and_not SecondPhaseCompleted(false) and TrojWarnWentOff(true) :end</conditions>
</trigger>
<componentEvent>
	<dtimeGame>20220410132035</dtimeGame>	<dtimeReal>20220827134127</dtimeReal>
	<name>Curly_ws</name>
	<procSetting>
		<field>NoExternalSoftware:</field>
		<value>true</value>
		<newProtection>-1</newProtection>
	</procSetting>
	<cost>300</cost><cash>5539</cash>
</componentEvent>
<componentEvent>
	<dtimeGame>20220410132035</dtimeGame>	<dtimeReal>20220827134130</dtimeReal>
	<name>Moe_ws</name>
	<procSetting>
		<field>NoExternalSoftware:</field>
		<value>true</value>
		<newProtection>-1</newProtection>
	</procSetting>
	<cost>300</cost><cash>5239</cash>
</componentEvent>
<trigger>
	<dtimeGame>20220410132035</dtimeGame>	<dtimeReal>20220827134135</dtimeReal>
	<name>ReturnFromComponent</name>
	<triggerType>HELPTIP_TRIGGER</triggerType>
	<timesGoneOff>2</timesGoneOff>
	<conditions>ConditionList: WhichScreen4,4 and ((MoeNoAttach(true) and CurlyNoAttach(true) and_not TrojWarnWentOff(true)) or (MoeNoExternalSW(true) and CurlyNoExternalSW(true) and TrojWarnWentOff(true))) and_not SecondPhaseCompleted(false) :end</conditions>
</trigger>
<uiEvent>
	<dtimeGame>20220410132035</dtimeGame>	<dtimeReal>20220827134137</dtimeReal>
	<tab>office</tab>
</uiEvent>
<trigger>
	<dtimeGame>20220410132503</dtimeGame>	<dtimeReal>20220827134138</dtimeReal>
	<name>SetUserProcComplete</name>
	<triggerType>SET_OBJECTIVE_STATUS</triggerType>
	<timesGoneOff>1</timesGoneOff>
	<conditions>ConditionList: FirstPhaseCompleted(true) and WhichScreen2,2 and MoeNoAttach(true) and CurlyNoAttach(true) and MoeNoExternalSW(true) and CurlyNoExternalSW(true) :end</conditions>
</trigger>
<trigger>
	<dtimeGame>20220410133001</dtimeGame>	<dtimeReal>20220827134139</dtimeReal>
	<name>BadPolicies</name>
	<triggerType>ATTACK_TRIGGER</triggerType>
	<timesGoneOff>4</timesGoneOff>
	<conditions>ConditionList: FirstPhaseCompleted(true) :end</conditions>
</trigger>
<warning>
	<dtimeGame>20220410133001</dtimeGame>	<dtimeReal>20220827134139</dtimeReal>
	<malware>Trojan Horse:Aladinz</malware>
	<name>Curly_ws</name>
	<cause>User installed unauthorized external software containing malware because of not enough training.</cause>
</warning>
<warning>
	<dtimeGame>20220410133001</dtimeGame>	<dtimeReal>20220827134139</dtimeReal>
	<malware>Virus:POP.Sling Virus</malware>
	<name>Curly_ws</name>
	<cause>User installed unauthorized external software containing malware because of not enough training.</cause>
</warning>
<warning>
	<dtimeGame>20220410133001</dtimeGame>	<dtimeReal>20220827134139</dtimeReal>
	<malware>Trojan Horse:Aladinz</malware>
	<name>Moe_ws</name>
	<cause>User installed unauthorized external software containing malware because of not enough training.</cause>
</warning>
<warning>
	<dtimeGame>20220410133001</dtimeGame>	<dtimeReal>20220827134139</dtimeReal>
	<malware>Virus:POP.Sling Virus</malware>
	<name>Moe_ws</name>
	<cause>User installed unauthorized external software containing malware because of not enough training.</cause>
</warning>
<trigger>
	<dtimeGame>20220410133001</dtimeGame>	<dtimeReal>20220827134139</dtimeReal>
	<name>Malware</name>
	<triggerType>ATTACK_TRIGGER</triggerType>
	<timesGoneOff>4</timesGoneOff>
	<conditions>ConditionList: FirstPhaseCompleted(true) :end</conditions>
</trigger>
<assetAttacked>
	<dtimeGame>20220410133001</dtimeGame>	<dtimeReal>20220827134139</dtimeReal>
	<name>BortSoft Data</name>
	<motiveType>Modification</motiveType>
	<motive>70</motive>
	<attackType>ATTACK_TARG_MAL_SOFTWARE</attackType>
	<attackIndex>[18]</attackIndex>
	<computerName>BortSoft Server</computerName>
	<attacker>Attacker</attacker>
	<cost>500</cost><cash>4735</cash>
	<reason>Malicious software (Aladinz) on Curly_ws has corrupted BortSoft Data on BortSoft Server. User installed unauthorized external software containing malware because of not enough training.</reason>
</assetAttacked>
<trigger>
	<dtimeGame>20220410133001</dtimeGame>	<dtimeReal>20220827134139</dtimeReal>
	<name>WarnPoorTraining</name>
	<triggerType>HELPTIP_TRIGGER</triggerType>
	<timesGoneOff>1</timesGoneOff>
	<conditions>ConditionList: FirstPhaseCompleted(true) and WhichScreen2,2 and UserProcComplete(true) and_not (CurlyTraining80(false) and MoeTraining80(false)) :end</conditions>
</trigger>
<trigger>
	<dtimeGame>20220410133001</dtimeGame>	<dtimeReal>20220827134139</dtimeReal>
	<name>DLTrojanPenalty</name>
	<triggerType>CASH_TRIGGER</triggerType>
	<timesGoneOff>4</timesGoneOff>
	<conditions>ConditionList: FirstPhaseCompleted(true) and (CurlyHasVirus(true) or MoeHasVirus(true)) and_not SecondPhaseCompleted(false) :end</conditions>
</trigger>
<trigger>
	<dtimeGame>20220410134503</dtimeGame>	<dtimeReal>20220827134142</dtimeReal>
	<name>WarnPoorTraining</name>
	<triggerType>HELPTIP_TRIGGER</triggerType>
	<timesGoneOff>2</timesGoneOff>
	<conditions>ConditionList: FirstPhaseCompleted(true) and WhichScreen2,2 and UserProcComplete(true) and_not (CurlyTraining80(false) and MoeTraining80(false)) :end</conditions>
</trigger>
<uiEvent>
	<dtimeGame>20220410135356</dtimeGame>	<dtimeReal>20220827134144</dtimeReal>
	<tab>user</tab>
</uiEvent>
<trigger>
	<dtimeGame>20220410135356</dtimeGame>	<dtimeReal>20220827134144</dtimeReal>
	<name>TipTrain</name>
	<triggerType>HELPTIP_TRIGGER</triggerType>
	<timesGoneOff>1</timesGoneOff>
	<conditions>ConditionList: FirstPhaseCompleted(true) and WhichScreen6,6 and UserProcComplete(true) and_not (CurlyTraining80(false) and MoeTraining80(false)) :end</conditions>
</trigger>
<userEvent>
	<dtimeGame>20220410135356</dtimeGame>	<dtimeReal>20220827134153</dtimeReal>
	<train>
		<name>Curly</name>
		<level>75</level>
	</train>
	<cost>250</cost><cash>3976</cash>
</userEvent>
<trigger>
	<dtimeGame>20220410135356</dtimeGame>	<dtimeReal>20220827134158</dtimeReal>
	<name>TipTrain</name>
	<triggerType>HELPTIP_TRIGGER</triggerType>
	<timesGoneOff>2</timesGoneOff>
	<conditions>ConditionList: FirstPhaseCompleted(true) and WhichScreen6,6 and UserProcComplete(true) and_not (CurlyTraining80(false) and MoeTraining80(false)) :end</conditions>
</trigger>
<trigger>
	<dtimeGame>20220410135356</dtimeGame>	<dtimeReal>20220827134208</dtimeReal>
	<name>TipTrain</name>
	<triggerType>HELPTIP_TRIGGER</triggerType>
	<timesGoneOff>3</timesGoneOff>
	<conditions>ConditionList: FirstPhaseCompleted(true) and WhichScreen6,6 and UserProcComplete(true) and_not (CurlyTraining80(false) and MoeTraining80(false)) :end</conditions>
</trigger>
<userEvent>
	<dtimeGame>20220410135356</dtimeGame>	<dtimeReal>20220827134216</dtimeReal>
	<train>
		<name>Moe</name>
		<level>75</level>
	</train>
	<cost>250</cost><cash>3726</cash>
</userEvent>
<trigger>
	<dtimeGame>20220410135356</dtimeGame>	<dtimeReal>20220827134218</dtimeReal>
	<name>TipTrain</name>
	<triggerType>HELPTIP_TRIGGER</triggerType>
	<timesGoneOff>4</timesGoneOff>
	<conditions>ConditionList: FirstPhaseCompleted(true) and WhichScreen6,6 and UserProcComplete(true) and_not (CurlyTraining80(false) and MoeTraining80(false)) :end</conditions>
</trigger>
<userEvent>
	<dtimeGame>20220410135356</dtimeGame>	<dtimeReal>20220827134223</dtimeReal>
	<train>
		<name>Moe</name>
		<level>80</level>
	</train>
	<cost>250</cost><cash>3476</cash>
</userEvent>
<trigger>
	<dtimeGame>20220410135356</dtimeGame>	<dtimeReal>20220827134228</dtimeReal>
	<name>TipTrain</name>
	<triggerType>HELPTIP_TRIGGER</triggerType>
	<timesGoneOff>5</timesGoneOff>
	<conditions>ConditionList: FirstPhaseCompleted(true) and WhichScreen6,6 and UserProcComplete(true) and_not (CurlyTraining80(false) and MoeTraining80(true)) :end</conditions>
</trigger>
<trigger>
	<dtimeGame>20220410135356</dtimeGame>	<dtimeReal>20220827134238</dtimeReal>
	<name>TipTrain</name>
	<triggerType>HELPTIP_TRIGGER</triggerType>
	<timesGoneOff>6</timesGoneOff>
	<conditions>ConditionList: FirstPhaseCompleted(true) and WhichScreen6,6 and UserProcComplete(true) and_not (CurlyTraining80(false) and MoeTraining80(true)) :end</conditions>
</trigger>
<userEvent>
	<dtimeGame>20220410135356</dtimeGame>	<dtimeReal>20220827134238</dtimeReal>
	<train>
		<name>Moe</name>
		<level>95</level>
	</train>
	<cost>1250</cost><cash>2226</cash>
</userEvent>
<userEvent>
	<dtimeGame>20220410135356</dtimeGame>	<dtimeReal>20220827134243</dtimeReal>
	<train>
		<name>Moe</name>
		<level>95</level>
	</train>
	<cost>250</cost><cash>1976</cash>
</userEvent>
<trigger>
	<dtimeGame>20220410135356</dtimeGame>	<dtimeReal>20220827134248</dtimeReal>
	<name>TipTrain</name>
	<triggerType>HELPTIP_TRIGGER</triggerType>
	<timesGoneOff>7</timesGoneOff>
	<conditions>ConditionList: FirstPhaseCompleted(true) and WhichScreen6,6 and UserProcComplete(true) and_not (CurlyTraining80(false) and MoeTraining80(true)) :end</conditions>
</trigger>
<userEvent>
	<dtimeGame>20220410135356</dtimeGame>	<dtimeReal>20220827134249</dtimeReal>
	<train>
		<name>Curly</name>
		<level>80</level>
	</train>
	<cost>250</cost><cash>1726</cash>
</userEvent>
<uiEvent>
	<dtimeGame>20220410135356</dtimeGame>	<dtimeReal>20220827134252</dtimeReal>
	<tab>office</tab>
</uiEvent>
<trigger>
	<dtimeGame>20220410135503</dtimeGame>	<dtimeReal>20220827134253</dtimeReal>
	<name>SetUserTrainComplete</name>
	<triggerType>SET_OBJECTIVE_STATUS</triggerType>
	<timesGoneOff>1</timesGoneOff>
	<conditions>ConditionList: FirstPhaseCompleted(true) and WhichScreen2,2 and CurlyTraining80(true) and MoeTraining80(true) :end</conditions>
</trigger>
<trigger>
	<dtimeGame>20220410140000</dtimeGame>	<dtimeReal>20220827134254</dtimeReal>
	<name>AdvancetoPhase3Virus</name>
	<triggerType>SET_PHASE</triggerType>
	<timesGoneOff>1</timesGoneOff>
	<conditions>ConditionList: FirstPhaseCompleted(true) and UserProcComplete(true) and UserTrainComplete(true) and_not SecondPhaseCompleted(false) and (MoeHasVirus(true) or CurlyHasVirus(true)) :end</conditions>
</trigger>
<trigger>
	<dtimeGame>20220410140000</dtimeGame>	<dtimeReal>20220827134259</dtimeReal>
	<name>ComputersAvailable</name>
	<triggerType>COMPUTER_AVAIABILITY</triggerType>
	<timesGoneOff>1</timesGoneOff>
	<conditions>ConditionList: AdvancePhase3Virus(true) and (MoeHasVirus(true) or CurlyHasVirus(true)) :end</conditions>
</trigger>
<trigger>
	<dtimeGame>20220410140000</dtimeGame>	<dtimeReal>20220827134259</dtimeReal>
	<name>RemoveMalware</name>
	<triggerType>CLEAR_MALWARE</triggerType>
	<timesGoneOff>1</timesGoneOff>
	<conditions>ConditionList: AdvancePhase3Virus(true) and (MoeHasVirus(true) or CurlyHasVirus(true)) :end</conditions>
</trigger>
<trigger>
	<dtimeGame>20220410140000</dtimeGame>	<dtimeReal>20220827134259</dtimeReal>
	<name>Phase2</name>
	<triggerType>SAVEGAME_TRIGGER</triggerType>
	<timesGoneOff>1</timesGoneOff>
	<conditions>ConditionList: SecondPhaseCompleted(true) :end</conditions>
</trigger>
<gameEvent>
	<dtimeGame>20220410140000</dtimeGame>	<dtimeReal>20220827134259</dtimeReal>
	<saveFile>Phase2.sdf</saveFile>
</gameEvent>
<trigger>
	<dtimeGame>20220410140000</dtimeGame>	<dtimeReal>20220827134259</dtimeReal>
	<name>VirusCleanupThought</name>
	<triggerType>SET_USER_THOUGHT</triggerType>
	<timesGoneOff>1</timesGoneOff>
	<conditions>ConditionList: AdvancePhase3Virus(true) :end</conditions>
</trigger>
<trigger>
	<dtimeGame>20220410140000</dtimeGame>	<dtimeReal>20220827134259</dtimeReal>
	<name>VirusCleanupMoeThought</name>
	<triggerType>SET_USER_THOUGHT</triggerType>
	<timesGoneOff>1</timesGoneOff>
	<conditions>ConditionList: AdvancePhase3Virus(true) :end</conditions>
</trigger>
<userEvent>
	<dtimeGame>20220410140059</dtimeGame>	<dtimeReal>20220827134300</dtimeReal>
	<newMode>
		<name>Curly</name>
		<animMode>3</animMode>
	</newMode>
	<cost>0</cost><cash>1723</cash>
</userEvent>
<summaryEvent>
	<dtimeGame>20220410140104</dtimeGame>	<dtimeReal>20220827134300</dtimeReal>
	<bonus>0</bonus><cash>1724</cash>
</summaryEvent>
<triggerErase>
	<dtimeGame>20220410140104</dtimeGame>	<dtimeReal>20220827134300</dtimeReal>
	<name>ComputersAvailable</name>
	<triggerType>COMPUTER_AVAIABILITY</triggerType>
	<timesGoneOff>1</timesGoneOff>
	<conditions>ConditionList: AdvancePhase3Virus(true) and (MoeHasVirus(false) or CurlyHasVirus(false)) :end</conditions>
</triggerErase>
<userEvent>
	<dtimeGame>20220410140226</dtimeGame>	<dtimeReal>20220827134300</dtimeReal>
	<newMode>
		<name>Moe</name>
		<animMode>3</animMode>
	</newMode>
	<cost>0</cost><cash>1724</cash>
</userEvent>
<uiEvent>
	<dtimeGame>20220410140840</dtimeGame>	<dtimeReal>20220827134301</dtimeReal>
	<tab>objective</tab>
</uiEvent>
<trigger>
	<dtimeGame>20220410140840</dtimeGame>	<dtimeReal>20220827134306</dtimeReal>
	<name>ReturnFromObjective</name>
	<triggerType>HELPTIP_TRIGGER</triggerType>
	<timesGoneOff>2</timesGoneOff>
	<conditions>ConditionList: (TimesObjectiveViewed0,1 or TimesObjectiveViewed1,1) and WhichScreen12,12 :end</conditions>
</trigger>
<uiEvent>
	<dtimeGame>20220410140840</dtimeGame>	<dtimeReal>20220827134308</dtimeReal>
	<tab>office</tab>
</uiEvent>
<trigger>
	<dtimeGame>20220410141503</dtimeGame>	<dtimeReal>20220827134309</dtimeReal>
	<name>PhySecTicker</name>
	<triggerType>TICKER_TRIGGER</triggerType>
	<timesGoneOff>1</timesGoneOff>
	<conditions>ConditionList: not OfficeHasSecurity(false) and SecondPhaseCompleted(true) :end</conditions>
</trigger>
<trigger>
	<dtimeGame>20220410143001</dtimeGame>	<dtimeReal>20220827134312</dtimeReal>
	<name>PhysSecTip</name>
	<triggerType>HELPTIP_TRIGGER</triggerType>
	<timesGoneOff>1</timesGoneOff>
	<conditions>ConditionList: not OfficeHasSecurity(false) and SecondPhaseCompleted(true) :end</conditions>
</trigger>
<uiEvent>
	<dtimeGame>20220410144131</dtimeGame>	<dtimeReal>20220827134315</dtimeReal>
	<tab>zone</tab>
</uiEvent>
<trigger>
	<dtimeGame>20220410144131</dtimeGame>	<dtimeReal>20220827134315</dtimeReal>
	<name>TipPhysSetting</name>
	<triggerType>HELPTIP_TRIGGER</triggerType>
	<timesGoneOff>1</timesGoneOff>
	<conditions>ConditionList: SecondPhaseCompleted(true) and_not BreakinCompleted(false) and WhichScreen5,5 and_not OfficeHasSecurity(false) :end</conditions>
</trigger>
<trigger>
	<dtimeGame>20220410144131</dtimeGame>	<dtimeReal>20220827134325</dtimeReal>
	<name>TipPhysSetting</name>
	<triggerType>HELPTIP_TRIGGER</triggerType>
	<timesGoneOff>2</timesGoneOff>
	<conditions>ConditionList: SecondPhaseCompleted(true) and_not BreakinCompleted(false) and WhichScreen5,5 and_not OfficeHasSecurity(false) :end</conditions>
</trigger>
<trigger>
	<dtimeGame>20220410144131</dtimeGame>	<dtimeReal>20220827134335</dtimeReal>
	<name>TipPhysSetting</name>
	<triggerType>HELPTIP_TRIGGER</triggerType>
	<timesGoneOff>3</timesGoneOff>
	<conditions>ConditionList: SecondPhaseCompleted(true) and_not BreakinCompleted(false) and WhichScreen5,5 and_not OfficeHasSecurity(false) :end</conditions>
</trigger>
<zoneEvent>
	<dtimeGame>20220410144131</dtimeGame>	<dtimeReal>20220827134337</dtimeReal>
	<name>Entire Office</name>
	<setting>
		<field>KeyLockOnDoor:</field>
		<value>true</value>
		<newProtection>101</newProtection>
	</setting>
	<cost>25</cost><cash>1714</cash>
</zoneEvent>
<trigger>
	<dtimeGame>20220410144131</dtimeGame>	<dtimeReal>20220827134337</dtimeReal>
	<name>TipZoneAccess</name>
	<triggerType>HELPTIP_TRIGGER</triggerType>
	<timesGoneOff>1</timesGoneOff>
	<conditions>ConditionList: SecondPhaseCompleted(true) and_not BreakinCompleted(false) and WhichScreen5,5 and OfficeHasSecurity(true) and publicIntoOffice(true) :end</conditions>
</trigger>
<trigger>
	<dtimeGame>20220410144131</dtimeGame>	<dtimeReal>20220827134347</dtimeReal>
	<name>TipZoneAccess</name>
	<triggerType>HELPTIP_TRIGGER</triggerType>
	<timesGoneOff>2</timesGoneOff>
	<conditions>ConditionList: SecondPhaseCompleted(true) and_not BreakinCompleted(false) and WhichScreen5,5 and OfficeHasSecurity(true) and publicIntoOffice(true) :end</conditions>
</trigger>
<zoneEvent>
	<dtimeGame>20220410144131</dtimeGame>	<dtimeReal>20220827134355</dtimeReal>
	<name>Entire Office</name>
	<accessRemove>
		<group>Public</group>
	</accessRemove>
	<cost>0</cost><cash>1714</cash>
</zoneEvent>
<zoneEvent>
	<dtimeGame>20220410144131</dtimeGame>	<dtimeReal>20220827134412</dtimeReal>
	<name>Entire Office</name>
	<accessAdd>
		<user>Curly</user>
	</accessAdd>
	<cost>0</cost><cash>1714</cash>
</zoneEvent>
<zoneEvent>
	<dtimeGame>20220410144131</dtimeGame>	<dtimeReal>20220827134415</dtimeReal>
	<name>Entire Office</name>
	<accessAdd>
		<user>Moe</user>
	</accessAdd>
	<cost>0</cost><cash>1714</cash>
</zoneEvent>
<uiEvent>
	<dtimeGame>20220410144131</dtimeGame>	<dtimeReal>20220827134428</dtimeReal>
	<tab>game</tab>
</uiEvent>
<gameEvent>
	<dtimeGame>20220410144131</dtimeGame>	<dtimeReal>20220827134440</dtimeReal>
	<saveFile>saved_Aug27_13_44.sdf</saveFile>
</gameEvent>
<uiEvent>
	<dtimeGame>20220410144131</dtimeGame>	<dtimeReal>20220827134443</dtimeReal>
	<tab>office</tab>
</uiEvent>
<trigger>
	<dtimeGame>20220410144502</dtimeGame>	<dtimeReal>20220827134444</dtimeReal>
	<name>SetBreakinComplete</name>
	<triggerType>SET_OBJECTIVE_STATUS</triggerType>
	<timesGoneOff>1</timesGoneOff>
	<conditions>ConditionList: SecondPhaseCompleted(true) and WhichScreen2,2 and OfficeHasSecurity(true) and MoeHasComputer(true) and CurlyHasComputer(true) :end</conditions>
</trigger>
<trigger>
	<dtimeGame>20220410145005</dtimeGame>	<dtimeReal>20220827134445</dtimeReal>
	<name>LogoffTicker</name>
	<triggerType>TICKER_TRIGGER</triggerType>
	<timesGoneOff>1</timesGoneOff>
	<conditions>ConditionList: SecondPhaseCompleted(true) and BreakinCompleted(true) and_not (CurlyLockLog(false) and MoeLockLog(false)) :end</conditions>
</trigger>
<uiEvent>
	<dtimeGame>20220410145345</dtimeGame>	<dtimeReal>20220827134446</dtimeReal>
	<tab>zone</tab>
</uiEvent>
<uiEvent>
	<dtimeGame>20220410145345</dtimeGame>	<dtimeReal>20220827134451</dtimeReal>
	<tab>office</tab>
</uiEvent>
<trigger>
	<dtimeGame>20220410150501</dtimeGame>	<dtimeReal>20220827134453</dtimeReal>
	<name>LogoffPenalty</name>
	<triggerType>CASH_TRIGGER</triggerType>
	<timesGoneOff>1</timesGoneOff>
	<conditions>ConditionList: SecondPhaseCompleted(true) and BreakinCompleted(true) and_not (CurlyLockLog(false) and MoeLockLog(false)) :end</conditions>
</trigger>
<trigger>
	<dtimeGame>20220410151504</dtimeGame>	<dtimeReal>20220827134506</dtimeReal>
	<name>BadPolicies</name>
	<triggerType>ATTACK_TRIGGER</triggerType>
	<timesGoneOff>5</timesGoneOff>
	<conditions>ConditionList: FirstPhaseCompleted(true) :end</conditions>
</trigger>
<trigger>
	<dtimeGame>20220410151504</dtimeGame>	<dtimeReal>20220827134506</dtimeReal>
	<name>Malware</name>
	<triggerType>ATTACK_TRIGGER</triggerType>
	<timesGoneOff>5</timesGoneOff>
	<conditions>ConditionList: FirstPhaseCompleted(true) :end</conditions>
</trigger>
<trigger>
	<dtimeGame>20220410151504</dtimeGame>	<dtimeReal>20220827134506</dtimeReal>
	<name>BreakingHW</name>
	<triggerType>ATTACK_TRIGGER</triggerType>
	<timesGoneOff>1</timesGoneOff>
	<conditions>ConditionList: SecondPhaseCompleted(true) :end</conditions>
</trigger>
<trigger>
	<dtimeGame>20220410151504</dtimeGame>	<dtimeReal>20220827134506</dtimeReal>
	<name>ClearThought</name>
	<triggerType>CLEAR_TRIGGERED_THOUGHTS</triggerType>
	<timesGoneOff>1</timesGoneOff>
	<conditions>ConditionList: AdvancePhase3Virus(true) :end</conditions>
</trigger>
<trigger>
	<dtimeGame>20220410152001</dtimeGame>	<dtimeReal>20220827134507</dtimeReal>
	<name>WarnNoLockLogoff</name>
	<triggerType>HELPTIP_TRIGGER</triggerType>
	<timesGoneOff>1</timesGoneOff>
	<conditions>ConditionList: SecondPhaseCompleted(true) and WhichScreen2,2 and_not (MoeLockLog(false) and CurlyLockLog(false)) and BreakinCompleted(true) :end</conditions>
</trigger>
<trigger>
	<dtimeGame>20220410153503</dtimeGame>	<dtimeReal>20220827134510</dtimeReal>
	<name>LogoffTicker</name>
	<triggerType>TICKER_TRIGGER</triggerType>
	<timesGoneOff>2</timesGoneOff>
	<conditions>ConditionList: SecondPhaseCompleted(true) and BreakinCompleted(true) and_not (CurlyLockLog(false) and MoeLockLog(false)) :end</conditions>
</trigger>
<uiEvent>
	<dtimeGame>20220410153509</dtimeGame>	<dtimeReal>20220827134510</dtimeReal>
	<tab>component</tab>
</uiEvent>
<trigger>
	<dtimeGame>20220410153509</dtimeGame>	<dtimeReal>20220827134510</dtimeReal>
	<name>TipSelectWS1</name>
	<triggerType>HELPTIP_TRIGGER</triggerType>
	<timesGoneOff>1</timesGoneOff>
	<conditions>ConditionList: WhichScreen4,4 and (SecondPhaseCompleted(true) and_not (MoeLockLog(false) and CurlyLockLog(false)) and BreakinCompleted(true)) :end</conditions>
</trigger>
<trigger>
	<dtimeGame>20220410153509</dtimeGame>	<dtimeReal>20220827134510</dtimeReal>
	<name>TipLock</name>
	<triggerType>HELPTIP_TRIGGER</triggerType>
	<timesGoneOff>1</timesGoneOff>
	<conditions>ConditionList: SecondPhaseCompleted(true) and WhichScreen4,4 and_not (MoeLockLog(false) and CurlyLockLog(false)) and BreakinCompleted(true) :end</conditions>
</trigger>
<trigger>
	<dtimeGame>20220410153509</dtimeGame>	<dtimeReal>20220827134520</dtimeReal>
	<name>TipSelectWS1</name>
	<triggerType>HELPTIP_TRIGGER</triggerType>
	<timesGoneOff>2</timesGoneOff>
	<conditions>ConditionList: WhichScreen4,4 and (SecondPhaseCompleted(true) and_not (MoeLockLog(false) and CurlyLockLog(false)) and BreakinCompleted(true)) :end</conditions>
</trigger>
<trigger>
	<dtimeGame>20220410153509</dtimeGame>	<dtimeReal>20220827134520</dtimeReal>
	<name>TipLock</name>
	<triggerType>HELPTIP_TRIGGER</triggerType>
	<timesGoneOff>2</timesGoneOff>
	<conditions>ConditionList: SecondPhaseCompleted(true) and WhichScreen4,4 and_not (MoeLockLog(false) and CurlyLockLog(false)) and BreakinCompleted(true) :end</conditions>
</trigger>
<componentEvent>
	<dtimeGame>20220410153509</dtimeGame>	<dtimeReal>20220827134523</dtimeReal>
	<name>Moe_ws</name>
	<configSetting>
		<field>AutomaticLockLogout:</field>
		<value>true</value>
		<newProtection>-1</newProtection>
	</configSetting>
	<cost>150</cost><cash>1085</cash>
</componentEvent>
<trigger>
	<dtimeGame>20220410153509</dtimeGame>	<dtimeReal>20220827134530</dtimeReal>
	<name>TipSelectWS1</name>
	<triggerType>HELPTIP_TRIGGER</triggerType>
	<timesGoneOff>3</timesGoneOff>
	<conditions>ConditionList: WhichScreen4,4 and (SecondPhaseCompleted(true) and_not (MoeLockLog(true) and CurlyLockLog(false)) and BreakinCompleted(true)) :end</conditions>
</trigger>
<trigger>
	<dtimeGame>20220410153509</dtimeGame>	<dtimeReal>20220827134530</dtimeReal>
	<name>TipLock</name>
	<triggerType>HELPTIP_TRIGGER</triggerType>
	<timesGoneOff>3</timesGoneOff>
	<conditions>ConditionList: SecondPhaseCompleted(true) and WhichScreen4,4 and_not (MoeLockLog(true) and CurlyLockLog(false)) and BreakinCompleted(true) :end</conditions>
</trigger>
<trigger>
	<dtimeGame>20220410153509</dtimeGame>	<dtimeReal>20220827134540</dtimeReal>
	<name>TipSelectWS1</name>
	<triggerType>HELPTIP_TRIGGER</triggerType>
	<timesGoneOff>4</timesGoneOff>
	<conditions>ConditionList: WhichScreen4,4 and (SecondPhaseCompleted(true) and_not (MoeLockLog(true) and CurlyLockLog(false)) and BreakinCompleted(true)) :end</conditions>
</trigger>
<trigger>
	<dtimeGame>20220410153509</dtimeGame>	<dtimeReal>20220827134540</dtimeReal>
	<name>TipLock</name>
	<triggerType>HELPTIP_TRIGGER</triggerType>
	<timesGoneOff>4</timesGoneOff>
	<conditions>ConditionList: SecondPhaseCompleted(true) and WhichScreen4,4 and_not (MoeLockLog(true) and CurlyLockLog(false)) and BreakinCompleted(true) :end</conditions>
</trigger>
<componentEvent>
	<dtimeGame>20220410153509</dtimeGame>	<dtimeReal>20220827134550</dtimeReal>
	<name>Curly_ws</name>
	<configSetting>
		<field>AutomaticLockLogout:</field>
		<value>true</value>
		<newProtection>-1</newProtection>
	</configSetting>
	<cost>150</cost><cash>935</cash>
</componentEvent>
<uiEvent>
	<dtimeGame>20220410153509</dtimeGame>	<dtimeReal>20220827134601</dtimeReal>
	<tab>office</tab>
</uiEvent>
<triggerErase>
	<dtimeGame>20220410153601</dtimeGame>	<dtimeReal>20220827134601</dtimeReal>
	<name>LogoffTicker</name>
	<triggerType>TICKER_TRIGGER</triggerType>
	<timesGoneOff>2</timesGoneOff>
	<conditions>ConditionList: SecondPhaseCompleted(true) and BreakinCompleted(true) and_not (CurlyLockLog(true) and MoeLockLog(true)) :end</conditions>
</triggerErase>
<trigger>
	<dtimeGame>20220410154002</dtimeGame>	<dtimeReal>20220827134602</dtimeReal>
	<name>SetAutoLogoffComplete</name>
	<triggerType>SET_OBJECTIVE_STATUS</triggerType>
	<timesGoneOff>1</timesGoneOff>
	<conditions>ConditionList: SecondPhaseCompleted(true) and WhichScreen2,2 and CurlyLockLog(true) and MoeLockLog(true) :end</conditions>
</trigger>
<trigger>
	<dtimeGame>20220410163000</dtimeGame>	<dtimeReal>20220827134612</dtimeReal>
	<name>BadPolicies</name>
	<triggerType>ATTACK_TRIGGER</triggerType>
	<timesGoneOff>6</timesGoneOff>
	<conditions>ConditionList: FirstPhaseCompleted(true) :end</conditions>
</trigger>
<trigger>
	<dtimeGame>20220410163000</dtimeGame>	<dtimeReal>20220827134612</dtimeReal>
	<name>Malware</name>
	<triggerType>ATTACK_TRIGGER</triggerType>
	<timesGoneOff>6</timesGoneOff>
	<conditions>ConditionList: FirstPhaseCompleted(true) :end</conditions>
</trigger>
<trigger>
	<dtimeGame>20220410163502</dtimeGame>	<dtimeReal>20220827134613</dtimeReal>
	<name>BreakingHW</name>
	<triggerType>ATTACK_TRIGGER</triggerType>
	<timesGoneOff>2</timesGoneOff>
	<conditions>ConditionList: SecondPhaseCompleted(true) :end</conditions>
</trigger>
<trigger>
	<dtimeGame>20220410165501</dtimeGame>	<dtimeReal>20220827134617</dtimeReal>
	<name>Win</name>
	<triggerType>WIN_TRIGGER</triggerType>
	<timesGoneOff>1</timesGoneOff>
	<conditions>ConditionList: BreakinCompleted(true) and AutoLogoffCompleted(true) :end</conditions>
</trigger>
<gameEvent>
	<dtimeGame>20220410165501</dtimeGame>	<dtimeReal>20220827134617</dtimeReal>
	<end>win</end>
</gameEvent>
<uiEvent>
	<dtimeGame>20220410165501</dtimeGame>	<dtimeReal>20220827134621</dtimeReal>
	<tab>game</tab>
</uiEvent>
<gameEvent>
	<dtimeGame>20220410165501</dtimeGame>	<dtimeReal>20220827134629</dtimeReal>
	<saveFile>saved_Aug27_13_46.sdf</saveFile>
</gameEvent>
<uiEvent>
	<dtimeGame>20220410165501</dtimeGame>	<dtimeReal>20220827134643</dtimeReal>
	<tab>office</tab>
</uiEvent>
<gameEvent>
	<dtimeGame>20220410165501</dtimeGame>	<dtimeReal>20220827134648</dtimeReal>
	<end>quit</end>
</gameEvent>
<gameEvent>
	<dtimeGame>20220410165501</dtimeGame>	<dtimeReal>20220827134648</dtimeReal>
	<end>quit</end>
</gameEvent>
</CyberCIEGEeventLog>