<?xml version="1.0"?>
<!DOCTYPE CyberCIEGEeventLog SYSTEM "..\..\eventlog.dtd">
<CyberCIEGEeventLog>
<gameEvent>
	<dtimeGame>20220101060200</dtimeGame>	<dtimeReal>20220905154153</dtimeReal>
	<loadFile>..\Starting Scenarios\1_Introduction.sdf</loadFile>
</gameEvent>
<gameEvent>
	<dtimeGame>20220101060200</dtimeGame>	<dtimeReal>20220905154153</dtimeReal>
	<loadFile>Introduction.CSM 9/30/16 3 47 PM</loadFile>
</gameEvent>
<gameEvent>
	<dtimeGame>20220410083000</dtimeGame>	<dtimeReal>20220905154154</dtimeReal>
	<creates>
		<user>Curly</user>
	</creates>
</gameEvent>
<gameEvent>
	<dtimeGame>20220410083000</dtimeGame>	<dtimeReal>20220905154154</dtimeReal>
	<creates>
		<user>Moe</user>
	</creates>
</gameEvent>
<componentEvent>
	<dtimeGame>20220410083000</dtimeGame>	<dtimeReal>20220905154154</dtimeReal>
	<name>BitFlipper Firewall</name>
	<networkConnect>LAN 1</networkConnect>
	<cost>0</cost><cash>12000</cash>
</componentEvent>
<componentEvent>
	<dtimeGame>20220410083000</dtimeGame>	<dtimeReal>20220905154154</dtimeReal>
	<name>BitFlipper Firewall</name>
	<networkConnect>Internet</networkConnect>
	<cost>0</cost><cash>12000</cash>
</componentEvent>
<gameEvent>
	<dtimeGame>20220410083000</dtimeGame>	<dtimeReal>20220905154154</dtimeReal>
	<creates>
		<deviceName>BitFlipper Firewall</deviceName>
	</creates>
</gameEvent>
<componentEvent>
	<dtimeGame>20220410083000</dtimeGame>	<dtimeReal>20220905154154</dtimeReal>
	<name>BortSoft Server</name>
	<networkConnect>LAN 1</networkConnect>
	<cost>0</cost><cash>12000</cash>
</componentEvent>
<assetEvent>
	<dtimeGame>20220410083000</dtimeGame>	<dtimeReal>20220905154154</dtimeReal>
	<name>Moe's E-Mail</name>
	<moveType>Add : SCENARIO_FILE</moveType>
	<computerName>BortSoft Server</computerName>
</assetEvent>
<assetEvent>
	<dtimeGame>20220410083000</dtimeGame>	<dtimeReal>20220905154154</dtimeReal>
	<name>Curly's E-Mail</name>
	<moveType>Add : SCENARIO_FILE</moveType>
	<computerName>BortSoft Server</computerName>
</assetEvent>
<assetEvent>
	<dtimeGame>20220410083000</dtimeGame>	<dtimeReal>20220905154154</dtimeReal>
	<name>BortSoft Data</name>
	<moveType>Add : SCENARIO_FILE</moveType>
	<computerName>BortSoft Server</computerName>
</assetEvent>
<gameEvent>
	<dtimeGame>20220410083000</dtimeGame>	<dtimeReal>20220905154154</dtimeReal>
	<creates>
		<computerName>BortSoft Server</computerName>
	</creates>
</gameEvent>
<goalFailure>
	<dtimeGame>20220410083000</dtimeGame>	<dtimeReal>20220905154154</dtimeReal>
	<name>Modify BortSoft Data</name>
	<userList>Moe</userList>
	<reason>The Modify BortSoft Data goal failed for Moe because no workstation could access BortSoft Data.</reason>
	<cost>0</cost><cash>12000</cash>
</goalFailure>
<goalFailure>
	<dtimeGame>20220410083000</dtimeGame>	<dtimeReal>20220905154154</dtimeReal>
	<name>Read Moe's E-Mail</name>
	<userList>Moe</userList>
	<reason>The Modify BortSoft Data goal failed for me because no workstation could access BortSoft Data.</reason>
	<cost>0</cost><cash>12000</cash>
</goalFailure>
<goalFailure>
	<dtimeGame>20220410083000</dtimeGame>	<dtimeReal>20220905154154</dtimeReal>
	<name>Modify BortSoft Data</name>
	<userList>Curly</userList>
	<reason>The Modify BortSoft Data goal failed for Curly because no workstation could access BortSoft Data.</reason>
	<cost>0</cost><cash>12000</cash>
</goalFailure>
<goalFailure>
	<dtimeGame>20220410083000</dtimeGame>	<dtimeReal>20220905154154</dtimeReal>
	<name>Read Curly's E-Mail</name>
	<userList>Curly</userList>
	<reason>The Modify BortSoft Data goal failed for me because no workstation could access BortSoft Data.</reason>
	<cost>0</cost><cash>12000</cash>
</goalFailure>
<gameEvent>
	<dtimeGame>20220410083000</dtimeGame>	<dtimeReal>20220905154154</dtimeReal>
	<start></start>
</gameEvent>
<trigger>
	<dtimeGame>20220410083000</dtimeGame>	<dtimeReal>20220905154154</dtimeReal>
	<name>SetIncomplete1_1</name>
	<triggerType>SET_OBJECTIVE_STATUS</triggerType>
	<timesGoneOff>1</timesGoneOff>
	<conditions>ConditionList: not MoeHasComputer(false) or_not CurlyHasComputer(false) :end</conditions>
</trigger>
<trigger>
	<dtimeGame>20220410083000</dtimeGame>	<dtimeReal>20220905154154</dtimeReal>
	<name>SetIncomplete1_2</name>
	<triggerType>SET_OBJECTIVE_STATUS</triggerType>
	<timesGoneOff>1</timesGoneOff>
	<conditions>ConditionList: not (CompanyHas3PlusComputers(false) and CompanyHas3PlusCompsOnLAN1(false) and MoeHasComputer(false) and CurlyHasComputer(false)) :end</conditions>
</trigger>
<goalFailure>
	<dtimeGame>20220410083000</dtimeGame>	<dtimeReal>20220905154154</dtimeReal>
	<name>Modify BortSoft Data</name>
	<userList>Moe</userList>
	<reason>The Modify BortSoft Data goal failed for Moe because no workstation could access BortSoft Data.</reason>
	<cost>0</cost><cash>12000</cash>
</goalFailure>
<goalFailure>
	<dtimeGame>20220410083000</dtimeGame>	<dtimeReal>20220905154154</dtimeReal>
	<name>Read Moe's E-Mail</name>
	<userList>Moe</userList>
	<reason>The Modify BortSoft Data goal failed for me because no workstation could access BortSoft Data.</reason>
	<cost>0</cost><cash>12000</cash>
</goalFailure>
<goalFailure>
	<dtimeGame>20220410083000</dtimeGame>	<dtimeReal>20220905154154</dtimeReal>
	<name>Modify BortSoft Data</name>
	<userList>Curly</userList>
	<reason>The Modify BortSoft Data goal failed for Curly because no workstation could access BortSoft Data.</reason>
	<cost>0</cost><cash>12000</cash>
</goalFailure>
<goalFailure>
	<dtimeGame>20220410083000</dtimeGame>	<dtimeReal>20220905154154</dtimeReal>
	<name>Read Curly's E-Mail</name>
	<userList>Curly</userList>
	<reason>The Modify BortSoft Data goal failed for me because no workstation could access BortSoft Data.</reason>
	<cost>0</cost><cash>12000</cash>
</goalFailure>
<trigger>
	<dtimeGame>20220410083000</dtimeGame>	<dtimeReal>20220905154204</dtimeReal>
	<name>IntroTip4</name>
	<triggerType>HELPTIP_TRIGGER</triggerType>
	<timesGoneOff>1</timesGoneOff>
	<conditions>ConditionList: WhichScreen1,1 :end</conditions>
</trigger>
<trigger>
	<dtimeGame>20220410083000</dtimeGame>	<dtimeReal>20220905154239</dtimeReal>
	<name>IntroTip4</name>
	<triggerType>HELPTIP_TRIGGER</triggerType>
	<timesGoneOff>2</timesGoneOff>
	<conditions>ConditionList: WhichScreen1,1 :end</conditions>
</trigger>
<trigger>
	<dtimeGame>20220410083000</dtimeGame>	<dtimeReal>20220905154314</dtimeReal>
	<name>IntroTip4</name>
	<triggerType>HELPTIP_TRIGGER</triggerType>
	<timesGoneOff>3</timesGoneOff>
	<conditions>ConditionList: WhichScreen1,1 :end</conditions>
</trigger>
<trigger>
	<dtimeGame>20220410083000</dtimeGame>	<dtimeReal>20220905154349</dtimeReal>
	<name>IntroTip4</name>
	<triggerType>HELPTIP_TRIGGER</triggerType>
	<timesGoneOff>4</timesGoneOff>
	<conditions>ConditionList: WhichScreen1,1 :end</conditions>
</trigger>
<trigger>
	<dtimeGame>20220410083000</dtimeGame>	<dtimeReal>20220905154424</dtimeReal>
	<name>IntroTip4</name>
	<triggerType>HELPTIP_TRIGGER</triggerType>
	<timesGoneOff>5</timesGoneOff>
	<conditions>ConditionList: WhichScreen1,1 :end</conditions>
</trigger>
<trigger>
	<dtimeGame>20220410083000</dtimeGame>	<dtimeReal>20220905154459</dtimeReal>
	<name>IntroTip4</name>
	<triggerType>HELPTIP_TRIGGER</triggerType>
	<timesGoneOff>6</timesGoneOff>
	<conditions>ConditionList: WhichScreen1,1 :end</conditions>
</trigger>
<trigger>
	<dtimeGame>20220410083000</dtimeGame>	<dtimeReal>20220905154524</dtimeReal>
	<name>IntroTipObjective</name>
	<triggerType>HELPTIP_TRIGGER</triggerType>
	<timesGoneOff>1</timesGoneOff>
	<conditions>ConditionList: WhichScreen2,2 and_not ObjectiveViewed_intrinsic0,0 :end</conditions>
</trigger>
<uiEvent>
	<dtimeGame>20220410083000</dtimeGame>	<dtimeReal>20220905154528</dtimeReal>
	<tab>objective</tab>
</uiEvent>
<trigger>
	<dtimeGame>20220410083000</dtimeGame>	<dtimeReal>20220905154529</dtimeReal>
	<name>ObjectiveViewed</name>
	<triggerType>LOG_TRIGGER</triggerType>
	<timesGoneOff>1</timesGoneOff>
	<conditions>ConditionList: WhichScreen12,12 and_not ThirdPhaseCompleted(false) :end</conditions>
</trigger>
<gameEvent>
	<dtimeGame>20220410083000</dtimeGame>	<dtimeReal>20220905154529</dtimeReal>
	<logTrigger>  <name>ObjectiveViewed</name>
  <message>Objective viewed</message>
  <conditions>ConditionList: WhichScreen12,12 and_not ThirdPhaseCompleted(false) :end,</conditions>
</logTrigger>
</gameEvent>
<goalFailure>
	<dtimeGame>20220410083000</dtimeGame>	<dtimeReal>20220905154535</dtimeReal>
	<name>Modify BortSoft Data</name>
	<userList>Moe</userList>
	<reason>The Modify BortSoft Data goal failed for Moe because no workstation could access BortSoft Data.</reason>
	<cost>0</cost><cash>12000</cash>
</goalFailure>
<goalFailure>
	<dtimeGame>20220410083000</dtimeGame>	<dtimeReal>20220905154535</dtimeReal>
	<name>Read Moe's E-Mail</name>
	<userList>Moe</userList>
	<reason>The Modify BortSoft Data goal failed for me because no workstation could access BortSoft Data.</reason>
	<cost>0</cost><cash>12000</cash>
</goalFailure>
<goalFailure>
	<dtimeGame>20220410083000</dtimeGame>	<dtimeReal>20220905154535</dtimeReal>
	<name>Modify BortSoft Data</name>
	<userList>Curly</userList>
	<reason>The Modify BortSoft Data goal failed for Curly because no workstation could access BortSoft Data.</reason>
	<cost>0</cost><cash>12000</cash>
</goalFailure>
<goalFailure>
	<dtimeGame>20220410083000</dtimeGame>	<dtimeReal>20220905154535</dtimeReal>
	<name>Read Curly's E-Mail</name>
	<userList>Curly</userList>
	<reason>The Modify BortSoft Data goal failed for me because no workstation could access BortSoft Data.</reason>
	<cost>0</cost><cash>12000</cash>
</goalFailure>
<uiEvent>
	<dtimeGame>20220410083000</dtimeGame>	<dtimeReal>20220905154535</dtimeReal>
	<tab>office</tab>
</uiEvent>
<trigger>
	<dtimeGame>20220410083000</dtimeGame>	<dtimeReal>20220905154537</dtimeReal>
	<name>IntroTip1</name>
	<triggerType>HELPTIP_TRIGGER</triggerType>
	<timesGoneOff>1</timesGoneOff>
	<conditions>ConditionList: not CurlyHasComputer(false) and WhichScreen2,2 and_not FirstPhaseCompleted(false) and ObjectiveViewed_intrinsic0,1 :end</conditions>
</trigger>
<trigger>
	<dtimeGame>20220410083000</dtimeGame>	<dtimeReal>20220905154539</dtimeReal>
	<name>IntroTip3a</name>
	<triggerType>HELPTIP_TRIGGER</triggerType>
	<timesGoneOff>1</timesGoneOff>
	<conditions>ConditionList: not (MoeHasComputer(false) or CurlyHasComputer(false)) and WhichScreen9,9 :end</conditions>
</trigger>
<componentEvent>
	<dtimeGame>20220410083000</dtimeGame>	<dtimeReal>20220905154551</dtimeReal>
	<name>Bit Flipper Border_2</name>
	<buy>
		<catalogName>Bit Flipper Border</catalogName>
		<position>2</position>
	</buy>
	<cost>200</cost><cash>11800</cash>
</componentEvent>
<goalFailure>
	<dtimeGame>20220410083000</dtimeGame>	<dtimeReal>20220905154551</dtimeReal>
	<name>Modify BortSoft Data</name>
	<userList>Moe</userList>
	<reason>The Modify BortSoft Data goal failed for Moe because no workstation could access BortSoft Data.</reason>
	<cost>0</cost><cash>11800</cash>
</goalFailure>
<goalFailure>
	<dtimeGame>20220410083000</dtimeGame>	<dtimeReal>20220905154551</dtimeReal>
	<name>Read Moe's E-Mail</name>
	<userList>Moe</userList>
	<reason>The Modify BortSoft Data goal failed for me because no workstation could access BortSoft Data.</reason>
	<cost>0</cost><cash>11800</cash>
</goalFailure>
<goalFailure>
	<dtimeGame>20220410083000</dtimeGame>	<dtimeReal>20220905154551</dtimeReal>
	<name>Modify BortSoft Data</name>
	<userList>Curly</userList>
	<reason>The Modify BortSoft Data goal failed for Curly because no workstation could access BortSoft Data.</reason>
	<cost>0</cost><cash>11800</cash>
</goalFailure>
<goalFailure>
	<dtimeGame>20220410083000</dtimeGame>	<dtimeReal>20220905154551</dtimeReal>
	<name>Read Curly's E-Mail</name>
	<userList>Curly</userList>
	<reason>The Modify BortSoft Data goal failed for me because no workstation could access BortSoft Data.</reason>
	<cost>0</cost><cash>11800</cash>
</goalFailure>
<trigger>
	<dtimeGame>20220410083000</dtimeGame>	<dtimeReal>20220905154553</dtimeReal>
	<name>IntroTip1</name>
	<triggerType>HELPTIP_TRIGGER</triggerType>
	<timesGoneOff>2</timesGoneOff>
	<conditions>ConditionList: not CurlyHasComputer(false) and WhichScreen2,2 and_not FirstPhaseCompleted(false) and ObjectiveViewed_intrinsic0,1 :end</conditions>
</trigger>
<trigger>
	<dtimeGame>20220410083000</dtimeGame>	<dtimeReal>20220905154621</dtimeReal>
	<name>IntroTip1</name>
	<triggerType>HELPTIP_TRIGGER</triggerType>
	<timesGoneOff>3</timesGoneOff>
	<conditions>ConditionList: not CurlyHasComputer(false) and WhichScreen2,2 and_not FirstPhaseCompleted(false) and ObjectiveViewed_intrinsic0,1 :end</conditions>
</trigger>
<trigger>
	<dtimeGame>20220410083000</dtimeGame>	<dtimeReal>20220905154631</dtimeReal>
	<name>IntroTip1</name>
	<triggerType>HELPTIP_TRIGGER</triggerType>
	<timesGoneOff>4</timesGoneOff>
	<conditions>ConditionList: not CurlyHasComputer(false) and WhichScreen2,2 and_not FirstPhaseCompleted(false) and ObjectiveViewed_intrinsic0,1 :end</conditions>
</trigger>
<gameEvent>
	<dtimeGame>20220410083000</dtimeGame>	<dtimeReal>20220905154632</dtimeReal>
	<resume></resume>
</gameEvent>
<goalFailure>
	<dtimeGame>20220410083000</dtimeGame>	<dtimeReal>20220905154632</dtimeReal>
	<name>Modify BortSoft Data</name>
	<userList>Moe</userList>
	<reason>The Modify BortSoft Data goal failed for Moe because no workstation could access BortSoft Data.</reason>
	<cost>0</cost><cash>11800</cash>
</goalFailure>
<goalFailure>
	<dtimeGame>20220410083000</dtimeGame>	<dtimeReal>20220905154632</dtimeReal>
	<name>Read Moe's E-Mail</name>
	<userList>Moe</userList>
	<reason>The Modify BortSoft Data goal failed for me because no workstation could access BortSoft Data.</reason>
	<cost>0</cost><cash>11800</cash>
</goalFailure>
<goalFailure>
	<dtimeGame>20220410083000</dtimeGame>	<dtimeReal>20220905154632</dtimeReal>
	<name>Modify BortSoft Data</name>
	<userList>Curly</userList>
	<reason>The Modify BortSoft Data goal failed for Curly because no workstation could access BortSoft Data.</reason>
	<cost>0</cost><cash>11800</cash>
</goalFailure>
<goalFailure>
	<dtimeGame>20220410083000</dtimeGame>	<dtimeReal>20220905154632</dtimeReal>
	<name>Read Curly's E-Mail</name>
	<userList>Curly</userList>
	<reason>The Modify BortSoft Data goal failed for me because no workstation could access BortSoft Data.</reason>
	<cost>0</cost><cash>11800</cash>
</goalFailure>
<userEvent>
	<dtimeGame>20220410083043</dtimeGame>	<dtimeReal>20220905154632</dtimeReal>
	<newMode>
		<name>Moe</name>
		<animMode>2</animMode>
	</newMode>
	<cost>0</cost><cash>11800</cash>
</userEvent>
<summaryEvent>
	<dtimeGame>20220410083102</dtimeGame>	<dtimeReal>20220905154632</dtimeReal>
	<bonus>-0</bonus><cash>11800</cash>
</summaryEvent>
<userEvent>
	<dtimeGame>20220410083433</dtimeGame>	<dtimeReal>20220905154633</dtimeReal>
	<newMode>
		<name>Curly</name>
		<animMode>2</animMode>
	</newMode>
	<cost>0</cost><cash>11798</cash>
</userEvent>
<userEvent>
	<dtimeGame>20220410083740</dtimeGame>	<dtimeReal>20220905154633</dtimeReal>
	<newMode>
		<name>Moe</name>
		<animMode>5</animMode>
	</newMode>
	<cost>0</cost><cash>11797</cash>
</userEvent>
<userEvent>
	<dtimeGame>20220410083740</dtimeGame>	<dtimeReal>20220905154633</dtimeReal>
	<newMode>
		<name>Moe</name>
		<animMode>12</animMode>
	</newMode>
	<cost>0</cost><cash>11797</cash>
</userEvent>
<userEvent>
	<dtimeGame>20220410084130</dtimeGame>	<dtimeReal>20220905154634</dtimeReal>
	<newMode>
		<name>Curly</name>
		<animMode>5</animMode>
	</newMode>
	<cost>0</cost><cash>11796</cash>
</userEvent>
<userEvent>
	<dtimeGame>20220410084130</dtimeGame>	<dtimeReal>20220905154634</dtimeReal>
	<newMode>
		<name>Curly</name>
		<animMode>12</animMode>
	</newMode>
	<cost>0</cost><cash>11796</cash>
</userEvent>
<trigger>
	<dtimeGame>20220410091203</dtimeGame>	<dtimeReal>20220905154641</dtimeReal>
	<name>IntroTip1</name>
	<triggerType>HELPTIP_TRIGGER</triggerType>
	<timesGoneOff>5</timesGoneOff>
	<conditions>ConditionList: not CurlyHasComputer(false) and WhichScreen2,2 and_not FirstPhaseCompleted(false) and ObjectiveViewed_intrinsic0,1 :end</conditions>
</trigger>
<gameEvent>
	<dtimeGame>20220410091846</dtimeGame>	<dtimeReal>20220905154642</dtimeReal>
	<pause></pause>
</gameEvent>
<goalFailure>
	<dtimeGame>20220410091846</dtimeGame>	<dtimeReal>20220905154642</dtimeReal>
	<name>Modify BortSoft Data</name>
	<userList>Moe</userList>
	<reason>The Modify BortSoft Data goal failed for Moe because no workstation could access BortSoft Data.</reason>
	<cost>0</cost><cash>11781</cash>
</goalFailure>
<goalFailure>
	<dtimeGame>20220410091846</dtimeGame>	<dtimeReal>20220905154642</dtimeReal>
	<name>Read Moe's E-Mail</name>
	<userList>Moe</userList>
	<reason>The Modify BortSoft Data goal failed for me because no workstation could access BortSoft Data.</reason>
	<cost>0</cost><cash>11781</cash>
</goalFailure>
<goalFailure>
	<dtimeGame>20220410091846</dtimeGame>	<dtimeReal>20220905154642</dtimeReal>
	<name>Modify BortSoft Data</name>
	<userList>Curly</userList>
	<reason>The Modify BortSoft Data goal failed for Curly because no workstation could access BortSoft Data.</reason>
	<cost>0</cost><cash>11781</cash>
</goalFailure>
<goalFailure>
	<dtimeGame>20220410091846</dtimeGame>	<dtimeReal>20220905154642</dtimeReal>
	<name>Read Curly's E-Mail</name>
	<userList>Curly</userList>
	<reason>The Modify BortSoft Data goal failed for me because no workstation could access BortSoft Data.</reason>
	<cost>0</cost><cash>11781</cash>
</goalFailure>
<gameEvent>
	<dtimeGame>20220410091846</dtimeGame>	<dtimeReal>20220905154646</dtimeReal>
	<resume></resume>
</gameEvent>
<goalFailure>
	<dtimeGame>20220410091846</dtimeGame>	<dtimeReal>20220905154646</dtimeReal>
	<name>Modify BortSoft Data</name>
	<userList>Moe</userList>
	<reason>The Modify BortSoft Data goal failed for Moe because no workstation could access BortSoft Data.</reason>
	<cost>0</cost><cash>11781</cash>
</goalFailure>
<goalFailure>
	<dtimeGame>20220410091846</dtimeGame>	<dtimeReal>20220905154646</dtimeReal>
	<name>Read Moe's E-Mail</name>
	<userList>Moe</userList>
	<reason>The Modify BortSoft Data goal failed for me because no workstation could access BortSoft Data.</reason>
	<cost>0</cost><cash>11781</cash>
</goalFailure>
<goalFailure>
	<dtimeGame>20220410091846</dtimeGame>	<dtimeReal>20220905154646</dtimeReal>
	<name>Modify BortSoft Data</name>
	<userList>Curly</userList>
	<reason>The Modify BortSoft Data goal failed for Curly because no workstation could access BortSoft Data.</reason>
	<cost>0</cost><cash>11781</cash>
</goalFailure>
<goalFailure>
	<dtimeGame>20220410091846</dtimeGame>	<dtimeReal>20220905154646</dtimeReal>
	<name>Read Curly's E-Mail</name>
	<userList>Curly</userList>
	<reason>The Modify BortSoft Data goal failed for me because no workstation could access BortSoft Data.</reason>
	<cost>0</cost><cash>11781</cash>
</goalFailure>
<trigger>
	<dtimeGame>20220410094202</dtimeGame>	<dtimeReal>20220905154651</dtimeReal>
	<name>IntroTip1</name>
	<triggerType>HELPTIP_TRIGGER</triggerType>
	<timesGoneOff>6</timesGoneOff>
	<conditions>ConditionList: not CurlyHasComputer(false) and WhichScreen2,2 and_not FirstPhaseCompleted(false) and ObjectiveViewed_intrinsic0,1 :end</conditions>
</trigger>
<trigger>
	<dtimeGame>20220410100103</dtimeGame>	<dtimeReal>20220905154701</dtimeReal>
	<name>IntroTip1</name>
	<triggerType>HELPTIP_TRIGGER</triggerType>
	<timesGoneOff>7</timesGoneOff>
	<conditions>ConditionList: not CurlyHasComputer(false) and WhichScreen2,2 and_not FirstPhaseCompleted(false) and ObjectiveViewed_intrinsic0,1 :end</conditions>
</trigger>
<userEvent>
	<dtimeGame>20220410101703</dtimeGame>	<dtimeReal>20220905154704</dtimeReal>
	<newMode>
		<name>Curly</name>
		<animMode>4</animMode>
	</newMode>
	<cost>0</cost><cash>11757</cash>
</userEvent>
<goalFailure>
	<dtimeGame>20220410104433</dtimeGame>	<dtimeReal>20220905154710</dtimeReal>
	<name>Modify BortSoft Data</name>
	<userList>Curly,Moe</userList>
	<reason></reason>
	<cost>0</cost><cash>11746</cash>
</goalFailure>
<goalFailure>
	<dtimeGame>20220410104433</dtimeGame>	<dtimeReal>20220905154710</dtimeReal>
	<name>Read Moe's E-Mail</name>
	<userList>Moe</userList>
	<reason></reason>
	<cost>0</cost><cash>11746</cash>
</goalFailure>
<goalFailure>
	<dtimeGame>20220410104433</dtimeGame>	<dtimeReal>20220905154710</dtimeReal>
	<name>Read Curly's E-Mail</name>
	<userList>Curly</userList>
	<reason></reason>
	<cost>0</cost><cash>11746</cash>
</goalFailure>
<trigger>
	<dtimeGame>20220410104902</dtimeGame>	<dtimeReal>20220905154711</dtimeReal>
	<name>IntroTip1</name>
	<triggerType>HELPTIP_TRIGGER</triggerType>
	<timesGoneOff>8</timesGoneOff>
	<conditions>ConditionList: not CurlyHasComputer(false) and WhichScreen2,2 and_not FirstPhaseCompleted(false) and ObjectiveViewed_intrinsic0,1 :end</conditions>
</trigger>
<gameEvent>
	<dtimeGame>20220410105219</dtimeGame>	<dtimeReal>20220905154711</dtimeReal>
	<pause></pause>
</gameEvent>
<goalFailure>
	<dtimeGame>20220410105219</dtimeGame>	<dtimeReal>20220905154711</dtimeReal>
	<name>Modify BortSoft Data</name>
	<userList>Moe</userList>
	<reason>The Modify BortSoft Data goal failed for Moe because no workstation could access BortSoft Data.</reason>
	<cost>0</cost><cash>11742</cash>
</goalFailure>
<goalFailure>
	<dtimeGame>20220410105219</dtimeGame>	<dtimeReal>20220905154711</dtimeReal>
	<name>Read Moe's E-Mail</name>
	<userList>Moe</userList>
	<reason>The Modify BortSoft Data goal failed for me because no workstation could access BortSoft Data.</reason>
	<cost>0</cost><cash>11742</cash>
</goalFailure>
<goalFailure>
	<dtimeGame>20220410105219</dtimeGame>	<dtimeReal>20220905154711</dtimeReal>
	<name>Modify BortSoft Data</name>
	<userList>Curly</userList>
	<reason>The Modify BortSoft Data goal failed for Curly because no workstation could access BortSoft Data.</reason>
	<cost>0</cost><cash>11742</cash>
</goalFailure>
<goalFailure>
	<dtimeGame>20220410105219</dtimeGame>	<dtimeReal>20220905154711</dtimeReal>
	<name>Read Curly's E-Mail</name>
	<userList>Curly</userList>
	<reason>The Modify BortSoft Data goal failed for me because no workstation could access BortSoft Data.</reason>
	<cost>0</cost><cash>11742</cash>
</goalFailure>
<componentEvent>
	<dtimeGame>20220410105219</dtimeGame>	<dtimeReal>20220905154720</dtimeReal>
	<name>Curly_ws</name>
	<accountAdd>
		<user>Curly</user>
	</accountAdd>
	<cost>0</cost><cash>11742</cash>
</componentEvent>
<componentEvent>
	<dtimeGame>20220410105219</dtimeGame>	<dtimeReal>20220905154720</dtimeReal>
	<name>Curly_ws</name>
	<buy>
		<catalogName>Targo Worksaver</catalogName>
		<position>2</position>
	</buy>
	<cost>1200</cost><cash>10542</cash>
</componentEvent>
<goalFailure>
	<dtimeGame>20220410105219</dtimeGame>	<dtimeReal>20220905154720</dtimeReal>
	<name>Modify BortSoft Data</name>
	<userList>Moe</userList>
	<reason>The Modify BortSoft Data goal failed for Moe because no workstation could access BortSoft Data.</reason>
	<cost>0</cost><cash>10542</cash>
</goalFailure>
<goalFailure>
	<dtimeGame>20220410105219</dtimeGame>	<dtimeReal>20220905154720</dtimeReal>
	<name>Read Moe's E-Mail</name>
	<userList>Moe</userList>
	<reason>The Modify BortSoft Data goal failed for me because no workstation could access BortSoft Data.</reason>
	<cost>0</cost><cash>10542</cash>
</goalFailure>
<goalFailure>
	<dtimeGame>20220410105219</dtimeGame>	<dtimeReal>20220905154720</dtimeReal>
	<name>Modify BortSoft Data</name>
	<userList>Curly</userList>
	<reason>I failed Modify BortSoft Data.  </reason>
	<cost>0</cost><cash>10542</cash>
</goalFailure>
<goalFailure>
	<dtimeGame>20220410105219</dtimeGame>	<dtimeReal>20220905154720</dtimeReal>
	<name>Read Curly's E-Mail</name>
	<userList>Curly</userList>
	<reason>I failed Modify BortSoft Data.  </reason>
	<cost>0</cost><cash>10542</cash>
</goalFailure>
<componentEvent>
	<dtimeGame>20220410105219</dtimeGame>	<dtimeReal>20220905154720</dtimeReal>
	<name>Bit Flipper Border_2</name>
	<move>
		<position>2</position>
		<newName>Bit Flipper Border_2</newName>
	</move>
	<cost>0</cost><cash>10542</cash>
</componentEvent>
<goalFailure>
	<dtimeGame>20220410105219</dtimeGame>	<dtimeReal>20220905154720</dtimeReal>
	<name>Modify BortSoft Data</name>
	<userList>Moe</userList>
	<reason>The Modify BortSoft Data goal failed for Moe because no workstation could access BortSoft Data.</reason>
	<cost>0</cost><cash>10542</cash>
</goalFailure>
<goalFailure>
	<dtimeGame>20220410105219</dtimeGame>	<dtimeReal>20220905154720</dtimeReal>
	<name>Read Moe's E-Mail</name>
	<userList>Moe</userList>
	<reason>The Modify BortSoft Data goal failed for me because no workstation could access BortSoft Data.</reason>
	<cost>0</cost><cash>10542</cash>
</goalFailure>
<goalFailure>
	<dtimeGame>20220410105219</dtimeGame>	<dtimeReal>20220905154720</dtimeReal>
	<name>Modify BortSoft Data</name>
	<userList>Curly</userList>
	<reason>I failed Modify BortSoft Data.  </reason>
	<cost>0</cost><cash>10542</cash>
</goalFailure>
<goalFailure>
	<dtimeGame>20220410105219</dtimeGame>	<dtimeReal>20220905154720</dtimeReal>
	<name>Read Curly's E-Mail</name>
	<userList>Curly</userList>
	<reason>I failed Modify BortSoft Data.  </reason>
	<cost>0</cost><cash>10542</cash>
</goalFailure>
<trigger>
	<dtimeGame>20220410105219</dtimeGame>	<dtimeReal>20220905154721</dtimeReal>
	<name>IntroTip2</name>
	<triggerType>HELPTIP_TRIGGER</triggerType>
	<timesGoneOff>1</timesGoneOff>
	<conditions>ConditionList: not MoeHasComputer(false) and CurlyHasComputer(true) and (WhichScreen2,2 or WhichScreen12,2) and_not FirstPhaseCompleted(false) :end</conditions>
</trigger>
<gameEvent>
	<dtimeGame>20220410105219</dtimeGame>	<dtimeReal>20220905154727</dtimeReal>
	<resume></resume>
</gameEvent>
<goalFailure>
	<dtimeGame>20220410105219</dtimeGame>	<dtimeReal>20220905154727</dtimeReal>
	<name>Modify BortSoft Data</name>
	<userList>Moe</userList>
	<reason>The Modify BortSoft Data goal failed for Moe because no workstation could access BortSoft Data.</reason>
	<cost>0</cost><cash>10542</cash>
</goalFailure>
<goalFailure>
	<dtimeGame>20220410105219</dtimeGame>	<dtimeReal>20220905154727</dtimeReal>
	<name>Read Moe's E-Mail</name>
	<userList>Moe</userList>
	<reason>The Modify BortSoft Data goal failed for me because no workstation could access BortSoft Data.</reason>
	<cost>0</cost><cash>10542</cash>
</goalFailure>
<goalFailure>
	<dtimeGame>20220410105219</dtimeGame>	<dtimeReal>20220905154727</dtimeReal>
	<name>Modify BortSoft Data</name>
	<userList>Curly</userList>
	<reason>I failed Modify BortSoft Data.  </reason>
	<cost>0</cost><cash>10542</cash>
</goalFailure>
<goalFailure>
	<dtimeGame>20220410105219</dtimeGame>	<dtimeReal>20220905154727</dtimeReal>
	<name>Read Curly's E-Mail</name>
	<userList>Curly</userList>
	<reason>I failed Modify BortSoft Data.  </reason>
	<cost>0</cost><cash>10542</cash>
</goalFailure>
<userEvent>
	<dtimeGame>20220410105623</dtimeGame>	<dtimeReal>20220905154728</dtimeReal>
	<newMode>
		<name>Moe</name>
		<animMode>4</animMode>
	</newMode>
	<cost>0</cost><cash>10541</cash>
</userEvent>
<trigger>
	<dtimeGame>20220410111003</dtimeGame>	<dtimeReal>20220905154731</dtimeReal>
	<name>IntroTip2</name>
	<triggerType>HELPTIP_TRIGGER</triggerType>
	<timesGoneOff>2</timesGoneOff>
	<conditions>ConditionList: not MoeHasComputer(false) and CurlyHasComputer(true) and (WhichScreen2,2 or WhichScreen12,2) and_not FirstPhaseCompleted(false) :end</conditions>
</trigger>
<userEvent>
	<dtimeGame>20220410112506</dtimeGame>	<dtimeReal>20220905154734</dtimeReal>
	<newMode>
		<name>Moe</name>
		<animMode>5</animMode>
	</newMode>
	<cost>0</cost><cash>10529</cash>
</userEvent>
<userEvent>
	<dtimeGame>20220410112506</dtimeGame>	<dtimeReal>20220905154734</dtimeReal>
	<newMode>
		<name>Moe</name>
		<animMode>12</animMode>
	</newMode>
	<cost>0</cost><cash>10529</cash>
</userEvent>
<gameEvent>
	<dtimeGame>20220410113217</dtimeGame>	<dtimeReal>20220905154735</dtimeReal>
	<pause></pause>
</gameEvent>
<goalFailure>
	<dtimeGame>20220410113217</dtimeGame>	<dtimeReal>20220905154735</dtimeReal>
	<name>Modify BortSoft Data</name>
	<userList>Moe</userList>
	<reason>The Modify BortSoft Data goal failed for Moe because no workstation could access BortSoft Data.</reason>
	<cost>0</cost><cash>10526</cash>
</goalFailure>
<goalFailure>
	<dtimeGame>20220410113217</dtimeGame>	<dtimeReal>20220905154735</dtimeReal>
	<name>Read Moe's E-Mail</name>
	<userList>Moe</userList>
	<reason>The Modify BortSoft Data goal failed for me because no workstation could access BortSoft Data.</reason>
	<cost>0</cost><cash>10526</cash>
</goalFailure>
<goalFailure>
	<dtimeGame>20220410113217</dtimeGame>	<dtimeReal>20220905154735</dtimeReal>
	<name>Modify BortSoft Data</name>
	<userList>Curly</userList>
	<reason>I failed Modify BortSoft Data.  </reason>
	<cost>0</cost><cash>10526</cash>
</goalFailure>
<goalFailure>
	<dtimeGame>20220410113217</dtimeGame>	<dtimeReal>20220905154735</dtimeReal>
	<name>Read Curly's E-Mail</name>
	<userList>Curly</userList>
	<reason>I failed Modify BortSoft Data.  </reason>
	<cost>0</cost><cash>10526</cash>
</goalFailure>
<componentEvent>
	<dtimeGame>20220410113217</dtimeGame>	<dtimeReal>20220905154740</dtimeReal>
	<name>Moe_ws</name>
	<accountAdd>
		<user>Moe</user>
	</accountAdd>
	<cost>0</cost><cash>10526</cash>
</componentEvent>
<componentEvent>
	<dtimeGame>20220410113217</dtimeGame>	<dtimeReal>20220905154740</dtimeReal>
	<name>Moe_ws</name>
	<buy>
		<catalogName>Targo Worksaver</catalogName>
		<position>3</position>
	</buy>
	<cost>1200</cost><cash>9326</cash>
</componentEvent>
<goalFailure>
	<dtimeGame>20220410113217</dtimeGame>	<dtimeReal>20220905154740</dtimeReal>
	<name>Modify BortSoft Data</name>
	<userList>Moe</userList>
	<reason>I failed Modify BortSoft Data.  </reason>
	<cost>0</cost><cash>9326</cash>
</goalFailure>
<goalFailure>
	<dtimeGame>20220410113217</dtimeGame>	<dtimeReal>20220905154740</dtimeReal>
	<name>Read Moe's E-Mail</name>
	<userList>Moe</userList>
	<reason>I failed Modify BortSoft Data.  </reason>
	<cost>0</cost><cash>9326</cash>
</goalFailure>
<goalFailure>
	<dtimeGame>20220410113217</dtimeGame>	<dtimeReal>20220905154740</dtimeReal>
	<name>Modify BortSoft Data</name>
	<userList>Curly</userList>
	<reason>I failed Modify BortSoft Data.  </reason>
	<cost>0</cost><cash>9326</cash>
</goalFailure>
<goalFailure>
	<dtimeGame>20220410113217</dtimeGame>	<dtimeReal>20220905154740</dtimeReal>
	<name>Read Curly's E-Mail</name>
	<userList>Curly</userList>
	<reason>I failed Modify BortSoft Data.  </reason>
	<cost>0</cost><cash>9326</cash>
</goalFailure>
<trigger>
	<dtimeGame>20220410113217</dtimeGame>	<dtimeReal>20220905154741</dtimeReal>
	<name>SetComplete1_1</name>
	<triggerType>SET_OBJECTIVE_STATUS</triggerType>
	<timesGoneOff>1</timesGoneOff>
	<conditions>ConditionList: MoeHasComputer(true) and CurlyHasComputer(true) :end</conditions>
</trigger>
<gameEvent>
	<dtimeGame>20220410113217</dtimeGame>	<dtimeReal>20220905154742</dtimeReal>
	<resume></resume>
</gameEvent>
<goalFailure>
	<dtimeGame>20220410113217</dtimeGame>	<dtimeReal>20220905154742</dtimeReal>
	<name>Modify BortSoft Data</name>
	<userList>Moe</userList>
	<reason>I failed Modify BortSoft Data.  </reason>
	<cost>0</cost><cash>9326</cash>
</goalFailure>
<goalFailure>
	<dtimeGame>20220410113217</dtimeGame>	<dtimeReal>20220905154742</dtimeReal>
	<name>Read Moe's E-Mail</name>
	<userList>Moe</userList>
	<reason>I failed Modify BortSoft Data.  </reason>
	<cost>0</cost><cash>9326</cash>
</goalFailure>
<goalFailure>
	<dtimeGame>20220410113217</dtimeGame>	<dtimeReal>20220905154742</dtimeReal>
	<name>Modify BortSoft Data</name>
	<userList>Curly</userList>
	<reason>I failed Modify BortSoft Data.  </reason>
	<cost>0</cost><cash>9326</cash>
</goalFailure>
<goalFailure>
	<dtimeGame>20220410113217</dtimeGame>	<dtimeReal>20220905154742</dtimeReal>
	<name>Read Curly's E-Mail</name>
	<userList>Curly</userList>
	<reason>I failed Modify BortSoft Data.  </reason>
	<cost>0</cost><cash>9326</cash>
</goalFailure>
<goalFailure>
	<dtimeGame>20220410113217</dtimeGame>	<dtimeReal>20220905154742</dtimeReal>
	<name>Modify BortSoft Data</name>
	<userList>Moe</userList>
	<reason>I failed Modify BortSoft Data.  </reason>
	<cost>0</cost><cash>9326</cash>
</goalFailure>
<goalFailure>
	<dtimeGame>20220410113217</dtimeGame>	<dtimeReal>20220905154742</dtimeReal>
	<name>Read Moe's E-Mail</name>
	<userList>Moe</userList>
	<reason>I failed Modify BortSoft Data.  </reason>
	<cost>0</cost><cash>9326</cash>
</goalFailure>
<goalFailure>
	<dtimeGame>20220410113217</dtimeGame>	<dtimeReal>20220905154742</dtimeReal>
	<name>Modify BortSoft Data</name>
	<userList>Curly</userList>
	<reason>I failed Modify BortSoft Data.  </reason>
	<cost>0</cost><cash>9326</cash>
</goalFailure>
<goalFailure>
	<dtimeGame>20220410113217</dtimeGame>	<dtimeReal>20220905154742</dtimeReal>
	<name>Read Curly's E-Mail</name>
	<userList>Curly</userList>
	<reason>I failed Modify BortSoft Data.  </reason>
	<cost>0</cost><cash>9326</cash>
</goalFailure>
<trigger>
	<dtimeGame>20220410113300</dtimeGame>	<dtimeReal>20220905154743</dtimeReal>
	<name>IntroTip5</name>
	<triggerType>HELPTIP_TRIGGER</triggerType>
	<timesGoneOff>1</timesGoneOff>
	<conditions>ConditionList: (MoeHasComputer(true) and CurlyHasComputer(true)) and (HowManyNetworked11,1 or HowManyNetworked12,1) and_not WhichScreen3,2 :end</conditions>
</trigger>
<gameEvent>
	<dtimeGame>20220410114802</dtimeGame>	<dtimeReal>20220905154746</dtimeReal>
	<pause></pause>
</gameEvent>
<goalFailure>
	<dtimeGame>20220410114802</dtimeGame>	<dtimeReal>20220905154746</dtimeReal>
	<name>Modify BortSoft Data</name>
	<userList>Moe</userList>
	<reason>I failed Modify BortSoft Data.  </reason>
	<cost>0</cost><cash>9320</cash>
</goalFailure>
<goalFailure>
	<dtimeGame>20220410114802</dtimeGame>	<dtimeReal>20220905154746</dtimeReal>
	<name>Read Moe's E-Mail</name>
	<userList>Moe</userList>
	<reason>I failed Modify BortSoft Data.  </reason>
	<cost>0</cost><cash>9320</cash>
</goalFailure>
<goalFailure>
	<dtimeGame>20220410114802</dtimeGame>	<dtimeReal>20220905154746</dtimeReal>
	<name>Modify BortSoft Data</name>
	<userList>Curly</userList>
	<reason>I failed Modify BortSoft Data.  </reason>
	<cost>0</cost><cash>9320</cash>
</goalFailure>
<goalFailure>
	<dtimeGame>20220410114802</dtimeGame>	<dtimeReal>20220905154746</dtimeReal>
	<name>Read Curly's E-Mail</name>
	<userList>Curly</userList>
	<reason>I failed Modify BortSoft Data.  </reason>
	<cost>0</cost><cash>9320</cash>
</goalFailure>
<uiEvent>
	<dtimeGame>20220410114802</dtimeGame>	<dtimeReal>20220905154747</dtimeReal>
	<tab>network</tab>
</uiEvent>
<trigger>
	<dtimeGame>20220410114802</dtimeGame>	<dtimeReal>20220905154748</dtimeReal>
	<name>IntroTip5a</name>
	<triggerType>HELPTIP_TRIGGER</triggerType>
	<timesGoneOff>1</timesGoneOff>
	<conditions>ConditionList: (MoeHasComputer(true) and CurlyHasComputer(true)) and (HowManyNetworked11,1 or HowManyNetworked12,1) and WhichScreen3,3 :end</conditions>
</trigger>
<trigger>
	<dtimeGame>20220410114802</dtimeGame>	<dtimeReal>20220905154750</dtimeReal>
	<name>IntroTip5b</name>
	<triggerType>HELPTIP_TRIGGER</triggerType>
	<timesGoneOff>1</timesGoneOff>
	<conditions>ConditionList: (MoeHasComputer(true) and CurlyHasComputer(true)) and (HowManyNetworked11,1 or HowManyNetworked12,1) and WhichScreen3,3 :end</conditions>
</trigger>
<componentEvent>
	<dtimeGame>20220410114802</dtimeGame>	<dtimeReal>20220905154752</dtimeReal>
	<name>Curly_ws</name>
	<networkConnect>LAN 2</networkConnect>
	<cost>0</cost><cash>9320</cash>
</componentEvent>
<trigger>
	<dtimeGame>20220410114802</dtimeGame>	<dtimeReal>20220905154758</dtimeReal>
	<name>IntroTip5a</name>
	<triggerType>HELPTIP_TRIGGER</triggerType>
	<timesGoneOff>2</timesGoneOff>
	<conditions>ConditionList: (MoeHasComputer(true) and CurlyHasComputer(true)) and (HowManyNetworked11,1 or HowManyNetworked12,1) and WhichScreen3,3 :end</conditions>
</trigger>
<trigger>
	<dtimeGame>20220410114802</dtimeGame>	<dtimeReal>20220905154800</dtimeReal>
	<name>IntroTip5b</name>
	<triggerType>HELPTIP_TRIGGER</triggerType>
	<timesGoneOff>2</timesGoneOff>
	<conditions>ConditionList: (MoeHasComputer(true) and CurlyHasComputer(true)) and (HowManyNetworked11,1 or HowManyNetworked12,1) and WhichScreen3,3 :end</conditions>
</trigger>
<componentEvent>
	<dtimeGame>20220410114802</dtimeGame>	<dtimeReal>20220905154806</dtimeReal>
	<name>Moe_ws</name>
	<networkConnect>LAN 1</networkConnect>
	<cost>0</cost><cash>9320</cash>
</componentEvent>
<trigger>
	<dtimeGame>20220410114802</dtimeGame>	<dtimeReal>20220905154808</dtimeReal>
	<name>IntroTip5a</name>
	<triggerType>HELPTIP_TRIGGER</triggerType>
	<timesGoneOff>3</timesGoneOff>
	<conditions>ConditionList: (MoeHasComputer(true) and CurlyHasComputer(true)) and (HowManyNetworked11,2 or HowManyNetworked12,2) and WhichScreen3,3 :end</conditions>
</trigger>
<goalFailure>
	<dtimeGame>20220410114802</dtimeGame>	<dtimeReal>20220905154808</dtimeReal>
	<name>Modify BortSoft Data</name>
	<userList>Curly</userList>
	<reason>I failed Modify BortSoft Data.  </reason>
	<cost>0</cost><cash>9320</cash>
</goalFailure>
<goalFailure>
	<dtimeGame>20220410114802</dtimeGame>	<dtimeReal>20220905154808</dtimeReal>
	<name>Read Curly's E-Mail</name>
	<userList>Curly</userList>
	<reason>I failed Modify BortSoft Data.  </reason>
	<cost>0</cost><cash>9320</cash>
</goalFailure>
<uiEvent>
	<dtimeGame>20220410114802</dtimeGame>	<dtimeReal>20220905154808</dtimeReal>
	<tab>office</tab>
</uiEvent>
<gameEvent>
	<dtimeGame>20220410114802</dtimeGame>	<dtimeReal>20220905154810</dtimeReal>
	<resume></resume>
</gameEvent>
<goalFailure>
	<dtimeGame>20220410114802</dtimeGame>	<dtimeReal>20220905154810</dtimeReal>
	<name>Modify BortSoft Data</name>
	<userList>Curly</userList>
	<reason>I failed Modify BortSoft Data.  </reason>
	<cost>0</cost><cash>9320</cash>
</goalFailure>
<goalFailure>
	<dtimeGame>20220410114802</dtimeGame>	<dtimeReal>20220905154810</dtimeReal>
	<name>Read Curly's E-Mail</name>
	<userList>Curly</userList>
	<reason>I failed Modify BortSoft Data.  </reason>
	<cost>0</cost><cash>9320</cash>
</goalFailure>
<userEvent>
	<dtimeGame>20220410114904</dtimeGame>	<dtimeReal>20220905154810</dtimeReal>
	<newMode>
		<name>Moe</name>
		<animMode>5</animMode>
	</newMode>
	<cost>0</cost><cash>9319</cash>
</userEvent>
<userEvent>
	<dtimeGame>20220410114904</dtimeGame>	<dtimeReal>20220905154810</dtimeReal>
	<newMode>
		<name>Moe</name>
		<animMode>12</animMode>
	</newMode>
	<cost>0</cost><cash>9319</cash>
</userEvent>
<trigger>
	<dtimeGame>20220410115304</dtimeGame>	<dtimeReal>20220905154811</dtimeReal>
	<name>IntroTip5</name>
	<triggerType>HELPTIP_TRIGGER</triggerType>
	<timesGoneOff>2</timesGoneOff>
	<conditions>ConditionList: (MoeHasComputer(true) and CurlyHasComputer(true)) and (HowManyNetworked11,2 or HowManyNetworked12,2) and_not WhichScreen3,2 :end</conditions>
</trigger>
<trigger>
	<dtimeGame>20220410124103</dtimeGame>	<dtimeReal>20220905154821</dtimeReal>
	<name>IntroTip5</name>
	<triggerType>HELPTIP_TRIGGER</triggerType>
	<timesGoneOff>3</timesGoneOff>
	<conditions>ConditionList: (MoeHasComputer(true) and CurlyHasComputer(true)) and (HowManyNetworked11,2 or HowManyNetworked12,2) and_not WhichScreen3,2 :end</conditions>
</trigger>
<userEvent>
	<dtimeGame>20220410131901</dtimeGame>	<dtimeReal>20220905154828</dtimeReal>
	<newMode>
		<name>Curly</name>
		<animMode>5</animMode>
	</newMode>
	<cost>0</cost><cash>9283</cash>
</userEvent>
<userEvent>
	<dtimeGame>20220410131901</dtimeGame>	<dtimeReal>20220905154828</dtimeReal>
	<newMode>
		<name>Curly</name>
		<animMode>12</animMode>
	</newMode>
	<cost>0</cost><cash>9283</cash>
</userEvent>
<trigger>
	<dtimeGame>20220410132901</dtimeGame>	<dtimeReal>20220905154831</dtimeReal>
	<name>IntroTip5</name>
	<triggerType>HELPTIP_TRIGGER</triggerType>
	<timesGoneOff>4</timesGoneOff>
	<conditions>ConditionList: (MoeHasComputer(true) and CurlyHasComputer(true)) and (HowManyNetworked11,2 or HowManyNetworked12,2) and_not WhichScreen3,2 :end</conditions>
</trigger>
<gameEvent>
	<dtimeGame>20220410133622</dtimeGame>	<dtimeReal>20220905154832</dtimeReal>
	<pause></pause>
</gameEvent>
<goalFailure>
	<dtimeGame>20220410133622</dtimeGame>	<dtimeReal>20220905154832</dtimeReal>
	<name>Modify BortSoft Data</name>
	<userList>Curly</userList>
	<reason>I failed Modify BortSoft Data.  </reason>
	<cost>0</cost><cash>9276</cash>
</goalFailure>
<goalFailure>
	<dtimeGame>20220410133622</dtimeGame>	<dtimeReal>20220905154832</dtimeReal>
	<name>Read Curly's E-Mail</name>
	<userList>Curly</userList>
	<reason>I failed Modify BortSoft Data.  </reason>
	<cost>0</cost><cash>9276</cash>
</goalFailure>
<uiEvent>
	<dtimeGame>20220410133622</dtimeGame>	<dtimeReal>20220905154833</dtimeReal>
	<tab>network</tab>
</uiEvent>
<trigger>
	<dtimeGame>20220410133622</dtimeGame>	<dtimeReal>20220905154835</dtimeReal>
	<name>IntroTip5a</name>
	<triggerType>HELPTIP_TRIGGER</triggerType>
	<timesGoneOff>4</timesGoneOff>
	<conditions>ConditionList: (MoeHasComputer(true) and CurlyHasComputer(true)) and (HowManyNetworked11,2 or HowManyNetworked12,2) and WhichScreen3,3 :end</conditions>
</trigger>
<trigger>
	<dtimeGame>20220410133622</dtimeGame>	<dtimeReal>20220905154837</dtimeReal>
	<name>IntroTip5b</name>
	<triggerType>HELPTIP_TRIGGER</triggerType>
	<timesGoneOff>3</timesGoneOff>
	<conditions>ConditionList: (MoeHasComputer(true) and CurlyHasComputer(true)) and (HowManyNetworked11,2 or HowManyNetworked12,2) and WhichScreen3,3 :end</conditions>
</trigger>
<componentEvent>
	<dtimeGame>20220410133622</dtimeGame>	<dtimeReal>20220905154839</dtimeReal>
	<name>Curly_ws</name>
	<networkConnect>LAN 1</networkConnect>
	<cost>0</cost><cash>9276</cash>
</componentEvent>
<trigger>
	<dtimeGame>20220410133622</dtimeGame>	<dtimeReal>20220905154840</dtimeReal>
	<name>SetComplete1_2</name>
	<triggerType>SET_OBJECTIVE_STATUS</triggerType>
	<timesGoneOff>1</timesGoneOff>
	<conditions>ConditionList: CompanyHas3PlusComputers(true) and CompanyHas3PlusCompsOnLAN1(true) and MoeHasComputer(true) and CurlyHasComputer(true) :end</conditions>
</trigger>
<trigger>
	<dtimeGame>20220410133622</dtimeGame>	<dtimeReal>20220905154840</dtimeReal>
	<name>SetIncomplete1_4</name>
	<triggerType>SET_OBJECTIVE_STATUS</triggerType>
	<timesGoneOff>1</timesGoneOff>
	<conditions>ConditionList: (CompanyHas3PlusComputers(true) and CompanyHas3PlusCompsOnLAN1(true) and MoeHasComputer(true) and CurlyHasComputer(true)) and_not HasSomeIT(false) :end</conditions>
</trigger>
<trigger>
	<dtimeGame>20220410133622</dtimeGame>	<dtimeReal>20220905154843</dtimeReal>
	<name>IntroTip5c</name>
	<triggerType>HELPTIP_TRIGGER</triggerType>
	<timesGoneOff>1</timesGoneOff>
	<conditions>ConditionList: (MoeHasComputer(true) and CurlyHasComputer(true)) and HowManyNetworked13,3 and WhichScreen3,3 :end</conditions>
</trigger>
<componentEvent>
	<dtimeGame>20220410133622</dtimeGame>	<dtimeReal>20220905154843</dtimeReal>
	<name>Curly_ws</name>
	<networkDisconnect>LAN 2</networkDisconnect>
	<cost>0</cost><cash>9276</cash>
</componentEvent>
<uiEvent>
	<dtimeGame>20220410133622</dtimeGame>	<dtimeReal>20220905154847</dtimeReal>
	<tab>office</tab>
</uiEvent>
<gameEvent>
	<dtimeGame>20220410133622</dtimeGame>	<dtimeReal>20220905154848</dtimeReal>
	<resume></resume>
</gameEvent>
<trigger>
	<dtimeGame>20220410133701</dtimeGame>	<dtimeReal>20220905154849</dtimeReal>
	<name>CheckITGuy</name>
	<triggerType>HELPTIP_TRIGGER</triggerType>
	<timesGoneOff>1</timesGoneOff>
	<conditions>ConditionList: MoeHasComputer(true) and CurlyHasComputer(true) and CompanyHas3PlusCompsOnLAN1(true) and_not FirstPhaseCompleted(false) and_not HasSomeIT(false) and WhichScreen2,2 :end</conditions>
</trigger>
<userEvent>
	<dtimeGame>20220410133944</dtimeGame>	<dtimeReal>20220905154849</dtimeReal>
	<newMode>
		<name>Curly</name>
		<animMode>5</animMode>
	</newMode>
	<cost>0</cost><cash>9275</cash>
</userEvent>
<userEvent>
	<dtimeGame>20220410133944</dtimeGame>	<dtimeReal>20220905154849</dtimeReal>
	<newMode>
		<name>Curly</name>
		<animMode>12</animMode>
	</newMode>
	<cost>0</cost><cash>9275</cash>
</userEvent>
<userEvent>
	<dtimeGame>20220410134603</dtimeGame>	<dtimeReal>20220905154850</dtimeReal>
	<newMode>
		<name>Moe</name>
		<animMode>1</animMode>
	</newMode>
	<cost>0</cost><cash>9272</cash>
</userEvent>
<userEvent>
	<dtimeGame>20220410135241</dtimeGame>	<dtimeReal>20220905154852</dtimeReal>
	<newMode>
		<name>Moe</name>
		<animMode>3</animMode>
	</newMode>
	<cost>0</cost><cash>9270</cash>
</userEvent>
<userEvent>
	<dtimeGame>20220410135241</dtimeGame>	<dtimeReal>20220905154853</dtimeReal>
	<newMode>
		<name>Moe</name>
		<animMode>14</animMode>
	</newMode>
	<cost>0</cost><cash>9270</cash>
</userEvent>
<userEvent>
	<dtimeGame>20220410135241</dtimeGame>	<dtimeReal>20220905154856</dtimeReal>
	<hire>
		<name>Larry</name>
		<salary>0</salary>
	</hire>
	<cost>0</cost><cash>9270</cash>
</userEvent>
<summaryEvent>
	<dtimeGame>20220410135300</dtimeGame>	<dtimeReal>20220905154858</dtimeReal>
	<bonus>0</bonus><cash>9270</cash>
</summaryEvent>
<trigger>
	<dtimeGame>20220410135300</dtimeGame>	<dtimeReal>20220905154858</dtimeReal>
	<name>AdvanceToPhase2</name>
	<triggerType>SET_PHASE</triggerType>
	<timesGoneOff>1</timesGoneOff>
	<conditions>ConditionList: WhichScreen2,2 and (CompanyHas3PlusComputers(true) and CompanyHas3PlusCompsOnLAN1(true) and MoeHasComputer(true) and CurlyHasComputer(true)) and HasSomeIT(true) and_not FirstPhaseCompleted(false) :end</conditions>
</trigger>
<trigger>
	<dtimeGame>20220410135300</dtimeGame>	<dtimeReal>20220905154903</dtimeReal>
	<name>SetComplete1_4</name>
	<triggerType>SET_OBJECTIVE_STATUS</triggerType>
	<timesGoneOff>1</timesGoneOff>
	<conditions>ConditionList: (CompanyHas3PlusComputers(true) and CompanyHas3PlusCompsOnLAN1(true) and MoeHasComputer(true) and CurlyHasComputer(true)) and HasSomeIT(true) :end</conditions>
</trigger>
<trigger>
	<dtimeGame>20220410135503</dtimeGame>	<dtimeReal>20220905154903</dtimeReal>
	<name>Phase1</name>
	<triggerType>SAVEGAME_TRIGGER</triggerType>
	<timesGoneOff>1</timesGoneOff>
	<conditions>ConditionList: FirstPhaseCompleted(true) :end</conditions>
</trigger>
<gameEvent>
	<dtimeGame>20220410135503</dtimeGame>	<dtimeReal>20220905154903</dtimeReal>
	<saveFile>Phase1.sdf</saveFile>
</gameEvent>
<userEvent>
	<dtimeGame>20220410135717</dtimeGame>	<dtimeReal>20220905154904</dtimeReal>
	<newMode>
		<name>Moe</name>
		<animMode>3</animMode>
	</newMode>
	<cost>0</cost><cash>9272</cash>
</userEvent>
<userEvent>
	<dtimeGame>20220410143009</dtimeGame>	<dtimeReal>20220905154911</dtimeReal>
	<newMode>
		<name>Curly</name>
		<animMode>1</animMode>
	</newMode>
	<cost>0</cost><cash>9285</cash>
</userEvent>
<userEvent>
	<dtimeGame>20220410143706</dtimeGame>	<dtimeReal>20220905154912</dtimeReal>
	<newMode>
		<name>Curly</name>
		<animMode>3</animMode>
	</newMode>
	<cost>0</cost><cash>9287</cash>
</userEvent>
<gameEvent>
	<dtimeGame>20220410145846</dtimeGame>	<dtimeReal>20220905154917</dtimeReal>
	<pause></pause>
</gameEvent>
<uiEvent>
	<dtimeGame>20220410145846</dtimeGame>	<dtimeReal>20220905154921</dtimeReal>
	<tab>objective</tab>
</uiEvent>
<trigger>
	<dtimeGame>20220410145846</dtimeGame>	<dtimeReal>20220905154927</dtimeReal>
	<name>ReturnFromObjective</name>
	<triggerType>HELPTIP_TRIGGER</triggerType>
	<timesGoneOff>1</timesGoneOff>
	<conditions>ConditionList: (TimesObjectiveViewed0,1 or TimesObjectiveViewed1,1) and WhichScreen12,12 :end</conditions>
</trigger>
<uiEvent>
	<dtimeGame>20220410145846</dtimeGame>	<dtimeReal>20220905154945</dtimeReal>
	<tab>component</tab>
</uiEvent>
<trigger>
	<dtimeGame>20220410145846</dtimeGame>	<dtimeReal>20220905154945</dtimeReal>
	<name>TipSelectWS</name>
	<triggerType>HELPTIP_TRIGGER</triggerType>
	<timesGoneOff>1</timesGoneOff>
	<conditions>ConditionList: WhichScreen4,4 and (FirstPhaseCompleted(true) and_not (CurlyNoAttach(false) and MoeNoAttach(false)) and_not SecondPhaseCompleted(false)) :end</conditions>
</trigger>
<trigger>
	<dtimeGame>20220410145846</dtimeGame>	<dtimeReal>20220905154946</dtimeReal>
	<name>TipBewareAttach</name>
	<triggerType>HELPTIP_TRIGGER</triggerType>
	<timesGoneOff>1</timesGoneOff>
	<conditions>ConditionList: FirstPhaseCompleted(true) and WhichScreen4,4 and_not (CurlyNoAttach(false) and MoeNoAttach(false)) and_not SecondPhaseCompleted(false) :end</conditions>
</trigger>
<trigger>
	<dtimeGame>20220410145846</dtimeGame>	<dtimeReal>20220905154955</dtimeReal>
	<name>TipSelectWS</name>
	<triggerType>HELPTIP_TRIGGER</triggerType>
	<timesGoneOff>2</timesGoneOff>
	<conditions>ConditionList: WhichScreen4,4 and (FirstPhaseCompleted(true) and_not (CurlyNoAttach(false) and MoeNoAttach(false)) and_not SecondPhaseCompleted(false)) :end</conditions>
</trigger>
<trigger>
	<dtimeGame>20220410145846</dtimeGame>	<dtimeReal>20220905154956</dtimeReal>
	<name>TipBewareAttach</name>
	<triggerType>HELPTIP_TRIGGER</triggerType>
	<timesGoneOff>2</timesGoneOff>
	<conditions>ConditionList: FirstPhaseCompleted(true) and WhichScreen4,4 and_not (CurlyNoAttach(false) and MoeNoAttach(false)) and_not SecondPhaseCompleted(false) :end</conditions>
</trigger>
<componentEvent>
	<dtimeGame>20220410145846</dtimeGame>	<dtimeReal>20220905154956</dtimeReal>
	<name>Curly_ws</name>
	<procSetting>
		<field>LockorLogoff:</field>
		<value>true</value>
		<newProtection>-1</newProtection>
	</procSetting>
	<cost>50</cost><cash>9245</cash>
</componentEvent>
<uiEvent>
	<dtimeGame>20220410145846</dtimeGame>	<dtimeReal>20220905154959</dtimeReal>
	<tab>office</tab>
</uiEvent>
<gameEvent>
	<dtimeGame>20220410145846</dtimeGame>	<dtimeReal>20220905155000</dtimeReal>
	<resume></resume>
</gameEvent>
<trigger>
	<dtimeGame>20220410150500</dtimeGame>	<dtimeReal>20220905155001</dtimeReal>
	<name>BadPolicies</name>
	<triggerType>ATTACK_TRIGGER</triggerType>
	<timesGoneOff>1</timesGoneOff>
	<conditions>ConditionList: FirstPhaseCompleted(true) :end</conditions>
</trigger>
<warning>
	<dtimeGame>20220410150500</dtimeGame>	<dtimeReal>20220905155001</dtimeReal>
	<malware>Trojan Horse:Aladinz</malware>
	<name>Curly_ws</name>
	<cause>User impulsively executed email attachments</cause>
</warning>
<warning>
	<dtimeGame>20220410150500</dtimeGame>	<dtimeReal>20220905155001</dtimeReal>
	<malware>Virus:POP.Sling Virus</malware>
	<name>Curly_ws</name>
	<cause>User impulsively executed email attachments</cause>
</warning>
<warning>
	<dtimeGame>20220410150500</dtimeGame>	<dtimeReal>20220905155001</dtimeReal>
	<malware>Trojan Horse:Aladinz</malware>
	<name>Moe_ws</name>
	<cause>User impulsively executed email attachments</cause>
</warning>
<warning>
	<dtimeGame>20220410150500</dtimeGame>	<dtimeReal>20220905155001</dtimeReal>
	<malware>Virus:POP.Sling Virus</malware>
	<name>Moe_ws</name>
	<cause>User impulsively executed email attachments</cause>
</warning>
<trigger>
	<dtimeGame>20220410150500</dtimeGame>	<dtimeReal>20220905155001</dtimeReal>
	<name>Malware</name>
	<triggerType>ATTACK_TRIGGER</triggerType>
	<timesGoneOff>1</timesGoneOff>
	<conditions>ConditionList: FirstPhaseCompleted(true) :end</conditions>
</trigger>
<assetAttacked>
	<dtimeGame>20220410150500</dtimeGame>	<dtimeReal>20220905155001</dtimeReal>
	<name>BortSoft Data</name>
	<motiveType>Modification</motiveType>
	<motive>70</motive>
	<attackType>ATTACK_TARG_MAL_SOFTWARE</attackType>
	<attackIndex>[18]</attackIndex>
	<computerName>BortSoft Server</computerName>
	<attacker>Attacker</attacker>
	<cost>500</cost><cash>8748</cash>
	<reason>Malicious software (Aladinz) on Curly_ws has corrupted BortSoft Data on BortSoft Server. Malware installed on computer because user impulsively executes email attachments.</reason>
</assetAttacked>
<trigger>
	<dtimeGame>20220410150500</dtimeGame>	<dtimeReal>20220905155001</dtimeReal>
	<name>TipAttackLog</name>
	<triggerType>HELPTIP_TRIGGER</triggerType>
	<timesGoneOff>1</timesGoneOff>
	<conditions>ConditionList: assetAttacked(true) and_not attackLogViewed_intrinsic0,0 :end</conditions>
</trigger>
<trigger>
	<dtimeGame>20220410150500</dtimeGame>	<dtimeReal>20220905155001</dtimeReal>
	<name>DLTrojanPenalty</name>
	<triggerType>CASH_TRIGGER</triggerType>
	<timesGoneOff>1</timesGoneOff>
	<conditions>ConditionList: FirstPhaseCompleted(true) and (CurlyHasVirus(true) or MoeHasVirus(true)) and_not SecondPhaseCompleted(false) :end</conditions>
</trigger>
<gameEvent>
	<dtimeGame>20220410151441</dtimeGame>	<dtimeReal>20220905155003</dtimeReal>
	<pause></pause>
</gameEvent>
<trigger>
	<dtimeGame>20220410151441</dtimeGame>	<dtimeReal>20220905155007</dtimeReal>
	<name>attackLogViewed</name>
	<triggerType>LOG_TRIGGER</triggerType>
	<timesGoneOff>1</timesGoneOff>
	<conditions>ConditionList: WhichScreen23,23 :end</conditions>
</trigger>
<gameEvent>
	<dtimeGame>20220410151441</dtimeGame>	<dtimeReal>20220905155007</dtimeReal>
	<logTrigger>  <name>attackLogViewed</name>
  <message>viewed attack log</message>
  <conditions>ConditionList: WhichScreen23,23 :end,</conditions>
</logTrigger>
</gameEvent>
<uiEvent>
	<dtimeGame>20220410151441</dtimeGame>	<dtimeReal>20220905155015</dtimeReal>
	<tab>component</tab>
</uiEvent>
<trigger>
	<dtimeGame>20220410151441</dtimeGame>	<dtimeReal>20220905155016</dtimeReal>
	<name>TipSelectWS</name>
	<triggerType>HELPTIP_TRIGGER</triggerType>
	<timesGoneOff>3</timesGoneOff>
	<conditions>ConditionList: WhichScreen4,4 and (FirstPhaseCompleted(true) and_not (CurlyNoAttach(false) and MoeNoAttach(false)) and_not SecondPhaseCompleted(false)) :end</conditions>
</trigger>
<trigger>
	<dtimeGame>20220410151441</dtimeGame>	<dtimeReal>20220905155017</dtimeReal>
	<name>TipBewareAttach</name>
	<triggerType>HELPTIP_TRIGGER</triggerType>
	<timesGoneOff>3</timesGoneOff>
	<conditions>ConditionList: FirstPhaseCompleted(true) and WhichScreen4,4 and_not (CurlyNoAttach(false) and MoeNoAttach(false)) and_not SecondPhaseCompleted(false) :end</conditions>
</trigger>
<trigger>
	<dtimeGame>20220410151441</dtimeGame>	<dtimeReal>20220905155026</dtimeReal>
	<name>TipSelectWS</name>
	<triggerType>HELPTIP_TRIGGER</triggerType>
	<timesGoneOff>4</timesGoneOff>
	<conditions>ConditionList: WhichScreen4,4 and (FirstPhaseCompleted(true) and_not (CurlyNoAttach(false) and MoeNoAttach(false)) and_not SecondPhaseCompleted(false)) :end</conditions>
</trigger>
<trigger>
	<dtimeGame>20220410151441</dtimeGame>	<dtimeReal>20220905155027</dtimeReal>
	<name>TipBewareAttach</name>
	<triggerType>HELPTIP_TRIGGER</triggerType>
	<timesGoneOff>4</timesGoneOff>
	<conditions>ConditionList: FirstPhaseCompleted(true) and WhichScreen4,4 and_not (CurlyNoAttach(false) and MoeNoAttach(false)) and_not SecondPhaseCompleted(false) :end</conditions>
</trigger>
<componentEvent>
	<dtimeGame>20220410151441</dtimeGame>	<dtimeReal>20220905155032</dtimeReal>
	<name>Curly_ws</name>
	<procSetting>
		<field>LockorLogoff:</field>
		<value>false</value>
		<newProtection>-1</newProtection>
	</procSetting>
	<cost>25</cost><cash>8227</cash>
</componentEvent>
<trigger>
	<dtimeGame>20220410151441</dtimeGame>	<dtimeReal>20220905155036</dtimeReal>
	<name>TipSelectWS</name>
	<triggerType>HELPTIP_TRIGGER</triggerType>
	<timesGoneOff>5</timesGoneOff>
	<conditions>ConditionList: WhichScreen4,4 and (FirstPhaseCompleted(true) and_not (CurlyNoAttach(false) and MoeNoAttach(false)) and_not SecondPhaseCompleted(false)) :end</conditions>
</trigger>
<trigger>
	<dtimeGame>20220410151441</dtimeGame>	<dtimeReal>20220905155037</dtimeReal>
	<name>TipBewareAttach</name>
	<triggerType>HELPTIP_TRIGGER</triggerType>
	<timesGoneOff>5</timesGoneOff>
	<conditions>ConditionList: FirstPhaseCompleted(true) and WhichScreen4,4 and_not (CurlyNoAttach(false) and MoeNoAttach(false)) and_not SecondPhaseCompleted(false) :end</conditions>
</trigger>
<componentEvent>
	<dtimeGame>20220410151441</dtimeGame>	<dtimeReal>20220905155038</dtimeReal>
	<name>Curly_ws</name>
	<procSetting>
		<field>NoEmailAttachmentExecute:</field>
		<value>true</value>
		<newProtection>-1</newProtection>
	</procSetting>
	<cost>150</cost><cash>8077</cash>
</componentEvent>
<componentEvent>
	<dtimeGame>20220410151441</dtimeGame>	<dtimeReal>20220905155040</dtimeReal>
	<name>Moe_ws</name>
	<procSetting>
		<field>NoEmailAttachmentExecute:</field>
		<value>true</value>
		<newProtection>-1</newProtection>
	</procSetting>
	<cost>150</cost><cash>7927</cash>
</componentEvent>
<uiEvent>
	<dtimeGame>20220410151441</dtimeGame>	<dtimeReal>20220905155044</dtimeReal>
	<tab>office</tab>
</uiEvent>
<gameEvent>
	<dtimeGame>20220410151441</dtimeGame>	<dtimeReal>20220905155045</dtimeReal>
	<resume></resume>
</gameEvent>
<summaryEvent>
	<dtimeGame>20220410151500</dtimeGame>	<dtimeReal>20220905155045</dtimeReal>
	<bonus>-0</bonus><cash>7927</cash>
</summaryEvent>
<userEvent>
	<dtimeGame>20220410151855</dtimeGame>	<dtimeReal>20220905155046</dtimeReal>
	<newMode>
		<name>Curly</name>
		<animMode>14</animMode>
	</newMode>
	<cost>0</cost><cash>7926</cash>
</userEvent>
<userEvent>
	<dtimeGame>20220410152050</dtimeGame>	<dtimeReal>20220905155046</dtimeReal>
	<newMode>
		<name>Moe</name>
		<animMode>14</animMode>
	</newMode>
	<cost>0</cost><cash>7926</cash>
</userEvent>
<userEvent>
	<dtimeGame>20220410152552</dtimeGame>	<dtimeReal>20220905155047</dtimeReal>
	<newMode>
		<name>Curly</name>
		<animMode>3</animMode>
	</newMode>
	<cost>0</cost><cash>7926</cash>
</userEvent>
<trigger>
	<dtimeGame>20220410153002</dtimeGame>	<dtimeReal>20220905155048</dtimeReal>
	<name>MoeWarnExtSW</name>
	<triggerType>HELPTIP_TRIGGER</triggerType>
	<timesGoneOff>1</timesGoneOff>
	<conditions>ConditionList: FirstPhaseCompleted(true) and WhichScreen2,2 and MoeHasVirus(true) and_not MoeNoExternalSW(false) and CurlyNoAttach(true) and MoeNoAttach(true) and attackLogViewed_intrinsic0,1 :end</conditions>
</trigger>
<userEvent>
	<dtimeGame>20220410153250</dtimeGame>	<dtimeReal>20220905155049</dtimeReal>
	<newMode>
		<name>Curly</name>
		<animMode>14</animMode>
	</newMode>
	<cost>0</cost><cash>7925</cash>
</userEvent>
<userEvent>
	<dtimeGame>20220410153445</dtimeGame>	<dtimeReal>20220905155049</dtimeReal>
	<newMode>
		<name>Moe</name>
		<animMode>3</animMode>
	</newMode>
	<cost>0</cost><cash>7925</cash>
</userEvent>
<gameEvent>
	<dtimeGame>20220410154406</dtimeGame>	<dtimeReal>20220905155051</dtimeReal>
	<pause></pause>
</gameEvent>
<uiEvent>
	<dtimeGame>20220410154406</dtimeGame>	<dtimeReal>20220905155053</dtimeReal>
	<tab>component</tab>
</uiEvent>
<trigger>
	<dtimeGame>20220410154406</dtimeGame>	<dtimeReal>20220905155053</dtimeReal>
	<name>TipSelectWS2</name>
	<triggerType>HELPTIP_TRIGGER</triggerType>
	<timesGoneOff>1</timesGoneOff>
	<conditions>ConditionList: WhichScreen4,4 and (FirstPhaseCompleted(true) and_not (CurlyNoExternalSW(false) and MoeNoExternalSW(false)) and TrojWarnWentOff(true) and_not SecondPhaseCompleted(false)) :end</conditions>
</trigger>
<trigger>
	<dtimeGame>20220410154406</dtimeGame>	<dtimeReal>20220905155054</dtimeReal>
	<name>TipNoExternalSW</name>
	<triggerType>HELPTIP_TRIGGER</triggerType>
	<timesGoneOff>1</timesGoneOff>
	<conditions>ConditionList: FirstPhaseCompleted(true) and WhichScreen4,4 and_not (CurlyNoExternalSW(false) and MoeNoExternalSW(false)) and CurlyNoAttach(true) and MoeNoAttach(true) and_not SecondPhaseCompleted(false) and TrojWarnWentOff(true) :end</conditions>
</trigger>
<trigger>
	<dtimeGame>20220410154406</dtimeGame>	<dtimeReal>20220905155103</dtimeReal>
	<name>TipSelectWS2</name>
	<triggerType>HELPTIP_TRIGGER</triggerType>
	<timesGoneOff>2</timesGoneOff>
	<conditions>ConditionList: WhichScreen4,4 and (FirstPhaseCompleted(true) and_not (CurlyNoExternalSW(false) and MoeNoExternalSW(false)) and TrojWarnWentOff(true) and_not SecondPhaseCompleted(false)) :end</conditions>
</trigger>
<trigger>
	<dtimeGame>20220410154406</dtimeGame>	<dtimeReal>20220905155104</dtimeReal>
	<name>TipNoExternalSW</name>
	<triggerType>HELPTIP_TRIGGER</triggerType>
	<timesGoneOff>2</timesGoneOff>
	<conditions>ConditionList: FirstPhaseCompleted(true) and WhichScreen4,4 and_not (CurlyNoExternalSW(false) and MoeNoExternalSW(false)) and CurlyNoAttach(true) and MoeNoAttach(true) and_not SecondPhaseCompleted(false) and TrojWarnWentOff(true) :end</conditions>
</trigger>
<componentEvent>
	<dtimeGame>20220410154406</dtimeGame>	<dtimeReal>20220905155109</dtimeReal>
	<name>Curly_ws</name>
	<procSetting>
		<field>LockorLogoff:</field>
		<value>true</value>
		<newProtection>-1</newProtection>
	</procSetting>
	<cost>50</cost><cash>7874</cash>
</componentEvent>
<trigger>
	<dtimeGame>20220410154406</dtimeGame>	<dtimeReal>20220905155113</dtimeReal>
	<name>TipSelectWS2</name>
	<triggerType>HELPTIP_TRIGGER</triggerType>
	<timesGoneOff>3</timesGoneOff>
	<conditions>ConditionList: WhichScreen4,4 and (FirstPhaseCompleted(true) and_not (CurlyNoExternalSW(false) and MoeNoExternalSW(false)) and TrojWarnWentOff(true) and_not SecondPhaseCompleted(false)) :end</conditions>
</trigger>
<trigger>
	<dtimeGame>20220410154406</dtimeGame>	<dtimeReal>20220905155114</dtimeReal>
	<name>TipNoExternalSW</name>
	<triggerType>HELPTIP_TRIGGER</triggerType>
	<timesGoneOff>3</timesGoneOff>
	<conditions>ConditionList: FirstPhaseCompleted(true) and WhichScreen4,4 and_not (CurlyNoExternalSW(false) and MoeNoExternalSW(false)) and CurlyNoAttach(true) and MoeNoAttach(true) and_not SecondPhaseCompleted(false) and TrojWarnWentOff(true) :end</conditions>
</trigger>
<uiEvent>
	<dtimeGame>20220410154406</dtimeGame>	<dtimeReal>20220905155117</dtimeReal>
	<tab>office</tab>
</uiEvent>
<gameEvent>
	<dtimeGame>20220410154406</dtimeGame>	<dtimeReal>20220905155119</dtimeReal>
	<resume></resume>
</gameEvent>
<trigger>
	<dtimeGame>20220410154504</dtimeGame>	<dtimeReal>20220905155119</dtimeReal>
	<name>CurlyWarnExtSW</name>
	<triggerType>HELPTIP_TRIGGER</triggerType>
	<timesGoneOff>1</timesGoneOff>
	<conditions>ConditionList: FirstPhaseCompleted(true) and WhichScreen2,2 and CurlyHasVirus(true) and_not CurlyNoExternalSW(false) and CurlyNoAttach(true) and MoeNoAttach(true) and attackLogViewed_intrinsic0,1 :end</conditions>
</trigger>
<userEvent>
	<dtimeGame>20220410154649</dtimeGame>	<dtimeReal>20220905155120</dtimeReal>
	<newMode>
		<name>Curly</name>
		<animMode>3</animMode>
	</newMode>
	<cost>0</cost><cash>7874</cash>
</userEvent>
<trigger>
	<dtimeGame>20220410155002</dtimeGame>	<dtimeReal>20220905155121</dtimeReal>
	<name>MoeWarnExtSW</name>
	<triggerType>HELPTIP_TRIGGER</triggerType>
	<timesGoneOff>2</timesGoneOff>
	<conditions>ConditionList: FirstPhaseCompleted(true) and WhichScreen2,2 and MoeHasVirus(true) and_not MoeNoExternalSW(false) and CurlyNoAttach(true) and MoeNoAttach(true) and attackLogViewed_intrinsic0,1 :end</conditions>
</trigger>
<userEvent>
	<dtimeGame>20220410160044</dtimeGame>	<dtimeReal>20220905155123</dtimeReal>
	<newMode>
		<name>Curly</name>
		<animMode>14</animMode>
	</newMode>
	<cost>0</cost><cash>7873</cash>
</userEvent>
<trigger>
	<dtimeGame>20220410161001</dtimeGame>	<dtimeReal>20220905155125</dtimeReal>
	<name>MoeWarnExtSW</name>
	<triggerType>HELPTIP_TRIGGER</triggerType>
	<timesGoneOff>3</timesGoneOff>
	<conditions>ConditionList: FirstPhaseCompleted(true) and WhichScreen2,2 and MoeHasVirus(true) and_not MoeNoExternalSW(false) and CurlyNoAttach(true) and MoeNoAttach(true) and attackLogViewed_intrinsic0,1 :end</conditions>
</trigger>
<userEvent>
	<dtimeGame>20220410161439</dtimeGame>	<dtimeReal>20220905155126</dtimeReal>
	<newMode>
		<name>Curly</name>
		<animMode>3</animMode>
	</newMode>
	<cost>0</cost><cash>7872</cash>
</userEvent>
<userEvent>
	<dtimeGame>20220410161634</dtimeGame>	<dtimeReal>20220905155126</dtimeReal>
	<newMode>
		<name>Moe</name>
		<animMode>14</animMode>
	</newMode>
	<cost>0</cost><cash>7872</cash>
</userEvent>
<trigger>
	<dtimeGame>20220410162000</dtimeGame>	<dtimeReal>20220905155127</dtimeReal>
	<name>BadPolicies</name>
	<triggerType>ATTACK_TRIGGER</triggerType>
	<timesGoneOff>2</timesGoneOff>
	<conditions>ConditionList: FirstPhaseCompleted(true) :end</conditions>
</trigger>
<warning>
	<dtimeGame>20220410162000</dtimeGame>	<dtimeReal>20220905155127</dtimeReal>
	<malware>Trojan Horse:Aladinz</malware>
	<name>Curly_ws</name>
	<cause>User installed unauthorized external software containing malware because procedures allowed it.</cause>
</warning>
<warning>
	<dtimeGame>20220410162000</dtimeGame>	<dtimeReal>20220905155127</dtimeReal>
	<malware>Virus:POP.Sling Virus</malware>
	<name>Curly_ws</name>
	<cause>User installed unauthorized external software containing malware because procedures allowed it.</cause>
</warning>
<warning>
	<dtimeGame>20220410162000</dtimeGame>	<dtimeReal>20220905155127</dtimeReal>
	<malware>Trojan Horse:Aladinz</malware>
	<name>Moe_ws</name>
	<cause>User installed unauthorized external software containing malware because procedures allowed it.</cause>
</warning>
<warning>
	<dtimeGame>20220410162000</dtimeGame>	<dtimeReal>20220905155127</dtimeReal>
	<malware>Virus:POP.Sling Virus</malware>
	<name>Moe_ws</name>
	<cause>User installed unauthorized external software containing malware because procedures allowed it.</cause>
</warning>
<trigger>
	<dtimeGame>20220410162000</dtimeGame>	<dtimeReal>20220905155127</dtimeReal>
	<name>Malware</name>
	<triggerType>ATTACK_TRIGGER</triggerType>
	<timesGoneOff>2</timesGoneOff>
	<conditions>ConditionList: FirstPhaseCompleted(true) :end</conditions>
</trigger>
<assetAttacked>
	<dtimeGame>20220410162000</dtimeGame>	<dtimeReal>20220905155127</dtimeReal>
	<name>BortSoft Data</name>
	<motiveType>Modification</motiveType>
	<motive>70</motive>
	<attackType>ATTACK_TARG_MAL_SOFTWARE</attackType>
	<attackIndex>[18]</attackIndex>
	<computerName>BortSoft Server</computerName>
	<attacker>Attacker</attacker>
	<cost>500</cost><cash>7372</cash>
	<reason>Malicious software (Aladinz) on Curly_ws has corrupted BortSoft Data on BortSoft Server. User installed unauthorized external software containing malware because procedures allowed it.</reason>
</assetAttacked>
<trigger>
	<dtimeGame>20220410162000</dtimeGame>	<dtimeReal>20220905155127</dtimeReal>
	<name>DLTrojanPenalty</name>
	<triggerType>CASH_TRIGGER</triggerType>
	<timesGoneOff>2</timesGoneOff>
	<conditions>ConditionList: FirstPhaseCompleted(true) and (CurlyHasVirus(true) or MoeHasVirus(true)) and_not SecondPhaseCompleted(false) :end</conditions>
</trigger>
<trigger>
	<dtimeGame>20220410163000</dtimeGame>	<dtimeReal>20220905155129</dtimeReal>
	<name>MoeWarnExtSW</name>
	<triggerType>HELPTIP_TRIGGER</triggerType>
	<timesGoneOff>4</timesGoneOff>
	<conditions>ConditionList: FirstPhaseCompleted(true) and WhichScreen2,2 and MoeHasVirus(true) and_not MoeNoExternalSW(false) and CurlyNoAttach(true) and MoeNoAttach(true) and attackLogViewed_intrinsic0,1 :end</conditions>
</trigger>
<userEvent>
	<dtimeGame>20220410163532</dtimeGame>	<dtimeReal>20220905155130</dtimeReal>
	<newMode>
		<name>Curly</name>
		<animMode>14</animMode>
	</newMode>
	<cost>0</cost><cash>6871</cash>
</userEvent>
<userEvent>
	<dtimeGame>20220410163726</dtimeGame>	<dtimeReal>20220905155130</dtimeReal>
	<newMode>
		<name>Moe</name>
		<animMode>3</animMode>
	</newMode>
	<cost>0</cost><cash>6871</cash>
</userEvent>
<gameEvent>
	<dtimeGame>20220410163726</dtimeGame>	<dtimeReal>20220905155130</dtimeReal>
	<pause></pause>
</gameEvent>
<uiEvent>
	<dtimeGame>20220410163726</dtimeGame>	<dtimeReal>20220905155204</dtimeReal>
	<tab>network</tab>
</uiEvent>
<uiEvent>
	<dtimeGame>20220410163726</dtimeGame>	<dtimeReal>20220905155205</dtimeReal>
	<tab>component</tab>
</uiEvent>
<trigger>
	<dtimeGame>20220410163726</dtimeGame>	<dtimeReal>20220905155206</dtimeReal>
	<name>TipSelectWS2</name>
	<triggerType>HELPTIP_TRIGGER</triggerType>
	<timesGoneOff>4</timesGoneOff>
	<conditions>ConditionList: WhichScreen4,4 and (FirstPhaseCompleted(true) and_not (CurlyNoExternalSW(false) and MoeNoExternalSW(false)) and TrojWarnWentOff(true) and_not SecondPhaseCompleted(false)) :end</conditions>
</trigger>
<trigger>
	<dtimeGame>20220410163726</dtimeGame>	<dtimeReal>20220905155207</dtimeReal>
	<name>TipNoExternalSW</name>
	<triggerType>HELPTIP_TRIGGER</triggerType>
	<timesGoneOff>4</timesGoneOff>
	<conditions>ConditionList: FirstPhaseCompleted(true) and WhichScreen4,4 and_not (CurlyNoExternalSW(false) and MoeNoExternalSW(false)) and CurlyNoAttach(true) and MoeNoAttach(true) and_not SecondPhaseCompleted(false) and TrojWarnWentOff(true) :end</conditions>
</trigger>
<componentEvent>
	<dtimeGame>20220410163726</dtimeGame>	<dtimeReal>20220905155210</dtimeReal>
	<name>Curly_ws</name>
	<procSetting>
		<field>LockorLogoff:</field>
		<value>false</value>
		<newProtection>-1</newProtection>
	</procSetting>
	<cost>25</cost><cash>6846</cash>
</componentEvent>
<componentEvent>
	<dtimeGame>20220410163726</dtimeGame>	<dtimeReal>20220905155211</dtimeReal>
	<name>Curly_ws</name>
	<procSetting>
		<field>NoExternalSoftware:</field>
		<value>true</value>
		<newProtection>-1</newProtection>
	</procSetting>
	<cost>300</cost><cash>6546</cash>
</componentEvent>
<componentEvent>
	<dtimeGame>20220410163726</dtimeGame>	<dtimeReal>20220905155214</dtimeReal>
	<name>Moe_ws</name>
	<procSetting>
		<field>NoExternalSoftware:</field>
		<value>true</value>
		<newProtection>-1</newProtection>
	</procSetting>
	<cost>300</cost><cash>6246</cash>
</componentEvent>
<uiEvent>
	<dtimeGame>20220410163726</dtimeGame>	<dtimeReal>20220905155216</dtimeReal>
	<tab>office</tab>
</uiEvent>
<gameEvent>
	<dtimeGame>20220410163726</dtimeGame>	<dtimeReal>20220905155217</dtimeReal>
	<resume></resume>
</gameEvent>
<summaryEvent>
	<dtimeGame>20220410163800</dtimeGame>	<dtimeReal>20220905155217</dtimeReal>
	<bonus>-0</bonus><cash>6245</cash>
</summaryEvent>
<trigger>
	<dtimeGame>20220410164000</dtimeGame>	<dtimeReal>20220905155218</dtimeReal>
	<name>SetUserProcComplete</name>
	<triggerType>SET_OBJECTIVE_STATUS</triggerType>
	<timesGoneOff>1</timesGoneOff>
	<conditions>ConditionList: FirstPhaseCompleted(true) and WhichScreen2,2 and MoeNoAttach(true) and CurlyNoAttach(true) and MoeNoExternalSW(true) and CurlyNoExternalSW(true) :end</conditions>
</trigger>
<userEvent>
	<dtimeGame>20220410164419</dtimeGame>	<dtimeReal>20220905155219</dtimeReal>
	<newMode>
		<name>Moe</name>
		<animMode>14</animMode>
	</newMode>
	<cost>0</cost><cash>6243</cash>
</userEvent>
<trigger>
	<dtimeGame>20220410164502</dtimeGame>	<dtimeReal>20220905155219</dtimeReal>
	<name>WarnPoorTraining</name>
	<triggerType>HELPTIP_TRIGGER</triggerType>
	<timesGoneOff>1</timesGoneOff>
	<conditions>ConditionList: FirstPhaseCompleted(true) and WhichScreen2,2 and UserProcComplete(true) and_not (CurlyTraining80(false) and MoeTraining80(false)) :end</conditions>
</trigger>
<gameEvent>
	<dtimeGame>20220410165233</dtimeGame>	<dtimeReal>20220905155220</dtimeReal>
	<pause></pause>
</gameEvent>
<uiEvent>
	<dtimeGame>20220410165233</dtimeGame>	<dtimeReal>20220905155222</dtimeReal>
	<tab>user</tab>
</uiEvent>
<trigger>
	<dtimeGame>20220410165233</dtimeGame>	<dtimeReal>20220905155222</dtimeReal>
	<name>TipTrain</name>
	<triggerType>HELPTIP_TRIGGER</triggerType>
	<timesGoneOff>1</timesGoneOff>
	<conditions>ConditionList: FirstPhaseCompleted(true) and WhichScreen6,6 and UserProcComplete(true) and_not (CurlyTraining80(false) and MoeTraining80(false)) :end</conditions>
</trigger>
<uiEvent>
	<dtimeGame>20220410165233</dtimeGame>	<dtimeReal>20220905155229</dtimeReal>
	<tab>office</tab>
</uiEvent>
<uiEvent>
	<dtimeGame>20220410165233</dtimeGame>	<dtimeReal>20220905155247</dtimeReal>
	<tab>objective</tab>
</uiEvent>
<uiEvent>
	<dtimeGame>20220410165233</dtimeGame>	<dtimeReal>20220905155250</dtimeReal>
	<tab>office</tab>
</uiEvent>
<gameEvent>
	<dtimeGame>20220410165233</dtimeGame>	<dtimeReal>20220905155252</dtimeReal>
	<resume></resume>
</gameEvent>
<trigger>
	<dtimeGame>20220410170004</dtimeGame>	<dtimeReal>20220905155254</dtimeReal>
	<name>WarnPoorTraining</name>
	<triggerType>HELPTIP_TRIGGER</triggerType>
	<timesGoneOff>2</timesGoneOff>
	<conditions>ConditionList: FirstPhaseCompleted(true) and WhichScreen2,2 and UserProcComplete(true) and_not (CurlyTraining80(false) and MoeTraining80(false)) :end</conditions>
</trigger>
<trigger>
	<dtimeGame>20220410171501</dtimeGame>	<dtimeReal>20220905155257</dtimeReal>
	<name>WarnPoorTraining</name>
	<triggerType>HELPTIP_TRIGGER</triggerType>
	<timesGoneOff>3</timesGoneOff>
	<conditions>ConditionList: FirstPhaseCompleted(true) and WhichScreen2,2 and UserProcComplete(true) and_not (CurlyTraining80(false) and MoeTraining80(false)) :end</conditions>
</trigger>
<trigger>
	<dtimeGame>20220410173003</dtimeGame>	<dtimeReal>20220905155300</dtimeReal>
	<name>WarnPoorTraining</name>
	<triggerType>HELPTIP_TRIGGER</triggerType>
	<timesGoneOff>4</timesGoneOff>
	<conditions>ConditionList: FirstPhaseCompleted(true) and WhichScreen2,2 and UserProcComplete(true) and_not (CurlyTraining80(false) and MoeTraining80(false)) :end</conditions>
</trigger>
<userEvent>
	<dtimeGame>20220410173110</dtimeGame>	<dtimeReal>20220905155300</dtimeReal>
	<newMode>
		<name>Curly</name>
		<animMode>3</animMode>
	</newMode>
	<cost>0</cost><cash>6227</cash>
</userEvent>
<gameEvent>
	<dtimeGame>20220410173125</dtimeGame>	<dtimeReal>20220905155300</dtimeReal>
	<pause></pause>
</gameEvent>
<uiEvent>
	<dtimeGame>20220410173125</dtimeGame>	<dtimeReal>20220905155307</dtimeReal>
	<tab>zone</tab>
</uiEvent>
<uiEvent>
	<dtimeGame>20220410173125</dtimeGame>	<dtimeReal>20220905155308</dtimeReal>
	<tab>user</tab>
</uiEvent>
<trigger>
	<dtimeGame>20220410173125</dtimeGame>	<dtimeReal>20220905155308</dtimeReal>
	<name>TipTrain</name>
	<triggerType>HELPTIP_TRIGGER</triggerType>
	<timesGoneOff>2</timesGoneOff>
	<conditions>ConditionList: FirstPhaseCompleted(true) and WhichScreen6,6 and UserProcComplete(true) and_not (CurlyTraining80(false) and MoeTraining80(false)) :end</conditions>
</trigger>
<trigger>
	<dtimeGame>20220410173125</dtimeGame>	<dtimeReal>20220905155318</dtimeReal>
	<name>TipTrain</name>
	<triggerType>HELPTIP_TRIGGER</triggerType>
	<timesGoneOff>3</timesGoneOff>
	<conditions>ConditionList: FirstPhaseCompleted(true) and WhichScreen6,6 and UserProcComplete(true) and_not (CurlyTraining80(false) and MoeTraining80(false)) :end</conditions>
</trigger>
<trigger>
	<dtimeGame>20220410173125</dtimeGame>	<dtimeReal>20220905155328</dtimeReal>
	<name>TipTrain</name>
	<triggerType>HELPTIP_TRIGGER</triggerType>
	<timesGoneOff>4</timesGoneOff>
	<conditions>ConditionList: FirstPhaseCompleted(true) and WhichScreen6,6 and UserProcComplete(true) and_not (CurlyTraining80(false) and MoeTraining80(false)) :end</conditions>
</trigger>
<uiEvent>
	<dtimeGame>20220410173125</dtimeGame>	<dtimeReal>20220905155333</dtimeReal>
	<tab>component</tab>
</uiEvent>
<trigger>
	<dtimeGame>20220410173125</dtimeGame>	<dtimeReal>20220905155338</dtimeReal>
	<name>ReturnFromComponent</name>
	<triggerType>HELPTIP_TRIGGER</triggerType>
	<timesGoneOff>1</timesGoneOff>
	<conditions>ConditionList: WhichScreen4,4 and ((MoeNoAttach(true) and CurlyNoAttach(true) and_not TrojWarnWentOff(true)) or (MoeNoExternalSW(true) and CurlyNoExternalSW(true) and TrojWarnWentOff(true))) and_not SecondPhaseCompleted(false) :end</conditions>
</trigger>
<componentEvent>
	<dtimeGame>20220410173125</dtimeGame>	<dtimeReal>20220905155338</dtimeReal>
	<name>Moe_ws</name>
	<procSetting>
		<field>LockorLogoff:</field>
		<value>true</value>
		<newProtection>-1</newProtection>
	</procSetting>
	<cost>50</cost><cash>6177</cash>
</componentEvent>
<uiEvent>
	<dtimeGame>20220410173125</dtimeGame>	<dtimeReal>20220905155340</dtimeReal>
	<tab>office</tab>
</uiEvent>
<gameEvent>
	<dtimeGame>20220410173125</dtimeGame>	<dtimeReal>20220905155341</dtimeReal>
	<resume></resume>
</gameEvent>
<trigger>
	<dtimeGame>20220410173500</dtimeGame>	<dtimeReal>20220905155341</dtimeReal>
	<name>BadPolicies</name>
	<triggerType>ATTACK_TRIGGER</triggerType>
	<timesGoneOff>3</timesGoneOff>
	<conditions>ConditionList: FirstPhaseCompleted(true) :end</conditions>
</trigger>
<warning>
	<dtimeGame>20220410173500</dtimeGame>	<dtimeReal>20220905155341</dtimeReal>
	<malware>Trojan Horse:Aladinz</malware>
	<name>Curly_ws</name>
	<cause>User installed unauthorized external software containing malware because of not enough training.</cause>
</warning>
<warning>
	<dtimeGame>20220410173500</dtimeGame>	<dtimeReal>20220905155341</dtimeReal>
	<malware>Virus:POP.Sling Virus</malware>
	<name>Curly_ws</name>
	<cause>User installed unauthorized external software containing malware because of not enough training.</cause>
</warning>
<warning>
	<dtimeGame>20220410173500</dtimeGame>	<dtimeReal>20220905155341</dtimeReal>
	<malware>Trojan Horse:Aladinz</malware>
	<name>Moe_ws</name>
	<cause>User installed unauthorized external software containing malware because of not enough training.</cause>
</warning>
<warning>
	<dtimeGame>20220410173500</dtimeGame>	<dtimeReal>20220905155341</dtimeReal>
	<malware>Virus:POP.Sling Virus</malware>
	<name>Moe_ws</name>
	<cause>User installed unauthorized external software containing malware because of not enough training.</cause>
</warning>
<trigger>
	<dtimeGame>20220410173500</dtimeGame>	<dtimeReal>20220905155341</dtimeReal>
	<name>Malware</name>
	<triggerType>ATTACK_TRIGGER</triggerType>
	<timesGoneOff>3</timesGoneOff>
	<conditions>ConditionList: FirstPhaseCompleted(true) :end</conditions>
</trigger>
<assetAttacked>
	<dtimeGame>20220410173500</dtimeGame>	<dtimeReal>20220905155341</dtimeReal>
	<name>BortSoft Data</name>
	<motiveType>Modification</motiveType>
	<motive>70</motive>
	<attackType>ATTACK_TARG_MAL_SOFTWARE</attackType>
	<attackIndex>[18]</attackIndex>
	<computerName>BortSoft Server</computerName>
	<attacker>Attacker</attacker>
	<cost>500</cost><cash>5676</cash>
	<reason>Malicious software (Aladinz) on Curly_ws has corrupted BortSoft Data on BortSoft Server. User installed unauthorized external software containing malware because of not enough training.</reason>
</assetAttacked>
<trigger>
	<dtimeGame>20220410173500</dtimeGame>	<dtimeReal>20220905155341</dtimeReal>
	<name>DLTrojanPenalty</name>
	<triggerType>CASH_TRIGGER</triggerType>
	<timesGoneOff>3</timesGoneOff>
	<conditions>ConditionList: FirstPhaseCompleted(true) and (CurlyHasVirus(true) or MoeHasVirus(true)) and_not SecondPhaseCompleted(false) :end</conditions>
</trigger>
<summaryEvent>
	<dtimeGame>20220410174500</dtimeGame>	<dtimeReal>20220905155344</dtimeReal>
	<bonus>-0</bonus><cash>5172</cash>
</summaryEvent>
<trigger>
	<dtimeGame>20220410174500</dtimeGame>	<dtimeReal>20220905155344</dtimeReal>
	<name>WarnPoorTraining</name>
	<triggerType>HELPTIP_TRIGGER</triggerType>
	<timesGoneOff>5</timesGoneOff>
	<conditions>ConditionList: FirstPhaseCompleted(true) and WhichScreen2,2 and UserProcComplete(true) and_not (CurlyTraining80(false) and MoeTraining80(false)) :end</conditions>
</trigger>
<userEvent>
	<dtimeGame>20220410174500</dtimeGame>	<dtimeReal>20220905155344</dtimeReal>
	<newMode>
		<name>Curly</name>
		<animMode>14</animMode>
	</newMode>
	<cost>0</cost><cash>5172</cash>
</userEvent>
<gameEvent>
	<dtimeGame>20220410174553</dtimeGame>	<dtimeReal>20220905155344</dtimeReal>
	<pause></pause>
</gameEvent>
<uiEvent>
	<dtimeGame>20220410174553</dtimeGame>	<dtimeReal>20220905155353</dtimeReal>
	<tab>user</tab>
</uiEvent>
<trigger>
	<dtimeGame>20220410174553</dtimeGame>	<dtimeReal>20220905155354</dtimeReal>
	<name>TipTrain</name>
	<triggerType>HELPTIP_TRIGGER</triggerType>
	<timesGoneOff>5</timesGoneOff>
	<conditions>ConditionList: FirstPhaseCompleted(true) and WhichScreen6,6 and UserProcComplete(true) and_not (CurlyTraining80(false) and MoeTraining80(false)) :end</conditions>
</trigger>
<trigger>
	<dtimeGame>20220410174553</dtimeGame>	<dtimeReal>20220905155404</dtimeReal>
	<name>TipTrain</name>
	<triggerType>HELPTIP_TRIGGER</triggerType>
	<timesGoneOff>6</timesGoneOff>
	<conditions>ConditionList: FirstPhaseCompleted(true) and WhichScreen6,6 and UserProcComplete(true) and_not (CurlyTraining80(false) and MoeTraining80(false)) :end</conditions>
</trigger>
<userEvent>
	<dtimeGame>20220410174553</dtimeGame>	<dtimeReal>20220905155412</dtimeReal>
	<train>
		<name>Curly</name>
		<level>75</level>
	</train>
	<cost>250</cost><cash>4922</cash>
</userEvent>
<trigger>
	<dtimeGame>20220410174553</dtimeGame>	<dtimeReal>20220905155415</dtimeReal>
	<name>TipTrain</name>
	<triggerType>HELPTIP_TRIGGER</triggerType>
	<timesGoneOff>7</timesGoneOff>
	<conditions>ConditionList: FirstPhaseCompleted(true) and WhichScreen6,6 and UserProcComplete(true) and_not (CurlyTraining80(false) and MoeTraining80(false)) :end</conditions>
</trigger>
<uiEvent>
	<dtimeGame>20220410174553</dtimeGame>	<dtimeReal>20220905155416</dtimeReal>
	<tab>office</tab>
</uiEvent>
<gameEvent>
	<dtimeGame>20220410174553</dtimeGame>	<dtimeReal>20220905155418</dtimeReal>
	<resume></resume>
</gameEvent>
<trigger>
	<dtimeGame>20220410180002</dtimeGame>	<dtimeReal>20220905155421</dtimeReal>
	<name>WarnPoorTraining</name>
	<triggerType>HELPTIP_TRIGGER</triggerType>
	<timesGoneOff>6</timesGoneOff>
	<conditions>ConditionList: FirstPhaseCompleted(true) and WhichScreen2,2 and UserProcComplete(true) and_not (CurlyTraining80(false) and MoeTraining80(false)) :end</conditions>
</trigger>
<trigger>
	<dtimeGame>20220410181504</dtimeGame>	<dtimeReal>20220905155424</dtimeReal>
	<name>WarnPoorTraining</name>
	<triggerType>HELPTIP_TRIGGER</triggerType>
	<timesGoneOff>7</timesGoneOff>
	<conditions>ConditionList: FirstPhaseCompleted(true) and WhichScreen2,2 and UserProcComplete(true) and_not (CurlyTraining80(false) and MoeTraining80(false)) :end</conditions>
</trigger>
<gameEvent>
	<dtimeGame>20220410181509</dtimeGame>	<dtimeReal>20220905155424</dtimeReal>
	<pause></pause>
</gameEvent>
<uiEvent>
	<dtimeGame>20220410181509</dtimeGame>	<dtimeReal>20220905155426</dtimeReal>
	<tab>user</tab>
</uiEvent>
<trigger>
	<dtimeGame>20220410181509</dtimeGame>	<dtimeReal>20220905155427</dtimeReal>
	<name>TipTrain</name>
	<triggerType>HELPTIP_TRIGGER</triggerType>
	<timesGoneOff>8</timesGoneOff>
	<conditions>ConditionList: FirstPhaseCompleted(true) and WhichScreen6,6 and UserProcComplete(true) and_not (CurlyTraining80(false) and MoeTraining80(false)) :end</conditions>
</trigger>
<userEvent>
	<dtimeGame>20220410181509</dtimeGame>	<dtimeReal>20220905155435</dtimeReal>
	<train>
		<name>Curly</name>
		<level>95</level>
	</train>
	<cost>1250</cost><cash>3660</cash>
</userEvent>
<trigger>
	<dtimeGame>20220410181509</dtimeGame>	<dtimeReal>20220905155533</dtimeReal>
	<name>TipTrain</name>
	<triggerType>HELPTIP_TRIGGER</triggerType>
	<timesGoneOff>9</timesGoneOff>
	<conditions>ConditionList: FirstPhaseCompleted(true) and WhichScreen6,6 and UserProcComplete(true) and_not (CurlyTraining80(true) and MoeTraining80(false)) :end</conditions>
</trigger>
<userEvent>
	<dtimeGame>20220410181509</dtimeGame>	<dtimeReal>20220905155539</dtimeReal>
	<train>
		<name>Moe</name>
		<level>90</level>
	</train>
	<cost>1250</cost><cash>2410</cash>
</userEvent>
<uiEvent>
	<dtimeGame>20220410181509</dtimeGame>	<dtimeReal>20220905155542</dtimeReal>
	<tab>office</tab>
</uiEvent>
<gameEvent>
	<dtimeGame>20220410181509</dtimeGame>	<dtimeReal>20220905155543</dtimeReal>
	<resume></resume>
</gameEvent>
<trigger>
	<dtimeGame>20220410182002</dtimeGame>	<dtimeReal>20220905155544</dtimeReal>
	<name>SetUserTrainComplete</name>
	<triggerType>SET_OBJECTIVE_STATUS</triggerType>
	<timesGoneOff>1</timesGoneOff>
	<conditions>ConditionList: FirstPhaseCompleted(true) and WhichScreen2,2 and CurlyTraining80(true) and MoeTraining80(true) :end</conditions>
</trigger>
<trigger>
	<dtimeGame>20220410182504</dtimeGame>	<dtimeReal>20220905155545</dtimeReal>
	<name>AdvancetoPhase3Virus</name>
	<triggerType>SET_PHASE</triggerType>
	<timesGoneOff>1</timesGoneOff>
	<conditions>ConditionList: FirstPhaseCompleted(true) and UserProcComplete(true) and UserTrainComplete(true) and_not SecondPhaseCompleted(false) and (MoeHasVirus(true) or CurlyHasVirus(true)) :end</conditions>
</trigger>
<trigger>
	<dtimeGame>20220410182504</dtimeGame>	<dtimeReal>20220905155551</dtimeReal>
	<name>ComputersAvailable</name>
	<triggerType>COMPUTER_AVAIABILITY</triggerType>
	<timesGoneOff>1</timesGoneOff>
	<conditions>ConditionList: AdvancePhase3Virus(true) and (MoeHasVirus(true) or CurlyHasVirus(true)) :end</conditions>
</trigger>
<trigger>
	<dtimeGame>20220410182504</dtimeGame>	<dtimeReal>20220905155551</dtimeReal>
	<name>RemoveMalware</name>
	<triggerType>CLEAR_MALWARE</triggerType>
	<timesGoneOff>1</timesGoneOff>
	<conditions>ConditionList: AdvancePhase3Virus(true) and (MoeHasVirus(true) or CurlyHasVirus(true)) :end</conditions>
</trigger>
<trigger>
	<dtimeGame>20220410182504</dtimeGame>	<dtimeReal>20220905155551</dtimeReal>
	<name>Phase2</name>
	<triggerType>SAVEGAME_TRIGGER</triggerType>
	<timesGoneOff>1</timesGoneOff>
	<conditions>ConditionList: SecondPhaseCompleted(true) :end</conditions>
</trigger>
<gameEvent>
	<dtimeGame>20220410182504</dtimeGame>	<dtimeReal>20220905155551</dtimeReal>
	<saveFile>Phase2.sdf</saveFile>
</gameEvent>
<trigger>
	<dtimeGame>20220410182504</dtimeGame>	<dtimeReal>20220905155551</dtimeReal>
	<name>VirusCleanupThought</name>
	<triggerType>SET_USER_THOUGHT</triggerType>
	<timesGoneOff>1</timesGoneOff>
	<conditions>ConditionList: AdvancePhase3Virus(true) :end</conditions>
</trigger>
<trigger>
	<dtimeGame>20220410182504</dtimeGame>	<dtimeReal>20220905155551</dtimeReal>
	<name>VirusCleanupMoeThought</name>
	<triggerType>SET_USER_THOUGHT</triggerType>
	<timesGoneOff>1</timesGoneOff>
	<conditions>ConditionList: AdvancePhase3Virus(true) :end</conditions>
</trigger>
<triggerErase>
	<dtimeGame>20220410182504</dtimeGame>	<dtimeReal>20220905155551</dtimeReal>
	<name>ComputersAvailable</name>
	<triggerType>COMPUTER_AVAIABILITY</triggerType>
	<timesGoneOff>1</timesGoneOff>
	<conditions>ConditionList: AdvancePhase3Virus(true) and (MoeHasVirus(false) or CurlyHasVirus(false)) :end</conditions>
</triggerErase>
<summaryEvent>
	<dtimeGame>20220410182602</dtimeGame>	<dtimeReal>20220905155552</dtimeReal>
	<bonus>0</bonus><cash>2407</cash>
</summaryEvent>
<userEvent>
	<dtimeGame>20220410182738</dtimeGame>	<dtimeReal>20220905155553</dtimeReal>
	<newMode>
		<name>Curly</name>
		<animMode>3</animMode>
	</newMode>
	<cost>0</cost><cash>2407</cash>
</userEvent>
<userEvent>
	<dtimeGame>20220410182933</dtimeGame>	<dtimeReal>20220905155553</dtimeReal>
	<newMode>
		<name>Moe</name>
		<animMode>3</animMode>
	</newMode>
	<cost>0</cost><cash>2408</cash>
</userEvent>
<trigger>
	<dtimeGame>20220410184002</dtimeGame>	<dtimeReal>20220905155555</dtimeReal>
	<name>PhySecTicker</name>
	<triggerType>TICKER_TRIGGER</triggerType>
	<timesGoneOff>1</timesGoneOff>
	<conditions>ConditionList: not OfficeHasSecurity(false) and SecondPhaseCompleted(true) :end</conditions>
</trigger>
<trigger>
	<dtimeGame>20220410185504</dtimeGame>	<dtimeReal>20220905155558</dtimeReal>
	<name>PhysSecTip</name>
	<triggerType>HELPTIP_TRIGGER</triggerType>
	<timesGoneOff>1</timesGoneOff>
	<conditions>ConditionList: not OfficeHasSecurity(false) and SecondPhaseCompleted(true) :end</conditions>
</trigger>
<gameEvent>
	<dtimeGame>20220410190718</dtimeGame>	<dtimeReal>20220905155601</dtimeReal>
	<pause></pause>
</gameEvent>
<gameEvent>
	<dtimeGame>20220410190718</dtimeGame>	<dtimeReal>20220905155603</dtimeReal>
	<resume></resume>
</gameEvent>
<trigger>
	<dtimeGame>20220410194000</dtimeGame>	<dtimeReal>20220905155610</dtimeReal>
	<name>BadPolicies</name>
	<triggerType>ATTACK_TRIGGER</triggerType>
	<timesGoneOff>4</timesGoneOff>
	<conditions>ConditionList: FirstPhaseCompleted(true) :end</conditions>
</trigger>
<trigger>
	<dtimeGame>20220410194000</dtimeGame>	<dtimeReal>20220905155610</dtimeReal>
	<name>Malware</name>
	<triggerType>ATTACK_TRIGGER</triggerType>
	<timesGoneOff>4</timesGoneOff>
	<conditions>ConditionList: FirstPhaseCompleted(true) :end</conditions>
</trigger>
<trigger>
	<dtimeGame>20220410194000</dtimeGame>	<dtimeReal>20220905155610</dtimeReal>
	<name>BreakingHW</name>
	<triggerType>ATTACK_TRIGGER</triggerType>
	<timesGoneOff>1</timesGoneOff>
	<conditions>ConditionList: SecondPhaseCompleted(true) :end</conditions>
</trigger>
<warning>
	<dtimeGame>20220410194000</dtimeGame>	<dtimeReal>20220905155613</dtimeReal>
	<hwStolen>Curly_ws</hwStolen>
	<attackType>13</attackType>
</warning>
<componentEvent>
	<dtimeGame>20220410194000</dtimeGame>	<dtimeReal>20220905155613</dtimeReal>
	<name>Curly_ws</name>
	<networkDisconnect>LAN 1</networkDisconnect>
	<cost>0</cost><cash>2435</cash>
</componentEvent>
<trigger>
	<dtimeGame>20220410194000</dtimeGame>	<dtimeReal>20220905155613</dtimeReal>
	<name>ClearThought</name>
	<triggerType>CLEAR_TRIGGERED_THOUGHTS</triggerType>
	<timesGoneOff>1</timesGoneOff>
	<conditions>ConditionList: AdvancePhase3Virus(true) :end</conditions>
</trigger>
<userEvent>
	<dtimeGame>20220410194444</dtimeGame>	<dtimeReal>20220905155616</dtimeReal>
	<newMode>
		<name>Curly</name>
		<animMode>2</animMode>
	</newMode>
	<cost>0</cost><cash>2437</cash>
</userEvent>
<gameEvent>
	<dtimeGame>20220410194546</dtimeGame>	<dtimeReal>20220905155616</dtimeReal>
	<pause></pause>
</gameEvent>
<goalFailure>
	<dtimeGame>20220410194546</dtimeGame>	<dtimeReal>20220905155616</dtimeReal>
	<name>Modify BortSoft Data</name>
	<userList>Curly</userList>
	<reason>The Modify BortSoft Data goal failed for Curly because no workstation could access BortSoft Data.</reason>
	<cost>0</cost><cash>2437</cash>
</goalFailure>
<goalFailure>
	<dtimeGame>20220410194546</dtimeGame>	<dtimeReal>20220905155616</dtimeReal>
	<name>Read Curly's E-Mail</name>
	<userList>Curly</userList>
	<reason>The Modify BortSoft Data goal failed for me because no workstation could access BortSoft Data.</reason>
	<cost>0</cost><cash>2437</cash>
</goalFailure>
<goalFailure>
	<dtimeGame>20220410194546</dtimeGame>	<dtimeReal>20220905155616</dtimeReal>
	<name>Modify BortSoft Data</name>
	<userList>Curly</userList>
	<reason>The Modify BortSoft Data goal failed for Curly because no workstation could access BortSoft Data.</reason>
	<cost>0</cost><cash>2437</cash>
</goalFailure>
<goalFailure>
	<dtimeGame>20220410194546</dtimeGame>	<dtimeReal>20220905155616</dtimeReal>
	<name>Read Curly's E-Mail</name>
	<userList>Curly</userList>
	<reason>The Modify BortSoft Data goal failed for me because no workstation could access BortSoft Data.</reason>
	<cost>0</cost><cash>2437</cash>
</goalFailure>
<uiEvent>
	<dtimeGame>20220410194546</dtimeGame>	<dtimeReal>20220905155620</dtimeReal>
	<tab>game</tab>
</uiEvent>
<gameEvent>
	<dtimeGame>20220410194546</dtimeGame>	<dtimeReal>20220905155636</dtimeReal>
	<saveFile>saved_Sep5_15_56.sdf</saveFile>
</gameEvent>
<gameEvent>
	<dtimeGame>20220410194546</dtimeGame>	<dtimeReal>20220905155645</dtimeReal>
	<end>quit</end>
</gameEvent>
<gameEvent>
	<dtimeGame>20220410194546</dtimeGame>	<dtimeReal>20220905155645</dtimeReal>
	<end>quit</end>
</gameEvent>
</CyberCIEGEeventLog>