<?xml version="1.0"?>
<!DOCTYPE CyberCIEGEeventLog SYSTEM "..\..\eventlog.dtd">
<CyberCIEGEeventLog>
<gameEvent>
	<dtimeGame>20220101060200</dtimeGame>	<dtimeReal>20221009133845</dtimeReal>
	<loadFile>..\Mandatory Access Controls\1_MAC.sdf</loadFile>
</gameEvent>
<gameEvent>
	<dtimeGame>20220101060200</dtimeGame>	<dtimeReal>20221009133845</dtimeReal>
	<loadFile>MAC.CSM 10/6/11 9 02 AM</loadFile>
</gameEvent>
<gameEvent>
	<dtimeGame>20220105080000</dtimeGame>	<dtimeReal>20221009133846</dtimeReal>
	<creates>
		<user>Jill</user>
	</creates>
</gameEvent>
<gameEvent>
	<dtimeGame>20220105080000</dtimeGame>	<dtimeReal>20221009133846</dtimeReal>
	<creates>
		<user>Joe</user>
	</creates>
</gameEvent>
<gameEvent>
	<dtimeGame>20220105080000</dtimeGame>	<dtimeReal>20221009133846</dtimeReal>
	<creates>
		<user>Guard</user>
	</creates>
</gameEvent>
<componentEvent>
	<dtimeGame>20220105080000</dtimeGame>	<dtimeReal>20221009133846</dtimeReal>
	<name>NNN Router</name>
	<networkConnect>NNN's LAN</networkConnect>
	<cost>0</cost><cash>4000</cash>
</componentEvent>
<componentEvent>
	<dtimeGame>20220105080000</dtimeGame>	<dtimeReal>20221009133846</dtimeReal>
	<name>NNN Router</name>
	<networkConnect>Internet</networkConnect>
	<cost>0</cost><cash>4000</cash>
</componentEvent>
<gameEvent>
	<dtimeGame>20220105080000</dtimeGame>	<dtimeReal>20221009133846</dtimeReal>
	<creates>
		<deviceName>NNN Router</deviceName>
	</creates>
</gameEvent>
<componentEvent>
	<dtimeGame>20220105080000</dtimeGame>	<dtimeReal>20221009133846</dtimeReal>
	<name>NNN Web Server</name>
	<networkConnect>NNN's LAN</networkConnect>
	<cost>0</cost><cash>4000</cash>
</componentEvent>
<assetEvent>
	<dtimeGame>20220105080000</dtimeGame>	<dtimeReal>20221009133846</dtimeReal>
	<name>NNN News Feed</name>
	<moveType>Add : SCENARIO_FILE</moveType>
	<computerName>NNN Web Server</computerName>
</assetEvent>
<gameEvent>
	<dtimeGame>20220105080000</dtimeGame>	<dtimeReal>20221009133846</dtimeReal>
	<creates>
		<computerName>NNN Web Server</computerName>
	</creates>
</gameEvent>
<componentEvent>
	<dtimeGame>20220105080000</dtimeGame>	<dtimeReal>20221009133846</dtimeReal>
	<name>router</name>
	<networkConnect>LAN 1</networkConnect>
	<cost>0</cost><cash>4000</cash>
</componentEvent>
<componentEvent>
	<dtimeGame>20220105080000</dtimeGame>	<dtimeReal>20221009133846</dtimeReal>
	<name>router</name>
	<networkConnect>Internet</networkConnect>
	<cost>0</cost><cash>4000</cash>
</componentEvent>
<gameEvent>
	<dtimeGame>20220105080000</dtimeGame>	<dtimeReal>20221009133846</dtimeReal>
	<creates>
		<deviceName>router</deviceName>
	</creates>
</gameEvent>
<componentEvent>
	<dtimeGame>20220105080000</dtimeGame>	<dtimeReal>20221009133846</dtimeReal>
	<name>Server</name>
	<accountAdd>
		<user>Jill</user>
	</accountAdd>
	<cost>0</cost><cash>4000</cash>
</componentEvent>
<componentEvent>
	<dtimeGame>20220105080000</dtimeGame>	<dtimeReal>20221009133846</dtimeReal>
	<name>Server</name>
	<accountAdd>
		<user>Joe</user>
	</accountAdd>
	<cost>0</cost><cash>4000</cash>
</componentEvent>
<componentEvent>
	<dtimeGame>20220105080000</dtimeGame>	<dtimeReal>20221009133846</dtimeReal>
	<name>Server</name>
	<accountAdd>
		<group>Command</group>
	</accountAdd>
	<cost>0</cost><cash>4000</cash>
</componentEvent>
<assetEvent>
	<dtimeGame>20220105080000</dtimeGame>	<dtimeReal>20221009133846</dtimeReal>
	<name>Open Source Reports</name>
	<moveType>Add : SCENARIO_FILE</moveType>
	<computerName>Server</computerName>
</assetEvent>
<gameEvent>
	<dtimeGame>20220105080000</dtimeGame>	<dtimeReal>20221009133846</dtimeReal>
	<creates>
		<computerName>Server</computerName>
	</creates>
</gameEvent>
<componentEvent>
	<dtimeGame>20220105080000</dtimeGame>	<dtimeReal>20221009133846</dtimeReal>
	<name>Joe's workstation</name>
	<accountAdd>
		<user>Joe</user>
	</accountAdd>
	<cost>0</cost><cash>4000</cash>
</componentEvent>
<componentEvent>
	<dtimeGame>20220105080000</dtimeGame>	<dtimeReal>20221009133846</dtimeReal>
	<name>Joe's workstation</name>
	<networkConnect>LAN 1</networkConnect>
	<cost>0</cost><cash>4000</cash>
</componentEvent>
<gameEvent>
	<dtimeGame>20220105080000</dtimeGame>	<dtimeReal>20221009133846</dtimeReal>
	<creates>
		<computerName>Joe's workstation</computerName>
	</creates>
</gameEvent>
<componentEvent>
	<dtimeGame>20220105080000</dtimeGame>	<dtimeReal>20221009133846</dtimeReal>
	<name>Jill's workstation</name>
	<accountAdd>
		<user>Jill</user>
	</accountAdd>
	<cost>0</cost><cash>4000</cash>
</componentEvent>
<componentEvent>
	<dtimeGame>20220105080000</dtimeGame>	<dtimeReal>20221009133846</dtimeReal>
	<name>Jill's workstation</name>
	<networkConnect>LAN 2</networkConnect>
	<cost>0</cost><cash>4000</cash>
</componentEvent>
<assetEvent>
	<dtimeGame>20220105080000</dtimeGame>	<dtimeReal>20221009133846</dtimeReal>
	<name>Deployment Plans</name>
	<moveType>Add : SCENARIO_FILE</moveType>
	<computerName>Jill's workstation</computerName>
</assetEvent>
<gameEvent>
	<dtimeGame>20220105080000</dtimeGame>	<dtimeReal>20221009133846</dtimeReal>
	<creates>
		<computerName>Jill's workstation</computerName>
	</creates>
</gameEvent>
<goalFailure>
	<dtimeGame>20220105080000</dtimeGame>	<dtimeReal>20221009133846</dtimeReal>
	<name>Summarize open source reports</name>
	<userList>Joe</userList>
	<reason>I failed Summarize open source reports.  </reason>
	<cost>0</cost><cash>4000</cash>
</goalFailure>
<goalFailure>
	<dtimeGame>20220105080000</dtimeGame>	<dtimeReal>20221009133846</dtimeReal>
	<name>Plan Troop Deployments</name>
	<userList>Jill</userList>
	<reason>I failed Plan Troop Deployments.  </reason>
	<cost>0</cost><cash>4000</cash>
</goalFailure>
<gameEvent>
	<dtimeGame>20220105080000</dtimeGame>	<dtimeReal>20221009133846</dtimeReal>
	<start></start>
</gameEvent>
<trigger>
	<dtimeGame>20220105080000</dtimeGame>	<dtimeReal>20221009133846</dtimeReal>
	<name>encyl</name>
	<triggerType>ECONTEXT_TRIGGER</triggerType>
	<timesGoneOff>1</timesGoneOff>
	<conditions>ConditionList: not OneHour(false) :end</conditions>
</trigger>
<uiEvent>
	<dtimeGame>20220105080000</dtimeGame>	<dtimeReal>20221009133908</dtimeReal>
	<tab>component</tab>
</uiEvent>
<uiEvent>
	<dtimeGame>20220105080000</dtimeGame>	<dtimeReal>20221009133937</dtimeReal>
	<tab>game</tab>
</uiEvent>
<uiEvent>
	<dtimeGame>20220105080000</dtimeGame>	<dtimeReal>20221009133938</dtimeReal>
	<tab>objective</tab>
</uiEvent>
<uiEvent>
	<dtimeGame>20220105080000</dtimeGame>	<dtimeReal>20221009134354</dtimeReal>
	<tab>network</tab>
</uiEvent>
<trigger>
	<dtimeGame>20220105080000</dtimeGame>	<dtimeReal>20221009134355</dtimeReal>
	<name>ConnectBoth</name>
	<triggerType>HELPTIP_TRIGGER</triggerType>
	<timesGoneOff>1</timesGoneOff>
	<conditions>ConditionList: not JillConnected(false) or_not JoeConnected(false) and OnScreen3,3 :end</conditions>
</trigger>
<componentEvent>
	<dtimeGame>20220105080000</dtimeGame>	<dtimeReal>20221009134358</dtimeReal>
	<name>Server</name>
	<networkConnect>LAN 1</networkConnect>
	<cost>0</cost><cash>4000</cash>
</componentEvent>
<trigger>
	<dtimeGame>20220105080000</dtimeGame>	<dtimeReal>20221009134358</dtimeReal>
	<name>ConnectBoth</name>
	<triggerType>HELPTIP_TRIGGER</triggerType>
	<timesGoneOff>2</timesGoneOff>
	<conditions>ConditionList: not JillConnected(false) or_not JoeConnected(true) and OnScreen3,3 :end</conditions>
</trigger>
<componentEvent>
	<dtimeGame>20220105080000</dtimeGame>	<dtimeReal>20221009134400</dtimeReal>
	<name>Server</name>
	<networkConnect>LAN 2</networkConnect>
	<cost>0</cost><cash>4000</cash>
</componentEvent>
<trigger>
	<dtimeGame>20220105080000</dtimeGame>	<dtimeReal>20221009134400</dtimeReal>
	<name>SetLabels</name>
	<triggerType>HELPTIP_TRIGGER</triggerType>
	<timesGoneOff>1</timesGoneOff>
	<conditions>ConditionList: JillConnected(true) and_not JillSecret(false) and OnScreen3,3 :end</conditions>
</trigger>
<trigger>
	<dtimeGame>20220105080000</dtimeGame>	<dtimeReal>20221009134400</dtimeReal>
	<name>LANsConnected</name>
	<triggerType>SET_OBJECTIVE_STATUS</triggerType>
	<timesGoneOff>1</timesGoneOff>
	<conditions>ConditionList: not LANsConnected(false) and JoeConnected(true) and JillConnected(true) :end</conditions>
</trigger>
<uiEvent>
	<dtimeGame>20220105080000</dtimeGame>	<dtimeReal>20221009134402</dtimeReal>
	<tab>objective</tab>
</uiEvent>
<uiEvent>
	<dtimeGame>20220105080000</dtimeGame>	<dtimeReal>20221009134421</dtimeReal>
	<tab>asset</tab>
</uiEvent>
<uiEvent>
	<dtimeGame>20220105080000</dtimeGame>	<dtimeReal>20221009134422</dtimeReal>
	<tab>user</tab>
</uiEvent>
<uiEvent>
	<dtimeGame>20220105080000</dtimeGame>	<dtimeReal>20221009134432</dtimeReal>
	<tab>network</tab>
</uiEvent>
<trigger>
	<dtimeGame>20220105080000</dtimeGame>	<dtimeReal>20221009134432</dtimeReal>
	<name>SetLabels</name>
	<triggerType>HELPTIP_TRIGGER</triggerType>
	<timesGoneOff>2</timesGoneOff>
	<conditions>ConditionList: JillConnected(true) and_not JillSecret(false) and OnScreen3,3 :end</conditions>
</trigger>
<trigger>
	<dtimeGame>20220105080000</dtimeGame>	<dtimeReal>20221009134442</dtimeReal>
	<name>SetLabels</name>
	<triggerType>HELPTIP_TRIGGER</triggerType>
	<timesGoneOff>3</timesGoneOff>
	<conditions>ConditionList: JillConnected(true) and_not JillSecret(false) and OnScreen3,3 :end</conditions>
</trigger>
<uiEvent>
	<dtimeGame>20220105080000</dtimeGame>	<dtimeReal>20221009134445</dtimeReal>
	<tab>component</tab>
</uiEvent>
<uiEvent>
	<dtimeGame>20220105080000</dtimeGame>	<dtimeReal>20221009134452</dtimeReal>
	<tab>network</tab>
</uiEvent>
<trigger>
	<dtimeGame>20220105080000</dtimeGame>	<dtimeReal>20221009134452</dtimeReal>
	<name>SetLabels</name>
	<triggerType>HELPTIP_TRIGGER</triggerType>
	<timesGoneOff>4</timesGoneOff>
	<conditions>ConditionList: JillConnected(true) and_not JillSecret(false) and OnScreen3,3 :end</conditions>
</trigger>
<componentEvent>
	<dtimeGame>20220105080000</dtimeGame>	<dtimeReal>20221009134517</dtimeReal>
	<name>Server</name>
	<networkLabel>
		<network>LAN 1</network><label>UNCLASSIFIED</label>
	</networkLabel>
	<cost>0</cost><cash>4000</cash>
</componentEvent>
<trigger>
	<dtimeGame>20220105080000</dtimeGame>	<dtimeReal>20221009134523</dtimeReal>
	<name>SetLabels</name>
	<triggerType>HELPTIP_TRIGGER</triggerType>
	<timesGoneOff>5</timesGoneOff>
	<conditions>ConditionList: JillConnected(true) and_not JillSecret(false) and OnScreen3,3 :end</conditions>
</trigger>
<trigger>
	<dtimeGame>20220105080000</dtimeGame>	<dtimeReal>20221009134533</dtimeReal>
	<name>SetLabels</name>
	<triggerType>HELPTIP_TRIGGER</triggerType>
	<timesGoneOff>6</timesGoneOff>
	<conditions>ConditionList: JillConnected(true) and_not JillSecret(false) and OnScreen3,3 :end</conditions>
</trigger>
<goalFailure>
	<dtimeGame>20220105080000</dtimeGame>	<dtimeReal>20221009134535</dtimeReal>
	<name>Plan Troop Deployments</name>
	<userList>Jill</userList>
	<reason>I failed Plan Troop Deployments.  </reason>
	<cost>0</cost><cash>4000</cash>
</goalFailure>
<uiEvent>
	<dtimeGame>20220105080000</dtimeGame>	<dtimeReal>20221009134535</dtimeReal>
	<tab>office</tab>
</uiEvent>
<gameEvent>
	<dtimeGame>20220105080000</dtimeGame>	<dtimeReal>20221009134536</dtimeReal>
	<resume></resume>
</gameEvent>
<goalFailure>
	<dtimeGame>20220105080000</dtimeGame>	<dtimeReal>20221009134536</dtimeReal>
	<name>Plan Troop Deployments</name>
	<userList>Jill</userList>
	<reason>I failed Plan Troop Deployments.  </reason>
	<cost>0</cost><cash>4000</cash>
</goalFailure>
<summaryEvent>
	<dtimeGame>20220105080102</dtimeGame>	<dtimeReal>20221009134536</dtimeReal>
	<bonus>-0</bonus><cash>3999</cash>
</summaryEvent>
<userEvent>
	<dtimeGame>20220105080238</dtimeGame>	<dtimeReal>20221009134537</dtimeReal>
	<newMode>
		<name>Joe</name>
		<animMode>14</animMode>
	</newMode>
	<cost>0</cost><cash>3997</cash>
</userEvent>
<userEvent>
	<dtimeGame>20220105080613</dtimeGame>	<dtimeReal>20221009134537</dtimeReal>
	<newMode>
		<name>Jill</name>
		<animMode>14</animMode>
	</newMode>
	<cost>0</cost><cash>3992</cash>
</userEvent>
<userEvent>
	<dtimeGame>20220105080935</dtimeGame>	<dtimeReal>20221009134538</dtimeReal>
	<newMode>
		<name>Joe</name>
		<animMode>3</animMode>
	</newMode>
	<cost>0</cost><cash>3989</cash>
</userEvent>
<userEvent>
	<dtimeGame>20220105081632</dtimeGame>	<dtimeReal>20221009134540</dtimeReal>
	<newMode>
		<name>Joe</name>
		<animMode>14</animMode>
	</newMode>
	<cost>0</cost><cash>3980</cash>
</userEvent>
<trigger>
	<dtimeGame>20220105082003</dtimeGame>	<dtimeReal>20221009134540</dtimeReal>
	<name>bad labels</name>
	<triggerType>SPEAK_TRIGGER</triggerType>
	<timesGoneOff>1</timesGoneOff>
	<conditions>ConditionList: JillConnected(true) and_not JillSecret(false) :end</conditions>
</trigger>
<userEvent>
	<dtimeGame>20220105082009</dtimeGame>	<dtimeReal>20221009134540</dtimeReal>
	<newMode>
		<name>Jill</name>
		<animMode>3</animMode>
	</newMode>
	<cost>0</cost><cash>3975</cash>
</userEvent>
<trigger>
	<dtimeGame>20220105082203</dtimeGame>	<dtimeReal>20221009134541</dtimeReal>
	<name>multiChannel</name>
	<triggerType>QUESTION</triggerType>
	<timesGoneOff>1</timesGoneOff>
	<conditions>ConditionList: OnScreen2,2 and serverMultilevel(true) :end</conditions>
</trigger>
<goalFailure>
	<dtimeGame>20220105082203</dtimeGame>	<dtimeReal>20221009134602</dtimeReal>
	<name>Plan Troop Deployments</name>
	<userList>Jill</userList>
	<reason>I failed Plan Troop Deployments.  </reason>
	<cost>0</cost><cash>3972</cash>
</goalFailure>
<playerResponse>
	<dtimeGame>20220105082203</dtimeGame>	<dtimeReal>20221009134602</dtimeReal>
	<triggerName>multiChannel</triggerName>
	<answer>b</answer>
</playerResponse>
<trigger>
	<dtimeGame>20220105082203</dtimeGame>	<dtimeReal>20221009134602</dtimeReal>
	<name>multiAnswerB</name>
	<triggerType>MESSAGE_TRIGGER</triggerType>
	<timesGoneOff>1</timesGoneOff>
	<conditions>ConditionList: OnScreen2,2 and regA98,98 :end</conditions>
</trigger>
<userEvent>
	<dtimeGame>20220105082723</dtimeGame>	<dtimeReal>20221009134629</dtimeReal>
	<newMode>
		<name>Jill</name>
		<animMode>14</animMode>
	</newMode>
	<cost>0</cost><cash>3966</cash>
</userEvent>
<goalFailure>
	<dtimeGame>20220105084318</dtimeGame>	<dtimeReal>20221009134632</dtimeReal>
	<name>Plan Troop Deployments</name>
	<userList>Jill</userList>
	<reason>Summarize open source reports failed because user Jill failed goal Plan Troop Deployments</reason>
	<cost>10</cost><cash>3946</cash>
</goalFailure>
<goalFailure>
	<dtimeGame>20220105084318</dtimeGame>	<dtimeReal>20221009134632</dtimeReal>
	<name>Summarize open source reports</name>
	<userList>Joe</userList>
	<reason></reason>
	<cost>10</cost><cash>3946</cash>
</goalFailure>
<userEvent>
	<dtimeGame>20220105084439</dtimeGame>	<dtimeReal>20221009134633</dtimeReal>
	<newMode>
		<name>Joe</name>
		<animMode>3</animMode>
	</newMode>
	<cost>0</cost><cash>3944</cash>
</userEvent>
<gameEvent>
	<dtimeGame>20220105084605</dtimeGame>	<dtimeReal>20221009134633</dtimeReal>
	<pause></pause>
</gameEvent>
<goalFailure>
	<dtimeGame>20220105084605</dtimeGame>	<dtimeReal>20221009134633</dtimeReal>
	<name>Plan Troop Deployments</name>
	<userList>Jill</userList>
	<reason>I failed Plan Troop Deployments.  </reason>
	<cost>0</cost><cash>3942</cash>
</goalFailure>
<uiEvent>
	<dtimeGame>20220105084605</dtimeGame>	<dtimeReal>20221009134639</dtimeReal>
	<tab>network</tab>
</uiEvent>
<trigger>
	<dtimeGame>20220105084605</dtimeGame>	<dtimeReal>20221009134639</dtimeReal>
	<name>SetLabels</name>
	<triggerType>HELPTIP_TRIGGER</triggerType>
	<timesGoneOff>7</timesGoneOff>
	<conditions>ConditionList: JillConnected(true) and_not JillSecret(false) and OnScreen3,3 :end</conditions>
</trigger>
<componentEvent>
	<dtimeGame>20220105084605</dtimeGame>	<dtimeReal>20221009134654</dtimeReal>
	<name>Jill's workstation</name>
	<networkLabel>
		<network>LAN 2</network><label>UNCLASSIFIED</label>
	</networkLabel>
	<cost>0</cost><cash>3942</cash>
</componentEvent>
<goalFailure>
	<dtimeGame>20220105084605</dtimeGame>	<dtimeReal>20221009134658</dtimeReal>
	<name>Plan Troop Deployments</name>
	<userList>Jill</userList>
	<reason>I failed Plan Troop Deployments.  </reason>
	<cost>0</cost><cash>3942</cash>
</goalFailure>
<uiEvent>
	<dtimeGame>20220105084605</dtimeGame>	<dtimeReal>20221009134658</dtimeReal>
	<tab>office</tab>
</uiEvent>
<gameEvent>
	<dtimeGame>20220105084605</dtimeGame>	<dtimeReal>20221009134703</dtimeReal>
	<resume></resume>
</gameEvent>
<goalFailure>
	<dtimeGame>20220105084605</dtimeGame>	<dtimeReal>20221009134703</dtimeReal>
	<name>Plan Troop Deployments</name>
	<userList>Jill</userList>
	<reason>I failed Plan Troop Deployments.  </reason>
	<cost>0</cost><cash>3942</cash>
</goalFailure>
<userEvent>
	<dtimeGame>20220105084815</dtimeGame>	<dtimeReal>20221009134703</dtimeReal>
	<newMode>
		<name>Jill</name>
		<animMode>3</animMode>
	</newMode>
	<cost>0</cost><cash>3939</cash>
</userEvent>
<userEvent>
	<dtimeGame>20220105085136</dtimeGame>	<dtimeReal>20221009134704</dtimeReal>
	<newMode>
		<name>Joe</name>
		<animMode>14</animMode>
	</newMode>
	<cost>0</cost><cash>3936</cash>
</userEvent>
<userEvent>
	<dtimeGame>20220105085512</dtimeGame>	<dtimeReal>20221009134704</dtimeReal>
	<newMode>
		<name>Jill</name>
		<animMode>14</animMode>
	</newMode>
	<cost>0</cost><cash>3931</cash>
</userEvent>
<userEvent>
	<dtimeGame>20220105090531</dtimeGame>	<dtimeReal>20221009134707</dtimeReal>
	<newMode>
		<name>Joe</name>
		<animMode>3</animMode>
	</newMode>
	<cost>0</cost><cash>3918</cash>
</userEvent>
<userEvent>
	<dtimeGame>20220105091228</dtimeGame>	<dtimeReal>20221009134708</dtimeReal>
	<newMode>
		<name>Joe</name>
		<animMode>14</animMode>
	</newMode>
	<cost>0</cost><cash>3909</cash>
</userEvent>
<trigger>
	<dtimeGame>20220105092004</dtimeGame>	<dtimeReal>20221009134710</dtimeReal>
	<name>Internet</name>
	<triggerType>ATTACK_TRIGGER</triggerType>
	<timesGoneOff>1</timesGoneOff>
	<conditions>ConditionList: OneHour(true) or_not OneHour(true) :end</conditions>
</trigger>
<uiEvent>
	<dtimeGame>20220105092520</dtimeGame>	<dtimeReal>20221009134711</dtimeReal>
	<tab>objective</tab>
</uiEvent>
<goalFailure>
	<dtimeGame>20220105092520</dtimeGame>	<dtimeReal>20221009134712</dtimeReal>
	<name>Plan Troop Deployments</name>
	<userList>Jill</userList>
	<reason>I failed Plan Troop Deployments.  </reason>
	<cost>0</cost><cash>3893</cash>
</goalFailure>
<goalFailure>
	<dtimeGame>20220105092520</dtimeGame>	<dtimeReal>20221009134712</dtimeReal>
	<name>Plan Troop Deployments</name>
	<userList>Jill</userList>
	<reason>Summarize open source reports failed because user Jill failed goal Plan Troop Deployments</reason>
	<cost>5</cost><cash>3893</cash>
</goalFailure>
<goalFailure>
	<dtimeGame>20220105092520</dtimeGame>	<dtimeReal>20221009134712</dtimeReal>
	<name>Summarize open source reports</name>
	<userList>Joe</userList>
	<reason></reason>
	<cost>5</cost><cash>3893</cash>
</goalFailure>
<uiEvent>
	<dtimeGame>20220105092520</dtimeGame>	<dtimeReal>20221009134712</dtimeReal>
	<tab>office</tab>
</uiEvent>
<userEvent>
	<dtimeGame>20220105093009</dtimeGame>	<dtimeReal>20221009134713</dtimeReal>
	<newMode>
		<name>Jill</name>
		<animMode>3</animMode>
	</newMode>
	<cost>0</cost><cash>3886</cash>
</userEvent>
<userEvent>
	<dtimeGame>20220105094403</dtimeGame>	<dtimeReal>20221009134716</dtimeReal>
	<newMode>
		<name>Jill</name>
		<animMode>14</animMode>
	</newMode>
	<cost>0</cost><cash>3869</cash>
</userEvent>
<trigger>
	<dtimeGame>20220105094501</dtimeGame>	<dtimeReal>20221009134716</dtimeReal>
	<name>bad labels</name>
	<triggerType>SPEAK_TRIGGER</triggerType>
	<timesGoneOff>2</timesGoneOff>
	<conditions>ConditionList: JillConnected(true) and_not JillSecret(false) :end</conditions>
</trigger>
<userEvent>
	<dtimeGame>20220105095758</dtimeGame>	<dtimeReal>20221009134719</dtimeReal>
	<newMode>
		<name>Jill</name>
		<animMode>3</animMode>
	</newMode>
	<cost>0</cost><cash>3852</cash>
</userEvent>
<userEvent>
	<dtimeGame>20220105100455</dtimeGame>	<dtimeReal>20221009134721</dtimeReal>
	<newMode>
		<name>Jill</name>
		<animMode>14</animMode>
	</newMode>
	<cost>0</cost><cash>3843</cash>
</userEvent>
<userEvent>
	<dtimeGame>20220105101153</dtimeGame>	<dtimeReal>20221009134722</dtimeReal>
	<newMode>
		<name>Jill</name>
		<animMode>3</animMode>
	</newMode>
	<cost>0</cost><cash>3835</cash>
</userEvent>
<goalFailure>
	<dtimeGame>20220105101807</dtimeGame>	<dtimeReal>20221009134723</dtimeReal>
	<name>Plan Troop Deployments</name>
	<userList>Jill</userList>
	<reason>Summarize open source reports failed because user Jill failed goal Plan Troop Deployments</reason>
	<cost>25</cost><cash>3826</cash>
</goalFailure>
<goalFailure>
	<dtimeGame>20220105101807</dtimeGame>	<dtimeReal>20221009134723</dtimeReal>
	<name>Summarize open source reports</name>
	<userList>Joe</userList>
	<reason></reason>
	<cost>25</cost><cash>3826</cash>
</goalFailure>
<userEvent>
	<dtimeGame>20220105101850</dtimeGame>	<dtimeReal>20221009134724</dtimeReal>
	<newMode>
		<name>Jill</name>
		<animMode>14</animMode>
	</newMode>
	<cost>0</cost><cash>3826</cash>
</userEvent>
<trigger>
	<dtimeGame>20220105102003</dtimeGame>	<dtimeReal>20221009134724</dtimeReal>
	<name>Targeted Malware</name>
	<triggerType>ATTACK_TRIGGER</triggerType>
	<timesGoneOff>1</timesGoneOff>
	<conditions>ConditionList: OneHour(true) :end</conditions>
</trigger>
<trigger>
	<dtimeGame>20220105102003</dtimeGame>	<dtimeReal>20221009134724</dtimeReal>
	<name>Insiders</name>
	<triggerType>ATTACK_TRIGGER</triggerType>
	<timesGoneOff>1</timesGoneOff>
	<conditions>ConditionList: OneHour(true) :end</conditions>
</trigger>
<trigger>
	<dtimeGame>20220105102003</dtimeGame>	<dtimeReal>20221009134724</dtimeReal>
	<name>Breakin</name>
	<triggerType>ATTACK_TRIGGER</triggerType>
	<timesGoneOff>1</timesGoneOff>
	<conditions>ConditionList: OneHour(true) :end</conditions>
</trigger>
<userEvent>
	<dtimeGame>20220105102543</dtimeGame>	<dtimeReal>20221009134725</dtimeReal>
	<newMode>
		<name>Jill</name>
		<animMode>3</animMode>
	</newMode>
	<cost>0</cost><cash>3817</cash>
</userEvent>
<uiEvent>
	<dtimeGame>20220105102845</dtimeGame>	<dtimeReal>20221009134726</dtimeReal>
	<tab>network</tab>
</uiEvent>
<trigger>
	<dtimeGame>20220105102845</dtimeGame>	<dtimeReal>20221009134726</dtimeReal>
	<name>SetLabels</name>
	<triggerType>HELPTIP_TRIGGER</triggerType>
	<timesGoneOff>8</timesGoneOff>
	<conditions>ConditionList: JillConnected(true) and_not JillSecret(false) and OnScreen3,3 :end</conditions>
</trigger>
<componentEvent>
	<dtimeGame>20220105102845</dtimeGame>	<dtimeReal>20221009134738</dtimeReal>
	<name>Server</name>
	<networkLabel>
		<network>LAN 2</network><label>SECRET</label>
	</networkLabel>
	<cost>0</cost><cash>3813</cash>
</componentEvent>
<trigger>
	<dtimeGame>20220105102845</dtimeGame>	<dtimeReal>20221009134738</dtimeReal>
	<name>LabelsOK</name>
	<triggerType>SET_OBJECTIVE_STATUS</triggerType>
	<timesGoneOff>1</timesGoneOff>
	<conditions>ConditionList: not labelsOK(false) and JillSecret(true) and JoeUnclassified(true) :end</conditions>
</trigger>
<userEvent>
	<dtimeGame>20220105102845</dtimeGame>	<dtimeReal>20221009134739</dtimeReal>
	<newMode>
		<name>Jill</name>
		<animMode>14</animMode>
	</newMode>
	<cost>0</cost><cash>3813</cash>
</userEvent>
<uiEvent>
	<dtimeGame>20220105102845</dtimeGame>	<dtimeReal>20221009134741</dtimeReal>
	<tab>office</tab>
</uiEvent>
<summaryEvent>
	<dtimeGame>20220105102900</dtimeGame>	<dtimeReal>20221009134741</dtimeReal>
	<bonus>0</bonus><cash>3813</cash>
</summaryEvent>
<userEvent>
	<dtimeGame>20220105102943</dtimeGame>	<dtimeReal>20221009134741</dtimeReal>
	<newMode>
		<name>Joe</name>
		<animMode>3</animMode>
	</newMode>
	<cost>0</cost><cash>3813</cash>
</userEvent>
<userEvent>
	<dtimeGame>20220105103320</dtimeGame>	<dtimeReal>20221009134742</dtimeReal>
	<newMode>
		<name>Jill</name>
		<animMode>3</animMode>
	</newMode>
	<cost>0</cost><cash>3815</cash>
</userEvent>
<trigger>
	<dtimeGame>20220105104002</dtimeGame>	<dtimeReal>20221009134743</dtimeReal>
	<name>Internet</name>
	<triggerType>ATTACK_TRIGGER</triggerType>
	<timesGoneOff>2</timesGoneOff>
	<conditions>ConditionList: OneHour(true) or_not OneHour(true) :end</conditions>
</trigger>
<uiEvent>
	<dtimeGame>20220105112744</dtimeGame>	<dtimeReal>20221009134755</dtimeReal>
	<tab>objective</tab>
</uiEvent>
<triggerErase>
	<dtimeGame>20220105112744</dtimeGame>	<dtimeReal>20221009134755</dtimeReal>
	<name>bad labels</name>
	<triggerType>SPEAK_TRIGGER</triggerType>
	<timesGoneOff>2</timesGoneOff>
	<conditions>ConditionList: JillConnected(true) and_not JillSecret(true) :end</conditions>
</triggerErase>
<uiEvent>
	<dtimeGame>20220105112744</dtimeGame>	<dtimeReal>20221009134757</dtimeReal>
	<tab>office</tab>
</uiEvent>
<trigger>
	<dtimeGame>20220105114002</dtimeGame>	<dtimeReal>20221009134759</dtimeReal>
	<name>Targeted Malware</name>
	<triggerType>ATTACK_TRIGGER</triggerType>
	<timesGoneOff>2</timesGoneOff>
	<conditions>ConditionList: OneHour(true) :end</conditions>
</trigger>
<trigger>
	<dtimeGame>20220105114002</dtimeGame>	<dtimeReal>20221009134759</dtimeReal>
	<name>Insiders</name>
	<triggerType>ATTACK_TRIGGER</triggerType>
	<timesGoneOff>2</timesGoneOff>
	<conditions>ConditionList: OneHour(true) :end</conditions>
</trigger>
<trigger>
	<dtimeGame>20220105114002</dtimeGame>	<dtimeReal>20221009134759</dtimeReal>
	<name>Breakin</name>
	<triggerType>ATTACK_TRIGGER</triggerType>
	<timesGoneOff>2</timesGoneOff>
	<conditions>ConditionList: OneHour(true) :end</conditions>
</trigger>
<trigger>
	<dtimeGame>20220105120002</dtimeGame>	<dtimeReal>20221009134804</dtimeReal>
	<name>Internet</name>
	<triggerType>ATTACK_TRIGGER</triggerType>
	<timesGoneOff>3</timesGoneOff>
	<conditions>ConditionList: OneHour(true) or_not OneHour(true) :end</conditions>
</trigger>
<trigger>
	<dtimeGame>20220105120002</dtimeGame>	<dtimeReal>20221009134804</dtimeReal>
	<name>Win</name>
	<triggerType>WIN_TRIGGER</triggerType>
	<timesGoneOff>1</timesGoneOff>
	<conditions>ConditionList: AllGoalsMet(true) and_not plansAttacked(false) :end</conditions>
</trigger>
<gameEvent>
	<dtimeGame>20220105120002</dtimeGame>	<dtimeReal>20221009134804</dtimeReal>
	<end>win</end>
</gameEvent>
<uiEvent>
	<dtimeGame>20220105120002</dtimeGame>	<dtimeReal>20221009134808</dtimeReal>
	<tab>game</tab>
</uiEvent>
<gameEvent>
	<dtimeGame>20220105120002</dtimeGame>	<dtimeReal>20221009134814</dtimeReal>
	<end>quit</end>
</gameEvent>
</CyberCIEGEeventLog>