<?xml version="1.0"?>
<!DOCTYPE CyberCIEGEeventLog SYSTEM "..\..\eventlog.dtd">
<CyberCIEGEeventLog>
<gameEvent>
	<dtimeGame>20220101060200</dtimeGame>	<dtimeReal>20221009133448</dtimeReal>
	<loadFile>..\Mandatory Access Controls\1_MAC.sdf</loadFile>
</gameEvent>
<gameEvent>
	<dtimeGame>20220101060200</dtimeGame>	<dtimeReal>20221009133448</dtimeReal>
	<loadFile>MAC.CSM 10/6/11 9 02 AM</loadFile>
</gameEvent>
<gameEvent>
	<dtimeGame>20220105080000</dtimeGame>	<dtimeReal>20221009133448</dtimeReal>
	<creates>
		<user>Jill</user>
	</creates>
</gameEvent>
<gameEvent>
	<dtimeGame>20220105080000</dtimeGame>	<dtimeReal>20221009133448</dtimeReal>
	<creates>
		<user>Joe</user>
	</creates>
</gameEvent>
<gameEvent>
	<dtimeGame>20220105080000</dtimeGame>	<dtimeReal>20221009133448</dtimeReal>
	<creates>
		<user>Guard</user>
	</creates>
</gameEvent>
<componentEvent>
	<dtimeGame>20220105080000</dtimeGame>	<dtimeReal>20221009133448</dtimeReal>
	<name>NNN Router</name>
	<networkConnect>NNN's LAN</networkConnect>
	<cost>0</cost><cash>4000</cash>
</componentEvent>
<componentEvent>
	<dtimeGame>20220105080000</dtimeGame>	<dtimeReal>20221009133448</dtimeReal>
	<name>NNN Router</name>
	<networkConnect>Internet</networkConnect>
	<cost>0</cost><cash>4000</cash>
</componentEvent>
<gameEvent>
	<dtimeGame>20220105080000</dtimeGame>	<dtimeReal>20221009133448</dtimeReal>
	<creates>
		<deviceName>NNN Router</deviceName>
	</creates>
</gameEvent>
<componentEvent>
	<dtimeGame>20220105080000</dtimeGame>	<dtimeReal>20221009133448</dtimeReal>
	<name>NNN Web Server</name>
	<networkConnect>NNN's LAN</networkConnect>
	<cost>0</cost><cash>4000</cash>
</componentEvent>
<assetEvent>
	<dtimeGame>20220105080000</dtimeGame>	<dtimeReal>20221009133448</dtimeReal>
	<name>NNN News Feed</name>
	<moveType>Add : SCENARIO_FILE</moveType>
	<computerName>NNN Web Server</computerName>
</assetEvent>
<gameEvent>
	<dtimeGame>20220105080000</dtimeGame>	<dtimeReal>20221009133448</dtimeReal>
	<creates>
		<computerName>NNN Web Server</computerName>
	</creates>
</gameEvent>
<componentEvent>
	<dtimeGame>20220105080000</dtimeGame>	<dtimeReal>20221009133448</dtimeReal>
	<name>router</name>
	<networkConnect>LAN 1</networkConnect>
	<cost>0</cost><cash>4000</cash>
</componentEvent>
<componentEvent>
	<dtimeGame>20220105080000</dtimeGame>	<dtimeReal>20221009133448</dtimeReal>
	<name>router</name>
	<networkConnect>Internet</networkConnect>
	<cost>0</cost><cash>4000</cash>
</componentEvent>
<gameEvent>
	<dtimeGame>20220105080000</dtimeGame>	<dtimeReal>20221009133448</dtimeReal>
	<creates>
		<deviceName>router</deviceName>
	</creates>
</gameEvent>
<componentEvent>
	<dtimeGame>20220105080000</dtimeGame>	<dtimeReal>20221009133448</dtimeReal>
	<name>Server</name>
	<accountAdd>
		<user>Jill</user>
	</accountAdd>
	<cost>0</cost><cash>4000</cash>
</componentEvent>
<componentEvent>
	<dtimeGame>20220105080000</dtimeGame>	<dtimeReal>20221009133448</dtimeReal>
	<name>Server</name>
	<accountAdd>
		<user>Joe</user>
	</accountAdd>
	<cost>0</cost><cash>4000</cash>
</componentEvent>
<componentEvent>
	<dtimeGame>20220105080000</dtimeGame>	<dtimeReal>20221009133448</dtimeReal>
	<name>Server</name>
	<accountAdd>
		<group>Command</group>
	</accountAdd>
	<cost>0</cost><cash>4000</cash>
</componentEvent>
<assetEvent>
	<dtimeGame>20220105080000</dtimeGame>	<dtimeReal>20221009133448</dtimeReal>
	<name>Open Source Reports</name>
	<moveType>Add : SCENARIO_FILE</moveType>
	<computerName>Server</computerName>
</assetEvent>
<gameEvent>
	<dtimeGame>20220105080000</dtimeGame>	<dtimeReal>20221009133448</dtimeReal>
	<creates>
		<computerName>Server</computerName>
	</creates>
</gameEvent>
<componentEvent>
	<dtimeGame>20220105080000</dtimeGame>	<dtimeReal>20221009133448</dtimeReal>
	<name>Joe's workstation</name>
	<accountAdd>
		<user>Joe</user>
	</accountAdd>
	<cost>0</cost><cash>4000</cash>
</componentEvent>
<componentEvent>
	<dtimeGame>20220105080000</dtimeGame>	<dtimeReal>20221009133448</dtimeReal>
	<name>Joe's workstation</name>
	<networkConnect>LAN 1</networkConnect>
	<cost>0</cost><cash>4000</cash>
</componentEvent>
<gameEvent>
	<dtimeGame>20220105080000</dtimeGame>	<dtimeReal>20221009133448</dtimeReal>
	<creates>
		<computerName>Joe's workstation</computerName>
	</creates>
</gameEvent>
<componentEvent>
	<dtimeGame>20220105080000</dtimeGame>	<dtimeReal>20221009133448</dtimeReal>
	<name>Jill's workstation</name>
	<accountAdd>
		<user>Jill</user>
	</accountAdd>
	<cost>0</cost><cash>4000</cash>
</componentEvent>
<componentEvent>
	<dtimeGame>20220105080000</dtimeGame>	<dtimeReal>20221009133448</dtimeReal>
	<name>Jill's workstation</name>
	<networkConnect>LAN 2</networkConnect>
	<cost>0</cost><cash>4000</cash>
</componentEvent>
<assetEvent>
	<dtimeGame>20220105080000</dtimeGame>	<dtimeReal>20221009133448</dtimeReal>
	<name>Deployment Plans</name>
	<moveType>Add : SCENARIO_FILE</moveType>
	<computerName>Jill's workstation</computerName>
</assetEvent>
<gameEvent>
	<dtimeGame>20220105080000</dtimeGame>	<dtimeReal>20221009133448</dtimeReal>
	<creates>
		<computerName>Jill's workstation</computerName>
	</creates>
</gameEvent>
<goalFailure>
	<dtimeGame>20220105080000</dtimeGame>	<dtimeReal>20221009133449</dtimeReal>
	<name>Summarize open source reports</name>
	<userList>Joe</userList>
	<reason>I failed Summarize open source reports.  </reason>
	<cost>0</cost><cash>4000</cash>
</goalFailure>
<goalFailure>
	<dtimeGame>20220105080000</dtimeGame>	<dtimeReal>20221009133449</dtimeReal>
	<name>Plan Troop Deployments</name>
	<userList>Jill</userList>
	<reason>I failed Plan Troop Deployments.  </reason>
	<cost>0</cost><cash>4000</cash>
</goalFailure>
<gameEvent>
	<dtimeGame>20220105080000</dtimeGame>	<dtimeReal>20221009133449</dtimeReal>
	<start></start>
</gameEvent>
<trigger>
	<dtimeGame>20220105080000</dtimeGame>	<dtimeReal>20221009133449</dtimeReal>
	<name>encyl</name>
	<triggerType>ECONTEXT_TRIGGER</triggerType>
	<timesGoneOff>1</timesGoneOff>
	<conditions>ConditionList: not OneHour(false) :end</conditions>
</trigger>
<uiEvent>
	<dtimeGame>20220105080000</dtimeGame>	<dtimeReal>20221009133453</dtimeReal>
	<tab>game</tab>
</uiEvent>
<uiEvent>
	<dtimeGame>20220105080000</dtimeGame>	<dtimeReal>20221009133456</dtimeReal>
	<tab>asset</tab>
</uiEvent>
<goalFailure>
	<dtimeGame>20220105080000</dtimeGame>	<dtimeReal>20221009133501</dtimeReal>
	<name>Summarize open source reports</name>
	<userList>Joe</userList>
	<reason>I failed Summarize open source reports.  </reason>
	<cost>0</cost><cash>4000</cash>
</goalFailure>
<goalFailure>
	<dtimeGame>20220105080000</dtimeGame>	<dtimeReal>20221009133501</dtimeReal>
	<name>Plan Troop Deployments</name>
	<userList>Jill</userList>
	<reason>I failed Plan Troop Deployments.  </reason>
	<cost>0</cost><cash>4000</cash>
</goalFailure>
<uiEvent>
	<dtimeGame>20220105080000</dtimeGame>	<dtimeReal>20221009133501</dtimeReal>
	<tab>office</tab>
</uiEvent>
<gameEvent>
	<dtimeGame>20220105080000</dtimeGame>	<dtimeReal>20221009133503</dtimeReal>
	<resume></resume>
</gameEvent>
<goalFailure>
	<dtimeGame>20220105080000</dtimeGame>	<dtimeReal>20221009133503</dtimeReal>
	<name>Summarize open source reports</name>
	<userList>Joe</userList>
	<reason>I failed Summarize open source reports.  </reason>
	<cost>0</cost><cash>4000</cash>
</goalFailure>
<goalFailure>
	<dtimeGame>20220105080000</dtimeGame>	<dtimeReal>20221009133503</dtimeReal>
	<name>Plan Troop Deployments</name>
	<userList>Jill</userList>
	<reason>I failed Plan Troop Deployments.  </reason>
	<cost>0</cost><cash>4000</cash>
</goalFailure>
<summaryEvent>
	<dtimeGame>20220105080102</dtimeGame>	<dtimeReal>20221009133503</dtimeReal>
	<bonus>-0</bonus><cash>3999</cash>
</summaryEvent>
<userEvent>
	<dtimeGame>20220105080326</dtimeGame>	<dtimeReal>20221009133504</dtimeReal>
	<newMode>
		<name>Jill</name>
		<animMode>14</animMode>
	</newMode>
	<cost>0</cost><cash>3997</cash>
</userEvent>
<userEvent>
	<dtimeGame>20220105080550</dtimeGame>	<dtimeReal>20221009133504</dtimeReal>
	<newMode>
		<name>Joe</name>
		<animMode>14</animMode>
	</newMode>
	<cost>0</cost><cash>3994</cash>
</userEvent>
<userEvent>
	<dtimeGame>20220105081945</dtimeGame>	<dtimeReal>20221009133507</dtimeReal>
	<newMode>
		<name>Joe</name>
		<animMode>3</animMode>
	</newMode>
	<cost>0</cost><cash>3978</cash>
</userEvent>
<trigger>
	<dtimeGame>20220105082004</dtimeGame>	<dtimeReal>20221009133507</dtimeReal>
	<name>JillNotConnected</name>
	<triggerType>SPEAK_TRIGGER</triggerType>
	<timesGoneOff>1</timesGoneOff>
	<conditions>ConditionList: not JillConnected(false) :end</conditions>
</trigger>
<userEvent>
	<dtimeGame>20220105082418</dtimeGame>	<dtimeReal>20221009133508</dtimeReal>
	<newMode>
		<name>Jill</name>
		<animMode>3</animMode>
	</newMode>
	<cost>0</cost><cash>3972</cash>
</userEvent>
<userEvent>
	<dtimeGame>20220105083116</dtimeGame>	<dtimeReal>20221009133509</dtimeReal>
	<newMode>
		<name>Jill</name>
		<animMode>14</animMode>
	</newMode>
	<cost>0</cost><cash>3964</cash>
</userEvent>
<userEvent>
	<dtimeGame>20220105083813</dtimeGame>	<dtimeReal>20221009133511</dtimeReal>
	<newMode>
		<name>Jill</name>
		<animMode>3</animMode>
	</newMode>
	<cost>0</cost><cash>3956</cash>
</userEvent>
<userEvent>
	<dtimeGame>20220105084734</dtimeGame>	<dtimeReal>20221009133513</dtimeReal>
	<newMode>
		<name>Joe</name>
		<animMode>14</animMode>
	</newMode>
	<cost>0</cost><cash>3945</cash>
</userEvent>
<gameEvent>
	<dtimeGame>20220105084905</dtimeGame>	<dtimeReal>20221009133513</dtimeReal>
	<pause></pause>
</gameEvent>
<goalFailure>
	<dtimeGame>20220105084905</dtimeGame>	<dtimeReal>20221009133513</dtimeReal>
	<name>Summarize open source reports</name>
	<userList>Joe</userList>
	<reason>I failed Summarize open source reports.  </reason>
	<cost>0</cost><cash>3943</cash>
</goalFailure>
<goalFailure>
	<dtimeGame>20220105084905</dtimeGame>	<dtimeReal>20221009133513</dtimeReal>
	<name>Plan Troop Deployments</name>
	<userList>Jill</userList>
	<reason>I failed Plan Troop Deployments.  </reason>
	<cost>0</cost><cash>3943</cash>
</goalFailure>
<uiEvent>
	<dtimeGame>20220105084905</dtimeGame>	<dtimeReal>20221009133515</dtimeReal>
	<tab>network</tab>
</uiEvent>
<trigger>
	<dtimeGame>20220105084905</dtimeGame>	<dtimeReal>20221009133516</dtimeReal>
	<name>ConnectBoth</name>
	<triggerType>HELPTIP_TRIGGER</triggerType>
	<timesGoneOff>1</timesGoneOff>
	<conditions>ConditionList: not JillConnected(false) or_not JoeConnected(false) and OnScreen3,3 :end</conditions>
</trigger>
<trigger>
	<dtimeGame>20220105084905</dtimeGame>	<dtimeReal>20221009133519</dtimeReal>
	<name>ConnectBoth</name>
	<triggerType>HELPTIP_TRIGGER</triggerType>
	<timesGoneOff>2</timesGoneOff>
	<conditions>ConditionList: not JillConnected(false) or_not JoeConnected(false) and OnScreen3,3 :end</conditions>
</trigger>
<trigger>
	<dtimeGame>20220105084905</dtimeGame>	<dtimeReal>20221009133522</dtimeReal>
	<name>ConnectBoth</name>
	<triggerType>HELPTIP_TRIGGER</triggerType>
	<timesGoneOff>3</timesGoneOff>
	<conditions>ConditionList: not JillConnected(false) or_not JoeConnected(false) and OnScreen3,3 :end</conditions>
</trigger>
<trigger>
	<dtimeGame>20220105084905</dtimeGame>	<dtimeReal>20221009133525</dtimeReal>
	<name>ConnectBoth</name>
	<triggerType>HELPTIP_TRIGGER</triggerType>
	<timesGoneOff>4</timesGoneOff>
	<conditions>ConditionList: not JillConnected(false) or_not JoeConnected(false) and OnScreen3,3 :end</conditions>
</trigger>
<componentEvent>
	<dtimeGame>20220105084905</dtimeGame>	<dtimeReal>20221009133527</dtimeReal>
	<name>router</name>
	<networkDisconnect>Internet</networkDisconnect>
	<cost>0</cost><cash>3943</cash>
</componentEvent>
<componentEvent>
	<dtimeGame>20220105084905</dtimeGame>	<dtimeReal>20221009133528</dtimeReal>
	<name>router</name>
	<networkConnect>Internet</networkConnect>
	<cost>0</cost><cash>3943</cash>
</componentEvent>
<trigger>
	<dtimeGame>20220105084905</dtimeGame>	<dtimeReal>20221009133528</dtimeReal>
	<name>ConnectBoth</name>
	<triggerType>HELPTIP_TRIGGER</triggerType>
	<timesGoneOff>5</timesGoneOff>
	<conditions>ConditionList: not JillConnected(false) or_not JoeConnected(false) and OnScreen3,3 :end</conditions>
</trigger>
<trigger>
	<dtimeGame>20220105084905</dtimeGame>	<dtimeReal>20221009133531</dtimeReal>
	<name>ConnectBoth</name>
	<triggerType>HELPTIP_TRIGGER</triggerType>
	<timesGoneOff>6</timesGoneOff>
	<conditions>ConditionList: not JillConnected(false) or_not JoeConnected(false) and OnScreen3,3 :end</conditions>
</trigger>
<componentEvent>
	<dtimeGame>20220105084905</dtimeGame>	<dtimeReal>20221009133532</dtimeReal>
	<name>Server</name>
	<networkConnect>LAN 1</networkConnect>
	<cost>0</cost><cash>3943</cash>
</componentEvent>
<trigger>
	<dtimeGame>20220105084905</dtimeGame>	<dtimeReal>20221009133534</dtimeReal>
	<name>ConnectBoth</name>
	<triggerType>HELPTIP_TRIGGER</triggerType>
	<timesGoneOff>7</timesGoneOff>
	<conditions>ConditionList: not JillConnected(false) or_not JoeConnected(true) and OnScreen3,3 :end</conditions>
</trigger>
<trigger>
	<dtimeGame>20220105084905</dtimeGame>	<dtimeReal>20221009133537</dtimeReal>
	<name>ConnectBoth</name>
	<triggerType>HELPTIP_TRIGGER</triggerType>
	<timesGoneOff>8</timesGoneOff>
	<conditions>ConditionList: not JillConnected(false) or_not JoeConnected(true) and OnScreen3,3 :end</conditions>
</trigger>
<trigger>
	<dtimeGame>20220105084905</dtimeGame>	<dtimeReal>20221009133540</dtimeReal>
	<name>ConnectBoth</name>
	<triggerType>HELPTIP_TRIGGER</triggerType>
	<timesGoneOff>9</timesGoneOff>
	<conditions>ConditionList: not JillConnected(false) or_not JoeConnected(true) and OnScreen3,3 :end</conditions>
</trigger>
<trigger>
	<dtimeGame>20220105084905</dtimeGame>	<dtimeReal>20221009133543</dtimeReal>
	<name>ConnectBoth</name>
	<triggerType>HELPTIP_TRIGGER</triggerType>
	<timesGoneOff>10</timesGoneOff>
	<conditions>ConditionList: not JillConnected(false) or_not JoeConnected(true) and OnScreen3,3 :end</conditions>
</trigger>
<trigger>
	<dtimeGame>20220105084905</dtimeGame>	<dtimeReal>20221009133546</dtimeReal>
	<name>ConnectBoth</name>
	<triggerType>HELPTIP_TRIGGER</triggerType>
	<timesGoneOff>11</timesGoneOff>
	<conditions>ConditionList: not JillConnected(false) or_not JoeConnected(true) and OnScreen3,3 :end</conditions>
</trigger>
<trigger>
	<dtimeGame>20220105084905</dtimeGame>	<dtimeReal>20221009133549</dtimeReal>
	<name>ConnectBoth</name>
	<triggerType>HELPTIP_TRIGGER</triggerType>
	<timesGoneOff>12</timesGoneOff>
	<conditions>ConditionList: not JillConnected(false) or_not JoeConnected(true) and OnScreen3,3 :end</conditions>
</trigger>
<trigger>
	<dtimeGame>20220105084905</dtimeGame>	<dtimeReal>20221009133552</dtimeReal>
	<name>ConnectBoth</name>
	<triggerType>HELPTIP_TRIGGER</triggerType>
	<timesGoneOff>13</timesGoneOff>
	<conditions>ConditionList: not JillConnected(false) or_not JoeConnected(true) and OnScreen3,3 :end</conditions>
</trigger>
<trigger>
	<dtimeGame>20220105084905</dtimeGame>	<dtimeReal>20221009133555</dtimeReal>
	<name>ConnectBoth</name>
	<triggerType>HELPTIP_TRIGGER</triggerType>
	<timesGoneOff>14</timesGoneOff>
	<conditions>ConditionList: not JillConnected(false) or_not JoeConnected(true) and OnScreen3,3 :end</conditions>
</trigger>
<trigger>
	<dtimeGame>20220105084905</dtimeGame>	<dtimeReal>20221009133558</dtimeReal>
	<name>ConnectBoth</name>
	<triggerType>HELPTIP_TRIGGER</triggerType>
	<timesGoneOff>15</timesGoneOff>
	<conditions>ConditionList: not JillConnected(false) or_not JoeConnected(true) and OnScreen3,3 :end</conditions>
</trigger>
<trigger>
	<dtimeGame>20220105084905</dtimeGame>	<dtimeReal>20221009133601</dtimeReal>
	<name>ConnectBoth</name>
	<triggerType>HELPTIP_TRIGGER</triggerType>
	<timesGoneOff>16</timesGoneOff>
	<conditions>ConditionList: not JillConnected(false) or_not JoeConnected(true) and OnScreen3,3 :end</conditions>
</trigger>
<trigger>
	<dtimeGame>20220105084905</dtimeGame>	<dtimeReal>20221009133604</dtimeReal>
	<name>ConnectBoth</name>
	<triggerType>HELPTIP_TRIGGER</triggerType>
	<timesGoneOff>17</timesGoneOff>
	<conditions>ConditionList: not JillConnected(false) or_not JoeConnected(true) and OnScreen3,3 :end</conditions>
</trigger>
<trigger>
	<dtimeGame>20220105084905</dtimeGame>	<dtimeReal>20221009133607</dtimeReal>
	<name>ConnectBoth</name>
	<triggerType>HELPTIP_TRIGGER</triggerType>
	<timesGoneOff>18</timesGoneOff>
	<conditions>ConditionList: not JillConnected(false) or_not JoeConnected(true) and OnScreen3,3 :end</conditions>
</trigger>
<trigger>
	<dtimeGame>20220105084905</dtimeGame>	<dtimeReal>20221009133610</dtimeReal>
	<name>ConnectBoth</name>
	<triggerType>HELPTIP_TRIGGER</triggerType>
	<timesGoneOff>19</timesGoneOff>
	<conditions>ConditionList: not JillConnected(false) or_not JoeConnected(true) and OnScreen3,3 :end</conditions>
</trigger>
<componentEvent>
	<dtimeGame>20220105084905</dtimeGame>	<dtimeReal>20221009133611</dtimeReal>
	<name>Server</name>
	<networkDisconnect>LAN 1</networkDisconnect>
	<cost>0</cost><cash>3943</cash>
</componentEvent>
<trigger>
	<dtimeGame>20220105084905</dtimeGame>	<dtimeReal>20221009133614</dtimeReal>
	<name>ConnectBoth</name>
	<triggerType>HELPTIP_TRIGGER</triggerType>
	<timesGoneOff>20</timesGoneOff>
	<conditions>ConditionList: not JillConnected(false) or_not JoeConnected(false) and OnScreen3,3 :end</conditions>
</trigger>
<trigger>
	<dtimeGame>20220105084905</dtimeGame>	<dtimeReal>20221009133617</dtimeReal>
	<name>ConnectBoth</name>
	<triggerType>HELPTIP_TRIGGER</triggerType>
	<timesGoneOff>21</timesGoneOff>
	<conditions>ConditionList: not JillConnected(false) or_not JoeConnected(false) and OnScreen3,3 :end</conditions>
</trigger>
<trigger>
	<dtimeGame>20220105084905</dtimeGame>	<dtimeReal>20221009133620</dtimeReal>
	<name>ConnectBoth</name>
	<triggerType>HELPTIP_TRIGGER</triggerType>
	<timesGoneOff>22</timesGoneOff>
	<conditions>ConditionList: not JillConnected(false) or_not JoeConnected(false) and OnScreen3,3 :end</conditions>
</trigger>
<trigger>
	<dtimeGame>20220105084905</dtimeGame>	<dtimeReal>20221009133623</dtimeReal>
	<name>ConnectBoth</name>
	<triggerType>HELPTIP_TRIGGER</triggerType>
	<timesGoneOff>23</timesGoneOff>
	<conditions>ConditionList: not JillConnected(false) or_not JoeConnected(false) and OnScreen3,3 :end</conditions>
</trigger>
<trigger>
	<dtimeGame>20220105084905</dtimeGame>	<dtimeReal>20221009133635</dtimeReal>
	<name>ConnectBoth</name>
	<triggerType>HELPTIP_TRIGGER</triggerType>
	<timesGoneOff>24</timesGoneOff>
	<conditions>ConditionList: not JillConnected(false) or_not JoeConnected(false) and OnScreen3,3 :end</conditions>
</trigger>
<trigger>
	<dtimeGame>20220105084905</dtimeGame>	<dtimeReal>20221009133638</dtimeReal>
	<name>ConnectBoth</name>
	<triggerType>HELPTIP_TRIGGER</triggerType>
	<timesGoneOff>25</timesGoneOff>
	<conditions>ConditionList: not JillConnected(false) or_not JoeConnected(false) and OnScreen3,3 :end</conditions>
</trigger>
<trigger>
	<dtimeGame>20220105084905</dtimeGame>	<dtimeReal>20221009133641</dtimeReal>
	<name>ConnectBoth</name>
	<triggerType>HELPTIP_TRIGGER</triggerType>
	<timesGoneOff>26</timesGoneOff>
	<conditions>ConditionList: not JillConnected(false) or_not JoeConnected(false) and OnScreen3,3 :end</conditions>
</trigger>
<trigger>
	<dtimeGame>20220105084905</dtimeGame>	<dtimeReal>20221009133653</dtimeReal>
	<name>ConnectBoth</name>
	<triggerType>HELPTIP_TRIGGER</triggerType>
	<timesGoneOff>27</timesGoneOff>
	<conditions>ConditionList: not JillConnected(false) or_not JoeConnected(false) and OnScreen3,3 :end</conditions>
</trigger>
<trigger>
	<dtimeGame>20220105084905</dtimeGame>	<dtimeReal>20221009133656</dtimeReal>
	<name>ConnectBoth</name>
	<triggerType>HELPTIP_TRIGGER</triggerType>
	<timesGoneOff>28</timesGoneOff>
	<conditions>ConditionList: not JillConnected(false) or_not JoeConnected(false) and OnScreen3,3 :end</conditions>
</trigger>
<trigger>
	<dtimeGame>20220105084905</dtimeGame>	<dtimeReal>20221009133659</dtimeReal>
	<name>ConnectBoth</name>
	<triggerType>HELPTIP_TRIGGER</triggerType>
	<timesGoneOff>29</timesGoneOff>
	<conditions>ConditionList: not JillConnected(false) or_not JoeConnected(false) and OnScreen3,3 :end</conditions>
</trigger>
<trigger>
	<dtimeGame>20220105084905</dtimeGame>	<dtimeReal>20221009133702</dtimeReal>
	<name>ConnectBoth</name>
	<triggerType>HELPTIP_TRIGGER</triggerType>
	<timesGoneOff>30</timesGoneOff>
	<conditions>ConditionList: not JillConnected(false) or_not JoeConnected(false) and OnScreen3,3 :end</conditions>
</trigger>
<componentEvent>
	<dtimeGame>20220105084905</dtimeGame>	<dtimeReal>20221009133706</dtimeReal>
	<name>Server</name>
	<networkConnect>LAN 1</networkConnect>
	<cost>0</cost><cash>3943</cash>
</componentEvent>
<trigger>
	<dtimeGame>20220105084905</dtimeGame>	<dtimeReal>20221009133706</dtimeReal>
	<name>ConnectBoth</name>
	<triggerType>HELPTIP_TRIGGER</triggerType>
	<timesGoneOff>31</timesGoneOff>
	<conditions>ConditionList: not JillConnected(false) or_not JoeConnected(true) and OnScreen3,3 :end</conditions>
</trigger>
<componentEvent>
	<dtimeGame>20220105084905</dtimeGame>	<dtimeReal>20221009133710</dtimeReal>
	<name>Server</name>
	<networkDisconnect>LAN 1</networkDisconnect>
	<cost>0</cost><cash>3943</cash>
</componentEvent>
<trigger>
	<dtimeGame>20220105084905</dtimeGame>	<dtimeReal>20221009133711</dtimeReal>
	<name>ConnectBoth</name>
	<triggerType>HELPTIP_TRIGGER</triggerType>
	<timesGoneOff>32</timesGoneOff>
	<conditions>ConditionList: not JillConnected(false) or_not JoeConnected(false) and OnScreen3,3 :end</conditions>
</trigger>
<uiEvent>
	<dtimeGame>20220105084905</dtimeGame>	<dtimeReal>20221009133714</dtimeReal>
	<tab>component</tab>
</uiEvent>
<uiEvent>
	<dtimeGame>20220105084905</dtimeGame>	<dtimeReal>20221009133716</dtimeReal>
	<tab>zone</tab>
</uiEvent>
<uiEvent>
	<dtimeGame>20220105084905</dtimeGame>	<dtimeReal>20221009133718</dtimeReal>
	<tab>component</tab>
</uiEvent>
<uiEvent>
	<dtimeGame>20220105084905</dtimeGame>	<dtimeReal>20221009133820</dtimeReal>
	<tab>game</tab>
</uiEvent>
<uiEvent>
	<dtimeGame>20220105084905</dtimeGame>	<dtimeReal>20221009133822</dtimeReal>
	<tab>objective</tab>
</uiEvent>
<uiEvent>
	<dtimeGame>20220105084905</dtimeGame>	<dtimeReal>20221009133825</dtimeReal>
	<tab>network</tab>
</uiEvent>
<trigger>
	<dtimeGame>20220105084905</dtimeGame>	<dtimeReal>20221009133826</dtimeReal>
	<name>ConnectBoth</name>
	<triggerType>HELPTIP_TRIGGER</triggerType>
	<timesGoneOff>33</timesGoneOff>
	<conditions>ConditionList: not JillConnected(false) or_not JoeConnected(false) and OnScreen3,3 :end</conditions>
</trigger>
<trigger>
	<dtimeGame>20220105084905</dtimeGame>	<dtimeReal>20221009133829</dtimeReal>
	<name>ConnectBoth</name>
	<triggerType>HELPTIP_TRIGGER</triggerType>
	<timesGoneOff>34</timesGoneOff>
	<conditions>ConditionList: not JillConnected(false) or_not JoeConnected(false) and OnScreen3,3 :end</conditions>
</trigger>
<trigger>
	<dtimeGame>20220105084905</dtimeGame>	<dtimeReal>20221009133832</dtimeReal>
	<name>ConnectBoth</name>
	<triggerType>HELPTIP_TRIGGER</triggerType>
	<timesGoneOff>35</timesGoneOff>
	<conditions>ConditionList: not JillConnected(false) or_not JoeConnected(false) and OnScreen3,3 :end</conditions>
</trigger>
<uiEvent>
	<dtimeGame>20220105084905</dtimeGame>	<dtimeReal>20221009133832</dtimeReal>
	<tab>game</tab>
</uiEvent>
<gameEvent>
	<dtimeGame>20220105084905</dtimeGame>	<dtimeReal>20221009133835</dtimeReal>
	<end>quit</end>
</gameEvent>
<gameEvent>
	<dtimeGame>20220105084905</dtimeGame>	<dtimeReal>20221009133835</dtimeReal>
	<end>quit</end>
</gameEvent>
</CyberCIEGEeventLog>