<?xml version="1.0"?>
<!DOCTYPE CyberCIEGEeventLog SYSTEM "..\..\eventlog.dtd">
<CyberCIEGEeventLog>
<gameEvent>
	<dtimeGame>20220101060200</dtimeGame>	<dtimeReal>20221011130418</dtimeReal>
	<loadFile>..\Mandatory Access Controls\1_MAC.sdf</loadFile>
</gameEvent>
<gameEvent>
	<dtimeGame>20220101060200</dtimeGame>	<dtimeReal>20221011130418</dtimeReal>
	<loadFile>MAC.CSM 10/6/11 9 02 AM</loadFile>
</gameEvent>
<gameEvent>
	<dtimeGame>20220105080000</dtimeGame>	<dtimeReal>20221011130418</dtimeReal>
	<creates>
		<user>Jill</user>
	</creates>
</gameEvent>
<gameEvent>
	<dtimeGame>20220105080000</dtimeGame>	<dtimeReal>20221011130418</dtimeReal>
	<creates>
		<user>Joe</user>
	</creates>
</gameEvent>
<gameEvent>
	<dtimeGame>20220105080000</dtimeGame>	<dtimeReal>20221011130418</dtimeReal>
	<creates>
		<user>Guard</user>
	</creates>
</gameEvent>
<componentEvent>
	<dtimeGame>20220105080000</dtimeGame>	<dtimeReal>20221011130418</dtimeReal>
	<name>NNN Router</name>
	<networkConnect>NNN's LAN</networkConnect>
	<cost>0</cost><cash>4000</cash>
</componentEvent>
<componentEvent>
	<dtimeGame>20220105080000</dtimeGame>	<dtimeReal>20221011130418</dtimeReal>
	<name>NNN Router</name>
	<networkConnect>Internet</networkConnect>
	<cost>0</cost><cash>4000</cash>
</componentEvent>
<gameEvent>
	<dtimeGame>20220105080000</dtimeGame>	<dtimeReal>20221011130418</dtimeReal>
	<creates>
		<deviceName>NNN Router</deviceName>
	</creates>
</gameEvent>
<componentEvent>
	<dtimeGame>20220105080000</dtimeGame>	<dtimeReal>20221011130418</dtimeReal>
	<name>NNN Web Server</name>
	<networkConnect>NNN's LAN</networkConnect>
	<cost>0</cost><cash>4000</cash>
</componentEvent>
<assetEvent>
	<dtimeGame>20220105080000</dtimeGame>	<dtimeReal>20221011130418</dtimeReal>
	<name>NNN News Feed</name>
	<moveType>Add : SCENARIO_FILE</moveType>
	<computerName>NNN Web Server</computerName>
</assetEvent>
<gameEvent>
	<dtimeGame>20220105080000</dtimeGame>	<dtimeReal>20221011130418</dtimeReal>
	<creates>
		<computerName>NNN Web Server</computerName>
	</creates>
</gameEvent>
<componentEvent>
	<dtimeGame>20220105080000</dtimeGame>	<dtimeReal>20221011130418</dtimeReal>
	<name>router</name>
	<networkConnect>LAN 1</networkConnect>
	<cost>0</cost><cash>4000</cash>
</componentEvent>
<componentEvent>
	<dtimeGame>20220105080000</dtimeGame>	<dtimeReal>20221011130418</dtimeReal>
	<name>router</name>
	<networkConnect>Internet</networkConnect>
	<cost>0</cost><cash>4000</cash>
</componentEvent>
<gameEvent>
	<dtimeGame>20220105080000</dtimeGame>	<dtimeReal>20221011130418</dtimeReal>
	<creates>
		<deviceName>router</deviceName>
	</creates>
</gameEvent>
<componentEvent>
	<dtimeGame>20220105080000</dtimeGame>	<dtimeReal>20221011130418</dtimeReal>
	<name>Server</name>
	<accountAdd>
		<user>Jill</user>
	</accountAdd>
	<cost>0</cost><cash>4000</cash>
</componentEvent>
<componentEvent>
	<dtimeGame>20220105080000</dtimeGame>	<dtimeReal>20221011130418</dtimeReal>
	<name>Server</name>
	<accountAdd>
		<user>Joe</user>
	</accountAdd>
	<cost>0</cost><cash>4000</cash>
</componentEvent>
<componentEvent>
	<dtimeGame>20220105080000</dtimeGame>	<dtimeReal>20221011130418</dtimeReal>
	<name>Server</name>
	<accountAdd>
		<group>Command</group>
	</accountAdd>
	<cost>0</cost><cash>4000</cash>
</componentEvent>
<assetEvent>
	<dtimeGame>20220105080000</dtimeGame>	<dtimeReal>20221011130418</dtimeReal>
	<name>Open Source Reports</name>
	<moveType>Add : SCENARIO_FILE</moveType>
	<computerName>Server</computerName>
</assetEvent>
<gameEvent>
	<dtimeGame>20220105080000</dtimeGame>	<dtimeReal>20221011130418</dtimeReal>
	<creates>
		<computerName>Server</computerName>
	</creates>
</gameEvent>
<componentEvent>
	<dtimeGame>20220105080000</dtimeGame>	<dtimeReal>20221011130418</dtimeReal>
	<name>Joe's workstation</name>
	<accountAdd>
		<user>Joe</user>
	</accountAdd>
	<cost>0</cost><cash>4000</cash>
</componentEvent>
<componentEvent>
	<dtimeGame>20220105080000</dtimeGame>	<dtimeReal>20221011130418</dtimeReal>
	<name>Joe's workstation</name>
	<networkConnect>LAN 1</networkConnect>
	<cost>0</cost><cash>4000</cash>
</componentEvent>
<gameEvent>
	<dtimeGame>20220105080000</dtimeGame>	<dtimeReal>20221011130418</dtimeReal>
	<creates>
		<computerName>Joe's workstation</computerName>
	</creates>
</gameEvent>
<componentEvent>
	<dtimeGame>20220105080000</dtimeGame>	<dtimeReal>20221011130418</dtimeReal>
	<name>Jill's workstation</name>
	<accountAdd>
		<user>Jill</user>
	</accountAdd>
	<cost>0</cost><cash>4000</cash>
</componentEvent>
<componentEvent>
	<dtimeGame>20220105080000</dtimeGame>	<dtimeReal>20221011130418</dtimeReal>
	<name>Jill's workstation</name>
	<networkConnect>LAN 2</networkConnect>
	<cost>0</cost><cash>4000</cash>
</componentEvent>
<assetEvent>
	<dtimeGame>20220105080000</dtimeGame>	<dtimeReal>20221011130418</dtimeReal>
	<name>Deployment Plans</name>
	<moveType>Add : SCENARIO_FILE</moveType>
	<computerName>Jill's workstation</computerName>
</assetEvent>
<gameEvent>
	<dtimeGame>20220105080000</dtimeGame>	<dtimeReal>20221011130418</dtimeReal>
	<creates>
		<computerName>Jill's workstation</computerName>
	</creates>
</gameEvent>
<goalFailure>
	<dtimeGame>20220105080000</dtimeGame>	<dtimeReal>20221011130419</dtimeReal>
	<name>Summarize open source reports</name>
	<userList>Joe</userList>
	<reason>I failed Summarize open source reports.  </reason>
	<cost>0</cost><cash>4000</cash>
</goalFailure>
<goalFailure>
	<dtimeGame>20220105080000</dtimeGame>	<dtimeReal>20221011130419</dtimeReal>
	<name>Plan Troop Deployments</name>
	<userList>Jill</userList>
	<reason>I failed Plan Troop Deployments.  </reason>
	<cost>0</cost><cash>4000</cash>
</goalFailure>
<gameEvent>
	<dtimeGame>20220105080000</dtimeGame>	<dtimeReal>20221011130419</dtimeReal>
	<start></start>
</gameEvent>
<trigger>
	<dtimeGame>20220105080000</dtimeGame>	<dtimeReal>20221011130419</dtimeReal>
	<name>encyl</name>
	<triggerType>ECONTEXT_TRIGGER</triggerType>
	<timesGoneOff>1</timesGoneOff>
	<conditions>ConditionList: not OneHour(false) :end</conditions>
</trigger>
<uiEvent>
	<dtimeGame>20220105080000</dtimeGame>	<dtimeReal>20221011130423</dtimeReal>
	<tab>objective</tab>
</uiEvent>
<uiEvent>
	<dtimeGame>20220105080000</dtimeGame>	<dtimeReal>20221011130425</dtimeReal>
	<tab>network</tab>
</uiEvent>
<trigger>
	<dtimeGame>20220105080000</dtimeGame>	<dtimeReal>20221011130426</dtimeReal>
	<name>ConnectBoth</name>
	<triggerType>HELPTIP_TRIGGER</triggerType>
	<timesGoneOff>1</timesGoneOff>
	<conditions>ConditionList: not JillConnected(false) or_not JoeConnected(false) and OnScreen3,3 :end</conditions>
</trigger>
<componentEvent>
	<dtimeGame>20220105080000</dtimeGame>	<dtimeReal>20221011130428</dtimeReal>
	<name>Server</name>
	<networkConnect>LAN 1</networkConnect>
	<cost>0</cost><cash>4000</cash>
</componentEvent>
<componentEvent>
	<dtimeGame>20220105080000</dtimeGame>	<dtimeReal>20221011130429</dtimeReal>
	<name>Server</name>
	<networkConnect>LAN 2</networkConnect>
	<cost>0</cost><cash>4000</cash>
</componentEvent>
<trigger>
	<dtimeGame>20220105080000</dtimeGame>	<dtimeReal>20221011130429</dtimeReal>
	<name>SetLabels</name>
	<triggerType>HELPTIP_TRIGGER</triggerType>
	<timesGoneOff>1</timesGoneOff>
	<conditions>ConditionList: JillConnected(true) and_not JillSecret(false) and OnScreen3,3 :end</conditions>
</trigger>
<trigger>
	<dtimeGame>20220105080000</dtimeGame>	<dtimeReal>20221011130429</dtimeReal>
	<name>LANsConnected</name>
	<triggerType>SET_OBJECTIVE_STATUS</triggerType>
	<timesGoneOff>1</timesGoneOff>
	<conditions>ConditionList: not LANsConnected(false) and JoeConnected(true) and JillConnected(true) :end</conditions>
</trigger>
<trigger>
	<dtimeGame>20220105080000</dtimeGame>	<dtimeReal>20221011130432</dtimeReal>
	<name>SetLabels</name>
	<triggerType>HELPTIP_TRIGGER</triggerType>
	<timesGoneOff>2</timesGoneOff>
	<conditions>ConditionList: JillConnected(true) and_not JillSecret(false) and OnScreen3,3 :end</conditions>
</trigger>
<uiEvent>
	<dtimeGame>20220105080000</dtimeGame>	<dtimeReal>20221011130432</dtimeReal>
	<tab>objective</tab>
</uiEvent>
<uiEvent>
	<dtimeGame>20220105080000</dtimeGame>	<dtimeReal>20221011130434</dtimeReal>
	<tab>network</tab>
</uiEvent>
<trigger>
	<dtimeGame>20220105080000</dtimeGame>	<dtimeReal>20221011130435</dtimeReal>
	<name>SetLabels</name>
	<triggerType>HELPTIP_TRIGGER</triggerType>
	<timesGoneOff>3</timesGoneOff>
	<conditions>ConditionList: JillConnected(true) and_not JillSecret(false) and OnScreen3,3 :end</conditions>
</trigger>
<componentEvent>
	<dtimeGame>20220105080000</dtimeGame>	<dtimeReal>20221011130444</dtimeReal>
	<name>Server</name>
	<networkLabel>
		<network>LAN 1</network><label>SECRET</label>
	</networkLabel>
	<cost>0</cost><cash>4000</cash>
</componentEvent>
<trigger>
	<dtimeGame>20220105080000</dtimeGame>	<dtimeReal>20221011130446</dtimeReal>
	<name>SetLabels</name>
	<triggerType>HELPTIP_TRIGGER</triggerType>
	<timesGoneOff>4</timesGoneOff>
	<conditions>ConditionList: JillConnected(true) and_not JillSecret(false) and OnScreen3,3 :end</conditions>
</trigger>
<componentEvent>
	<dtimeGame>20220105080000</dtimeGame>	<dtimeReal>20221011130451</dtimeReal>
	<name>Server</name>
	<networkLabel>
		<network>LAN 2</network><label>SECRET</label>
	</networkLabel>
	<cost>0</cost><cash>4000</cash>
</componentEvent>
<trigger>
	<dtimeGame>20220105080000</dtimeGame>	<dtimeReal>20221011130453</dtimeReal>
	<name>SetJoeLabel</name>
	<triggerType>HELPTIP_TRIGGER</triggerType>
	<timesGoneOff>1</timesGoneOff>
	<conditions>ConditionList: JillConnected(true) and JillSecret(true) and JoeConnected(true) and_not JoeUnclassified(false) and OnScreen3,3 :end</conditions>
</trigger>
<goalFailure>
	<dtimeGame>20220105080000</dtimeGame>	<dtimeReal>20221011130454</dtimeReal>
	<name>Summarize open source reports</name>
	<userList>Joe</userList>
	<reason>I failed Summarize open source reports.  </reason>
	<cost>0</cost><cash>4000</cash>
</goalFailure>
<uiEvent>
	<dtimeGame>20220105080000</dtimeGame>	<dtimeReal>20221011130454</dtimeReal>
	<tab>office</tab>
</uiEvent>
<gameEvent>
	<dtimeGame>20220105080000</dtimeGame>	<dtimeReal>20221011130455</dtimeReal>
	<resume></resume>
</gameEvent>
<goalFailure>
	<dtimeGame>20220105080000</dtimeGame>	<dtimeReal>20221011130455</dtimeReal>
	<name>Summarize open source reports</name>
	<userList>Joe</userList>
	<reason>I failed Summarize open source reports.  </reason>
	<cost>0</cost><cash>4000</cash>
</goalFailure>
<summaryEvent>
	<dtimeGame>20220105080102</dtimeGame>	<dtimeReal>20221011130455</dtimeReal>
	<bonus>-0</bonus><cash>3999</cash>
</summaryEvent>
<userEvent>
	<dtimeGame>20220105080126</dtimeGame>	<dtimeReal>20221011130455</dtimeReal>
	<newMode>
		<name>Joe</name>
		<animMode>14</animMode>
	</newMode>
	<cost>0</cost><cash>3999</cash>
</userEvent>
<userEvent>
	<dtimeGame>20220105080447</dtimeGame>	<dtimeReal>20221011130456</dtimeReal>
	<newMode>
		<name>Jill</name>
		<animMode>14</animMode>
	</newMode>
	<cost>0</cost><cash>3995</cash>
</userEvent>
<userEvent>
	<dtimeGame>20220105080823</dtimeGame>	<dtimeReal>20221011130457</dtimeReal>
	<newMode>
		<name>Joe</name>
		<animMode>3</animMode>
	</newMode>
	<cost>0</cost><cash>3990</cash>
</userEvent>
<gameEvent>
	<dtimeGame>20220105080847</dtimeGame>	<dtimeReal>20221011130457</dtimeReal>
	<pause></pause>
</gameEvent>
<goalFailure>
	<dtimeGame>20220105080847</dtimeGame>	<dtimeReal>20221011130457</dtimeReal>
	<name>Summarize open source reports</name>
	<userList>Joe</userList>
	<reason>I failed Summarize open source reports.  </reason>
	<cost>0</cost><cash>3990</cash>
</goalFailure>
<uiEvent>
	<dtimeGame>20220105080847</dtimeGame>	<dtimeReal>20221011130459</dtimeReal>
	<tab>network</tab>
</uiEvent>
<trigger>
	<dtimeGame>20220105080847</dtimeGame>	<dtimeReal>20221011130459</dtimeReal>
	<name>SetJoeLabel</name>
	<triggerType>HELPTIP_TRIGGER</triggerType>
	<timesGoneOff>2</timesGoneOff>
	<conditions>ConditionList: JillConnected(true) and JillSecret(true) and JoeConnected(true) and_not JoeUnclassified(false) and OnScreen3,3 :end</conditions>
</trigger>
<trigger>
	<dtimeGame>20220105080847</dtimeGame>	<dtimeReal>20221011130502</dtimeReal>
	<name>SetJoeLabel</name>
	<triggerType>HELPTIP_TRIGGER</triggerType>
	<timesGoneOff>3</timesGoneOff>
	<conditions>ConditionList: JillConnected(true) and JillSecret(true) and JoeConnected(true) and_not JoeUnclassified(false) and OnScreen3,3 :end</conditions>
</trigger>
<trigger>
	<dtimeGame>20220105080847</dtimeGame>	<dtimeReal>20221011130505</dtimeReal>
	<name>SetJoeLabel</name>
	<triggerType>HELPTIP_TRIGGER</triggerType>
	<timesGoneOff>4</timesGoneOff>
	<conditions>ConditionList: JillConnected(true) and JillSecret(true) and JoeConnected(true) and_not JoeUnclassified(false) and OnScreen3,3 :end</conditions>
</trigger>
<trigger>
	<dtimeGame>20220105080847</dtimeGame>	<dtimeReal>20221011130508</dtimeReal>
	<name>SetJoeLabel</name>
	<triggerType>HELPTIP_TRIGGER</triggerType>
	<timesGoneOff>5</timesGoneOff>
	<conditions>ConditionList: JillConnected(true) and JillSecret(true) and JoeConnected(true) and_not JoeUnclassified(false) and OnScreen3,3 :end</conditions>
</trigger>
<goalFailure>
	<dtimeGame>20220105080847</dtimeGame>	<dtimeReal>20221011130508</dtimeReal>
	<name>Summarize open source reports</name>
	<userList>Joe</userList>
	<reason>I failed Summarize open source reports.  </reason>
	<cost>0</cost><cash>3990</cash>
</goalFailure>
<uiEvent>
	<dtimeGame>20220105080847</dtimeGame>	<dtimeReal>20221011130508</dtimeReal>
	<tab>office</tab>
</uiEvent>
<gameEvent>
	<dtimeGame>20220105080847</dtimeGame>	<dtimeReal>20221011130510</dtimeReal>
	<resume></resume>
</gameEvent>
<goalFailure>
	<dtimeGame>20220105080847</dtimeGame>	<dtimeReal>20221011130510</dtimeReal>
	<name>Summarize open source reports</name>
	<userList>Joe</userList>
	<reason>I failed Summarize open source reports.  </reason>
	<cost>0</cost><cash>3990</cash>
</goalFailure>
<trigger>
	<dtimeGame>20220105082003</dtimeGame>	<dtimeReal>20221011130512</dtimeReal>
	<name>bad Joe label</name>
	<triggerType>SPEAK_TRIGGER</triggerType>
	<timesGoneOff>1</timesGoneOff>
	<conditions>ConditionList: JoeConnected(true) and_not JoeUnclassified(false) and JillSecret(true) :end</conditions>
</trigger>
<userEvent>
	<dtimeGame>20220105082222</dtimeGame>	<dtimeReal>20221011130513</dtimeReal>
	<newMode>
		<name>Joe</name>
		<animMode>14</animMode>
	</newMode>
	<cost>0</cost><cash>3972</cash>
</userEvent>
<userEvent>
	<dtimeGame>20220105082920</dtimeGame>	<dtimeReal>20221011130514</dtimeReal>
	<newMode>
		<name>Joe</name>
		<animMode>3</animMode>
	</newMode>
	<cost>0</cost><cash>3963</cash>
</userEvent>
<userEvent>
	<dtimeGame>20220105083618</dtimeGame>	<dtimeReal>20221011130515</dtimeReal>
	<newMode>
		<name>Joe</name>
		<animMode>14</animMode>
	</newMode>
	<cost>0</cost><cash>3954</cash>
</userEvent>
<userEvent>
	<dtimeGame>20220105084315</dtimeGame>	<dtimeReal>20221011130517</dtimeReal>
	<newMode>
		<name>Joe</name>
		<animMode>3</animMode>
	</newMode>
	<cost>0</cost><cash>3945</cash>
</userEvent>
<userEvent>
	<dtimeGame>20220105085012</dtimeGame>	<dtimeReal>20221011130518</dtimeReal>
	<newMode>
		<name>Joe</name>
		<animMode>14</animMode>
	</newMode>
	<cost>0</cost><cash>3936</cash>
</userEvent>
<userEvent>
	<dtimeGame>20220105090407</dtimeGame>	<dtimeReal>20221011130521</dtimeReal>
	<newMode>
		<name>Joe</name>
		<animMode>3</animMode>
	</newMode>
	<cost>0</cost><cash>3919</cash>
</userEvent>
<gameEvent>
	<dtimeGame>20220105091802</dtimeGame>	<dtimeReal>20221011130524</dtimeReal>
	<pause></pause>
</gameEvent>
<goalFailure>
	<dtimeGame>20220105091802</dtimeGame>	<dtimeReal>20221011130524</dtimeReal>
	<name>Summarize open source reports</name>
	<userList>Joe</userList>
	<reason>I failed Summarize open source reports.  </reason>
	<cost>0</cost><cash>3901</cash>
</goalFailure>
<uiEvent>
	<dtimeGame>20220105091802</dtimeGame>	<dtimeReal>20221011130527</dtimeReal>
	<tab>network</tab>
</uiEvent>
<trigger>
	<dtimeGame>20220105091802</dtimeGame>	<dtimeReal>20221011130527</dtimeReal>
	<name>SetJoeLabel</name>
	<triggerType>HELPTIP_TRIGGER</triggerType>
	<timesGoneOff>6</timesGoneOff>
	<conditions>ConditionList: JillConnected(true) and JillSecret(true) and JoeConnected(true) and_not JoeUnclassified(false) and OnScreen3,3 :end</conditions>
</trigger>
<componentEvent>
	<dtimeGame>20220105091802</dtimeGame>	<dtimeReal>20221011130532</dtimeReal>
	<name>Server</name>
	<networkLabel>
		<network>LAN 1</network><label>UNCLASSIFIED</label>
	</networkLabel>
	<cost>0</cost><cash>3901</cash>
</componentEvent>
<trigger>
	<dtimeGame>20220105091802</dtimeGame>	<dtimeReal>20221011130533</dtimeReal>
	<name>LabelsOK</name>
	<triggerType>SET_OBJECTIVE_STATUS</triggerType>
	<timesGoneOff>1</timesGoneOff>
	<conditions>ConditionList: not labelsOK(false) and JillSecret(true) and JoeUnclassified(true) :end</conditions>
</trigger>
<uiEvent>
	<dtimeGame>20220105091802</dtimeGame>	<dtimeReal>20221011130534</dtimeReal>
	<tab>office</tab>
</uiEvent>
<gameEvent>
	<dtimeGame>20220105091802</dtimeGame>	<dtimeReal>20221011130536</dtimeReal>
	<resume></resume>
</gameEvent>
<summaryEvent>
	<dtimeGame>20220105091900</dtimeGame>	<dtimeReal>20221011130536</dtimeReal>
	<bonus>0</bonus><cash>3901</cash>
</summaryEvent>
<trigger>
	<dtimeGame>20220105092002</dtimeGame>	<dtimeReal>20221011130536</dtimeReal>
	<name>Internet</name>
	<triggerType>ATTACK_TRIGGER</triggerType>
	<timesGoneOff>1</timesGoneOff>
	<conditions>ConditionList: OneHour(true) or_not OneHour(true) :end</conditions>
</trigger>
<userEvent>
	<dtimeGame>20220105092113</dtimeGame>	<dtimeReal>20221011130537</dtimeReal>
	<newMode>
		<name>Jill</name>
		<animMode>3</animMode>
	</newMode>
	<cost>0</cost><cash>3902</cash>
</userEvent>
<trigger>
	<dtimeGame>20220105102000</dtimeGame>	<dtimeReal>20221011130549</dtimeReal>
	<name>Targeted Malware</name>
	<triggerType>ATTACK_TRIGGER</triggerType>
	<timesGoneOff>1</timesGoneOff>
	<conditions>ConditionList: OneHour(true) :end</conditions>
</trigger>
<trigger>
	<dtimeGame>20220105102000</dtimeGame>	<dtimeReal>20221011130549</dtimeReal>
	<name>Insiders</name>
	<triggerType>ATTACK_TRIGGER</triggerType>
	<timesGoneOff>1</timesGoneOff>
	<conditions>ConditionList: OneHour(true) :end</conditions>
</trigger>
<trigger>
	<dtimeGame>20220105102000</dtimeGame>	<dtimeReal>20221011130549</dtimeReal>
	<name>Breakin</name>
	<triggerType>ATTACK_TRIGGER</triggerType>
	<timesGoneOff>1</timesGoneOff>
	<conditions>ConditionList: OneHour(true) :end</conditions>
</trigger>
<trigger>
	<dtimeGame>20220105104004</dtimeGame>	<dtimeReal>20221011130553</dtimeReal>
	<name>Internet</name>
	<triggerType>ATTACK_TRIGGER</triggerType>
	<timesGoneOff>2</timesGoneOff>
	<conditions>ConditionList: OneHour(true) or_not OneHour(true) :end</conditions>
</trigger>
<trigger>
	<dtimeGame>20220105105003</dtimeGame>	<dtimeReal>20221011130555</dtimeReal>
	<name>Win</name>
	<triggerType>WIN_TRIGGER</triggerType>
	<timesGoneOff>1</timesGoneOff>
	<conditions>ConditionList: AllGoalsMet(true) and_not plansAttacked(false) :end</conditions>
</trigger>
<gameEvent>
	<dtimeGame>20220105105003</dtimeGame>	<dtimeReal>20221011130555</dtimeReal>
	<end>win</end>
</gameEvent>
<uiEvent>
	<dtimeGame>20220105105003</dtimeGame>	<dtimeReal>20221011130609</dtimeReal>
	<tab>game</tab>
</uiEvent>
<uiEvent>
	<dtimeGame>20220105105003</dtimeGame>	<dtimeReal>20221011130630</dtimeReal>
	<tab>objective</tab>
</uiEvent>
<uiEvent>
	<dtimeGame>20220105105003</dtimeGame>	<dtimeReal>20221011130908</dtimeReal>
	<tab>office</tab>
</uiEvent>
<uiEvent>
	<dtimeGame>20220105105003</dtimeGame>	<dtimeReal>20221011130913</dtimeReal>
	<tab>game</tab>
</uiEvent>
<gameEvent>
	<dtimeGame>20220105105003</dtimeGame>	<dtimeReal>20221011130915</dtimeReal>
	<end>quit</end>
</gameEvent>
</CyberCIEGEeventLog>