<?xml version="1.0"?>
<!DOCTYPE CyberCIEGEeventLog SYSTEM "..\..\eventlog.dtd">
<CyberCIEGEeventLog>
<gameEvent>
	<dtimeGame>20220101060200</dtimeGame>	<dtimeReal>20221015170007</dtimeReal>
	<loadFile>..\Mandatory Access Controls\2_MAC_Integrity.sdf</loadFile>
</gameEvent>
<gameEvent>
	<dtimeGame>20220101060200</dtimeGame>	<dtimeReal>20221015170007</dtimeReal>
	<loadFile>MAC_Integrity.CSM 10/6/11 9 02 AM</loadFile>
</gameEvent>
<gameEvent>
	<dtimeGame>20220105080000</dtimeGame>	<dtimeReal>20221015170008</dtimeReal>
	<creates>
		<user>Grace</user>
	</creates>
</gameEvent>
<gameEvent>
	<dtimeGame>20220105080000</dtimeGame>	<dtimeReal>20221015170008</dtimeReal>
	<creates>
		<user>Sean</user>
	</creates>
</gameEvent>
<gameEvent>
	<dtimeGame>20220105080000</dtimeGame>	<dtimeReal>20221015170008</dtimeReal>
	<creates>
		<user>Guard</user>
	</creates>
</gameEvent>
<componentEvent>
	<dtimeGame>20220105080000</dtimeGame>	<dtimeReal>20221015170008</dtimeReal>
	<name>NNN Router</name>
	<networkConnect>NNN's LAN</networkConnect>
	<cost>0</cost><cash>4000</cash>
</componentEvent>
<componentEvent>
	<dtimeGame>20220105080000</dtimeGame>	<dtimeReal>20221015170008</dtimeReal>
	<name>NNN Router</name>
	<networkConnect>Internet</networkConnect>
	<cost>0</cost><cash>4000</cash>
</componentEvent>
<gameEvent>
	<dtimeGame>20220105080000</dtimeGame>	<dtimeReal>20221015170008</dtimeReal>
	<creates>
		<deviceName>NNN Router</deviceName>
	</creates>
</gameEvent>
<componentEvent>
	<dtimeGame>20220105080000</dtimeGame>	<dtimeReal>20221015170008</dtimeReal>
	<name>NNN Web Server</name>
	<networkConnect>NNN's LAN</networkConnect>
	<cost>0</cost><cash>4000</cash>
</componentEvent>
<assetEvent>
	<dtimeGame>20220105080000</dtimeGame>	<dtimeReal>20221015170008</dtimeReal>
	<name>NNN News Feed</name>
	<moveType>Add : SCENARIO_FILE</moveType>
	<computerName>NNN Web Server</computerName>
</assetEvent>
<gameEvent>
	<dtimeGame>20220105080000</dtimeGame>	<dtimeReal>20221015170008</dtimeReal>
	<creates>
		<computerName>NNN Web Server</computerName>
	</creates>
</gameEvent>
<componentEvent>
	<dtimeGame>20220105080000</dtimeGame>	<dtimeReal>20221015170008</dtimeReal>
	<name>router</name>
	<networkConnect>LAN 1</networkConnect>
	<cost>0</cost><cash>4000</cash>
</componentEvent>
<componentEvent>
	<dtimeGame>20220105080000</dtimeGame>	<dtimeReal>20221015170008</dtimeReal>
	<name>router</name>
	<networkConnect>Internet</networkConnect>
	<cost>0</cost><cash>4000</cash>
</componentEvent>
<gameEvent>
	<dtimeGame>20220105080000</dtimeGame>	<dtimeReal>20221015170008</dtimeReal>
	<creates>
		<deviceName>router</deviceName>
	</creates>
</gameEvent>
<componentEvent>
	<dtimeGame>20220105080000</dtimeGame>	<dtimeReal>20221015170008</dtimeReal>
	<name>Server</name>
	<accountAdd>
		<group>Command</group>
	</accountAdd>
	<cost>0</cost><cash>4000</cash>
</componentEvent>
<componentEvent>
	<dtimeGame>20220105080000</dtimeGame>	<dtimeReal>20221015170008</dtimeReal>
	<name>Server</name>
	<accountAdd>
		<user>Sean</user>
	</accountAdd>
	<cost>0</cost><cash>4000</cash>
</componentEvent>
<componentEvent>
	<dtimeGame>20220105080000</dtimeGame>	<dtimeReal>20221015170008</dtimeReal>
	<name>Server</name>
	<accountAdd>
		<user>Grace</user>
	</accountAdd>
	<cost>0</cost><cash>4000</cash>
</componentEvent>
<assetEvent>
	<dtimeGame>20220105080000</dtimeGame>	<dtimeReal>20221015170008</dtimeReal>
	<name>Critical Logistics Database</name>
	<moveType>Add : SCENARIO_FILE</moveType>
	<computerName>Server</computerName>
</assetEvent>
<assetEvent>
	<dtimeGame>20220105080000</dtimeGame>	<dtimeReal>20221015170008</dtimeReal>
	<name>Old Secret Files</name>
	<moveType>Add : SCENARIO_FILE</moveType>
	<computerName>Server</computerName>
</assetEvent>
<gameEvent>
	<dtimeGame>20220105080000</dtimeGame>	<dtimeReal>20221015170008</dtimeReal>
	<creates>
		<computerName>Server</computerName>
	</creates>
</gameEvent>
<componentEvent>
	<dtimeGame>20220105080000</dtimeGame>	<dtimeReal>20221015170008</dtimeReal>
	<name>Grace's workstation</name>
	<accountAdd>
		<user>Grace</user>
	</accountAdd>
	<cost>0</cost><cash>4000</cash>
</componentEvent>
<componentEvent>
	<dtimeGame>20220105080000</dtimeGame>	<dtimeReal>20221015170008</dtimeReal>
	<name>Grace's workstation</name>
	<networkConnect>LAN 1</networkConnect>
	<cost>0</cost><cash>4000</cash>
</componentEvent>
<assetEvent>
	<dtimeGame>20220105080000</dtimeGame>	<dtimeReal>20221015170008</dtimeReal>
	<name>Weekly Reports</name>
	<moveType>Add : SCENARIO_FILE</moveType>
	<computerName>Grace's workstation</computerName>
</assetEvent>
<gameEvent>
	<dtimeGame>20220105080000</dtimeGame>	<dtimeReal>20221015170008</dtimeReal>
	<creates>
		<computerName>Grace's workstation</computerName>
	</creates>
</gameEvent>
<componentEvent>
	<dtimeGame>20220105080000</dtimeGame>	<dtimeReal>20221015170008</dtimeReal>
	<name>Sean's workstation</name>
	<accountAdd>
		<user>Sean</user>
	</accountAdd>
	<cost>0</cost><cash>4000</cash>
</componentEvent>
<componentEvent>
	<dtimeGame>20220105080000</dtimeGame>	<dtimeReal>20221015170008</dtimeReal>
	<name>Sean's workstation</name>
	<networkConnect>LAN 2</networkConnect>
	<cost>0</cost><cash>4000</cash>
</componentEvent>
<gameEvent>
	<dtimeGame>20220105080000</dtimeGame>	<dtimeReal>20221015170008</dtimeReal>
	<creates>
		<computerName>Sean's workstation</computerName>
	</creates>
</gameEvent>
<goalFailure>
	<dtimeGame>20220105080000</dtimeGame>	<dtimeReal>20221015170008</dtimeReal>
	<name>Maintain Logistics Database</name>
	<userList>Sean</userList>
	<reason>I failed Maintain Logistics Database.  </reason>
	<cost>0</cost><cash>4000</cash>
</goalFailure>
<goalFailure>
	<dtimeGame>20220105080000</dtimeGame>	<dtimeReal>20221015170008</dtimeReal>
	<name>Prepare Weekly Reports</name>
	<userList>Grace</userList>
	<reason>I failed Prepare Weekly Reports.  </reason>
	<cost>0</cost><cash>4000</cash>
</goalFailure>
<gameEvent>
	<dtimeGame>20220105080000</dtimeGame>	<dtimeReal>20221015170008</dtimeReal>
	<start></start>
</gameEvent>
<trigger>
	<dtimeGame>20220105080000</dtimeGame>	<dtimeReal>20221015170008</dtimeReal>
	<name>encyl</name>
	<triggerType>ECONTEXT_TRIGGER</triggerType>
	<timesGoneOff>1</timesGoneOff>
	<conditions>ConditionList: not OneHour(false) :end</conditions>
</trigger>
<uiEvent>
	<dtimeGame>20220105080000</dtimeGame>	<dtimeReal>20221015170011</dtimeReal>
	<tab>network</tab>
</uiEvent>
<trigger>
	<dtimeGame>20220105080000</dtimeGame>	<dtimeReal>20221015170011</dtimeReal>
	<name>ConnectBoth</name>
	<triggerType>HELPTIP_TRIGGER</triggerType>
	<timesGoneOff>1</timesGoneOff>
	<conditions>ConditionList: not GraceConnected(false) or_not SeanConnected(false) and OnScreen3,3 :end</conditions>
</trigger>
<componentEvent>
	<dtimeGame>20220105080000</dtimeGame>	<dtimeReal>20221015170013</dtimeReal>
	<name>Server</name>
	<networkConnect>LAN 1</networkConnect>
	<cost>0</cost><cash>4000</cash>
</componentEvent>
<trigger>
	<dtimeGame>20220105080000</dtimeGame>	<dtimeReal>20221015170013</dtimeReal>
	<name>SetLabels</name>
	<triggerType>HELPTIP_TRIGGER</triggerType>
	<timesGoneOff>1</timesGoneOff>
	<conditions>ConditionList: GraceConnected(true) and_not GraceGeneral(false) and OnScreen3,3 :end</conditions>
</trigger>
<componentEvent>
	<dtimeGame>20220105080000</dtimeGame>	<dtimeReal>20221015170014</dtimeReal>
	<name>Server</name>
	<networkConnect>LAN 2</networkConnect>
	<cost>0</cost><cash>4000</cash>
</componentEvent>
<trigger>
	<dtimeGame>20220105080000</dtimeGame>	<dtimeReal>20221015170014</dtimeReal>
	<name>LANsConnected</name>
	<triggerType>SET_OBJECTIVE_STATUS</triggerType>
	<timesGoneOff>1</timesGoneOff>
	<conditions>ConditionList: not LANsConnected(false) and SeanConnected(true) and GraceConnected(true) :end</conditions>
</trigger>
<componentEvent>
	<dtimeGame>20220105080000</dtimeGame>	<dtimeReal>20221015170019</dtimeReal>
	<name>Server</name>
	<networkLabel>
		<network>LAN 1</network><label>General Operations</label>
		<otherLabel>SECRET</otherLabel>
	</networkLabel>
	<cost>0</cost><cash>4000</cash>
</componentEvent>
<componentEvent>
	<dtimeGame>20220105080000</dtimeGame>	<dtimeReal>20221015170026</dtimeReal>
	<name>Server</name>
	<networkLabel>
		<network>LAN 2</network><label>SECRET</label>
		<otherLabel>General Operations</otherLabel>
	</networkLabel>
	<cost>0</cost><cash>4000</cash>
</componentEvent>
<componentEvent>
	<dtimeGame>20220105080000</dtimeGame>	<dtimeReal>20221015170027</dtimeReal>
	<name>Server</name>
	<networkLabel>
		<network>LAN 2</network><label>General Operations</label>
		<otherLabel>SECRET</otherLabel>
	</networkLabel>
	<cost>0</cost><cash>4000</cash>
</componentEvent>
<trigger>
	<dtimeGame>20220105080000</dtimeGame>	<dtimeReal>20221015170028</dtimeReal>
	<name>SetSeanLabel</name>
	<triggerType>HELPTIP_TRIGGER</triggerType>
	<timesGoneOff>1</timesGoneOff>
	<conditions>ConditionList: GraceConnected(true) and GraceGeneral(true) and SeanConnected(true) and_not SeanCritical(false) and OnScreen3,3 :end</conditions>
</trigger>
<goalFailure>
	<dtimeGame>20220105080000</dtimeGame>	<dtimeReal>20221015170029</dtimeReal>
	<name>Maintain Logistics Database</name>
	<userList>Sean</userList>
	<reason>I failed Maintain Logistics Database.  </reason>
	<cost>0</cost><cash>4000</cash>
</goalFailure>
<uiEvent>
	<dtimeGame>20220105080000</dtimeGame>	<dtimeReal>20221015170029</dtimeReal>
	<tab>office</tab>
</uiEvent>
<gameEvent>
	<dtimeGame>20220105080000</dtimeGame>	<dtimeReal>20221015170031</dtimeReal>
	<resume></resume>
</gameEvent>
<goalFailure>
	<dtimeGame>20220105080000</dtimeGame>	<dtimeReal>20221015170031</dtimeReal>
	<name>Maintain Logistics Database</name>
	<userList>Sean</userList>
	<reason>I failed Maintain Logistics Database.  </reason>
	<cost>0</cost><cash>4000</cash>
</goalFailure>
<summaryEvent>
	<dtimeGame>20220105080102</dtimeGame>	<dtimeReal>20221015170032</dtimeReal>
	<bonus>0</bonus><cash>4000</cash>
</summaryEvent>
<userEvent>
	<dtimeGame>20220105080604</dtimeGame>	<dtimeReal>20221015170033</dtimeReal>
	<newMode>
		<name>Sean</name>
		<animMode>14</animMode>
	</newMode>
	<cost>0</cost><cash>3998</cash>
</userEvent>
<userEvent>
	<dtimeGame>20220105081301</dtimeGame>	<dtimeReal>20221015170034</dtimeReal>
	<newMode>
		<name>Sean</name>
		<animMode>3</animMode>
	</newMode>
	<cost>0</cost><cash>3995</cash>
</userEvent>
<userEvent>
	<dtimeGame>20220105081959</dtimeGame>	<dtimeReal>20221015170036</dtimeReal>
	<newMode>
		<name>Sean</name>
		<animMode>14</animMode>
	</newMode>
	<cost>0</cost><cash>3993</cash>
</userEvent>
<trigger>
	<dtimeGame>20220105082003</dtimeGame>	<dtimeReal>20221015170036</dtimeReal>
	<name>bad Sean Label</name>
	<triggerType>SPEAK_TRIGGER</triggerType>
	<timesGoneOff>1</timesGoneOff>
	<conditions>ConditionList: SeanConnected(true) and_not SeanCritical(false) and GraceGeneral(true) :end</conditions>
</trigger>
<userEvent>
	<dtimeGame>20220105082656</dtimeGame>	<dtimeReal>20221015170037</dtimeReal>
	<newMode>
		<name>Sean</name>
		<animMode>3</animMode>
	</newMode>
	<cost>0</cost><cash>3991</cash>
</userEvent>
<userEvent>
	<dtimeGame>20220105084051</dtimeGame>	<dtimeReal>20221015170040</dtimeReal>
	<newMode>
		<name>Sean</name>
		<animMode>14</animMode>
	</newMode>
	<cost>0</cost><cash>3986</cash>
</userEvent>
<userEvent>
	<dtimeGame>20220105090143</dtimeGame>	<dtimeReal>20221015170044</dtimeReal>
	<newMode>
		<name>Sean</name>
		<animMode>3</animMode>
	</newMode>
	<cost>0</cost><cash>3979</cash>
</userEvent>
<goalFailure>
	<dtimeGame>20220105090250</dtimeGame>	<dtimeReal>20221015170044</dtimeReal>
	<name>Maintain Logistics Database</name>
	<userList>Sean</userList>
	<reason>I failed Maintain Logistics Database.  </reason>
	<cost>25</cost><cash>3978</cash>
</goalFailure>
<trigger>
	<dtimeGame>20220105090500</dtimeGame>	<dtimeReal>20221015170045</dtimeReal>
	<name>Targeted Malware</name>
	<triggerType>ATTACK_TRIGGER</triggerType>
	<timesGoneOff>1</timesGoneOff>
	<conditions>ConditionList: OneHour(true) :end</conditions>
</trigger>
<trigger>
	<dtimeGame>20220105090500</dtimeGame>	<dtimeReal>20221015170045</dtimeReal>
	<name>Insiders</name>
	<triggerType>ATTACK_TRIGGER</triggerType>
	<timesGoneOff>1</timesGoneOff>
	<conditions>ConditionList: OneHour(true) :end</conditions>
</trigger>
<trigger>
	<dtimeGame>20220105090500</dtimeGame>	<dtimeReal>20221015170045</dtimeReal>
	<name>Breakin</name>
	<triggerType>ATTACK_TRIGGER</triggerType>
	<timesGoneOff>1</timesGoneOff>
	<conditions>ConditionList: OneHour(true) :end</conditions>
</trigger>
<trigger>
	<dtimeGame>20220105090500</dtimeGame>	<dtimeReal>20221015170045</dtimeReal>
	<name>Internet</name>
	<triggerType>ATTACK_TRIGGER</triggerType>
	<timesGoneOff>1</timesGoneOff>
	<conditions>ConditionList: OneHour(true) :end</conditions>
</trigger>
<assetAttacked>
	<dtimeGame>20220105090500</dtimeGame>	<dtimeReal>20221015170045</dtimeReal>
	<name>Old Secret Files</name>
	<motiveType>Dislosure </motiveType>
	<motive>300</motive>
	<attackType>ATTACK_OUTSIDER_INTERNET</attackType>
	<attackIndex>[12][13][23]</attackIndex>
	<computerName>Server</computerName>
	<attacker>Attacker</attacker>
	<cost>2000000</cost><cash>-1996023</cash>
	<reason> read Old Secret Files via some zombie computer on the Internet. Remote access to Server was gained because remote O/S flaw exploited. and an operating system flaw was exploited to compromise the asset.</reason>
	<route>&lt;start attack route&gt;
	Asset: Old Secret Files on component:
	[Server!!O/S FLAW!!]
		&lt;=== LAN 1 ===&gt;
	{router!!loose filter!!}
		&lt;=== Internet ===&gt;
	[Attacker's computer]
&lt;end attack route&gt;
</route>
</assetAttacked>
<userEvent>
	<dtimeGame>20220105091538</dtimeGame>	<dtimeReal>20221015170047</dtimeReal>
	<newMode>
		<name>Sean</name>
		<animMode>14</animMode>
	</newMode>
	<cost>0</cost><cash>-1996027</cash>
</userEvent>
<userEvent>
	<dtimeGame>20220105092235</dtimeGame>	<dtimeReal>20221015170049</dtimeReal>
	<newMode>
		<name>Sean</name>
		<animMode>3</animMode>
	</newMode>
	<cost>0</cost><cash>-1996029</cash>
</userEvent>
<gameEvent>
	<dtimeGame>20220105093439</dtimeGame>	<dtimeReal>20221015170051</dtimeReal>
	<pause></pause>
</gameEvent>
<goalFailure>
	<dtimeGame>20220105093439</dtimeGame>	<dtimeReal>20221015170051</dtimeReal>
	<name>Maintain Logistics Database</name>
	<userList>Sean</userList>
	<reason>I failed Maintain Logistics Database.  </reason>
	<cost>0</cost><cash>-1996034</cash>
</goalFailure>
<goalFailure>
	<dtimeGame>20220105093439</dtimeGame>	<dtimeReal>20221015170051</dtimeReal>
	<name>Maintain Logistics Database</name>
	<userList>Sean</userList>
	<reason>I failed Maintain Logistics Database.  </reason>
	<cost>0</cost><cash>-1996034</cash>
</goalFailure>
<uiEvent>
	<dtimeGame>20220105093439</dtimeGame>	<dtimeReal>20221015170120</dtimeReal>
	<tab>network</tab>
</uiEvent>
<trigger>
	<dtimeGame>20220105093439</dtimeGame>	<dtimeReal>20221015170120</dtimeReal>
	<name>SetSeanLabel</name>
	<triggerType>HELPTIP_TRIGGER</triggerType>
	<timesGoneOff>2</timesGoneOff>
	<conditions>ConditionList: GraceConnected(true) and GraceGeneral(true) and SeanConnected(true) and_not SeanCritical(false) and OnScreen3,3 :end</conditions>
</trigger>
<trigger>
	<dtimeGame>20220105093439</dtimeGame>	<dtimeReal>20221015170123</dtimeReal>
	<name>SetSeanLabel</name>
	<triggerType>HELPTIP_TRIGGER</triggerType>
	<timesGoneOff>3</timesGoneOff>
	<conditions>ConditionList: GraceConnected(true) and GraceGeneral(true) and SeanConnected(true) and_not SeanCritical(false) and OnScreen3,3 :end</conditions>
</trigger>
<trigger>
	<dtimeGame>20220105093439</dtimeGame>	<dtimeReal>20221015170126</dtimeReal>
	<name>SetSeanLabel</name>
	<triggerType>HELPTIP_TRIGGER</triggerType>
	<timesGoneOff>4</timesGoneOff>
	<conditions>ConditionList: GraceConnected(true) and GraceGeneral(true) and SeanConnected(true) and_not SeanCritical(false) and OnScreen3,3 :end</conditions>
</trigger>
<uiEvent>
	<dtimeGame>20220105093439</dtimeGame>	<dtimeReal>20221015170127</dtimeReal>
	<tab>game</tab>
</uiEvent>
<gameEvent>
	<dtimeGame>20220105093439</dtimeGame>	<dtimeReal>20221015170130</dtimeReal>
	<end>quit</end>
</gameEvent>
<gameEvent>
	<dtimeGame>20220105093439</dtimeGame>	<dtimeReal>20221015170130</dtimeReal>
	<end>quit</end>
</gameEvent>
</CyberCIEGEeventLog>