<?xml version="1.0"?>
<!DOCTYPE CyberCIEGEeventLog SYSTEM "..\..\eventlog.dtd">
<CyberCIEGEeventLog>
<gameEvent>
	<dtimeGame>20220101060200</dtimeGame>	<dtimeReal>20221015170408</dtimeReal>
	<loadFile>..\Mandatory Access Controls\2_MAC_Integrity.sdf</loadFile>
</gameEvent>
<gameEvent>
	<dtimeGame>20220101060200</dtimeGame>	<dtimeReal>20221015170408</dtimeReal>
	<loadFile>MAC_Integrity.CSM 10/6/11 9 02 AM</loadFile>
</gameEvent>
<gameEvent>
	<dtimeGame>20220105080000</dtimeGame>	<dtimeReal>20221015170408</dtimeReal>
	<creates>
		<user>Grace</user>
	</creates>
</gameEvent>
<gameEvent>
	<dtimeGame>20220105080000</dtimeGame>	<dtimeReal>20221015170408</dtimeReal>
	<creates>
		<user>Sean</user>
	</creates>
</gameEvent>
<gameEvent>
	<dtimeGame>20220105080000</dtimeGame>	<dtimeReal>20221015170408</dtimeReal>
	<creates>
		<user>Guard</user>
	</creates>
</gameEvent>
<componentEvent>
	<dtimeGame>20220105080000</dtimeGame>	<dtimeReal>20221015170408</dtimeReal>
	<name>NNN Router</name>
	<networkConnect>NNN's LAN</networkConnect>
	<cost>0</cost><cash>4000</cash>
</componentEvent>
<componentEvent>
	<dtimeGame>20220105080000</dtimeGame>	<dtimeReal>20221015170408</dtimeReal>
	<name>NNN Router</name>
	<networkConnect>Internet</networkConnect>
	<cost>0</cost><cash>4000</cash>
</componentEvent>
<gameEvent>
	<dtimeGame>20220105080000</dtimeGame>	<dtimeReal>20221015170408</dtimeReal>
	<creates>
		<deviceName>NNN Router</deviceName>
	</creates>
</gameEvent>
<componentEvent>
	<dtimeGame>20220105080000</dtimeGame>	<dtimeReal>20221015170408</dtimeReal>
	<name>NNN Web Server</name>
	<networkConnect>NNN's LAN</networkConnect>
	<cost>0</cost><cash>4000</cash>
</componentEvent>
<assetEvent>
	<dtimeGame>20220105080000</dtimeGame>	<dtimeReal>20221015170408</dtimeReal>
	<name>NNN News Feed</name>
	<moveType>Add : SCENARIO_FILE</moveType>
	<computerName>NNN Web Server</computerName>
</assetEvent>
<gameEvent>
	<dtimeGame>20220105080000</dtimeGame>	<dtimeReal>20221015170408</dtimeReal>
	<creates>
		<computerName>NNN Web Server</computerName>
	</creates>
</gameEvent>
<componentEvent>
	<dtimeGame>20220105080000</dtimeGame>	<dtimeReal>20221015170408</dtimeReal>
	<name>router</name>
	<networkConnect>LAN 1</networkConnect>
	<cost>0</cost><cash>4000</cash>
</componentEvent>
<componentEvent>
	<dtimeGame>20220105080000</dtimeGame>	<dtimeReal>20221015170408</dtimeReal>
	<name>router</name>
	<networkConnect>Internet</networkConnect>
	<cost>0</cost><cash>4000</cash>
</componentEvent>
<gameEvent>
	<dtimeGame>20220105080000</dtimeGame>	<dtimeReal>20221015170408</dtimeReal>
	<creates>
		<deviceName>router</deviceName>
	</creates>
</gameEvent>
<componentEvent>
	<dtimeGame>20220105080000</dtimeGame>	<dtimeReal>20221015170408</dtimeReal>
	<name>Server</name>
	<accountAdd>
		<group>Command</group>
	</accountAdd>
	<cost>0</cost><cash>4000</cash>
</componentEvent>
<componentEvent>
	<dtimeGame>20220105080000</dtimeGame>	<dtimeReal>20221015170408</dtimeReal>
	<name>Server</name>
	<accountAdd>
		<user>Sean</user>
	</accountAdd>
	<cost>0</cost><cash>4000</cash>
</componentEvent>
<componentEvent>
	<dtimeGame>20220105080000</dtimeGame>	<dtimeReal>20221015170408</dtimeReal>
	<name>Server</name>
	<accountAdd>
		<user>Grace</user>
	</accountAdd>
	<cost>0</cost><cash>4000</cash>
</componentEvent>
<assetEvent>
	<dtimeGame>20220105080000</dtimeGame>	<dtimeReal>20221015170408</dtimeReal>
	<name>Critical Logistics Database</name>
	<moveType>Add : SCENARIO_FILE</moveType>
	<computerName>Server</computerName>
</assetEvent>
<assetEvent>
	<dtimeGame>20220105080000</dtimeGame>	<dtimeReal>20221015170408</dtimeReal>
	<name>Old Secret Files</name>
	<moveType>Add : SCENARIO_FILE</moveType>
	<computerName>Server</computerName>
</assetEvent>
<gameEvent>
	<dtimeGame>20220105080000</dtimeGame>	<dtimeReal>20221015170408</dtimeReal>
	<creates>
		<computerName>Server</computerName>
	</creates>
</gameEvent>
<componentEvent>
	<dtimeGame>20220105080000</dtimeGame>	<dtimeReal>20221015170408</dtimeReal>
	<name>Grace's workstation</name>
	<accountAdd>
		<user>Grace</user>
	</accountAdd>
	<cost>0</cost><cash>4000</cash>
</componentEvent>
<componentEvent>
	<dtimeGame>20220105080000</dtimeGame>	<dtimeReal>20221015170408</dtimeReal>
	<name>Grace's workstation</name>
	<networkConnect>LAN 1</networkConnect>
	<cost>0</cost><cash>4000</cash>
</componentEvent>
<assetEvent>
	<dtimeGame>20220105080000</dtimeGame>	<dtimeReal>20221015170408</dtimeReal>
	<name>Weekly Reports</name>
	<moveType>Add : SCENARIO_FILE</moveType>
	<computerName>Grace's workstation</computerName>
</assetEvent>
<gameEvent>
	<dtimeGame>20220105080000</dtimeGame>	<dtimeReal>20221015170408</dtimeReal>
	<creates>
		<computerName>Grace's workstation</computerName>
	</creates>
</gameEvent>
<componentEvent>
	<dtimeGame>20220105080000</dtimeGame>	<dtimeReal>20221015170408</dtimeReal>
	<name>Sean's workstation</name>
	<accountAdd>
		<user>Sean</user>
	</accountAdd>
	<cost>0</cost><cash>4000</cash>
</componentEvent>
<componentEvent>
	<dtimeGame>20220105080000</dtimeGame>	<dtimeReal>20221015170408</dtimeReal>
	<name>Sean's workstation</name>
	<networkConnect>LAN 2</networkConnect>
	<cost>0</cost><cash>4000</cash>
</componentEvent>
<gameEvent>
	<dtimeGame>20220105080000</dtimeGame>	<dtimeReal>20221015170408</dtimeReal>
	<creates>
		<computerName>Sean's workstation</computerName>
	</creates>
</gameEvent>
<goalFailure>
	<dtimeGame>20220105080000</dtimeGame>	<dtimeReal>20221015170409</dtimeReal>
	<name>Maintain Logistics Database</name>
	<userList>Sean</userList>
	<reason>I failed Maintain Logistics Database.  </reason>
	<cost>0</cost><cash>4000</cash>
</goalFailure>
<goalFailure>
	<dtimeGame>20220105080000</dtimeGame>	<dtimeReal>20221015170409</dtimeReal>
	<name>Prepare Weekly Reports</name>
	<userList>Grace</userList>
	<reason>I failed Prepare Weekly Reports.  </reason>
	<cost>0</cost><cash>4000</cash>
</goalFailure>
<gameEvent>
	<dtimeGame>20220105080000</dtimeGame>	<dtimeReal>20221015170409</dtimeReal>
	<start></start>
</gameEvent>
<trigger>
	<dtimeGame>20220105080000</dtimeGame>	<dtimeReal>20221015170409</dtimeReal>
	<name>encyl</name>
	<triggerType>ECONTEXT_TRIGGER</triggerType>
	<timesGoneOff>1</timesGoneOff>
	<conditions>ConditionList: not OneHour(false) :end</conditions>
</trigger>
<uiEvent>
	<dtimeGame>20220105080000</dtimeGame>	<dtimeReal>20221015170411</dtimeReal>
	<tab>network</tab>
</uiEvent>
<trigger>
	<dtimeGame>20220105080000</dtimeGame>	<dtimeReal>20221015170412</dtimeReal>
	<name>ConnectBoth</name>
	<triggerType>HELPTIP_TRIGGER</triggerType>
	<timesGoneOff>1</timesGoneOff>
	<conditions>ConditionList: not GraceConnected(false) or_not SeanConnected(false) and OnScreen3,3 :end</conditions>
</trigger>
<componentEvent>
	<dtimeGame>20220105080000</dtimeGame>	<dtimeReal>20221015170413</dtimeReal>
	<name>Server</name>
	<networkConnect>LAN 1</networkConnect>
	<cost>0</cost><cash>4000</cash>
</componentEvent>
<trigger>
	<dtimeGame>20220105080000</dtimeGame>	<dtimeReal>20221015170414</dtimeReal>
	<name>SetLabels</name>
	<triggerType>HELPTIP_TRIGGER</triggerType>
	<timesGoneOff>1</timesGoneOff>
	<conditions>ConditionList: GraceConnected(true) and_not GraceGeneral(false) and OnScreen3,3 :end</conditions>
</trigger>
<componentEvent>
	<dtimeGame>20220105080000</dtimeGame>	<dtimeReal>20221015170414</dtimeReal>
	<name>Server</name>
	<networkConnect>LAN 2</networkConnect>
	<cost>0</cost><cash>4000</cash>
</componentEvent>
<trigger>
	<dtimeGame>20220105080000</dtimeGame>	<dtimeReal>20221015170418</dtimeReal>
	<name>LANsConnected</name>
	<triggerType>SET_OBJECTIVE_STATUS</triggerType>
	<timesGoneOff>1</timesGoneOff>
	<conditions>ConditionList: not LANsConnected(false) and SeanConnected(true) and GraceConnected(true) :end</conditions>
</trigger>
<componentEvent>
	<dtimeGame>20220105080000</dtimeGame>	<dtimeReal>20221015170420</dtimeReal>
	<name>Server</name>
	<networkLabel>
		<network>LAN 1</network><label>Critical Operations</label>
		<otherLabel>UNCLASSIFIED</otherLabel>
	</networkLabel>
	<cost>0</cost><cash>4000</cash>
</componentEvent>
<trigger>
	<dtimeGame>20220105080000</dtimeGame>	<dtimeReal>20221015170422</dtimeReal>
	<name>SetLabels</name>
	<triggerType>HELPTIP_TRIGGER</triggerType>
	<timesGoneOff>2</timesGoneOff>
	<conditions>ConditionList: GraceConnected(true) and_not GraceGeneral(false) and OnScreen3,3 :end</conditions>
</trigger>
<componentEvent>
	<dtimeGame>20220105080000</dtimeGame>	<dtimeReal>20221015170427</dtimeReal>
	<name>Server</name>
	<networkLabel>
		<network>LAN 2</network><label>SECRET</label>
		<otherLabel>Critical Operations</otherLabel>
	</networkLabel>
	<cost>0</cost><cash>4000</cash>
</componentEvent>
<componentEvent>
	<dtimeGame>20220105080000</dtimeGame>	<dtimeReal>20221015170429</dtimeReal>
	<name>Server</name>
	<networkLabel>
		<network>LAN 2</network><label>Critical Operations</label>
		<otherLabel>SECRET</otherLabel>
	</networkLabel>
	<cost>0</cost><cash>4000</cash>
</componentEvent>
<trigger>
	<dtimeGame>20220105080000</dtimeGame>	<dtimeReal>20221015170437</dtimeReal>
	<name>SetLabels</name>
	<triggerType>HELPTIP_TRIGGER</triggerType>
	<timesGoneOff>3</timesGoneOff>
	<conditions>ConditionList: GraceConnected(true) and_not GraceGeneral(false) and OnScreen3,3 :end</conditions>
</trigger>
<trigger>
	<dtimeGame>20220105080000</dtimeGame>	<dtimeReal>20221015170443</dtimeReal>
	<name>SetLabels</name>
	<triggerType>HELPTIP_TRIGGER</triggerType>
	<timesGoneOff>4</timesGoneOff>
	<conditions>ConditionList: GraceConnected(true) and_not GraceGeneral(false) and OnScreen3,3 :end</conditions>
</trigger>
<trigger>
	<dtimeGame>20220105080000</dtimeGame>	<dtimeReal>20221015170448</dtimeReal>
	<name>SetLabels</name>
	<triggerType>HELPTIP_TRIGGER</triggerType>
	<timesGoneOff>5</timesGoneOff>
	<conditions>ConditionList: GraceConnected(true) and_not GraceGeneral(false) and OnScreen3,3 :end</conditions>
</trigger>
<goalFailure>
	<dtimeGame>20220105080000</dtimeGame>	<dtimeReal>20221015170448</dtimeReal>
	<name>Maintain Logistics Database</name>
	<userList>Sean</userList>
	<reason>I failed Maintain Logistics Database.  </reason>
	<cost>0</cost><cash>4000</cash>
</goalFailure>
<uiEvent>
	<dtimeGame>20220105080000</dtimeGame>	<dtimeReal>20221015170448</dtimeReal>
	<tab>office</tab>
</uiEvent>
<gameEvent>
	<dtimeGame>20220105080000</dtimeGame>	<dtimeReal>20221015170449</dtimeReal>
	<resume></resume>
</gameEvent>
<goalFailure>
	<dtimeGame>20220105080000</dtimeGame>	<dtimeReal>20221015170449</dtimeReal>
	<name>Maintain Logistics Database</name>
	<userList>Sean</userList>
	<reason>I failed Maintain Logistics Database.  </reason>
	<cost>0</cost><cash>4000</cash>
</goalFailure>
<summaryEvent>
	<dtimeGame>20220105080102</dtimeGame>	<dtimeReal>20221015170449</dtimeReal>
	<bonus>0</bonus><cash>4000</cash>
</summaryEvent>
<userEvent>
	<dtimeGame>20220105080814</dtimeGame>	<dtimeReal>20221015170451</dtimeReal>
	<newMode>
		<name>Sean</name>
		<animMode>14</animMode>
	</newMode>
	<cost>0</cost><cash>3997</cash>
</userEvent>
<userEvent>
	<dtimeGame>20220105081511</dtimeGame>	<dtimeReal>20221015170452</dtimeReal>
	<newMode>
		<name>Sean</name>
		<animMode>3</animMode>
	</newMode>
	<cost>0</cost><cash>3995</cash>
</userEvent>
<userEvent>
	<dtimeGame>20220105083603</dtimeGame>	<dtimeReal>20221015170457</dtimeReal>
	<newMode>
		<name>Sean</name>
		<animMode>14</animMode>
	</newMode>
	<cost>0</cost><cash>3987</cash>
</userEvent>
<userEvent>
	<dtimeGame>20220105084301</dtimeGame>	<dtimeReal>20221015170458</dtimeReal>
	<newMode>
		<name>Sean</name>
		<animMode>3</animMode>
	</newMode>
	<cost>0</cost><cash>3985</cash>
</userEvent>
<userEvent>
	<dtimeGame>20220105085656</dtimeGame>	<dtimeReal>20221015170501</dtimeReal>
	<newMode>
		<name>Sean</name>
		<animMode>14</animMode>
	</newMode>
	<cost>0</cost><cash>3980</cash>
</userEvent>
<trigger>
	<dtimeGame>20220105090500</dtimeGame>	<dtimeReal>20221015170503</dtimeReal>
	<name>Targeted Malware</name>
	<triggerType>ATTACK_TRIGGER</triggerType>
	<timesGoneOff>1</timesGoneOff>
	<conditions>ConditionList: OneHour(true) :end</conditions>
</trigger>
<assetAttacked>
	<dtimeGame>20220105090500</dtimeGame>	<dtimeReal>20221015170503</dtimeReal>
	<name>Critical Logistics Database</name>
	<motiveType>Modification</motiveType>
	<motive>550</motive>
	<attackType>ATTACK_TARG_MAL_SOFTWARE</attackType>
	<attackIndex>[12][13][23]</attackIndex>
	<computerName>Server</computerName>
	<attacker>Attacker</attacker>
	<cost>5000000</cost><cash>-4996023</cash>
	<reason>Malicious software on computer Server has has received instruction from the Internet to maliciously corrupt Critical Logistics Database. remote O/S flaw exploited. </reason>
	<route>&lt;start attack route&gt;
	Asset: Critical Logistics Database on component:
	[Server!!O/S FLAW!!]
		&lt;=== LAN 1 ===&gt;
	{router!!loose filter!!}
		&lt;=== Internet ===&gt;
	[Attacker's computer]
&lt;end attack route&gt;
</route>
</assetAttacked>
<trigger>
	<dtimeGame>20220105090500</dtimeGame>	<dtimeReal>20221015170503</dtimeReal>
	<name>LogisticsAttacked</name>
	<triggerType>QUESTION_MULT</triggerType>
	<timesGoneOff>1</timesGoneOff>
	<conditions>ConditionList: GraceConnected(true) and GraceCritical(true) and LogisticsAttacked(true) :end</conditions>
</trigger>
<playerResponse>
	<dtimeGame>20220105090500</dtimeGame>	<dtimeReal>20221015170553</dtimeReal>
	<triggerName>LogisticsAttacked</triggerName>
	<answerMult><answer>ab</answer><questionType>Guide</questionType></answerMult>
</playerResponse>
<goalFailure>
	<dtimeGame>20220105090631</dtimeGame>	<dtimeReal>20221015170553</dtimeReal>
	<name>Maintain Logistics Database</name>
	<userList>Sean</userList>
	<reason>I failed Maintain Logistics Database.  </reason>
	<cost>0</cost><cash>-4996024</cash>
</goalFailure>
<goalFailure>
	<dtimeGame>20220105090631</dtimeGame>	<dtimeReal>20221015170553</dtimeReal>
	<name>Maintain Logistics Database</name>
	<userList>Sean</userList>
	<reason>I failed Maintain Logistics Database.  </reason>
	<cost>8</cost><cash>-4996024</cash>
</goalFailure>
<userEvent>
	<dtimeGame>20220105091035</dtimeGame>	<dtimeReal>20221015170554</dtimeReal>
	<newMode>
		<name>Sean</name>
		<animMode>3</animMode>
	</newMode>
	<cost>0</cost><cash>-4996026</cash>
</userEvent>
<gameEvent>
	<dtimeGame>20220105092703</dtimeGame>	<dtimeReal>20221015170558</dtimeReal>
	<pause></pause>
</gameEvent>
<goalFailure>
	<dtimeGame>20220105092703</dtimeGame>	<dtimeReal>20221015170558</dtimeReal>
	<name>Maintain Logistics Database</name>
	<userList>Sean</userList>
	<reason>I failed Maintain Logistics Database.  </reason>
	<cost>0</cost><cash>-4996034</cash>
</goalFailure>
<gameEvent>
	<dtimeGame>20220105092703</dtimeGame>	<dtimeReal>20221015170559</dtimeReal>
	<resume></resume>
</gameEvent>
<goalFailure>
	<dtimeGame>20220105092703</dtimeGame>	<dtimeReal>20221015170559</dtimeReal>
	<name>Maintain Logistics Database</name>
	<userList>Sean</userList>
	<reason>I failed Maintain Logistics Database.  </reason>
	<cost>0</cost><cash>-4996034</cash>
</goalFailure>
<userEvent>
	<dtimeGame>20220105093834</dtimeGame>	<dtimeReal>20221015170601</dtimeReal>
	<newMode>
		<name>Sean</name>
		<animMode>14</animMode>
	</newMode>
	<cost>0</cost><cash>-4996040</cash>
</userEvent>
<gameEvent>
	<dtimeGame>20220105094230</dtimeGame>	<dtimeReal>20221015170602</dtimeReal>
	<pause></pause>
</gameEvent>
<goalFailure>
	<dtimeGame>20220105094230</dtimeGame>	<dtimeReal>20221015170602</dtimeReal>
	<name>Maintain Logistics Database</name>
	<userList>Sean</userList>
	<reason>I failed Maintain Logistics Database.  </reason>
	<cost>0</cost><cash>-4996042</cash>
</goalFailure>
<gameEvent>
	<dtimeGame>20220105094230</dtimeGame>	<dtimeReal>20221015170639</dtimeReal>
	<resume></resume>
</gameEvent>
<goalFailure>
	<dtimeGame>20220105094230</dtimeGame>	<dtimeReal>20221015170639</dtimeReal>
	<name>Maintain Logistics Database</name>
	<userList>Sean</userList>
	<reason>I failed Maintain Logistics Database.  </reason>
	<cost>0</cost><cash>-4996042</cash>
</goalFailure>
<userEvent>
	<dtimeGame>20220105094527</dtimeGame>	<dtimeReal>20221015170639</dtimeReal>
	<newMode>
		<name>Sean</name>
		<animMode>3</animMode>
	</newMode>
	<cost>0</cost><cash>-4996043</cash>
</userEvent>
<gameEvent>
	<dtimeGame>20220105095409</dtimeGame>	<dtimeReal>20221015170641</dtimeReal>
	<pause></pause>
</gameEvent>
<goalFailure>
	<dtimeGame>20220105095409</dtimeGame>	<dtimeReal>20221015170641</dtimeReal>
	<name>Maintain Logistics Database</name>
	<userList>Sean</userList>
	<reason>I failed Maintain Logistics Database.  </reason>
	<cost>0</cost><cash>-4996048</cash>
</goalFailure>
<uiEvent>
	<dtimeGame>20220105095409</dtimeGame>	<dtimeReal>20221015170825</dtimeReal>
	<tab>game</tab>
</uiEvent>
<gameEvent>
	<dtimeGame>20220105095409</dtimeGame>	<dtimeReal>20221015170829</dtimeReal>
	<end>quit</end>
</gameEvent>
<gameEvent>
	<dtimeGame>20220105095409</dtimeGame>	<dtimeReal>20221015170829</dtimeReal>
	<end>quit</end>
</gameEvent>
</CyberCIEGEeventLog>