<?xml version="1.0"?>
<!DOCTYPE CyberCIEGEeventLog SYSTEM "..\..\eventlog.dtd">
<CyberCIEGEeventLog>
<gameEvent>
	<dtimeGame>20220101060200</dtimeGame>	<dtimeReal>20221015165201</dtimeReal>
	<loadFile>..\Mandatory Access Controls\2_MAC_Integrity.sdf</loadFile>
</gameEvent>
<gameEvent>
	<dtimeGame>20220101060200</dtimeGame>	<dtimeReal>20221015165201</dtimeReal>
	<loadFile>MAC_Integrity.CSM 10/6/11 9 02 AM</loadFile>
</gameEvent>
<gameEvent>
	<dtimeGame>20220105080000</dtimeGame>	<dtimeReal>20221015165201</dtimeReal>
	<creates>
		<user>Grace</user>
	</creates>
</gameEvent>
<gameEvent>
	<dtimeGame>20220105080000</dtimeGame>	<dtimeReal>20221015165201</dtimeReal>
	<creates>
		<user>Sean</user>
	</creates>
</gameEvent>
<gameEvent>
	<dtimeGame>20220105080000</dtimeGame>	<dtimeReal>20221015165201</dtimeReal>
	<creates>
		<user>Guard</user>
	</creates>
</gameEvent>
<componentEvent>
	<dtimeGame>20220105080000</dtimeGame>	<dtimeReal>20221015165201</dtimeReal>
	<name>NNN Router</name>
	<networkConnect>NNN's LAN</networkConnect>
	<cost>0</cost><cash>4000</cash>
</componentEvent>
<componentEvent>
	<dtimeGame>20220105080000</dtimeGame>	<dtimeReal>20221015165201</dtimeReal>
	<name>NNN Router</name>
	<networkConnect>Internet</networkConnect>
	<cost>0</cost><cash>4000</cash>
</componentEvent>
<gameEvent>
	<dtimeGame>20220105080000</dtimeGame>	<dtimeReal>20221015165201</dtimeReal>
	<creates>
		<deviceName>NNN Router</deviceName>
	</creates>
</gameEvent>
<componentEvent>
	<dtimeGame>20220105080000</dtimeGame>	<dtimeReal>20221015165201</dtimeReal>
	<name>NNN Web Server</name>
	<networkConnect>NNN's LAN</networkConnect>
	<cost>0</cost><cash>4000</cash>
</componentEvent>
<assetEvent>
	<dtimeGame>20220105080000</dtimeGame>	<dtimeReal>20221015165201</dtimeReal>
	<name>NNN News Feed</name>
	<moveType>Add : SCENARIO_FILE</moveType>
	<computerName>NNN Web Server</computerName>
</assetEvent>
<gameEvent>
	<dtimeGame>20220105080000</dtimeGame>	<dtimeReal>20221015165201</dtimeReal>
	<creates>
		<computerName>NNN Web Server</computerName>
	</creates>
</gameEvent>
<componentEvent>
	<dtimeGame>20220105080000</dtimeGame>	<dtimeReal>20221015165201</dtimeReal>
	<name>router</name>
	<networkConnect>LAN 1</networkConnect>
	<cost>0</cost><cash>4000</cash>
</componentEvent>
<componentEvent>
	<dtimeGame>20220105080000</dtimeGame>	<dtimeReal>20221015165201</dtimeReal>
	<name>router</name>
	<networkConnect>Internet</networkConnect>
	<cost>0</cost><cash>4000</cash>
</componentEvent>
<gameEvent>
	<dtimeGame>20220105080000</dtimeGame>	<dtimeReal>20221015165201</dtimeReal>
	<creates>
		<deviceName>router</deviceName>
	</creates>
</gameEvent>
<componentEvent>
	<dtimeGame>20220105080000</dtimeGame>	<dtimeReal>20221015165201</dtimeReal>
	<name>Server</name>
	<accountAdd>
		<group>Command</group>
	</accountAdd>
	<cost>0</cost><cash>4000</cash>
</componentEvent>
<componentEvent>
	<dtimeGame>20220105080000</dtimeGame>	<dtimeReal>20221015165201</dtimeReal>
	<name>Server</name>
	<accountAdd>
		<user>Sean</user>
	</accountAdd>
	<cost>0</cost><cash>4000</cash>
</componentEvent>
<componentEvent>
	<dtimeGame>20220105080000</dtimeGame>	<dtimeReal>20221015165201</dtimeReal>
	<name>Server</name>
	<accountAdd>
		<user>Grace</user>
	</accountAdd>
	<cost>0</cost><cash>4000</cash>
</componentEvent>
<assetEvent>
	<dtimeGame>20220105080000</dtimeGame>	<dtimeReal>20221015165201</dtimeReal>
	<name>Critical Logistics Database</name>
	<moveType>Add : SCENARIO_FILE</moveType>
	<computerName>Server</computerName>
</assetEvent>
<assetEvent>
	<dtimeGame>20220105080000</dtimeGame>	<dtimeReal>20221015165201</dtimeReal>
	<name>Old Secret Files</name>
	<moveType>Add : SCENARIO_FILE</moveType>
	<computerName>Server</computerName>
</assetEvent>
<gameEvent>
	<dtimeGame>20220105080000</dtimeGame>	<dtimeReal>20221015165201</dtimeReal>
	<creates>
		<computerName>Server</computerName>
	</creates>
</gameEvent>
<componentEvent>
	<dtimeGame>20220105080000</dtimeGame>	<dtimeReal>20221015165201</dtimeReal>
	<name>Grace's workstation</name>
	<accountAdd>
		<user>Grace</user>
	</accountAdd>
	<cost>0</cost><cash>4000</cash>
</componentEvent>
<componentEvent>
	<dtimeGame>20220105080000</dtimeGame>	<dtimeReal>20221015165201</dtimeReal>
	<name>Grace's workstation</name>
	<networkConnect>LAN 1</networkConnect>
	<cost>0</cost><cash>4000</cash>
</componentEvent>
<assetEvent>
	<dtimeGame>20220105080000</dtimeGame>	<dtimeReal>20221015165201</dtimeReal>
	<name>Weekly Reports</name>
	<moveType>Add : SCENARIO_FILE</moveType>
	<computerName>Grace's workstation</computerName>
</assetEvent>
<gameEvent>
	<dtimeGame>20220105080000</dtimeGame>	<dtimeReal>20221015165201</dtimeReal>
	<creates>
		<computerName>Grace's workstation</computerName>
	</creates>
</gameEvent>
<componentEvent>
	<dtimeGame>20220105080000</dtimeGame>	<dtimeReal>20221015165201</dtimeReal>
	<name>Sean's workstation</name>
	<accountAdd>
		<user>Sean</user>
	</accountAdd>
	<cost>0</cost><cash>4000</cash>
</componentEvent>
<componentEvent>
	<dtimeGame>20220105080000</dtimeGame>	<dtimeReal>20221015165201</dtimeReal>
	<name>Sean's workstation</name>
	<networkConnect>LAN 2</networkConnect>
	<cost>0</cost><cash>4000</cash>
</componentEvent>
<gameEvent>
	<dtimeGame>20220105080000</dtimeGame>	<dtimeReal>20221015165201</dtimeReal>
	<creates>
		<computerName>Sean's workstation</computerName>
	</creates>
</gameEvent>
<goalFailure>
	<dtimeGame>20220105080000</dtimeGame>	<dtimeReal>20221015165201</dtimeReal>
	<name>Maintain Logistics Database</name>
	<userList>Sean</userList>
	<reason>I failed Maintain Logistics Database.  </reason>
	<cost>0</cost><cash>4000</cash>
</goalFailure>
<goalFailure>
	<dtimeGame>20220105080000</dtimeGame>	<dtimeReal>20221015165201</dtimeReal>
	<name>Prepare Weekly Reports</name>
	<userList>Grace</userList>
	<reason>I failed Prepare Weekly Reports.  </reason>
	<cost>0</cost><cash>4000</cash>
</goalFailure>
<gameEvent>
	<dtimeGame>20220105080000</dtimeGame>	<dtimeReal>20221015165201</dtimeReal>
	<start></start>
</gameEvent>
<trigger>
	<dtimeGame>20220105080000</dtimeGame>	<dtimeReal>20221015165201</dtimeReal>
	<name>encyl</name>
	<triggerType>ECONTEXT_TRIGGER</triggerType>
	<timesGoneOff>1</timesGoneOff>
	<conditions>ConditionList: not OneHour(false) :end</conditions>
</trigger>
<uiEvent>
	<dtimeGame>20220105080000</dtimeGame>	<dtimeReal>20221015165205</dtimeReal>
	<tab>network</tab>
</uiEvent>
<trigger>
	<dtimeGame>20220105080000</dtimeGame>	<dtimeReal>20221015165205</dtimeReal>
	<name>ConnectBoth</name>
	<triggerType>HELPTIP_TRIGGER</triggerType>
	<timesGoneOff>1</timesGoneOff>
	<conditions>ConditionList: not GraceConnected(false) or_not SeanConnected(false) and OnScreen3,3 :end</conditions>
</trigger>
<trigger>
	<dtimeGame>20220105080000</dtimeGame>	<dtimeReal>20221015165210</dtimeReal>
	<name>ConnectBoth</name>
	<triggerType>HELPTIP_TRIGGER</triggerType>
	<timesGoneOff>2</timesGoneOff>
	<conditions>ConditionList: not GraceConnected(false) or_not SeanConnected(false) and OnScreen3,3 :end</conditions>
</trigger>
<componentEvent>
	<dtimeGame>20220105080000</dtimeGame>	<dtimeReal>20221015165210</dtimeReal>
	<name>Server</name>
	<networkConnect>LAN 1</networkConnect>
	<cost>0</cost><cash>4000</cash>
</componentEvent>
<trigger>
	<dtimeGame>20220105080000</dtimeGame>	<dtimeReal>20221015165211</dtimeReal>
	<name>SetLabels</name>
	<triggerType>HELPTIP_TRIGGER</triggerType>
	<timesGoneOff>1</timesGoneOff>
	<conditions>ConditionList: GraceConnected(true) and_not GraceGeneral(false) and OnScreen3,3 :end</conditions>
</trigger>
<componentEvent>
	<dtimeGame>20220105080000</dtimeGame>	<dtimeReal>20221015165211</dtimeReal>
	<name>Server</name>
	<networkConnect>LAN 2</networkConnect>
	<cost>0</cost><cash>4000</cash>
</componentEvent>
<trigger>
	<dtimeGame>20220105080000</dtimeGame>	<dtimeReal>20221015165212</dtimeReal>
	<name>LANsConnected</name>
	<triggerType>SET_OBJECTIVE_STATUS</triggerType>
	<timesGoneOff>1</timesGoneOff>
	<conditions>ConditionList: not LANsConnected(false) and SeanConnected(true) and GraceConnected(true) :end</conditions>
</trigger>
<uiEvent>
	<dtimeGame>20220105080000</dtimeGame>	<dtimeReal>20221015165213</dtimeReal>
	<tab>objective</tab>
</uiEvent>
<uiEvent>
	<dtimeGame>20220105080000</dtimeGame>	<dtimeReal>20221015165214</dtimeReal>
	<tab>game</tab>
</uiEvent>
<gameEvent>
	<dtimeGame>20220105080000</dtimeGame>	<dtimeReal>20221015165237</dtimeReal>
	<saveFile>saved_until_LAN.sdf</saveFile>
</gameEvent>
<uiEvent>
	<dtimeGame>20220105080000</dtimeGame>	<dtimeReal>20221015165240</dtimeReal>
	<tab>network</tab>
</uiEvent>
<trigger>
	<dtimeGame>20220105080000</dtimeGame>	<dtimeReal>20221015165241</dtimeReal>
	<name>SetLabels</name>
	<triggerType>HELPTIP_TRIGGER</triggerType>
	<timesGoneOff>2</timesGoneOff>
	<conditions>ConditionList: GraceConnected(true) and_not GraceGeneral(false) and OnScreen3,3 :end</conditions>
</trigger>
<trigger>
	<dtimeGame>20220105080000</dtimeGame>	<dtimeReal>20221015165244</dtimeReal>
	<name>SetLabels</name>
	<triggerType>HELPTIP_TRIGGER</triggerType>
	<timesGoneOff>3</timesGoneOff>
	<conditions>ConditionList: GraceConnected(true) and_not GraceGeneral(false) and OnScreen3,3 :end</conditions>
</trigger>
<trigger>
	<dtimeGame>20220105080000</dtimeGame>	<dtimeReal>20221015165247</dtimeReal>
	<name>SetLabels</name>
	<triggerType>HELPTIP_TRIGGER</triggerType>
	<timesGoneOff>4</timesGoneOff>
	<conditions>ConditionList: GraceConnected(true) and_not GraceGeneral(false) and OnScreen3,3 :end</conditions>
</trigger>
<componentEvent>
	<dtimeGame>20220105080000</dtimeGame>	<dtimeReal>20221015165251</dtimeReal>
	<name>Server</name>
	<networkLabel>
		<network>LAN 1</network><label>Critical Operations</label>
		<otherLabel>SECRET</otherLabel>
	</networkLabel>
	<cost>0</cost><cash>4000</cash>
</componentEvent>
<trigger>
	<dtimeGame>20220105080000</dtimeGame>	<dtimeReal>20221015165253</dtimeReal>
	<name>SetLabels</name>
	<triggerType>HELPTIP_TRIGGER</triggerType>
	<timesGoneOff>5</timesGoneOff>
	<conditions>ConditionList: GraceConnected(true) and_not GraceGeneral(false) and OnScreen3,3 :end</conditions>
</trigger>
<componentEvent>
	<dtimeGame>20220105080000</dtimeGame>	<dtimeReal>20221015165300</dtimeReal>
	<name>Server</name>
	<networkLabel>
		<network>LAN 2</network><label>SECRET</label>
		<otherLabel>Critical Operations</otherLabel>
	</networkLabel>
	<cost>0</cost><cash>4000</cash>
</componentEvent>
<componentEvent>
	<dtimeGame>20220105080000</dtimeGame>	<dtimeReal>20221015165301</dtimeReal>
	<name>Server</name>
	<networkLabel>
		<network>LAN 2</network><label>UNCLASSIFIED</label>
		<otherLabel>Critical Operations</otherLabel>
	</networkLabel>
	<cost>0</cost><cash>4000</cash>
</componentEvent>
<componentEvent>
	<dtimeGame>20220105080000</dtimeGame>	<dtimeReal>20221015165302</dtimeReal>
	<name>Server</name>
	<networkLabel>
		<network>LAN 2</network><label>Critical Operations</label>
		<otherLabel>UNCLASSIFIED</otherLabel>
	</networkLabel>
	<cost>0</cost><cash>4000</cash>
</componentEvent>
<trigger>
	<dtimeGame>20220105080000</dtimeGame>	<dtimeReal>20221015165305</dtimeReal>
	<name>SetLabels</name>
	<triggerType>HELPTIP_TRIGGER</triggerType>
	<timesGoneOff>6</timesGoneOff>
	<conditions>ConditionList: GraceConnected(true) and_not GraceGeneral(false) and OnScreen3,3 :end</conditions>
</trigger>
<uiEvent>
	<dtimeGame>20220105080000</dtimeGame>	<dtimeReal>20221015165305</dtimeReal>
	<tab>office</tab>
</uiEvent>
<gameEvent>
	<dtimeGame>20220105080000</dtimeGame>	<dtimeReal>20221015165306</dtimeReal>
	<resume></resume>
</gameEvent>
<summaryEvent>
	<dtimeGame>20220105080102</dtimeGame>	<dtimeReal>20221015165307</dtimeReal>
	<bonus>0</bonus><cash>4000</cash>
</summaryEvent>
<trigger>
	<dtimeGame>20220105090500</dtimeGame>	<dtimeReal>20221015165320</dtimeReal>
	<name>Targeted Malware</name>
	<triggerType>ATTACK_TRIGGER</triggerType>
	<timesGoneOff>1</timesGoneOff>
	<conditions>ConditionList: OneHour(true) :end</conditions>
</trigger>
<trigger>
	<dtimeGame>20220105090500</dtimeGame>	<dtimeReal>20221015165320</dtimeReal>
	<name>Insiders</name>
	<triggerType>ATTACK_TRIGGER</triggerType>
	<timesGoneOff>1</timesGoneOff>
	<conditions>ConditionList: OneHour(true) :end</conditions>
</trigger>
<trigger>
	<dtimeGame>20220105090500</dtimeGame>	<dtimeReal>20221015165320</dtimeReal>
	<name>Breakin</name>
	<triggerType>ATTACK_TRIGGER</triggerType>
	<timesGoneOff>1</timesGoneOff>
	<conditions>ConditionList: OneHour(true) :end</conditions>
</trigger>
<trigger>
	<dtimeGame>20220105090500</dtimeGame>	<dtimeReal>20221015165320</dtimeReal>
	<name>Internet</name>
	<triggerType>ATTACK_TRIGGER</triggerType>
	<timesGoneOff>1</timesGoneOff>
	<conditions>ConditionList: OneHour(true) :end</conditions>
</trigger>
<trigger>
	<dtimeGame>20220105093503</dtimeGame>	<dtimeReal>20221015165326</dtimeReal>
	<name>Win</name>
	<triggerType>WIN_TRIGGER</triggerType>
	<timesGoneOff>1</timesGoneOff>
	<conditions>ConditionList: AllGoalsMet(true) and_not LogisticsAttacked(false) and_not SecretAttacked(false) :end</conditions>
</trigger>
<gameEvent>
	<dtimeGame>20220105093503</dtimeGame>	<dtimeReal>20221015165326</dtimeReal>
	<end>win</end>
</gameEvent>
<uiEvent>
	<dtimeGame>20220105093503</dtimeGame>	<dtimeReal>20221015165409</dtimeReal>
	<tab>game</tab>
</uiEvent>
<uiEvent>
	<dtimeGame>20220105093503</dtimeGame>	<dtimeReal>20221015165412</dtimeReal>
	<tab>network</tab>
</uiEvent>
<uiEvent>
	<dtimeGame>20220105093503</dtimeGame>	<dtimeReal>20221015165516</dtimeReal>
	<tab>game</tab>
</uiEvent>
</CyberCIEGEeventLog>