<?xml version="1.0"?>
<!DOCTYPE CyberCIEGEeventLog SYSTEM "..\..\eventlog.dtd">
<CyberCIEGEeventLog>
<gameEvent>
	<dtimeGame>20220101060200</dtimeGame>	<dtimeReal>20221015172400</dtimeReal>
	<loadFile>..\Mandatory Access Controls\2_MAC_Integrity.sdf</loadFile>
</gameEvent>
<gameEvent>
	<dtimeGame>20220101060200</dtimeGame>	<dtimeReal>20221015172400</dtimeReal>
	<loadFile>MAC_Integrity.CSM 10/6/11 9 02 AM</loadFile>
</gameEvent>
<gameEvent>
	<dtimeGame>20220105080000</dtimeGame>	<dtimeReal>20221015172401</dtimeReal>
	<creates>
		<user>Grace</user>
	</creates>
</gameEvent>
<gameEvent>
	<dtimeGame>20220105080000</dtimeGame>	<dtimeReal>20221015172401</dtimeReal>
	<creates>
		<user>Sean</user>
	</creates>
</gameEvent>
<gameEvent>
	<dtimeGame>20220105080000</dtimeGame>	<dtimeReal>20221015172401</dtimeReal>
	<creates>
		<user>Guard</user>
	</creates>
</gameEvent>
<componentEvent>
	<dtimeGame>20220105080000</dtimeGame>	<dtimeReal>20221015172401</dtimeReal>
	<name>NNN Router</name>
	<networkConnect>NNN's LAN</networkConnect>
	<cost>0</cost><cash>4000</cash>
</componentEvent>
<componentEvent>
	<dtimeGame>20220105080000</dtimeGame>	<dtimeReal>20221015172401</dtimeReal>
	<name>NNN Router</name>
	<networkConnect>Internet</networkConnect>
	<cost>0</cost><cash>4000</cash>
</componentEvent>
<gameEvent>
	<dtimeGame>20220105080000</dtimeGame>	<dtimeReal>20221015172401</dtimeReal>
	<creates>
		<deviceName>NNN Router</deviceName>
	</creates>
</gameEvent>
<componentEvent>
	<dtimeGame>20220105080000</dtimeGame>	<dtimeReal>20221015172401</dtimeReal>
	<name>NNN Web Server</name>
	<networkConnect>NNN's LAN</networkConnect>
	<cost>0</cost><cash>4000</cash>
</componentEvent>
<assetEvent>
	<dtimeGame>20220105080000</dtimeGame>	<dtimeReal>20221015172401</dtimeReal>
	<name>NNN News Feed</name>
	<moveType>Add : SCENARIO_FILE</moveType>
	<computerName>NNN Web Server</computerName>
</assetEvent>
<gameEvent>
	<dtimeGame>20220105080000</dtimeGame>	<dtimeReal>20221015172401</dtimeReal>
	<creates>
		<computerName>NNN Web Server</computerName>
	</creates>
</gameEvent>
<componentEvent>
	<dtimeGame>20220105080000</dtimeGame>	<dtimeReal>20221015172401</dtimeReal>
	<name>router</name>
	<networkConnect>LAN 1</networkConnect>
	<cost>0</cost><cash>4000</cash>
</componentEvent>
<componentEvent>
	<dtimeGame>20220105080000</dtimeGame>	<dtimeReal>20221015172401</dtimeReal>
	<name>router</name>
	<networkConnect>Internet</networkConnect>
	<cost>0</cost><cash>4000</cash>
</componentEvent>
<gameEvent>
	<dtimeGame>20220105080000</dtimeGame>	<dtimeReal>20221015172401</dtimeReal>
	<creates>
		<deviceName>router</deviceName>
	</creates>
</gameEvent>
<componentEvent>
	<dtimeGame>20220105080000</dtimeGame>	<dtimeReal>20221015172401</dtimeReal>
	<name>Server</name>
	<accountAdd>
		<group>Command</group>
	</accountAdd>
	<cost>0</cost><cash>4000</cash>
</componentEvent>
<componentEvent>
	<dtimeGame>20220105080000</dtimeGame>	<dtimeReal>20221015172401</dtimeReal>
	<name>Server</name>
	<accountAdd>
		<user>Sean</user>
	</accountAdd>
	<cost>0</cost><cash>4000</cash>
</componentEvent>
<componentEvent>
	<dtimeGame>20220105080000</dtimeGame>	<dtimeReal>20221015172401</dtimeReal>
	<name>Server</name>
	<accountAdd>
		<user>Grace</user>
	</accountAdd>
	<cost>0</cost><cash>4000</cash>
</componentEvent>
<assetEvent>
	<dtimeGame>20220105080000</dtimeGame>	<dtimeReal>20221015172401</dtimeReal>
	<name>Critical Logistics Database</name>
	<moveType>Add : SCENARIO_FILE</moveType>
	<computerName>Server</computerName>
</assetEvent>
<assetEvent>
	<dtimeGame>20220105080000</dtimeGame>	<dtimeReal>20221015172401</dtimeReal>
	<name>Old Secret Files</name>
	<moveType>Add : SCENARIO_FILE</moveType>
	<computerName>Server</computerName>
</assetEvent>
<gameEvent>
	<dtimeGame>20220105080000</dtimeGame>	<dtimeReal>20221015172401</dtimeReal>
	<creates>
		<computerName>Server</computerName>
	</creates>
</gameEvent>
<componentEvent>
	<dtimeGame>20220105080000</dtimeGame>	<dtimeReal>20221015172401</dtimeReal>
	<name>Grace's workstation</name>
	<accountAdd>
		<user>Grace</user>
	</accountAdd>
	<cost>0</cost><cash>4000</cash>
</componentEvent>
<componentEvent>
	<dtimeGame>20220105080000</dtimeGame>	<dtimeReal>20221015172401</dtimeReal>
	<name>Grace's workstation</name>
	<networkConnect>LAN 1</networkConnect>
	<cost>0</cost><cash>4000</cash>
</componentEvent>
<assetEvent>
	<dtimeGame>20220105080000</dtimeGame>	<dtimeReal>20221015172401</dtimeReal>
	<name>Weekly Reports</name>
	<moveType>Add : SCENARIO_FILE</moveType>
	<computerName>Grace's workstation</computerName>
</assetEvent>
<gameEvent>
	<dtimeGame>20220105080000</dtimeGame>	<dtimeReal>20221015172401</dtimeReal>
	<creates>
		<computerName>Grace's workstation</computerName>
	</creates>
</gameEvent>
<componentEvent>
	<dtimeGame>20220105080000</dtimeGame>	<dtimeReal>20221015172401</dtimeReal>
	<name>Sean's workstation</name>
	<accountAdd>
		<user>Sean</user>
	</accountAdd>
	<cost>0</cost><cash>4000</cash>
</componentEvent>
<componentEvent>
	<dtimeGame>20220105080000</dtimeGame>	<dtimeReal>20221015172401</dtimeReal>
	<name>Sean's workstation</name>
	<networkConnect>LAN 2</networkConnect>
	<cost>0</cost><cash>4000</cash>
</componentEvent>
<gameEvent>
	<dtimeGame>20220105080000</dtimeGame>	<dtimeReal>20221015172401</dtimeReal>
	<creates>
		<computerName>Sean's workstation</computerName>
	</creates>
</gameEvent>
<goalFailure>
	<dtimeGame>20220105080000</dtimeGame>	<dtimeReal>20221015172401</dtimeReal>
	<name>Maintain Logistics Database</name>
	<userList>Sean</userList>
	<reason>I failed Maintain Logistics Database.  </reason>
	<cost>0</cost><cash>4000</cash>
</goalFailure>
<goalFailure>
	<dtimeGame>20220105080000</dtimeGame>	<dtimeReal>20221015172401</dtimeReal>
	<name>Prepare Weekly Reports</name>
	<userList>Grace</userList>
	<reason>I failed Prepare Weekly Reports.  </reason>
	<cost>0</cost><cash>4000</cash>
</goalFailure>
<gameEvent>
	<dtimeGame>20220105080000</dtimeGame>	<dtimeReal>20221015172401</dtimeReal>
	<start></start>
</gameEvent>
<trigger>
	<dtimeGame>20220105080000</dtimeGame>	<dtimeReal>20221015172401</dtimeReal>
	<name>encyl</name>
	<triggerType>ECONTEXT_TRIGGER</triggerType>
	<timesGoneOff>1</timesGoneOff>
	<conditions>ConditionList: not OneHour(false) :end</conditions>
</trigger>
<uiEvent>
	<dtimeGame>20220105080000</dtimeGame>	<dtimeReal>20221015172406</dtimeReal>
	<tab>network</tab>
</uiEvent>
<trigger>
	<dtimeGame>20220105080000</dtimeGame>	<dtimeReal>20221015172406</dtimeReal>
	<name>ConnectBoth</name>
	<triggerType>HELPTIP_TRIGGER</triggerType>
	<timesGoneOff>1</timesGoneOff>
	<conditions>ConditionList: not GraceConnected(false) or_not SeanConnected(false) and OnScreen3,3 :end</conditions>
</trigger>
<componentEvent>
	<dtimeGame>20220105080000</dtimeGame>	<dtimeReal>20221015172408</dtimeReal>
	<name>Server</name>
	<networkConnect>LAN 1</networkConnect>
	<cost>0</cost><cash>4000</cash>
</componentEvent>
<componentEvent>
	<dtimeGame>20220105080000</dtimeGame>	<dtimeReal>20221015172409</dtimeReal>
	<name>Server</name>
	<networkConnect>LAN 2</networkConnect>
	<cost>0</cost><cash>4000</cash>
</componentEvent>
<trigger>
	<dtimeGame>20220105080000</dtimeGame>	<dtimeReal>20221015172409</dtimeReal>
	<name>SetLabels</name>
	<triggerType>HELPTIP_TRIGGER</triggerType>
	<timesGoneOff>1</timesGoneOff>
	<conditions>ConditionList: GraceConnected(true) and_not GraceGeneral(false) and OnScreen3,3 :end</conditions>
</trigger>
<trigger>
	<dtimeGame>20220105080000</dtimeGame>	<dtimeReal>20221015172409</dtimeReal>
	<name>LANsConnected</name>
	<triggerType>SET_OBJECTIVE_STATUS</triggerType>
	<timesGoneOff>1</timesGoneOff>
	<conditions>ConditionList: not LANsConnected(false) and SeanConnected(true) and GraceConnected(true) :end</conditions>
</trigger>
<componentEvent>
	<dtimeGame>20220105080000</dtimeGame>	<dtimeReal>20221015172414</dtimeReal>
	<name>Server</name>
	<networkLabel>
		<network>LAN 1</network><label>General Operations</label>
		<otherLabel>UNCLASSIFIED</otherLabel>
	</networkLabel>
	<cost>0</cost><cash>4000</cash>
</componentEvent>
<componentEvent>
	<dtimeGame>20220105080000</dtimeGame>	<dtimeReal>20221015172419</dtimeReal>
	<name>Server</name>
	<networkLabel>
		<network>LAN 2</network><label>UNCLASSIFIED</label>
		<otherLabel>General Operations</otherLabel>
	</networkLabel>
	<cost>0</cost><cash>4000</cash>
</componentEvent>
<componentEvent>
	<dtimeGame>20220105080000</dtimeGame>	<dtimeReal>20221015172420</dtimeReal>
	<name>Server</name>
	<networkLabel>
		<network>LAN 2</network><label>General Operations</label>
		<otherLabel>UNCLASSIFIED</otherLabel>
	</networkLabel>
	<cost>0</cost><cash>4000</cash>
</componentEvent>
<trigger>
	<dtimeGame>20220105080000</dtimeGame>	<dtimeReal>20221015172421</dtimeReal>
	<name>SetSeanLabel</name>
	<triggerType>HELPTIP_TRIGGER</triggerType>
	<timesGoneOff>1</timesGoneOff>
	<conditions>ConditionList: GraceConnected(true) and GraceGeneral(true) and SeanConnected(true) and_not SeanCritical(false) and OnScreen3,3 :end</conditions>
</trigger>
<goalFailure>
	<dtimeGame>20220105080000</dtimeGame>	<dtimeReal>20221015172422</dtimeReal>
	<name>Maintain Logistics Database</name>
	<userList>Sean</userList>
	<reason>I failed Maintain Logistics Database.  </reason>
	<cost>0</cost><cash>4000</cash>
</goalFailure>
<uiEvent>
	<dtimeGame>20220105080000</dtimeGame>	<dtimeReal>20221015172422</dtimeReal>
	<tab>office</tab>
</uiEvent>
<gameEvent>
	<dtimeGame>20220105080000</dtimeGame>	<dtimeReal>20221015172424</dtimeReal>
	<resume></resume>
</gameEvent>
<goalFailure>
	<dtimeGame>20220105080000</dtimeGame>	<dtimeReal>20221015172424</dtimeReal>
	<name>Maintain Logistics Database</name>
	<userList>Sean</userList>
	<reason>I failed Maintain Logistics Database.  </reason>
	<cost>0</cost><cash>4000</cash>
</goalFailure>
<summaryEvent>
	<dtimeGame>20220105080102</dtimeGame>	<dtimeReal>20221015172424</dtimeReal>
	<bonus>0</bonus><cash>4000</cash>
</summaryEvent>
<userEvent>
	<dtimeGame>20220105081013</dtimeGame>	<dtimeReal>20221015172426</dtimeReal>
	<newMode>
		<name>Sean</name>
		<animMode>14</animMode>
	</newMode>
	<cost>0</cost><cash>3996</cash>
</userEvent>
<userEvent>
	<dtimeGame>20220105081711</dtimeGame>	<dtimeReal>20221015172428</dtimeReal>
	<newMode>
		<name>Sean</name>
		<animMode>3</animMode>
	</newMode>
	<cost>0</cost><cash>3994</cash>
</userEvent>
<trigger>
	<dtimeGame>20220105082004</dtimeGame>	<dtimeReal>20221015172428</dtimeReal>
	<name>bad Sean Label</name>
	<triggerType>SPEAK_TRIGGER</triggerType>
	<timesGoneOff>1</timesGoneOff>
	<conditions>ConditionList: SeanConnected(true) and_not SeanCritical(false) and GraceGeneral(true) :end</conditions>
</trigger>
<trigger>
	<dtimeGame>20220105090500</dtimeGame>	<dtimeReal>20221015172437</dtimeReal>
	<name>Targeted Malware</name>
	<triggerType>ATTACK_TRIGGER</triggerType>
	<timesGoneOff>1</timesGoneOff>
	<conditions>ConditionList: OneHour(true) :end</conditions>
</trigger>
<trigger>
	<dtimeGame>20220105090500</dtimeGame>	<dtimeReal>20221015172437</dtimeReal>
	<name>Insiders</name>
	<triggerType>ATTACK_TRIGGER</triggerType>
	<timesGoneOff>1</timesGoneOff>
	<conditions>ConditionList: OneHour(true) :end</conditions>
</trigger>
<trigger>
	<dtimeGame>20220105090500</dtimeGame>	<dtimeReal>20221015172437</dtimeReal>
	<name>Breakin</name>
	<triggerType>ATTACK_TRIGGER</triggerType>
	<timesGoneOff>1</timesGoneOff>
	<conditions>ConditionList: OneHour(true) :end</conditions>
</trigger>
<trigger>
	<dtimeGame>20220105090500</dtimeGame>	<dtimeReal>20221015172437</dtimeReal>
	<name>Internet</name>
	<triggerType>ATTACK_TRIGGER</triggerType>
	<timesGoneOff>1</timesGoneOff>
	<conditions>ConditionList: OneHour(true) :end</conditions>
</trigger>
<userEvent>
	<dtimeGame>20220105090552</dtimeGame>	<dtimeReal>20221015172438</dtimeReal>
	<newMode>
		<name>Sean</name>
		<animMode>14</animMode>
	</newMode>
	<cost>0</cost><cash>3977</cash>
</userEvent>
<userEvent>
	<dtimeGame>20220105091947</dtimeGame>	<dtimeReal>20221015172441</dtimeReal>
	<newMode>
		<name>Sean</name>
		<animMode>3</animMode>
	</newMode>
	<cost>0</cost><cash>3972</cash>
</userEvent>
<userEvent>
	<dtimeGame>20220105092644</dtimeGame>	<dtimeReal>20221015172442</dtimeReal>
	<newMode>
		<name>Sean</name>
		<animMode>14</animMode>
	</newMode>
	<cost>0</cost><cash>3970</cash>
</userEvent>
<userEvent>
	<dtimeGame>20220105094039</dtimeGame>	<dtimeReal>20221015172445</dtimeReal>
	<newMode>
		<name>Sean</name>
		<animMode>3</animMode>
	</newMode>
	<cost>0</cost><cash>3965</cash>
</userEvent>
<goalFailure>
	<dtimeGame>20220105094118</dtimeGame>	<dtimeReal>20221015172445</dtimeReal>
	<name>Maintain Logistics Database</name>
	<userList>Sean</userList>
	<reason>I failed Maintain Logistics Database.  </reason>
	<cost>31</cost><cash>3964</cash>
</goalFailure>
<userEvent>
	<dtimeGame>20220105095434</dtimeGame>	<dtimeReal>20221015172448</dtimeReal>
	<newMode>
		<name>Sean</name>
		<animMode>14</animMode>
	</newMode>
	<cost>0</cost><cash>3960</cash>
</userEvent>
<userEvent>
	<dtimeGame>20220105101526</dtimeGame>	<dtimeReal>20221015172452</dtimeReal>
	<newMode>
		<name>Sean</name>
		<animMode>3</animMode>
	</newMode>
	<cost>0</cost><cash>3953</cash>
</userEvent>
<trigger>
	<dtimeGame>20220105102004</dtimeGame>	<dtimeReal>20221015172453</dtimeReal>
	<name>Targeted Malware</name>
	<triggerType>ATTACK_TRIGGER</triggerType>
	<timesGoneOff>2</timesGoneOff>
	<conditions>ConditionList: OneHour(true) :end</conditions>
</trigger>
<trigger>
	<dtimeGame>20220105102004</dtimeGame>	<dtimeReal>20221015172453</dtimeReal>
	<name>Insiders</name>
	<triggerType>ATTACK_TRIGGER</triggerType>
	<timesGoneOff>2</timesGoneOff>
	<conditions>ConditionList: OneHour(true) :end</conditions>
</trigger>
<trigger>
	<dtimeGame>20220105102004</dtimeGame>	<dtimeReal>20221015172453</dtimeReal>
	<name>Breakin</name>
	<triggerType>ATTACK_TRIGGER</triggerType>
	<timesGoneOff>2</timesGoneOff>
	<conditions>ConditionList: OneHour(true) :end</conditions>
</trigger>
<trigger>
	<dtimeGame>20220105102004</dtimeGame>	<dtimeReal>20221015172453</dtimeReal>
	<name>Internet</name>
	<triggerType>ATTACK_TRIGGER</triggerType>
	<timesGoneOff>2</timesGoneOff>
	<conditions>ConditionList: OneHour(true) :end</conditions>
</trigger>
<userEvent>
	<dtimeGame>20220105104316</dtimeGame>	<dtimeReal>20221015172458</dtimeReal>
	<newMode>
		<name>Sean</name>
		<animMode>14</animMode>
	</newMode>
	<cost>0</cost><cash>3943</cash>
</userEvent>
<goalFailure>
	<dtimeGame>20220105104339</dtimeGame>	<dtimeReal>20221015172458</dtimeReal>
	<name>Maintain Logistics Database</name>
	<userList>Sean</userList>
	<reason>I failed Maintain Logistics Database.  </reason>
	<cost>29</cost><cash>3943</cash>
</goalFailure>
<userEvent>
	<dtimeGame>20220105105710</dtimeGame>	<dtimeReal>20221015172501</dtimeReal>
	<newMode>
		<name>Sean</name>
		<animMode>3</animMode>
	</newMode>
	<cost>0</cost><cash>3938</cash>
</userEvent>
<gameEvent>
	<dtimeGame>20220105111046</dtimeGame>	<dtimeReal>20221015172504</dtimeReal>
	<pause></pause>
</gameEvent>
<goalFailure>
	<dtimeGame>20220105111046</dtimeGame>	<dtimeReal>20221015172504</dtimeReal>
	<name>Maintain Logistics Database</name>
	<userList>Sean</userList>
	<reason>I failed Maintain Logistics Database.  </reason>
	<cost>0</cost><cash>3933</cash>
</goalFailure>
<uiEvent>
	<dtimeGame>20220105111046</dtimeGame>	<dtimeReal>20221015172506</dtimeReal>
	<tab>game</tab>
</uiEvent>
<gameEvent>
	<dtimeGame>20220105111046</dtimeGame>	<dtimeReal>20221015172509</dtimeReal>
	<end>quit</end>
</gameEvent>
<gameEvent>
	<dtimeGame>20220105111046</dtimeGame>	<dtimeReal>20221015172509</dtimeReal>
	<end>quit</end>
</gameEvent>
</CyberCIEGEeventLog>