<?xml version="1.0"?>
<!DOCTYPE CyberCIEGEeventLog SYSTEM "..\..\eventlog.dtd">
<CyberCIEGEeventLog>
<gameEvent>
	<dtimeGame>20220101060200</dtimeGame>	<dtimeReal>20221011130943</dtimeReal>
	<loadFile>..\Mandatory Access Controls\2_MAC_Integrity.sdf</loadFile>
</gameEvent>
<gameEvent>
	<dtimeGame>20220101060200</dtimeGame>	<dtimeReal>20221011130943</dtimeReal>
	<loadFile>MAC_Integrity.CSM 10/6/11 9 02 AM</loadFile>
</gameEvent>
<gameEvent>
	<dtimeGame>20220105080000</dtimeGame>	<dtimeReal>20221011130943</dtimeReal>
	<creates>
		<user>Grace</user>
	</creates>
</gameEvent>
<gameEvent>
	<dtimeGame>20220105080000</dtimeGame>	<dtimeReal>20221011130943</dtimeReal>
	<creates>
		<user>Sean</user>
	</creates>
</gameEvent>
<gameEvent>
	<dtimeGame>20220105080000</dtimeGame>	<dtimeReal>20221011130943</dtimeReal>
	<creates>
		<user>Guard</user>
	</creates>
</gameEvent>
<componentEvent>
	<dtimeGame>20220105080000</dtimeGame>	<dtimeReal>20221011130943</dtimeReal>
	<name>NNN Router</name>
	<networkConnect>NNN's LAN</networkConnect>
	<cost>0</cost><cash>4000</cash>
</componentEvent>
<componentEvent>
	<dtimeGame>20220105080000</dtimeGame>	<dtimeReal>20221011130943</dtimeReal>
	<name>NNN Router</name>
	<networkConnect>Internet</networkConnect>
	<cost>0</cost><cash>4000</cash>
</componentEvent>
<gameEvent>
	<dtimeGame>20220105080000</dtimeGame>	<dtimeReal>20221011130943</dtimeReal>
	<creates>
		<deviceName>NNN Router</deviceName>
	</creates>
</gameEvent>
<componentEvent>
	<dtimeGame>20220105080000</dtimeGame>	<dtimeReal>20221011130943</dtimeReal>
	<name>NNN Web Server</name>
	<networkConnect>NNN's LAN</networkConnect>
	<cost>0</cost><cash>4000</cash>
</componentEvent>
<assetEvent>
	<dtimeGame>20220105080000</dtimeGame>	<dtimeReal>20221011130943</dtimeReal>
	<name>NNN News Feed</name>
	<moveType>Add : SCENARIO_FILE</moveType>
	<computerName>NNN Web Server</computerName>
</assetEvent>
<gameEvent>
	<dtimeGame>20220105080000</dtimeGame>	<dtimeReal>20221011130943</dtimeReal>
	<creates>
		<computerName>NNN Web Server</computerName>
	</creates>
</gameEvent>
<componentEvent>
	<dtimeGame>20220105080000</dtimeGame>	<dtimeReal>20221011130943</dtimeReal>
	<name>router</name>
	<networkConnect>LAN 1</networkConnect>
	<cost>0</cost><cash>4000</cash>
</componentEvent>
<componentEvent>
	<dtimeGame>20220105080000</dtimeGame>	<dtimeReal>20221011130943</dtimeReal>
	<name>router</name>
	<networkConnect>Internet</networkConnect>
	<cost>0</cost><cash>4000</cash>
</componentEvent>
<gameEvent>
	<dtimeGame>20220105080000</dtimeGame>	<dtimeReal>20221011130943</dtimeReal>
	<creates>
		<deviceName>router</deviceName>
	</creates>
</gameEvent>
<componentEvent>
	<dtimeGame>20220105080000</dtimeGame>	<dtimeReal>20221011130943</dtimeReal>
	<name>Server</name>
	<accountAdd>
		<group>Command</group>
	</accountAdd>
	<cost>0</cost><cash>4000</cash>
</componentEvent>
<componentEvent>
	<dtimeGame>20220105080000</dtimeGame>	<dtimeReal>20221011130943</dtimeReal>
	<name>Server</name>
	<accountAdd>
		<user>Sean</user>
	</accountAdd>
	<cost>0</cost><cash>4000</cash>
</componentEvent>
<componentEvent>
	<dtimeGame>20220105080000</dtimeGame>	<dtimeReal>20221011130943</dtimeReal>
	<name>Server</name>
	<accountAdd>
		<user>Grace</user>
	</accountAdd>
	<cost>0</cost><cash>4000</cash>
</componentEvent>
<assetEvent>
	<dtimeGame>20220105080000</dtimeGame>	<dtimeReal>20221011130943</dtimeReal>
	<name>Critical Logistics Database</name>
	<moveType>Add : SCENARIO_FILE</moveType>
	<computerName>Server</computerName>
</assetEvent>
<assetEvent>
	<dtimeGame>20220105080000</dtimeGame>	<dtimeReal>20221011130943</dtimeReal>
	<name>Old Secret Files</name>
	<moveType>Add : SCENARIO_FILE</moveType>
	<computerName>Server</computerName>
</assetEvent>
<gameEvent>
	<dtimeGame>20220105080000</dtimeGame>	<dtimeReal>20221011130943</dtimeReal>
	<creates>
		<computerName>Server</computerName>
	</creates>
</gameEvent>
<componentEvent>
	<dtimeGame>20220105080000</dtimeGame>	<dtimeReal>20221011130943</dtimeReal>
	<name>Grace's workstation</name>
	<accountAdd>
		<user>Grace</user>
	</accountAdd>
	<cost>0</cost><cash>4000</cash>
</componentEvent>
<componentEvent>
	<dtimeGame>20220105080000</dtimeGame>	<dtimeReal>20221011130943</dtimeReal>
	<name>Grace's workstation</name>
	<networkConnect>LAN 1</networkConnect>
	<cost>0</cost><cash>4000</cash>
</componentEvent>
<assetEvent>
	<dtimeGame>20220105080000</dtimeGame>	<dtimeReal>20221011130943</dtimeReal>
	<name>Weekly Reports</name>
	<moveType>Add : SCENARIO_FILE</moveType>
	<computerName>Grace's workstation</computerName>
</assetEvent>
<gameEvent>
	<dtimeGame>20220105080000</dtimeGame>	<dtimeReal>20221011130943</dtimeReal>
	<creates>
		<computerName>Grace's workstation</computerName>
	</creates>
</gameEvent>
<componentEvent>
	<dtimeGame>20220105080000</dtimeGame>	<dtimeReal>20221011130943</dtimeReal>
	<name>Sean's workstation</name>
	<accountAdd>
		<user>Sean</user>
	</accountAdd>
	<cost>0</cost><cash>4000</cash>
</componentEvent>
<componentEvent>
	<dtimeGame>20220105080000</dtimeGame>	<dtimeReal>20221011130943</dtimeReal>
	<name>Sean's workstation</name>
	<networkConnect>LAN 2</networkConnect>
	<cost>0</cost><cash>4000</cash>
</componentEvent>
<gameEvent>
	<dtimeGame>20220105080000</dtimeGame>	<dtimeReal>20221011130943</dtimeReal>
	<creates>
		<computerName>Sean's workstation</computerName>
	</creates>
</gameEvent>
<goalFailure>
	<dtimeGame>20220105080000</dtimeGame>	<dtimeReal>20221011130944</dtimeReal>
	<name>Maintain Logistics Database</name>
	<userList>Sean</userList>
	<reason>I failed Maintain Logistics Database.  </reason>
	<cost>0</cost><cash>4000</cash>
</goalFailure>
<goalFailure>
	<dtimeGame>20220105080000</dtimeGame>	<dtimeReal>20221011130944</dtimeReal>
	<name>Prepare Weekly Reports</name>
	<userList>Grace</userList>
	<reason>I failed Prepare Weekly Reports.  </reason>
	<cost>0</cost><cash>4000</cash>
</goalFailure>
<gameEvent>
	<dtimeGame>20220105080000</dtimeGame>	<dtimeReal>20221011130944</dtimeReal>
	<start></start>
</gameEvent>
<trigger>
	<dtimeGame>20220105080000</dtimeGame>	<dtimeReal>20221011130944</dtimeReal>
	<name>encyl</name>
	<triggerType>ECONTEXT_TRIGGER</triggerType>
	<timesGoneOff>1</timesGoneOff>
	<conditions>ConditionList: not OneHour(false) :end</conditions>
</trigger>
<uiEvent>
	<dtimeGame>20220105080000</dtimeGame>	<dtimeReal>20221011131016</dtimeReal>
	<tab>game</tab>
</uiEvent>
<uiEvent>
	<dtimeGame>20220105080000</dtimeGame>	<dtimeReal>20221011131018</dtimeReal>
	<tab>objective</tab>
</uiEvent>
<uiEvent>
	<dtimeGame>20220105080000</dtimeGame>	<dtimeReal>20221011131132</dtimeReal>
	<tab>network</tab>
</uiEvent>
<trigger>
	<dtimeGame>20220105080000</dtimeGame>	<dtimeReal>20221011131132</dtimeReal>
	<name>ConnectBoth</name>
	<triggerType>HELPTIP_TRIGGER</triggerType>
	<timesGoneOff>1</timesGoneOff>
	<conditions>ConditionList: not GraceConnected(false) or_not SeanConnected(false) and OnScreen3,3 :end</conditions>
</trigger>
<componentEvent>
	<dtimeGame>20220105080000</dtimeGame>	<dtimeReal>20221011131134</dtimeReal>
	<name>Server</name>
	<networkConnect>LAN 1</networkConnect>
	<cost>0</cost><cash>4000</cash>
</componentEvent>
<trigger>
	<dtimeGame>20220105080000</dtimeGame>	<dtimeReal>20221011131135</dtimeReal>
	<name>ConnectBoth</name>
	<triggerType>HELPTIP_TRIGGER</triggerType>
	<timesGoneOff>2</timesGoneOff>
	<conditions>ConditionList: not GraceConnected(true) or_not SeanConnected(false) and OnScreen3,3 :end</conditions>
</trigger>
<trigger>
	<dtimeGame>20220105080000</dtimeGame>	<dtimeReal>20221011131135</dtimeReal>
	<name>SetLabels</name>
	<triggerType>HELPTIP_TRIGGER</triggerType>
	<timesGoneOff>1</timesGoneOff>
	<conditions>ConditionList: GraceConnected(true) and_not GraceGeneral(false) and OnScreen3,3 :end</conditions>
</trigger>
<componentEvent>
	<dtimeGame>20220105080000</dtimeGame>	<dtimeReal>20221011131135</dtimeReal>
	<name>Server</name>
	<networkConnect>LAN 2</networkConnect>
	<cost>0</cost><cash>4000</cash>
</componentEvent>
<trigger>
	<dtimeGame>20220105080000</dtimeGame>	<dtimeReal>20221011131136</dtimeReal>
	<name>LANsConnected</name>
	<triggerType>SET_OBJECTIVE_STATUS</triggerType>
	<timesGoneOff>1</timesGoneOff>
	<conditions>ConditionList: not LANsConnected(false) and SeanConnected(true) and GraceConnected(true) :end</conditions>
</trigger>
<trigger>
	<dtimeGame>20220105080000</dtimeGame>	<dtimeReal>20221011131138</dtimeReal>
	<name>SetLabels</name>
	<triggerType>HELPTIP_TRIGGER</triggerType>
	<timesGoneOff>2</timesGoneOff>
	<conditions>ConditionList: GraceConnected(true) and_not GraceGeneral(false) and OnScreen3,3 :end</conditions>
</trigger>
<trigger>
	<dtimeGame>20220105080000</dtimeGame>	<dtimeReal>20221011131141</dtimeReal>
	<name>SetLabels</name>
	<triggerType>HELPTIP_TRIGGER</triggerType>
	<timesGoneOff>3</timesGoneOff>
	<conditions>ConditionList: GraceConnected(true) and_not GraceGeneral(false) and OnScreen3,3 :end</conditions>
</trigger>
<trigger>
	<dtimeGame>20220105080000</dtimeGame>	<dtimeReal>20221011131144</dtimeReal>
	<name>SetLabels</name>
	<triggerType>HELPTIP_TRIGGER</triggerType>
	<timesGoneOff>4</timesGoneOff>
	<conditions>ConditionList: GraceConnected(true) and_not GraceGeneral(false) and OnScreen3,3 :end</conditions>
</trigger>
<trigger>
	<dtimeGame>20220105080000</dtimeGame>	<dtimeReal>20221011131147</dtimeReal>
	<name>SetLabels</name>
	<triggerType>HELPTIP_TRIGGER</triggerType>
	<timesGoneOff>5</timesGoneOff>
	<conditions>ConditionList: GraceConnected(true) and_not GraceGeneral(false) and OnScreen3,3 :end</conditions>
</trigger>
<trigger>
	<dtimeGame>20220105080000</dtimeGame>	<dtimeReal>20221011131150</dtimeReal>
	<name>SetLabels</name>
	<triggerType>HELPTIP_TRIGGER</triggerType>
	<timesGoneOff>6</timesGoneOff>
	<conditions>ConditionList: GraceConnected(true) and_not GraceGeneral(false) and OnScreen3,3 :end</conditions>
</trigger>
<trigger>
	<dtimeGame>20220105080000</dtimeGame>	<dtimeReal>20221011131153</dtimeReal>
	<name>SetLabels</name>
	<triggerType>HELPTIP_TRIGGER</triggerType>
	<timesGoneOff>7</timesGoneOff>
	<conditions>ConditionList: GraceConnected(true) and_not GraceGeneral(false) and OnScreen3,3 :end</conditions>
</trigger>
<trigger>
	<dtimeGame>20220105080000</dtimeGame>	<dtimeReal>20221011131156</dtimeReal>
	<name>SetLabels</name>
	<triggerType>HELPTIP_TRIGGER</triggerType>
	<timesGoneOff>8</timesGoneOff>
	<conditions>ConditionList: GraceConnected(true) and_not GraceGeneral(false) and OnScreen3,3 :end</conditions>
</trigger>
<trigger>
	<dtimeGame>20220105080000</dtimeGame>	<dtimeReal>20221011131159</dtimeReal>
	<name>SetLabels</name>
	<triggerType>HELPTIP_TRIGGER</triggerType>
	<timesGoneOff>9</timesGoneOff>
	<conditions>ConditionList: GraceConnected(true) and_not GraceGeneral(false) and OnScreen3,3 :end</conditions>
</trigger>
<trigger>
	<dtimeGame>20220105080000</dtimeGame>	<dtimeReal>20221011131202</dtimeReal>
	<name>SetLabels</name>
	<triggerType>HELPTIP_TRIGGER</triggerType>
	<timesGoneOff>10</timesGoneOff>
	<conditions>ConditionList: GraceConnected(true) and_not GraceGeneral(false) and OnScreen3,3 :end</conditions>
</trigger>
<uiEvent>
	<dtimeGame>20220105080000</dtimeGame>	<dtimeReal>20221011131203</dtimeReal>
	<tab>user</tab>
</uiEvent>
<uiEvent>
	<dtimeGame>20220105080000</dtimeGame>	<dtimeReal>20221011131220</dtimeReal>
	<tab>network</tab>
</uiEvent>
<trigger>
	<dtimeGame>20220105080000</dtimeGame>	<dtimeReal>20221011131220</dtimeReal>
	<name>SetLabels</name>
	<triggerType>HELPTIP_TRIGGER</triggerType>
	<timesGoneOff>11</timesGoneOff>
	<conditions>ConditionList: GraceConnected(true) and_not GraceGeneral(false) and OnScreen3,3 :end</conditions>
</trigger>
<componentEvent>
	<dtimeGame>20220105080000</dtimeGame>	<dtimeReal>20221011131230</dtimeReal>
	<name>Server</name>
	<networkLabel>
		<network>LAN 1</network><label>Critical Operations</label>
		<otherLabel>SECRET</otherLabel>
	</networkLabel>
	<cost>0</cost><cash>4000</cash>
</componentEvent>
<trigger>
	<dtimeGame>20220105080000</dtimeGame>	<dtimeReal>20221011131243</dtimeReal>
	<name>SetLabels</name>
	<triggerType>HELPTIP_TRIGGER</triggerType>
	<timesGoneOff>12</timesGoneOff>
	<conditions>ConditionList: GraceConnected(true) and_not GraceGeneral(false) and OnScreen3,3 :end</conditions>
</trigger>
<componentEvent>
	<dtimeGame>20220105080000</dtimeGame>	<dtimeReal>20221011131248</dtimeReal>
	<name>Server</name>
	<networkLabel>
		<network>LAN 2</network><label>SECRET</label>
		<otherLabel>Critical Operations</otherLabel>
	</networkLabel>
	<cost>0</cost><cash>4000</cash>
</componentEvent>
<componentEvent>
	<dtimeGame>20220105080000</dtimeGame>	<dtimeReal>20221011131250</dtimeReal>
	<name>Server</name>
	<networkLabel>
		<network>LAN 2</network><label>Critical Operations</label>
		<otherLabel>SECRET</otherLabel>
	</networkLabel>
	<cost>0</cost><cash>4000</cash>
</componentEvent>
<trigger>
	<dtimeGame>20220105080000</dtimeGame>	<dtimeReal>20221011131252</dtimeReal>
	<name>SetLabels</name>
	<triggerType>HELPTIP_TRIGGER</triggerType>
	<timesGoneOff>13</timesGoneOff>
	<conditions>ConditionList: GraceConnected(true) and_not GraceGeneral(false) and OnScreen3,3 :end</conditions>
</trigger>
<goalFailure>
	<dtimeGame>20220105080000</dtimeGame>	<dtimeReal>20221011131253</dtimeReal>
	<name>Maintain Logistics Database</name>
	<userList>Sean</userList>
	<reason>I failed Maintain Logistics Database.  </reason>
	<cost>0</cost><cash>4000</cash>
</goalFailure>
<uiEvent>
	<dtimeGame>20220105080000</dtimeGame>	<dtimeReal>20221011131253</dtimeReal>
	<tab>office</tab>
</uiEvent>
<uiEvent>
	<dtimeGame>20220105080000</dtimeGame>	<dtimeReal>20221011131256</dtimeReal>
	<tab>network</tab>
</uiEvent>
<trigger>
	<dtimeGame>20220105080000</dtimeGame>	<dtimeReal>20221011131257</dtimeReal>
	<name>SetLabels</name>
	<triggerType>HELPTIP_TRIGGER</triggerType>
	<timesGoneOff>14</timesGoneOff>
	<conditions>ConditionList: GraceConnected(true) and_not GraceGeneral(false) and OnScreen3,3 :end</conditions>
</trigger>
<trigger>
	<dtimeGame>20220105080000</dtimeGame>	<dtimeReal>20221011131300</dtimeReal>
	<name>SetLabels</name>
	<triggerType>HELPTIP_TRIGGER</triggerType>
	<timesGoneOff>15</timesGoneOff>
	<conditions>ConditionList: GraceConnected(true) and_not GraceGeneral(false) and OnScreen3,3 :end</conditions>
</trigger>
<goalFailure>
	<dtimeGame>20220105080000</dtimeGame>	<dtimeReal>20221011131301</dtimeReal>
	<name>Maintain Logistics Database</name>
	<userList>Sean</userList>
	<reason>I failed Maintain Logistics Database.  </reason>
	<cost>0</cost><cash>4000</cash>
</goalFailure>
<uiEvent>
	<dtimeGame>20220105080000</dtimeGame>	<dtimeReal>20221011131301</dtimeReal>
	<tab>office</tab>
</uiEvent>
<gameEvent>
	<dtimeGame>20220105080000</dtimeGame>	<dtimeReal>20221011131302</dtimeReal>
	<resume></resume>
</gameEvent>
<goalFailure>
	<dtimeGame>20220105080000</dtimeGame>	<dtimeReal>20221011131302</dtimeReal>
	<name>Maintain Logistics Database</name>
	<userList>Sean</userList>
	<reason>I failed Maintain Logistics Database.  </reason>
	<cost>0</cost><cash>4000</cash>
</goalFailure>
<summaryEvent>
	<dtimeGame>20220105080101</dtimeGame>	<dtimeReal>20221011131302</dtimeReal>
	<bonus>0</bonus><cash>4000</cash>
</summaryEvent>
<userEvent>
	<dtimeGame>20220105080419</dtimeGame>	<dtimeReal>20221011131303</dtimeReal>
	<newMode>
		<name>Sean</name>
		<animMode>14</animMode>
	</newMode>
	<cost>0</cost><cash>3999</cash>
</userEvent>
<userEvent>
	<dtimeGame>20220105081116</dtimeGame>	<dtimeReal>20221011131304</dtimeReal>
	<newMode>
		<name>Sean</name>
		<animMode>3</animMode>
	</newMode>
	<cost>0</cost><cash>3996</cash>
</userEvent>
<userEvent>
	<dtimeGame>20220105085300</dtimeGame>	<dtimeReal>20221011131313</dtimeReal>
	<newMode>
		<name>Sean</name>
		<animMode>14</animMode>
	</newMode>
	<cost>0</cost><cash>3981</cash>
</userEvent>
<userEvent>
	<dtimeGame>20220105085957</dtimeGame>	<dtimeReal>20221011131314</dtimeReal>
	<newMode>
		<name>Sean</name>
		<animMode>3</animMode>
	</newMode>
	<cost>0</cost><cash>3979</cash>
</userEvent>
<goalFailure>
	<dtimeGame>20220105090328</dtimeGame>	<dtimeReal>20221011131315</dtimeReal>
	<name>Maintain Logistics Database</name>
	<userList>Sean</userList>
	<reason>I failed Maintain Logistics Database.  </reason>
	<cost>27</cost><cash>3978</cash>
</goalFailure>
<trigger>
	<dtimeGame>20220105090504</dtimeGame>	<dtimeReal>20221011131315</dtimeReal>
	<name>Targeted Malware</name>
	<triggerType>ATTACK_TRIGGER</triggerType>
	<timesGoneOff>1</timesGoneOff>
	<conditions>ConditionList: OneHour(true) :end</conditions>
</trigger>
<trigger>
	<dtimeGame>20220105090504</dtimeGame>	<dtimeReal>20221011131315</dtimeReal>
	<name>Insiders</name>
	<triggerType>ATTACK_TRIGGER</triggerType>
	<timesGoneOff>1</timesGoneOff>
	<conditions>ConditionList: OneHour(true) :end</conditions>
</trigger>
<trigger>
	<dtimeGame>20220105090504</dtimeGame>	<dtimeReal>20221011131315</dtimeReal>
	<name>Breakin</name>
	<triggerType>ATTACK_TRIGGER</triggerType>
	<timesGoneOff>1</timesGoneOff>
	<conditions>ConditionList: OneHour(true) :end</conditions>
</trigger>
<trigger>
	<dtimeGame>20220105090504</dtimeGame>	<dtimeReal>20221011131315</dtimeReal>
	<name>Internet</name>
	<triggerType>ATTACK_TRIGGER</triggerType>
	<timesGoneOff>1</timesGoneOff>
	<conditions>ConditionList: OneHour(true) :end</conditions>
</trigger>
<userEvent>
	<dtimeGame>20220105090655</dtimeGame>	<dtimeReal>20221011131316</dtimeReal>
	<newMode>
		<name>Sean</name>
		<animMode>14</animMode>
	</newMode>
	<cost>0</cost><cash>3977</cash>
</userEvent>
<userEvent>
	<dtimeGame>20220105091352</dtimeGame>	<dtimeReal>20221011131317</dtimeReal>
	<newMode>
		<name>Sean</name>
		<animMode>3</animMode>
	</newMode>
	<cost>0</cost><cash>3974</cash>
</userEvent>
<userEvent>
	<dtimeGame>20220105092049</dtimeGame>	<dtimeReal>20221011131319</dtimeReal>
	<newMode>
		<name>Sean</name>
		<animMode>14</animMode>
	</newMode>
	<cost>0</cost><cash>3972</cash>
</userEvent>
<userEvent>
	<dtimeGame>20220105094839</dtimeGame>	<dtimeReal>20221011131324</dtimeReal>
	<newMode>
		<name>Sean</name>
		<animMode>3</animMode>
	</newMode>
	<cost>0</cost><cash>3962</cash>
</userEvent>
<userEvent>
	<dtimeGame>20220105095536</dtimeGame>	<dtimeReal>20221011131326</dtimeReal>
	<newMode>
		<name>Sean</name>
		<animMode>14</animMode>
	</newMode>
	<cost>0</cost><cash>3960</cash>
</userEvent>
<goalFailure>
	<dtimeGame>20220105100550</dtimeGame>	<dtimeReal>20221011131328</dtimeReal>
	<name>Maintain Logistics Database</name>
	<userList>Sean</userList>
	<reason>I failed Maintain Logistics Database.  </reason>
	<cost>29</cost><cash>3956</cash>
</goalFailure>
<userEvent>
	<dtimeGame>20220105100931</dtimeGame>	<dtimeReal>20221011131329</dtimeReal>
	<newMode>
		<name>Sean</name>
		<animMode>3</animMode>
	</newMode>
	<cost>0</cost><cash>3955</cash>
</userEvent>
<trigger>
	<dtimeGame>20220105102001</dtimeGame>	<dtimeReal>20221011131331</dtimeReal>
	<name>Targeted Malware</name>
	<triggerType>ATTACK_TRIGGER</triggerType>
	<timesGoneOff>2</timesGoneOff>
	<conditions>ConditionList: OneHour(true) :end</conditions>
</trigger>
<trigger>
	<dtimeGame>20220105102001</dtimeGame>	<dtimeReal>20221011131331</dtimeReal>
	<name>Insiders</name>
	<triggerType>ATTACK_TRIGGER</triggerType>
	<timesGoneOff>2</timesGoneOff>
	<conditions>ConditionList: OneHour(true) :end</conditions>
</trigger>
<trigger>
	<dtimeGame>20220105102001</dtimeGame>	<dtimeReal>20221011131331</dtimeReal>
	<name>Breakin</name>
	<triggerType>ATTACK_TRIGGER</triggerType>
	<timesGoneOff>2</timesGoneOff>
	<conditions>ConditionList: OneHour(true) :end</conditions>
</trigger>
<trigger>
	<dtimeGame>20220105102001</dtimeGame>	<dtimeReal>20221011131331</dtimeReal>
	<name>Internet</name>
	<triggerType>ATTACK_TRIGGER</triggerType>
	<timesGoneOff>2</timesGoneOff>
	<conditions>ConditionList: OneHour(true) :end</conditions>
</trigger>
<gameEvent>
	<dtimeGame>20220105102516</dtimeGame>	<dtimeReal>20221011131332</dtimeReal>
	<pause></pause>
</gameEvent>
<goalFailure>
	<dtimeGame>20220105102516</dtimeGame>	<dtimeReal>20221011131332</dtimeReal>
	<name>Maintain Logistics Database</name>
	<userList>Sean</userList>
	<reason>I failed Maintain Logistics Database.  </reason>
	<cost>0</cost><cash>3949</cash>
</goalFailure>
<gameEvent>
	<dtimeGame>20220105102516</dtimeGame>	<dtimeReal>20221011131333</dtimeReal>
	<resume></resume>
</gameEvent>
<goalFailure>
	<dtimeGame>20220105102516</dtimeGame>	<dtimeReal>20221011131333</dtimeReal>
	<name>Maintain Logistics Database</name>
	<userList>Sean</userList>
	<reason>I failed Maintain Logistics Database.  </reason>
	<cost>0</cost><cash>3949</cash>
</goalFailure>
<gameEvent>
	<dtimeGame>20220105103242</dtimeGame>	<dtimeReal>20221011131334</dtimeReal>
	<pause></pause>
</gameEvent>
<goalFailure>
	<dtimeGame>20220105103242</dtimeGame>	<dtimeReal>20221011131334</dtimeReal>
	<name>Maintain Logistics Database</name>
	<userList>Sean</userList>
	<reason>I failed Maintain Logistics Database.  </reason>
	<cost>0</cost><cash>3947</cash>
</goalFailure>
<uiEvent>
	<dtimeGame>20220105103242</dtimeGame>	<dtimeReal>20221011131338</dtimeReal>
	<tab>network</tab>
</uiEvent>
<trigger>
	<dtimeGame>20220105103242</dtimeGame>	<dtimeReal>20221011131339</dtimeReal>
	<name>SetLabels</name>
	<triggerType>HELPTIP_TRIGGER</triggerType>
	<timesGoneOff>16</timesGoneOff>
	<conditions>ConditionList: GraceConnected(true) and_not GraceGeneral(false) and OnScreen3,3 :end</conditions>
</trigger>
<trigger>
	<dtimeGame>20220105103242</dtimeGame>	<dtimeReal>20221011131342</dtimeReal>
	<name>SetLabels</name>
	<triggerType>HELPTIP_TRIGGER</triggerType>
	<timesGoneOff>17</timesGoneOff>
	<conditions>ConditionList: GraceConnected(true) and_not GraceGeneral(false) and OnScreen3,3 :end</conditions>
</trigger>
<trigger>
	<dtimeGame>20220105103242</dtimeGame>	<dtimeReal>20221011131353</dtimeReal>
	<name>SetLabels</name>
	<triggerType>HELPTIP_TRIGGER</triggerType>
	<timesGoneOff>18</timesGoneOff>
	<conditions>ConditionList: GraceConnected(true) and_not GraceGeneral(false) and OnScreen3,3 :end</conditions>
</trigger>
<uiEvent>
	<dtimeGame>20220105103242</dtimeGame>	<dtimeReal>20221011131353</dtimeReal>
	<tab>component</tab>
</uiEvent>
<uiEvent>
	<dtimeGame>20220105103242</dtimeGame>	<dtimeReal>20221011131357</dtimeReal>
	<tab>asset</tab>
</uiEvent>
<uiEvent>
	<dtimeGame>20220105103242</dtimeGame>	<dtimeReal>20221011131502</dtimeReal>
	<tab>user</tab>
</uiEvent>
<uiEvent>
	<dtimeGame>20220105103242</dtimeGame>	<dtimeReal>20221011131535</dtimeReal>
	<tab>asset</tab>
</uiEvent>
<goalFailure>
	<dtimeGame>20220105103242</dtimeGame>	<dtimeReal>20221011131652</dtimeReal>
	<name>Maintain Logistics Database</name>
	<userList>Sean</userList>
	<reason>I failed Maintain Logistics Database.  </reason>
	<cost>0</cost><cash>3947</cash>
</goalFailure>
<uiEvent>
	<dtimeGame>20220105103242</dtimeGame>	<dtimeReal>20221011131652</dtimeReal>
	<tab>office</tab>
</uiEvent>
<gameEvent>
	<dtimeGame>20220105103242</dtimeGame>	<dtimeReal>20221011131654</dtimeReal>
	<resume></resume>
</gameEvent>
<goalFailure>
	<dtimeGame>20220105103242</dtimeGame>	<dtimeReal>20221011131654</dtimeReal>
	<name>Maintain Logistics Database</name>
	<userList>Sean</userList>
	<reason>I failed Maintain Logistics Database.  </reason>
	<cost>0</cost><cash>3947</cash>
</goalFailure>
<userEvent>
	<dtimeGame>20220105104427</dtimeGame>	<dtimeReal>20221011131656</dtimeReal>
	<newMode>
		<name>Sean</name>
		<animMode>14</animMode>
	</newMode>
	<cost>0</cost><cash>3942</cash>
</userEvent>
<userEvent>
	<dtimeGame>20220105105124</dtimeGame>	<dtimeReal>20221011131658</dtimeReal>
	<newMode>
		<name>Sean</name>
		<animMode>3</animMode>
	</newMode>
	<cost>0</cost><cash>3940</cash>
</userEvent>
<userEvent>
	<dtimeGame>20220105105822</dtimeGame>	<dtimeReal>20221011131659</dtimeReal>
	<newMode>
		<name>Sean</name>
		<animMode>14</animMode>
	</newMode>
	<cost>0</cost><cash>3937</cash>
</userEvent>
<userEvent>
	<dtimeGame>20220105110519</dtimeGame>	<dtimeReal>20221011131701</dtimeReal>
	<newMode>
		<name>Sean</name>
		<animMode>3</animMode>
	</newMode>
	<cost>0</cost><cash>3935</cash>
</userEvent>
<trigger>
	<dtimeGame>20220105113500</dtimeGame>	<dtimeReal>20221011131707</dtimeReal>
	<name>Targeted Malware</name>
	<triggerType>ATTACK_TRIGGER</triggerType>
	<timesGoneOff>3</timesGoneOff>
	<conditions>ConditionList: OneHour(true) :end</conditions>
</trigger>
<trigger>
	<dtimeGame>20220105113500</dtimeGame>	<dtimeReal>20221011131707</dtimeReal>
	<name>Insiders</name>
	<triggerType>ATTACK_TRIGGER</triggerType>
	<timesGoneOff>3</timesGoneOff>
	<conditions>ConditionList: OneHour(true) :end</conditions>
</trigger>
<trigger>
	<dtimeGame>20220105113500</dtimeGame>	<dtimeReal>20221011131707</dtimeReal>
	<name>Breakin</name>
	<triggerType>ATTACK_TRIGGER</triggerType>
	<timesGoneOff>3</timesGoneOff>
	<conditions>ConditionList: OneHour(true) :end</conditions>
</trigger>
<trigger>
	<dtimeGame>20220105113500</dtimeGame>	<dtimeReal>20221011131707</dtimeReal>
	<name>Internet</name>
	<triggerType>ATTACK_TRIGGER</triggerType>
	<timesGoneOff>3</timesGoneOff>
	<conditions>ConditionList: OneHour(true) :end</conditions>
</trigger>
<uiEvent>
	<dtimeGame>20220105113918</dtimeGame>	<dtimeReal>20221011131708</dtimeReal>
	<tab>asset</tab>
</uiEvent>
<uiEvent>
	<dtimeGame>20220105113918</dtimeGame>	<dtimeReal>20221011131710</dtimeReal>
	<tab>network</tab>
</uiEvent>
<trigger>
	<dtimeGame>20220105113918</dtimeGame>	<dtimeReal>20221011131711</dtimeReal>
	<name>SetLabels</name>
	<triggerType>HELPTIP_TRIGGER</triggerType>
	<timesGoneOff>19</timesGoneOff>
	<conditions>ConditionList: GraceConnected(true) and_not GraceGeneral(false) and OnScreen3,3 :end</conditions>
</trigger>
<goalFailure>
	<dtimeGame>20220105113918</dtimeGame>	<dtimeReal>20221011131713</dtimeReal>
	<name>Maintain Logistics Database</name>
	<userList>Sean</userList>
	<reason>I failed Maintain Logistics Database.  </reason>
	<cost>0</cost><cash>3923</cash>
</goalFailure>
<goalFailure>
	<dtimeGame>20220105113918</dtimeGame>	<dtimeReal>20221011131713</dtimeReal>
	<name>Maintain Logistics Database</name>
	<userList>Sean</userList>
	<reason>I failed Maintain Logistics Database.  </reason>
	<cost>0</cost><cash>3923</cash>
</goalFailure>
<uiEvent>
	<dtimeGame>20220105113918</dtimeGame>	<dtimeReal>20221011131713</dtimeReal>
	<tab>office</tab>
</uiEvent>
<userEvent>
	<dtimeGame>20220105114704</dtimeGame>	<dtimeReal>20221011131714</dtimeReal>
	<newMode>
		<name>Sean</name>
		<animMode>14</animMode>
	</newMode>
	<cost>0</cost><cash>3920</cash>
</userEvent>
<userEvent>
	<dtimeGame>20220105115401</dtimeGame>	<dtimeReal>20221011131716</dtimeReal>
	<newMode>
		<name>Sean</name>
		<animMode>3</animMode>
	</newMode>
	<cost>0</cost><cash>3918</cash>
</userEvent>
<gameEvent>
	<dtimeGame>20220105120522</dtimeGame>	<dtimeReal>20221011131718</dtimeReal>
	<pause></pause>
</gameEvent>
<goalFailure>
	<dtimeGame>20220105120522</dtimeGame>	<dtimeReal>20221011131718</dtimeReal>
	<name>Maintain Logistics Database</name>
	<userList>Sean</userList>
	<reason>I failed Maintain Logistics Database.  </reason>
	<cost>0</cost><cash>3914</cash>
</goalFailure>
<uiEvent>
	<dtimeGame>20220105120522</dtimeGame>	<dtimeReal>20221011131721</dtimeReal>
	<tab>asset</tab>
</uiEvent>
<uiEvent>
	<dtimeGame>20220105120522</dtimeGame>	<dtimeReal>20221011131759</dtimeReal>
	<tab>user</tab>
</uiEvent>
<uiEvent>
	<dtimeGame>20220105120522</dtimeGame>	<dtimeReal>20221011131806</dtimeReal>
	<tab>asset</tab>
</uiEvent>
<goalFailure>
	<dtimeGame>20220105120522</dtimeGame>	<dtimeReal>20221011131808</dtimeReal>
	<name>Maintain Logistics Database</name>
	<userList>Sean</userList>
	<reason>I failed Maintain Logistics Database.  </reason>
	<cost>0</cost><cash>3914</cash>
</goalFailure>
<uiEvent>
	<dtimeGame>20220105120522</dtimeGame>	<dtimeReal>20221011131808</dtimeReal>
	<tab>office</tab>
</uiEvent>
<gameEvent>
	<dtimeGame>20220105120522</dtimeGame>	<dtimeReal>20221011131809</dtimeReal>
	<resume></resume>
</gameEvent>
<goalFailure>
	<dtimeGame>20220105120522</dtimeGame>	<dtimeReal>20221011131809</dtimeReal>
	<name>Maintain Logistics Database</name>
	<userList>Sean</userList>
	<reason>I failed Maintain Logistics Database.  </reason>
	<cost>0</cost><cash>3914</cash>
</goalFailure>
<userEvent>
	<dtimeGame>20220105121448</dtimeGame>	<dtimeReal>20221011131811</dtimeReal>
	<newMode>
		<name>Sean</name>
		<animMode>14</animMode>
	</newMode>
	<cost>0</cost><cash>3911</cash>
</userEvent>
<userEvent>
	<dtimeGame>20220105122842</dtimeGame>	<dtimeReal>20221011131814</dtimeReal>
	<newMode>
		<name>Sean</name>
		<animMode>3</animMode>
	</newMode>
	<cost>0</cost><cash>3906</cash>
</userEvent>
<userEvent>
	<dtimeGame>20220105123540</dtimeGame>	<dtimeReal>20221011131815</dtimeReal>
	<newMode>
		<name>Sean</name>
		<animMode>14</animMode>
	</newMode>
	<cost>0</cost><cash>3903</cash>
</userEvent>
<userEvent>
	<dtimeGame>20220105124237</dtimeGame>	<dtimeReal>20221011131817</dtimeReal>
	<newMode>
		<name>Sean</name>
		<animMode>3</animMode>
	</newMode>
	<cost>0</cost><cash>3901</cash>
</userEvent>
<trigger>
	<dtimeGame>20220105125003</dtimeGame>	<dtimeReal>20221011131818</dtimeReal>
	<name>Targeted Malware</name>
	<triggerType>ATTACK_TRIGGER</triggerType>
	<timesGoneOff>4</timesGoneOff>
	<conditions>ConditionList: OneHour(true) :end</conditions>
</trigger>
<trigger>
	<dtimeGame>20220105125003</dtimeGame>	<dtimeReal>20221011131818</dtimeReal>
	<name>Insiders</name>
	<triggerType>ATTACK_TRIGGER</triggerType>
	<timesGoneOff>4</timesGoneOff>
	<conditions>ConditionList: OneHour(true) :end</conditions>
</trigger>
<trigger>
	<dtimeGame>20220105125003</dtimeGame>	<dtimeReal>20221011131818</dtimeReal>
	<name>Breakin</name>
	<triggerType>ATTACK_TRIGGER</triggerType>
	<timesGoneOff>4</timesGoneOff>
	<conditions>ConditionList: OneHour(true) :end</conditions>
</trigger>
<trigger>
	<dtimeGame>20220105125003</dtimeGame>	<dtimeReal>20221011131818</dtimeReal>
	<name>Internet</name>
	<triggerType>ATTACK_TRIGGER</triggerType>
	<timesGoneOff>4</timesGoneOff>
	<conditions>ConditionList: OneHour(true) :end</conditions>
</trigger>
<userEvent>
	<dtimeGame>20220105125632</dtimeGame>	<dtimeReal>20221011131820</dtimeReal>
	<newMode>
		<name>Sean</name>
		<animMode>14</animMode>
	</newMode>
	<cost>0</cost><cash>3896</cash>
</userEvent>
<userEvent>
	<dtimeGame>20220105130329</dtimeGame>	<dtimeReal>20221011131821</dtimeReal>
	<newMode>
		<name>Sean</name>
		<animMode>3</animMode>
	</newMode>
	<cost>0</cost><cash>3893</cash>
</userEvent>
<userEvent>
	<dtimeGame>20220105131027</dtimeGame>	<dtimeReal>20221011131823</dtimeReal>
	<newMode>
		<name>Sean</name>
		<animMode>14</animMode>
	</newMode>
	<cost>0</cost><cash>3891</cash>
</userEvent>
<uiEvent>
	<dtimeGame>20220105131207</dtimeGame>	<dtimeReal>20221011131823</dtimeReal>
	<tab>objective</tab>
</uiEvent>
<uiEvent>
	<dtimeGame>20220105131207</dtimeGame>	<dtimeReal>20221011131832</dtimeReal>
	<tab>network</tab>
</uiEvent>
<trigger>
	<dtimeGame>20220105131207</dtimeGame>	<dtimeReal>20221011131833</dtimeReal>
	<name>SetLabels</name>
	<triggerType>HELPTIP_TRIGGER</triggerType>
	<timesGoneOff>20</timesGoneOff>
	<conditions>ConditionList: GraceConnected(true) and_not GraceGeneral(false) and OnScreen3,3 :end</conditions>
</trigger>
<userEvent>
	<dtimeGame>20220105131207</dtimeGame>	<dtimeReal>20221011131838</dtimeReal>
	<newMode>
		<name>Sean</name>
		<animMode>3</animMode>
	</newMode>
	<cost>0</cost><cash>3890</cash>
</userEvent>
<trigger>
	<dtimeGame>20220105131207</dtimeGame>	<dtimeReal>20221011131841</dtimeReal>
	<name>SetLabels</name>
	<triggerType>HELPTIP_TRIGGER</triggerType>
	<timesGoneOff>21</timesGoneOff>
	<conditions>ConditionList: GraceConnected(true) and_not GraceGeneral(false) and OnScreen3,3 :end</conditions>
</trigger>
<userEvent>
	<dtimeGame>20220105131207</dtimeGame>	<dtimeReal>20221011131841</dtimeReal>
	<newMode>
		<name>Sean</name>
		<animMode>14</animMode>
	</newMode>
	<cost>0</cost><cash>3890</cash>
</userEvent>
<goalFailure>
	<dtimeGame>20220105131207</dtimeGame>	<dtimeReal>20221011131841</dtimeReal>
	<name>Maintain Logistics Database</name>
	<userList>Sean</userList>
	<reason>I failed Maintain Logistics Database.  </reason>
	<cost>0</cost><cash>3890</cash>
</goalFailure>
<goalFailure>
	<dtimeGame>20220105131207</dtimeGame>	<dtimeReal>20221011131841</dtimeReal>
	<name>Maintain Logistics Database</name>
	<userList>Sean</userList>
	<reason>I failed Maintain Logistics Database.  </reason>
	<cost>0</cost><cash>3890</cash>
</goalFailure>
<uiEvent>
	<dtimeGame>20220105131207</dtimeGame>	<dtimeReal>20221011131841</dtimeReal>
	<tab>office</tab>
</uiEvent>
<userEvent>
	<dtimeGame>20220105131656</dtimeGame>	<dtimeReal>20221011131842</dtimeReal>
	<newMode>
		<name>Sean</name>
		<animMode>3</animMode>
	</newMode>
	<cost>0</cost><cash>3889</cash>
</userEvent>
<goalFailure>
	<dtimeGame>20220105135810</dtimeGame>	<dtimeReal>20221011131851</dtimeReal>
	<name>Maintain Logistics Database</name>
	<userList>Sean</userList>
	<reason>I failed Maintain Logistics Database.  </reason>
	<cost>0</cost><cash>3874</cash>
</goalFailure>
<goalFailure>
	<dtimeGame>20220105135810</dtimeGame>	<dtimeReal>20221011131851</dtimeReal>
	<name>Maintain Logistics Database</name>
	<userList>Sean</userList>
	<reason>I failed Maintain Logistics Database.  </reason>
	<cost>21</cost><cash>3874</cash>
</goalFailure>
<uiEvent>
	<dtimeGame>20220105135810</dtimeGame>	<dtimeReal>20221011131851</dtimeReal>
	<tab>office</tab>
</uiEvent>
<trigger>
	<dtimeGame>20220105140503</dtimeGame>	<dtimeReal>20221011131852</dtimeReal>
	<name>Targeted Malware</name>
	<triggerType>ATTACK_TRIGGER</triggerType>
	<timesGoneOff>5</timesGoneOff>
	<conditions>ConditionList: OneHour(true) :end</conditions>
</trigger>
<trigger>
	<dtimeGame>20220105140503</dtimeGame>	<dtimeReal>20221011131852</dtimeReal>
	<name>Insiders</name>
	<triggerType>ATTACK_TRIGGER</triggerType>
	<timesGoneOff>5</timesGoneOff>
	<conditions>ConditionList: OneHour(true) :end</conditions>
</trigger>
<trigger>
	<dtimeGame>20220105140503</dtimeGame>	<dtimeReal>20221011131852</dtimeReal>
	<name>Breakin</name>
	<triggerType>ATTACK_TRIGGER</triggerType>
	<timesGoneOff>5</timesGoneOff>
	<conditions>ConditionList: OneHour(true) :end</conditions>
</trigger>
<trigger>
	<dtimeGame>20220105140503</dtimeGame>	<dtimeReal>20221011131852</dtimeReal>
	<name>Internet</name>
	<triggerType>ATTACK_TRIGGER</triggerType>
	<timesGoneOff>5</timesGoneOff>
	<conditions>ConditionList: OneHour(true) :end</conditions>
</trigger>
<gameEvent>
	<dtimeGame>20220105140956</dtimeGame>	<dtimeReal>20221011131853</dtimeReal>
	<pause></pause>
</gameEvent>
<goalFailure>
	<dtimeGame>20220105140956</dtimeGame>	<dtimeReal>20221011131853</dtimeReal>
	<name>Maintain Logistics Database</name>
	<userList>Sean</userList>
	<reason>I failed Maintain Logistics Database.  </reason>
	<cost>0</cost><cash>3870</cash>
</goalFailure>
<uiEvent>
	<dtimeGame>20220105140956</dtimeGame>	<dtimeReal>20221011131855</dtimeReal>
	<tab>network</tab>
</uiEvent>
<trigger>
	<dtimeGame>20220105140956</dtimeGame>	<dtimeReal>20221011131855</dtimeReal>
	<name>SetLabels</name>
	<triggerType>HELPTIP_TRIGGER</triggerType>
	<timesGoneOff>22</timesGoneOff>
	<conditions>ConditionList: GraceConnected(true) and_not GraceGeneral(false) and OnScreen3,3 :end</conditions>
</trigger>
<trigger>
	<dtimeGame>20220105140956</dtimeGame>	<dtimeReal>20221011131911</dtimeReal>
	<name>SetLabels</name>
	<triggerType>HELPTIP_TRIGGER</triggerType>
	<timesGoneOff>23</timesGoneOff>
	<conditions>ConditionList: GraceConnected(true) and_not GraceGeneral(false) and OnScreen3,3 :end</conditions>
</trigger>
<uiEvent>
	<dtimeGame>20220105140956</dtimeGame>	<dtimeReal>20221011131911</dtimeReal>
	<tab>user</tab>
</uiEvent>
<uiEvent>
	<dtimeGame>20220105140956</dtimeGame>	<dtimeReal>20221011131915</dtimeReal>
	<tab>asset</tab>
</uiEvent>
<goalFailure>
	<dtimeGame>20220105140956</dtimeGame>	<dtimeReal>20221011131918</dtimeReal>
	<name>Maintain Logistics Database</name>
	<userList>Sean</userList>
	<reason>I failed Maintain Logistics Database.  </reason>
	<cost>0</cost><cash>3870</cash>
</goalFailure>
<uiEvent>
	<dtimeGame>20220105140956</dtimeGame>	<dtimeReal>20221011131918</dtimeReal>
	<tab>office</tab>
</uiEvent>
<uiEvent>
	<dtimeGame>20220105140956</dtimeGame>	<dtimeReal>20221011131924</dtimeReal>
	<tab>network</tab>
</uiEvent>
<trigger>
	<dtimeGame>20220105140956</dtimeGame>	<dtimeReal>20221011131924</dtimeReal>
	<name>SetLabels</name>
	<triggerType>HELPTIP_TRIGGER</triggerType>
	<timesGoneOff>24</timesGoneOff>
	<conditions>ConditionList: GraceConnected(true) and_not GraceGeneral(false) and OnScreen3,3 :end</conditions>
</trigger>
<componentEvent>
	<dtimeGame>20220105140956</dtimeGame>	<dtimeReal>20221011131946</dtimeReal>
	<name>Server</name>
	<mlNetworkLabel>
	<network>LAN 2</network><min>General Operations</min><max>Critical Operations</max>
	</mlNetworkLabel>
	<cost>0</cost><cash>3870</cash>
</componentEvent>
<trigger>
	<dtimeGame>20220105140956</dtimeGame>	<dtimeReal>20221011131950</dtimeReal>
	<name>SetLabels</name>
	<triggerType>HELPTIP_TRIGGER</triggerType>
	<timesGoneOff>25</timesGoneOff>
	<conditions>ConditionList: GraceConnected(true) and_not GraceGeneral(false) and OnScreen3,3 :end</conditions>
</trigger>
<goalFailure>
	<dtimeGame>20220105140956</dtimeGame>	<dtimeReal>20221011131950</dtimeReal>
	<name>Maintain Logistics Database</name>
	<userList>Sean</userList>
	<reason>I failed Maintain Logistics Database.  </reason>
	<cost>0</cost><cash>3870</cash>
</goalFailure>
<uiEvent>
	<dtimeGame>20220105140956</dtimeGame>	<dtimeReal>20221011131950</dtimeReal>
	<tab>office</tab>
</uiEvent>
<gameEvent>
	<dtimeGame>20220105140956</dtimeGame>	<dtimeReal>20221011131951</dtimeReal>
	<resume></resume>
</gameEvent>
<goalFailure>
	<dtimeGame>20220105140956</dtimeGame>	<dtimeReal>20221011131951</dtimeReal>
	<name>Maintain Logistics Database</name>
	<userList>Sean</userList>
	<reason>I failed Maintain Logistics Database.  </reason>
	<cost>0</cost><cash>3870</cash>
</goalFailure>
<userEvent>
	<dtimeGame>20220105141224</dtimeGame>	<dtimeReal>20221011131952</dtimeReal>
	<newMode>
		<name>Sean</name>
		<animMode>14</animMode>
	</newMode>
	<cost>0</cost><cash>3869</cash>
</userEvent>
<userEvent>
	<dtimeGame>20220105141922</dtimeGame>	<dtimeReal>20221011131953</dtimeReal>
	<newMode>
		<name>Sean</name>
		<animMode>3</animMode>
	</newMode>
	<cost>0</cost><cash>3867</cash>
</userEvent>
<userEvent>
	<dtimeGame>20220105144014</dtimeGame>	<dtimeReal>20221011131958</dtimeReal>
	<newMode>
		<name>Sean</name>
		<animMode>14</animMode>
	</newMode>
	<cost>0</cost><cash>3859</cash>
</userEvent>
<trigger>
	<dtimeGame>20220105152003</dtimeGame>	<dtimeReal>20221011132006</dtimeReal>
	<name>Targeted Malware</name>
	<triggerType>ATTACK_TRIGGER</triggerType>
	<timesGoneOff>6</timesGoneOff>
	<conditions>ConditionList: OneHour(true) :end</conditions>
</trigger>
<trigger>
	<dtimeGame>20220105152003</dtimeGame>	<dtimeReal>20221011132006</dtimeReal>
	<name>Insiders</name>
	<triggerType>ATTACK_TRIGGER</triggerType>
	<timesGoneOff>6</timesGoneOff>
	<conditions>ConditionList: OneHour(true) :end</conditions>
</trigger>
<trigger>
	<dtimeGame>20220105152003</dtimeGame>	<dtimeReal>20221011132006</dtimeReal>
	<name>Breakin</name>
	<triggerType>ATTACK_TRIGGER</triggerType>
	<timesGoneOff>6</timesGoneOff>
	<conditions>ConditionList: OneHour(true) :end</conditions>
</trigger>
<trigger>
	<dtimeGame>20220105152003</dtimeGame>	<dtimeReal>20221011132006</dtimeReal>
	<name>Internet</name>
	<triggerType>ATTACK_TRIGGER</triggerType>
	<timesGoneOff>6</timesGoneOff>
	<conditions>ConditionList: OneHour(true) :end</conditions>
</trigger>
<userEvent>
	<dtimeGame>20220105152203</dtimeGame>	<dtimeReal>20221011132006</dtimeReal>
	<newMode>
		<name>Sean</name>
		<animMode>3</animMode>
	</newMode>
	<cost>0</cost><cash>3845</cash>
</userEvent>
<goalFailure>
	<dtimeGame>20220105152534</dtimeGame>	<dtimeReal>20221011132007</dtimeReal>
	<name>Maintain Logistics Database</name>
	<userList>Sean</userList>
	<reason>I failed Maintain Logistics Database.  </reason>
	<cost>29</cost><cash>3843</cash>
</goalFailure>
<userEvent>
	<dtimeGame>20220105153558</dtimeGame>	<dtimeReal>20221011132009</dtimeReal>
	<newMode>
		<name>Sean</name>
		<animMode>14</animMode>
	</newMode>
	<cost>0</cost><cash>3840</cash>
</userEvent>
<userEvent>
	<dtimeGame>20220105154255</dtimeGame>	<dtimeReal>20221011132011</dtimeReal>
	<newMode>
		<name>Sean</name>
		<animMode>3</animMode>
	</newMode>
	<cost>0</cost><cash>3837</cash>
</userEvent>
<userEvent>
	<dtimeGame>20220105161742</dtimeGame>	<dtimeReal>20221011132018</dtimeReal>
	<newMode>
		<name>Sean</name>
		<animMode>14</animMode>
	</newMode>
	<cost>0</cost><cash>3825</cash>
</userEvent>
<goalFailure>
	<dtimeGame>20220105162347</dtimeGame>	<dtimeReal>20221011132019</dtimeReal>
	<name>Maintain Logistics Database</name>
	<userList>Sean</userList>
	<reason>I failed Maintain Logistics Database.  </reason>
	<cost>27</cost><cash>3823</cash>
</goalFailure>
<userEvent>
	<dtimeGame>20220105162439</dtimeGame>	<dtimeReal>20221011132019</dtimeReal>
	<newMode>
		<name>Sean</name>
		<animMode>3</animMode>
	</newMode>
	<cost>0</cost><cash>3823</cash>
</userEvent>
<trigger>
	<dtimeGame>20220105163503</dtimeGame>	<dtimeReal>20221011132021</dtimeReal>
	<name>Targeted Malware</name>
	<triggerType>ATTACK_TRIGGER</triggerType>
	<timesGoneOff>7</timesGoneOff>
	<conditions>ConditionList: OneHour(true) :end</conditions>
</trigger>
<trigger>
	<dtimeGame>20220105163503</dtimeGame>	<dtimeReal>20221011132021</dtimeReal>
	<name>Insiders</name>
	<triggerType>ATTACK_TRIGGER</triggerType>
	<timesGoneOff>7</timesGoneOff>
	<conditions>ConditionList: OneHour(true) :end</conditions>
</trigger>
<trigger>
	<dtimeGame>20220105163503</dtimeGame>	<dtimeReal>20221011132021</dtimeReal>
	<name>Breakin</name>
	<triggerType>ATTACK_TRIGGER</triggerType>
	<timesGoneOff>7</timesGoneOff>
	<conditions>ConditionList: OneHour(true) :end</conditions>
</trigger>
<trigger>
	<dtimeGame>20220105163503</dtimeGame>	<dtimeReal>20221011132021</dtimeReal>
	<name>Internet</name>
	<triggerType>ATTACK_TRIGGER</triggerType>
	<timesGoneOff>7</timesGoneOff>
	<conditions>ConditionList: OneHour(true) :end</conditions>
</trigger>
<userEvent>
	<dtimeGame>20220105172018</dtimeGame>	<dtimeReal>20221011132031</dtimeReal>
	<newMode>
		<name>Sean</name>
		<animMode>14</animMode>
	</newMode>
	<cost>0</cost><cash>3803</cash>
</userEvent>
<goalFailure>
	<dtimeGame>20220105172608</dtimeGame>	<dtimeReal>20221011132032</dtimeReal>
	<name>Maintain Logistics Database</name>
	<userList>Sean</userList>
	<reason>I failed Maintain Logistics Database.  </reason>
	<cost>29</cost><cash>3801</cash>
</goalFailure>
<userEvent>
	<dtimeGame>20220105174110</dtimeGame>	<dtimeReal>20221011132035</dtimeReal>
	<newMode>
		<name>Sean</name>
		<animMode>3</animMode>
	</newMode>
	<cost>0</cost><cash>3796</cash>
</userEvent>
<trigger>
	<dtimeGame>20220105175002</dtimeGame>	<dtimeReal>20221011132037</dtimeReal>
	<name>Targeted Malware</name>
	<triggerType>ATTACK_TRIGGER</triggerType>
	<timesGoneOff>8</timesGoneOff>
	<conditions>ConditionList: OneHour(true) :end</conditions>
</trigger>
<trigger>
	<dtimeGame>20220105175002</dtimeGame>	<dtimeReal>20221011132037</dtimeReal>
	<name>Insiders</name>
	<triggerType>ATTACK_TRIGGER</triggerType>
	<timesGoneOff>8</timesGoneOff>
	<conditions>ConditionList: OneHour(true) :end</conditions>
</trigger>
<trigger>
	<dtimeGame>20220105175002</dtimeGame>	<dtimeReal>20221011132037</dtimeReal>
	<name>Breakin</name>
	<triggerType>ATTACK_TRIGGER</triggerType>
	<timesGoneOff>8</timesGoneOff>
	<conditions>ConditionList: OneHour(true) :end</conditions>
</trigger>
<trigger>
	<dtimeGame>20220105175002</dtimeGame>	<dtimeReal>20221011132037</dtimeReal>
	<name>Internet</name>
	<triggerType>ATTACK_TRIGGER</triggerType>
	<timesGoneOff>8</timesGoneOff>
	<conditions>ConditionList: OneHour(true) :end</conditions>
</trigger>
<userEvent>
	<dtimeGame>20220105180203</dtimeGame>	<dtimeReal>20221011132040</dtimeReal>
	<newMode>
		<name>Sean</name>
		<animMode>14</animMode>
	</newMode>
	<cost>0</cost><cash>3788</cash>
</userEvent>
<userEvent>
	<dtimeGame>20220105180900</dtimeGame>	<dtimeReal>20221011132041</dtimeReal>
	<newMode>
		<name>Sean</name>
		<animMode>2</animMode>
	</newMode>
	<cost>0</cost><cash>3786</cash>
</userEvent>
<userEvent>
	<dtimeGame>20220105180943</dtimeGame>	<dtimeReal>20221011132041</dtimeReal>
	<newMode>
		<name>Grace</name>
		<animMode>2</animMode>
	</newMode>
	<cost>0</cost><cash>3786</cash>
</userEvent>
<userEvent>
	<dtimeGame>20220105181557</dtimeGame>	<dtimeReal>20221011132043</dtimeReal>
	<newMode>
		<name>Sean</name>
		<animMode>5</animMode>
	</newMode>
	<cost>0</cost><cash>3784</cash>
</userEvent>
<userEvent>
	<dtimeGame>20220105181557</dtimeGame>	<dtimeReal>20221011132043</dtimeReal>
	<newMode>
		<name>Sean</name>
		<animMode>12</animMode>
	</newMode>
	<cost>0</cost><cash>3784</cash>
</userEvent>
<userEvent>
	<dtimeGame>20220105181640</dtimeGame>	<dtimeReal>20221011132043</dtimeReal>
	<newMode>
		<name>Grace</name>
		<animMode>5</animMode>
	</newMode>
	<cost>0</cost><cash>3783</cash>
</userEvent>
<goalFailure>
	<dtimeGame>20220105182420</dtimeGame>	<dtimeReal>20221011132044</dtimeReal>
	<name>Maintain Logistics Database</name>
	<userList>Sean</userList>
	<reason>I failed Maintain Logistics Database.  </reason>
	<cost>27</cost><cash>3780</cash>
</goalFailure>
<trigger>
	<dtimeGame>20220105190503</dtimeGame>	<dtimeReal>20221011132053</dtimeReal>
	<name>Targeted Malware</name>
	<triggerType>ATTACK_TRIGGER</triggerType>
	<timesGoneOff>9</timesGoneOff>
	<conditions>ConditionList: OneHour(true) :end</conditions>
</trigger>
<trigger>
	<dtimeGame>20220105190503</dtimeGame>	<dtimeReal>20221011132053</dtimeReal>
	<name>Insiders</name>
	<triggerType>ATTACK_TRIGGER</triggerType>
	<timesGoneOff>9</timesGoneOff>
	<conditions>ConditionList: OneHour(true) :end</conditions>
</trigger>
<trigger>
	<dtimeGame>20220105190503</dtimeGame>	<dtimeReal>20221011132053</dtimeReal>
	<name>Breakin</name>
	<triggerType>ATTACK_TRIGGER</triggerType>
	<timesGoneOff>9</timesGoneOff>
	<conditions>ConditionList: OneHour(true) :end</conditions>
</trigger>
<trigger>
	<dtimeGame>20220105190503</dtimeGame>	<dtimeReal>20221011132053</dtimeReal>
	<name>Internet</name>
	<triggerType>ATTACK_TRIGGER</triggerType>
	<timesGoneOff>9</timesGoneOff>
	<conditions>ConditionList: OneHour(true) :end</conditions>
</trigger>
<goalFailure>
	<dtimeGame>20220105192643</dtimeGame>	<dtimeReal>20221011132057</dtimeReal>
	<name>Maintain Logistics Database</name>
	<userList>Sean</userList>
	<reason>I failed Maintain Logistics Database.  </reason>
	<cost>29</cost><cash>3759</cash>
</goalFailure>
<trigger>
	<dtimeGame>20220105202002</dtimeGame>	<dtimeReal>20221011132108</dtimeReal>
	<name>Targeted Malware</name>
	<triggerType>ATTACK_TRIGGER</triggerType>
	<timesGoneOff>10</timesGoneOff>
	<conditions>ConditionList: OneHour(true) :end</conditions>
</trigger>
<trigger>
	<dtimeGame>20220105202002</dtimeGame>	<dtimeReal>20221011132108</dtimeReal>
	<name>Insiders</name>
	<triggerType>ATTACK_TRIGGER</triggerType>
	<timesGoneOff>10</timesGoneOff>
	<conditions>ConditionList: OneHour(true) :end</conditions>
</trigger>
<trigger>
	<dtimeGame>20220105202002</dtimeGame>	<dtimeReal>20221011132108</dtimeReal>
	<name>Breakin</name>
	<triggerType>ATTACK_TRIGGER</triggerType>
	<timesGoneOff>10</timesGoneOff>
	<conditions>ConditionList: OneHour(true) :end</conditions>
</trigger>
<trigger>
	<dtimeGame>20220105202002</dtimeGame>	<dtimeReal>20221011132108</dtimeReal>
	<name>Internet</name>
	<triggerType>ATTACK_TRIGGER</triggerType>
	<timesGoneOff>10</timesGoneOff>
	<conditions>ConditionList: OneHour(true) :end</conditions>
</trigger>
<goalFailure>
	<dtimeGame>20220105202455</dtimeGame>	<dtimeReal>20221011132109</dtimeReal>
	<name>Maintain Logistics Database</name>
	<userList>Sean</userList>
	<reason>I failed Maintain Logistics Database.  </reason>
	<cost>27</cost><cash>3738</cash>
</goalFailure>
<goalFailure>
	<dtimeGame>20220105212717</dtimeGame>	<dtimeReal>20221011132122</dtimeReal>
	<name>Maintain Logistics Database</name>
	<userList>Sean</userList>
	<reason>I failed Maintain Logistics Database.  </reason>
	<cost>29</cost><cash>3716</cash>
</goalFailure>
<trigger>
	<dtimeGame>20220105213502</dtimeGame>	<dtimeReal>20221011132124</dtimeReal>
	<name>Targeted Malware</name>
	<triggerType>ATTACK_TRIGGER</triggerType>
	<timesGoneOff>11</timesGoneOff>
	<conditions>ConditionList: OneHour(true) :end</conditions>
</trigger>
<trigger>
	<dtimeGame>20220105213502</dtimeGame>	<dtimeReal>20221011132124</dtimeReal>
	<name>Insiders</name>
	<triggerType>ATTACK_TRIGGER</triggerType>
	<timesGoneOff>11</timesGoneOff>
	<conditions>ConditionList: OneHour(true) :end</conditions>
</trigger>
<trigger>
	<dtimeGame>20220105213502</dtimeGame>	<dtimeReal>20221011132124</dtimeReal>
	<name>Breakin</name>
	<triggerType>ATTACK_TRIGGER</triggerType>
	<timesGoneOff>11</timesGoneOff>
	<conditions>ConditionList: OneHour(true) :end</conditions>
</trigger>
<trigger>
	<dtimeGame>20220105213502</dtimeGame>	<dtimeReal>20221011132124</dtimeReal>
	<name>Internet</name>
	<triggerType>ATTACK_TRIGGER</triggerType>
	<timesGoneOff>11</timesGoneOff>
	<conditions>ConditionList: OneHour(true) :end</conditions>
</trigger>
<userEvent>
	<dtimeGame>20220105215052</dtimeGame>	<dtimeReal>20221011132127</dtimeReal>
	<newMode>
		<name>Grace</name>
		<animMode>7</animMode>
	</newMode>
	<cost>0</cost><cash>3708</cash>
</userEvent>
<userEvent>
	<dtimeGame>20220105215330</dtimeGame>	<dtimeReal>20221011132128</dtimeReal>
	<newMode>
		<name>Sean</name>
		<animMode>7</animMode>
	</newMode>
	<cost>0</cost><cash>3707</cash>
</userEvent>
<uiEvent>
	<dtimeGame>20220105221413</dtimeGame>	<dtimeReal>20221011132132</dtimeReal>
	<tab>objective</tab>
</uiEvent>
<uiEvent>
	<dtimeGame>20220105221413</dtimeGame>	<dtimeReal>20221011132134</dtimeReal>
	<tab>network</tab>
</uiEvent>
<trigger>
	<dtimeGame>20220105221413</dtimeGame>	<dtimeReal>20221011132135</dtimeReal>
	<name>SetLabels</name>
	<triggerType>HELPTIP_TRIGGER</triggerType>
	<timesGoneOff>26</timesGoneOff>
	<conditions>ConditionList: GraceConnected(true) and_not GraceGeneral(false) and OnScreen3,3 :end</conditions>
</trigger>
<goalFailure>
	<dtimeGame>20220105221413</dtimeGame>	<dtimeReal>20221011132136</dtimeReal>
	<name>Maintain Logistics Database</name>
	<userList>Sean</userList>
	<reason>I failed Maintain Logistics Database.  </reason>
	<cost>0</cost><cash>3700</cash>
</goalFailure>
<goalFailure>
	<dtimeGame>20220105221413</dtimeGame>	<dtimeReal>20221011132136</dtimeReal>
	<name>Maintain Logistics Database</name>
	<userList>Sean</userList>
	<reason>I failed Maintain Logistics Database.  </reason>
	<cost>0</cost><cash>3700</cash>
</goalFailure>
<uiEvent>
	<dtimeGame>20220105221413</dtimeGame>	<dtimeReal>20221011132136</dtimeReal>
	<tab>office</tab>
</uiEvent>
<trigger>
	<dtimeGame>20220105225002</dtimeGame>	<dtimeReal>20221011132144</dtimeReal>
	<name>Targeted Malware</name>
	<triggerType>ATTACK_TRIGGER</triggerType>
	<timesGoneOff>12</timesGoneOff>
	<conditions>ConditionList: OneHour(true) :end</conditions>
</trigger>
<trigger>
	<dtimeGame>20220105225002</dtimeGame>	<dtimeReal>20221011132144</dtimeReal>
	<name>Insiders</name>
	<triggerType>ATTACK_TRIGGER</triggerType>
	<timesGoneOff>12</timesGoneOff>
	<conditions>ConditionList: OneHour(true) :end</conditions>
</trigger>
<trigger>
	<dtimeGame>20220105225002</dtimeGame>	<dtimeReal>20221011132144</dtimeReal>
	<name>Breakin</name>
	<triggerType>ATTACK_TRIGGER</triggerType>
	<timesGoneOff>12</timesGoneOff>
	<conditions>ConditionList: OneHour(true) :end</conditions>
</trigger>
<trigger>
	<dtimeGame>20220105225002</dtimeGame>	<dtimeReal>20221011132144</dtimeReal>
	<name>Internet</name>
	<triggerType>ATTACK_TRIGGER</triggerType>
	<timesGoneOff>12</timesGoneOff>
	<conditions>ConditionList: OneHour(true) :end</conditions>
</trigger>
<goalFailure>
	<dtimeGame>20220105230411</dtimeGame>	<dtimeReal>20221011132147</dtimeReal>
	<name>Maintain Logistics Database</name>
	<userList>Sean</userList>
	<reason>I failed Maintain Logistics Database.  </reason>
	<cost>23</cost><cash>3682</cash>
</goalFailure>
<trigger>
	<dtimeGame>20220106000502</dtimeGame>	<dtimeReal>20221011132159</dtimeReal>
	<name>Targeted Malware</name>
	<triggerType>ATTACK_TRIGGER</triggerType>
	<timesGoneOff>13</timesGoneOff>
	<conditions>ConditionList: OneHour(true) :end</conditions>
</trigger>
<trigger>
	<dtimeGame>20220106000502</dtimeGame>	<dtimeReal>20221011132159</dtimeReal>
	<name>Insiders</name>
	<triggerType>ATTACK_TRIGGER</triggerType>
	<timesGoneOff>13</timesGoneOff>
	<conditions>ConditionList: OneHour(true) :end</conditions>
</trigger>
<trigger>
	<dtimeGame>20220106000502</dtimeGame>	<dtimeReal>20221011132159</dtimeReal>
	<name>Breakin</name>
	<triggerType>ATTACK_TRIGGER</triggerType>
	<timesGoneOff>13</timesGoneOff>
	<conditions>ConditionList: OneHour(true) :end</conditions>
</trigger>
<trigger>
	<dtimeGame>20220106000502</dtimeGame>	<dtimeReal>20221011132159</dtimeReal>
	<name>Internet</name>
	<triggerType>ATTACK_TRIGGER</triggerType>
	<timesGoneOff>13</timesGoneOff>
	<conditions>ConditionList: OneHour(true) :end</conditions>
</trigger>
<goalFailure>
	<dtimeGame>20220106000633</dtimeGame>	<dtimeReal>20221011132200</dtimeReal>
	<name>Maintain Logistics Database</name>
	<userList>Sean</userList>
	<reason>I failed Maintain Logistics Database.  </reason>
	<cost>29</cost><cash>3660</cash>
</goalFailure>
<goalFailure>
	<dtimeGame>20220106010445</dtimeGame>	<dtimeReal>20221011132212</dtimeReal>
	<name>Maintain Logistics Database</name>
	<userList>Sean</userList>
	<reason>I failed Maintain Logistics Database.  </reason>
	<cost>27</cost><cash>3640</cash>
</goalFailure>
<trigger>
	<dtimeGame>20220106012001</dtimeGame>	<dtimeReal>20221011132215</dtimeReal>
	<name>Targeted Malware</name>
	<triggerType>ATTACK_TRIGGER</triggerType>
	<timesGoneOff>14</timesGoneOff>
	<conditions>ConditionList: OneHour(true) :end</conditions>
</trigger>
<trigger>
	<dtimeGame>20220106012001</dtimeGame>	<dtimeReal>20221011132215</dtimeReal>
	<name>Insiders</name>
	<triggerType>ATTACK_TRIGGER</triggerType>
	<timesGoneOff>14</timesGoneOff>
	<conditions>ConditionList: OneHour(true) :end</conditions>
</trigger>
<trigger>
	<dtimeGame>20220106012001</dtimeGame>	<dtimeReal>20221011132215</dtimeReal>
	<name>Breakin</name>
	<triggerType>ATTACK_TRIGGER</triggerType>
	<timesGoneOff>14</timesGoneOff>
	<conditions>ConditionList: OneHour(true) :end</conditions>
</trigger>
<trigger>
	<dtimeGame>20220106012001</dtimeGame>	<dtimeReal>20221011132215</dtimeReal>
	<name>Internet</name>
	<triggerType>ATTACK_TRIGGER</triggerType>
	<timesGoneOff>14</timesGoneOff>
	<conditions>ConditionList: OneHour(true) :end</conditions>
</trigger>
<goalFailure>
	<dtimeGame>20220106020708</dtimeGame>	<dtimeReal>20221011132225</dtimeReal>
	<name>Maintain Logistics Database</name>
	<userList>Sean</userList>
	<reason>I failed Maintain Logistics Database.  </reason>
	<cost>29</cost><cash>3618</cash>
</goalFailure>
<trigger>
	<dtimeGame>20220106023501</dtimeGame>	<dtimeReal>20221011132231</dtimeReal>
	<name>Targeted Malware</name>
	<triggerType>ATTACK_TRIGGER</triggerType>
	<timesGoneOff>15</timesGoneOff>
	<conditions>ConditionList: OneHour(true) :end</conditions>
</trigger>
<trigger>
	<dtimeGame>20220106023501</dtimeGame>	<dtimeReal>20221011132231</dtimeReal>
	<name>Insiders</name>
	<triggerType>ATTACK_TRIGGER</triggerType>
	<timesGoneOff>15</timesGoneOff>
	<conditions>ConditionList: OneHour(true) :end</conditions>
</trigger>
<trigger>
	<dtimeGame>20220106023501</dtimeGame>	<dtimeReal>20221011132231</dtimeReal>
	<name>Breakin</name>
	<triggerType>ATTACK_TRIGGER</triggerType>
	<timesGoneOff>15</timesGoneOff>
	<conditions>ConditionList: OneHour(true) :end</conditions>
</trigger>
<trigger>
	<dtimeGame>20220106023501</dtimeGame>	<dtimeReal>20221011132231</dtimeReal>
	<name>Internet</name>
	<triggerType>ATTACK_TRIGGER</triggerType>
	<timesGoneOff>15</timesGoneOff>
	<conditions>ConditionList: OneHour(true) :end</conditions>
</trigger>
<goalFailure>
	<dtimeGame>20220106030519</dtimeGame>	<dtimeReal>20221011132237</dtimeReal>
	<name>Maintain Logistics Database</name>
	<userList>Sean</userList>
	<reason>I failed Maintain Logistics Database.  </reason>
	<cost>27</cost><cash>3597</cash>
</goalFailure>
<trigger>
	<dtimeGame>20220106035001</dtimeGame>	<dtimeReal>20221011132246</dtimeReal>
	<name>Targeted Malware</name>
	<triggerType>ATTACK_TRIGGER</triggerType>
	<timesGoneOff>16</timesGoneOff>
	<conditions>ConditionList: OneHour(true) :end</conditions>
</trigger>
<trigger>
	<dtimeGame>20220106035001</dtimeGame>	<dtimeReal>20221011132246</dtimeReal>
	<name>Insiders</name>
	<triggerType>ATTACK_TRIGGER</triggerType>
	<timesGoneOff>16</timesGoneOff>
	<conditions>ConditionList: OneHour(true) :end</conditions>
</trigger>
<trigger>
	<dtimeGame>20220106035001</dtimeGame>	<dtimeReal>20221011132246</dtimeReal>
	<name>Breakin</name>
	<triggerType>ATTACK_TRIGGER</triggerType>
	<timesGoneOff>16</timesGoneOff>
	<conditions>ConditionList: OneHour(true) :end</conditions>
</trigger>
<trigger>
	<dtimeGame>20220106035001</dtimeGame>	<dtimeReal>20221011132246</dtimeReal>
	<name>Internet</name>
	<triggerType>ATTACK_TRIGGER</triggerType>
	<timesGoneOff>16</timesGoneOff>
	<conditions>ConditionList: OneHour(true) :end</conditions>
</trigger>
<goalFailure>
	<dtimeGame>20220106040742</dtimeGame>	<dtimeReal>20221011132250</dtimeReal>
	<name>Maintain Logistics Database</name>
	<userList>Sean</userList>
	<reason>I failed Maintain Logistics Database.  </reason>
	<cost>29</cost><cash>3575</cash>
</goalFailure>
<trigger>
	<dtimeGame>20220106050501</dtimeGame>	<dtimeReal>20221011132302</dtimeReal>
	<name>Targeted Malware</name>
	<triggerType>ATTACK_TRIGGER</triggerType>
	<timesGoneOff>17</timesGoneOff>
	<conditions>ConditionList: OneHour(true) :end</conditions>
</trigger>
<trigger>
	<dtimeGame>20220106050501</dtimeGame>	<dtimeReal>20221011132302</dtimeReal>
	<name>Insiders</name>
	<triggerType>ATTACK_TRIGGER</triggerType>
	<timesGoneOff>17</timesGoneOff>
	<conditions>ConditionList: OneHour(true) :end</conditions>
</trigger>
<trigger>
	<dtimeGame>20220106050501</dtimeGame>	<dtimeReal>20221011132302</dtimeReal>
	<name>Breakin</name>
	<triggerType>ATTACK_TRIGGER</triggerType>
	<timesGoneOff>17</timesGoneOff>
	<conditions>ConditionList: OneHour(true) :end</conditions>
</trigger>
<trigger>
	<dtimeGame>20220106050501</dtimeGame>	<dtimeReal>20221011132302</dtimeReal>
	<name>Internet</name>
	<triggerType>ATTACK_TRIGGER</triggerType>
	<timesGoneOff>17</timesGoneOff>
	<conditions>ConditionList: OneHour(true) :end</conditions>
</trigger>
<goalFailure>
	<dtimeGame>20220106050554</dtimeGame>	<dtimeReal>20221011132302</dtimeReal>
	<name>Maintain Logistics Database</name>
	<userList>Sean</userList>
	<reason>I failed Maintain Logistics Database.  </reason>
	<cost>27</cost><cash>3555</cash>
</goalFailure>
<userEvent>
	<dtimeGame>20220106060259</dtimeGame>	<dtimeReal>20221011132314</dtimeReal>
	<newMode>
		<name>Sean</name>
		<animMode>12</animMode>
	</newMode>
	<cost>0</cost><cash>3535</cash>
</userEvent>
<goalFailure>
	<dtimeGame>20220106060816</dtimeGame>	<dtimeReal>20221011132315</dtimeReal>
	<name>Maintain Logistics Database</name>
	<userList>Sean</userList>
	<reason>I failed Maintain Logistics Database.  </reason>
	<cost>29</cost><cash>3533</cash>
</goalFailure>
<trigger>
	<dtimeGame>20220106062001</dtimeGame>	<dtimeReal>20221011132317</dtimeReal>
	<name>Targeted Malware</name>
	<triggerType>ATTACK_TRIGGER</triggerType>
	<timesGoneOff>18</timesGoneOff>
	<conditions>ConditionList: OneHour(true) :end</conditions>
</trigger>
<trigger>
	<dtimeGame>20220106062001</dtimeGame>	<dtimeReal>20221011132317</dtimeReal>
	<name>Insiders</name>
	<triggerType>ATTACK_TRIGGER</triggerType>
	<timesGoneOff>18</timesGoneOff>
	<conditions>ConditionList: OneHour(true) :end</conditions>
</trigger>
<trigger>
	<dtimeGame>20220106062001</dtimeGame>	<dtimeReal>20221011132317</dtimeReal>
	<name>Breakin</name>
	<triggerType>ATTACK_TRIGGER</triggerType>
	<timesGoneOff>18</timesGoneOff>
	<conditions>ConditionList: OneHour(true) :end</conditions>
</trigger>
<trigger>
	<dtimeGame>20220106062001</dtimeGame>	<dtimeReal>20221011132317</dtimeReal>
	<name>Internet</name>
	<triggerType>ATTACK_TRIGGER</triggerType>
	<timesGoneOff>18</timesGoneOff>
	<conditions>ConditionList: OneHour(true) :end</conditions>
</trigger>
<goalFailure>
	<dtimeGame>20220106070629</dtimeGame>	<dtimeReal>20221011132327</dtimeReal>
	<name>Maintain Logistics Database</name>
	<userList>Sean</userList>
	<reason>I failed Maintain Logistics Database.  </reason>
	<cost>27</cost><cash>3512</cash>
</goalFailure>
<trigger>
	<dtimeGame>20220106073501</dtimeGame>	<dtimeReal>20221011132333</dtimeReal>
	<name>Targeted Malware</name>
	<triggerType>ATTACK_TRIGGER</triggerType>
	<timesGoneOff>19</timesGoneOff>
	<conditions>ConditionList: OneHour(true) :end</conditions>
</trigger>
<trigger>
	<dtimeGame>20220106073501</dtimeGame>	<dtimeReal>20221011132333</dtimeReal>
	<name>Insiders</name>
	<triggerType>ATTACK_TRIGGER</triggerType>
	<timesGoneOff>19</timesGoneOff>
	<conditions>ConditionList: OneHour(true) :end</conditions>
</trigger>
<trigger>
	<dtimeGame>20220106073501</dtimeGame>	<dtimeReal>20221011132333</dtimeReal>
	<name>Breakin</name>
	<triggerType>ATTACK_TRIGGER</triggerType>
	<timesGoneOff>19</timesGoneOff>
	<conditions>ConditionList: OneHour(true) :end</conditions>
</trigger>
<trigger>
	<dtimeGame>20220106073501</dtimeGame>	<dtimeReal>20221011132333</dtimeReal>
	<name>Internet</name>
	<triggerType>ATTACK_TRIGGER</triggerType>
	<timesGoneOff>19</timesGoneOff>
	<conditions>ConditionList: OneHour(true) :end</conditions>
</trigger>
<goalFailure>
	<dtimeGame>20220106080440</dtimeGame>	<dtimeReal>20221011132339</dtimeReal>
	<name>Maintain Logistics Database</name>
	<userList>Sean</userList>
	<reason>I failed Maintain Logistics Database.  </reason>
	<cost>27</cost><cash>3492</cash>
</goalFailure>
<trigger>
	<dtimeGame>20220106085001</dtimeGame>	<dtimeReal>20221011132349</dtimeReal>
	<name>Targeted Malware</name>
	<triggerType>ATTACK_TRIGGER</triggerType>
	<timesGoneOff>20</timesGoneOff>
	<conditions>ConditionList: OneHour(true) :end</conditions>
</trigger>
<trigger>
	<dtimeGame>20220106085001</dtimeGame>	<dtimeReal>20221011132349</dtimeReal>
	<name>Insiders</name>
	<triggerType>ATTACK_TRIGGER</triggerType>
	<timesGoneOff>20</timesGoneOff>
	<conditions>ConditionList: OneHour(true) :end</conditions>
</trigger>
<trigger>
	<dtimeGame>20220106085001</dtimeGame>	<dtimeReal>20221011132349</dtimeReal>
	<name>Breakin</name>
	<triggerType>ATTACK_TRIGGER</triggerType>
	<timesGoneOff>20</timesGoneOff>
	<conditions>ConditionList: OneHour(true) :end</conditions>
</trigger>
<trigger>
	<dtimeGame>20220106085001</dtimeGame>	<dtimeReal>20221011132349</dtimeReal>
	<name>Internet</name>
	<triggerType>ATTACK_TRIGGER</triggerType>
	<timesGoneOff>20</timesGoneOff>
	<conditions>ConditionList: OneHour(true) :end</conditions>
</trigger>
<goalFailure>
	<dtimeGame>20220106090702</dtimeGame>	<dtimeReal>20221011132352</dtimeReal>
	<name>Maintain Logistics Database</name>
	<userList>Sean</userList>
	<reason>I failed Maintain Logistics Database.  </reason>
	<cost>29</cost><cash>3470</cash>
</goalFailure>
<userEvent>
	<dtimeGame>20220106093642</dtimeGame>	<dtimeReal>20221011132358</dtimeReal>
	<newMode>
		<name>Grace</name>
		<animMode>1</animMode>
	</newMode>
	<cost>0</cost><cash>3460</cash>
</userEvent>
<userEvent>
	<dtimeGame>20220106093657</dtimeGame>	<dtimeReal>20221011132359</dtimeReal>
	<newMode>
		<name>Sean</name>
		<animMode>1</animMode>
	</newMode>
	<cost>0</cost><cash>3460</cash>
</userEvent>
<userEvent>
	<dtimeGame>20220106094340</dtimeGame>	<dtimeReal>20221011132400</dtimeReal>
	<newMode>
		<name>Grace</name>
		<animMode>3</animMode>
	</newMode>
	<cost>0</cost><cash>3457</cash>
</userEvent>
<userEvent>
	<dtimeGame>20220106094354</dtimeGame>	<dtimeReal>20221011132400</dtimeReal>
	<newMode>
		<name>Sean</name>
		<animMode>3</animMode>
	</newMode>
	<cost>0</cost><cash>3457</cash>
</userEvent>
<userEvent>
	<dtimeGame>20220106095749</dtimeGame>	<dtimeReal>20221011132403</dtimeReal>
	<newMode>
		<name>Sean</name>
		<animMode>14</animMode>
	</newMode>
	<cost>0</cost><cash>3452</cash>
</userEvent>
<trigger>
	<dtimeGame>20220106100500</dtimeGame>	<dtimeReal>20221011132404</dtimeReal>
	<name>Targeted Malware</name>
	<triggerType>ATTACK_TRIGGER</triggerType>
	<timesGoneOff>21</timesGoneOff>
	<conditions>ConditionList: OneHour(true) :end</conditions>
</trigger>
<trigger>
	<dtimeGame>20220106100500</dtimeGame>	<dtimeReal>20221011132404</dtimeReal>
	<name>Insiders</name>
	<triggerType>ATTACK_TRIGGER</triggerType>
	<timesGoneOff>21</timesGoneOff>
	<conditions>ConditionList: OneHour(true) :end</conditions>
</trigger>
<trigger>
	<dtimeGame>20220106100500</dtimeGame>	<dtimeReal>20221011132404</dtimeReal>
	<name>Breakin</name>
	<triggerType>ATTACK_TRIGGER</triggerType>
	<timesGoneOff>21</timesGoneOff>
	<conditions>ConditionList: OneHour(true) :end</conditions>
</trigger>
<trigger>
	<dtimeGame>20220106100500</dtimeGame>	<dtimeReal>20221011132404</dtimeReal>
	<name>Internet</name>
	<triggerType>ATTACK_TRIGGER</triggerType>
	<timesGoneOff>21</timesGoneOff>
	<conditions>ConditionList: OneHour(true) :end</conditions>
</trigger>
<goalFailure>
	<dtimeGame>20220106100515</dtimeGame>	<dtimeReal>20221011132404</dtimeReal>
	<name>Maintain Logistics Database</name>
	<userList>Sean</userList>
	<reason>I failed Maintain Logistics Database.  </reason>
	<cost>27</cost><cash>3449</cash>
</goalFailure>
<userEvent>
	<dtimeGame>20220106102538</dtimeGame>	<dtimeReal>20221011132409</dtimeReal>
	<newMode>
		<name>Sean</name>
		<animMode>3</animMode>
	</newMode>
	<cost>0</cost><cash>3442</cash>
</userEvent>
<userEvent>
	<dtimeGame>20220106105328</dtimeGame>	<dtimeReal>20221011132414</dtimeReal>
	<newMode>
		<name>Sean</name>
		<animMode>14</animMode>
	</newMode>
	<cost>0</cost><cash>3433</cash>
</userEvent>
<userEvent>
	<dtimeGame>20220106110025</dtimeGame>	<dtimeReal>20221011132416</dtimeReal>
	<newMode>
		<name>Sean</name>
		<animMode>3</animMode>
	</newMode>
	<cost>0</cost><cash>3430</cash>
</userEvent>
<goalFailure>
	<dtimeGame>20220106110737</dtimeGame>	<dtimeReal>20221011132417</dtimeReal>
	<name>Maintain Logistics Database</name>
	<userList>Sean</userList>
	<reason>I failed Maintain Logistics Database.  </reason>
	<cost>29</cost><cash>3428</cash>
</goalFailure>
<trigger>
	<dtimeGame>20220106112000</dtimeGame>	<dtimeReal>20221011132420</dtimeReal>
	<name>Targeted Malware</name>
	<triggerType>ATTACK_TRIGGER</triggerType>
	<timesGoneOff>22</timesGoneOff>
	<conditions>ConditionList: OneHour(true) :end</conditions>
</trigger>
<trigger>
	<dtimeGame>20220106112000</dtimeGame>	<dtimeReal>20221011132420</dtimeReal>
	<name>Insiders</name>
	<triggerType>ATTACK_TRIGGER</triggerType>
	<timesGoneOff>22</timesGoneOff>
	<conditions>ConditionList: OneHour(true) :end</conditions>
</trigger>
<trigger>
	<dtimeGame>20220106112000</dtimeGame>	<dtimeReal>20221011132420</dtimeReal>
	<name>Breakin</name>
	<triggerType>ATTACK_TRIGGER</triggerType>
	<timesGoneOff>22</timesGoneOff>
	<conditions>ConditionList: OneHour(true) :end</conditions>
</trigger>
<trigger>
	<dtimeGame>20220106112000</dtimeGame>	<dtimeReal>20221011132420</dtimeReal>
	<name>Internet</name>
	<triggerType>ATTACK_TRIGGER</triggerType>
	<timesGoneOff>22</timesGoneOff>
	<conditions>ConditionList: OneHour(true) :end</conditions>
</trigger>
<userEvent>
	<dtimeGame>20220106120302</dtimeGame>	<dtimeReal>20221011132429</dtimeReal>
	<newMode>
		<name>Sean</name>
		<animMode>14</animMode>
	</newMode>
	<cost>0</cost><cash>3408</cash>
</userEvent>
<goalFailure>
	<dtimeGame>20220106120550</dtimeGame>	<dtimeReal>20221011132430</dtimeReal>
	<name>Maintain Logistics Database</name>
	<userList>Sean</userList>
	<reason>I failed Maintain Logistics Database.  </reason>
	<cost>27</cost><cash>3407</cash>
</goalFailure>
<userEvent>
	<dtimeGame>20220106120959</dtimeGame>	<dtimeReal>20221011132430</dtimeReal>
	<newMode>
		<name>Sean</name>
		<animMode>3</animMode>
	</newMode>
	<cost>0</cost><cash>3406</cash>
</userEvent>
<trigger>
	<dtimeGame>20220106123500</dtimeGame>	<dtimeReal>20221011132436</dtimeReal>
	<name>Targeted Malware</name>
	<triggerType>ATTACK_TRIGGER</triggerType>
	<timesGoneOff>23</timesGoneOff>
	<conditions>ConditionList: OneHour(true) :end</conditions>
</trigger>
<trigger>
	<dtimeGame>20220106123500</dtimeGame>	<dtimeReal>20221011132436</dtimeReal>
	<name>Insiders</name>
	<triggerType>ATTACK_TRIGGER</triggerType>
	<timesGoneOff>23</timesGoneOff>
	<conditions>ConditionList: OneHour(true) :end</conditions>
</trigger>
<trigger>
	<dtimeGame>20220106123500</dtimeGame>	<dtimeReal>20221011132436</dtimeReal>
	<name>Breakin</name>
	<triggerType>ATTACK_TRIGGER</triggerType>
	<timesGoneOff>23</timesGoneOff>
	<conditions>ConditionList: OneHour(true) :end</conditions>
</trigger>
<trigger>
	<dtimeGame>20220106123500</dtimeGame>	<dtimeReal>20221011132436</dtimeReal>
	<name>Internet</name>
	<triggerType>ATTACK_TRIGGER</triggerType>
	<timesGoneOff>23</timesGoneOff>
	<conditions>ConditionList: OneHour(true) :end</conditions>
</trigger>
<userEvent>
	<dtimeGame>20220106123748</dtimeGame>	<dtimeReal>20221011132436</dtimeReal>
	<newMode>
		<name>Sean</name>
		<animMode>14</animMode>
	</newMode>
	<cost>0</cost><cash>3396</cash>
</userEvent>
<userEvent>
	<dtimeGame>20220106124446</dtimeGame>	<dtimeReal>20221011132438</dtimeReal>
	<newMode>
		<name>Sean</name>
		<animMode>3</animMode>
	</newMode>
	<cost>0</cost><cash>3393</cash>
</userEvent>
<userEvent>
	<dtimeGame>20220106125143</dtimeGame>	<dtimeReal>20221011132439</dtimeReal>
	<newMode>
		<name>Sean</name>
		<animMode>14</animMode>
	</newMode>
	<cost>0</cost><cash>3391</cash>
</userEvent>
<userEvent>
	<dtimeGame>20220106125840</dtimeGame>	<dtimeReal>20221011132441</dtimeReal>
	<newMode>
		<name>Sean</name>
		<animMode>3</animMode>
	</newMode>
	<cost>0</cost><cash>3389</cash>
</userEvent>
<goalFailure>
	<dtimeGame>20220106130812</dtimeGame>	<dtimeReal>20221011132443</dtimeReal>
	<name>Maintain Logistics Database</name>
	<userList>Sean</userList>
	<reason>I failed Maintain Logistics Database.  </reason>
	<cost>29</cost><cash>3385</cash>
</goalFailure>
<userEvent>
	<dtimeGame>20220106131933</dtimeGame>	<dtimeReal>20221011132445</dtimeReal>
	<newMode>
		<name>Sean</name>
		<animMode>14</animMode>
	</newMode>
	<cost>0</cost><cash>3381</cash>
</userEvent>
<userEvent>
	<dtimeGame>20220106133327</dtimeGame>	<dtimeReal>20221011132448</dtimeReal>
	<newMode>
		<name>Sean</name>
		<animMode>3</animMode>
	</newMode>
	<cost>0</cost><cash>3376</cash>
</userEvent>
<userEvent>
	<dtimeGame>20220106134722</dtimeGame>	<dtimeReal>20221011132451</dtimeReal>
	<newMode>
		<name>Sean</name>
		<animMode>14</animMode>
	</newMode>
	<cost>0</cost><cash>3371</cash>
</userEvent>
<trigger>
	<dtimeGame>20220106135000</dtimeGame>	<dtimeReal>20221011132451</dtimeReal>
	<name>Targeted Malware</name>
	<triggerType>ATTACK_TRIGGER</triggerType>
	<timesGoneOff>24</timesGoneOff>
	<conditions>ConditionList: OneHour(true) :end</conditions>
</trigger>
<trigger>
	<dtimeGame>20220106135000</dtimeGame>	<dtimeReal>20221011132451</dtimeReal>
	<name>Insiders</name>
	<triggerType>ATTACK_TRIGGER</triggerType>
	<timesGoneOff>24</timesGoneOff>
	<conditions>ConditionList: OneHour(true) :end</conditions>
</trigger>
<trigger>
	<dtimeGame>20220106135000</dtimeGame>	<dtimeReal>20221011132451</dtimeReal>
	<name>Breakin</name>
	<triggerType>ATTACK_TRIGGER</triggerType>
	<timesGoneOff>24</timesGoneOff>
	<conditions>ConditionList: OneHour(true) :end</conditions>
</trigger>
<trigger>
	<dtimeGame>20220106135000</dtimeGame>	<dtimeReal>20221011132451</dtimeReal>
	<name>Internet</name>
	<triggerType>ATTACK_TRIGGER</triggerType>
	<timesGoneOff>24</timesGoneOff>
	<conditions>ConditionList: OneHour(true) :end</conditions>
</trigger>
<goalFailure>
	<dtimeGame>20220106140624</dtimeGame>	<dtimeReal>20221011132455</dtimeReal>
	<name>Maintain Logistics Database</name>
	<userList>Sean</userList>
	<reason>I failed Maintain Logistics Database.  </reason>
	<cost>27</cost><cash>3365</cash>
</goalFailure>
<userEvent>
	<dtimeGame>20220106140814</dtimeGame>	<dtimeReal>20221011132455</dtimeReal>
	<newMode>
		<name>Sean</name>
		<animMode>3</animMode>
	</newMode>
	<cost>0</cost><cash>3364</cash>
</userEvent>
<userEvent>
	<dtimeGame>20220106141511</dtimeGame>	<dtimeReal>20221011132457</dtimeReal>
	<newMode>
		<name>Sean</name>
		<animMode>14</animMode>
	</newMode>
	<cost>0</cost><cash>3361</cash>
</userEvent>
<userEvent>
	<dtimeGame>20220106142209</dtimeGame>	<dtimeReal>20221011132458</dtimeReal>
	<newMode>
		<name>Sean</name>
		<animMode>3</animMode>
	</newMode>
	<cost>0</cost><cash>3359</cash>
</userEvent>
<userEvent>
	<dtimeGame>20220106143604</dtimeGame>	<dtimeReal>20221011132501</dtimeReal>
	<newMode>
		<name>Sean</name>
		<animMode>14</animMode>
	</newMode>
	<cost>0</cost><cash>3354</cash>
</userEvent>
<userEvent>
	<dtimeGame>20220106145655</dtimeGame>	<dtimeReal>20221011132505</dtimeReal>
	<newMode>
		<name>Sean</name>
		<animMode>3</animMode>
	</newMode>
	<cost>0</cost><cash>3347</cash>
</userEvent>
<userEvent>
	<dtimeGame>20220106150353</dtimeGame>	<dtimeReal>20221011132507</dtimeReal>
	<newMode>
		<name>Sean</name>
		<animMode>14</animMode>
	</newMode>
	<cost>0</cost><cash>3345</cash>
</userEvent>
<trigger>
	<dtimeGame>20220106150500</dtimeGame>	<dtimeReal>20221011132507</dtimeReal>
	<name>Targeted Malware</name>
	<triggerType>ATTACK_TRIGGER</triggerType>
	<timesGoneOff>25</timesGoneOff>
	<conditions>ConditionList: OneHour(true) :end</conditions>
</trigger>
<trigger>
	<dtimeGame>20220106150500</dtimeGame>	<dtimeReal>20221011132507</dtimeReal>
	<name>Insiders</name>
	<triggerType>ATTACK_TRIGGER</triggerType>
	<timesGoneOff>25</timesGoneOff>
	<conditions>ConditionList: OneHour(true) :end</conditions>
</trigger>
<trigger>
	<dtimeGame>20220106150500</dtimeGame>	<dtimeReal>20221011132507</dtimeReal>
	<name>Breakin</name>
	<triggerType>ATTACK_TRIGGER</triggerType>
	<timesGoneOff>25</timesGoneOff>
	<conditions>ConditionList: OneHour(true) :end</conditions>
</trigger>
<trigger>
	<dtimeGame>20220106150500</dtimeGame>	<dtimeReal>20221011132507</dtimeReal>
	<name>Internet</name>
	<triggerType>ATTACK_TRIGGER</triggerType>
	<timesGoneOff>25</timesGoneOff>
	<conditions>ConditionList: OneHour(true) :end</conditions>
</trigger>
<goalFailure>
	<dtimeGame>20220106150846</dtimeGame>	<dtimeReal>20221011132508</dtimeReal>
	<name>Maintain Logistics Database</name>
	<userList>Sean</userList>
	<reason>I failed Maintain Logistics Database.  </reason>
	<cost>29</cost><cash>3343</cash>
</goalFailure>
<userEvent>
	<dtimeGame>20220106151051</dtimeGame>	<dtimeReal>20221011132508</dtimeReal>
	<newMode>
		<name>Sean</name>
		<animMode>3</animMode>
	</newMode>
	<cost>0</cost><cash>3342</cash>
</userEvent>
<userEvent>
	<dtimeGame>20220106154537</dtimeGame>	<dtimeReal>20221011132515</dtimeReal>
	<newMode>
		<name>Sean</name>
		<animMode>14</animMode>
	</newMode>
	<cost>0</cost><cash>3330</cash>
</userEvent>
<gameEvent>
	<dtimeGame>20220106154737</dtimeGame>	<dtimeReal>20221011132516</dtimeReal>
	<pause></pause>
</gameEvent>
<goalFailure>
	<dtimeGame>20220106154737</dtimeGame>	<dtimeReal>20221011132516</dtimeReal>
	<name>Maintain Logistics Database</name>
	<userList>Sean</userList>
	<reason>I failed Maintain Logistics Database.  </reason>
	<cost>0</cost><cash>3329</cash>
</goalFailure>
<uiEvent>
	<dtimeGame>20220106154737</dtimeGame>	<dtimeReal>20221011134008</dtimeReal>
	<tab>objective</tab>
</uiEvent>
<gameEvent>
	<dtimeGame>20220106154737</dtimeGame>	<dtimeReal>20221011134557</dtimeReal>
	<end>quit</end>
</gameEvent>
<gameEvent>
	<dtimeGame>20220106154737</dtimeGame>	<dtimeReal>20221011134557</dtimeReal>
	<end>quit</end>
</gameEvent>
</CyberCIEGEeventLog>