<?xml version="1.0"?>
<!DOCTYPE CyberCIEGEeventLog SYSTEM "..\..\eventlog.dtd">
<CyberCIEGEeventLog>
<gameEvent>
	<dtimeGame>20220101060200</dtimeGame>	<dtimeReal>20221115142000</dtimeReal>
	<loadFile>..\Identity Management\1_Authentication.sdf</loadFile>
</gameEvent>
<gameEvent>
	<dtimeGame>20220101060200</dtimeGame>	<dtimeReal>20221115142000</dtimeReal>
	<loadFile>Authentication.CSM 9/30/16 3 46 PM</loadFile>
</gameEvent>
<gameEvent>
	<dtimeGame>20220106080000</dtimeGame>	<dtimeReal>20221115142001</dtimeReal>
	<creates>
		<user>Blake</user>
	</creates>
</gameEvent>
<gameEvent>
	<dtimeGame>20220106080000</dtimeGame>	<dtimeReal>20221115142001</dtimeReal>
	<creates>
		<user>Customer</user>
	</creates>
</gameEvent>
<gameEvent>
	<dtimeGame>20220106080000</dtimeGame>	<dtimeReal>20221115142001</dtimeReal>
	<creates>
		<user>Joe</user>
	</creates>
</gameEvent>
<gameEvent>
	<dtimeGame>20220106080000</dtimeGame>	<dtimeReal>20221115142001</dtimeReal>
	<creates>
		<user>Mary</user>
	</creates>
</gameEvent>
<gameEvent>
	<dtimeGame>20220106080000</dtimeGame>	<dtimeReal>20221115142001</dtimeReal>
	<creates>
		<user>Frank</user>
	</creates>
</gameEvent>
<gameEvent>
	<dtimeGame>20220106080000</dtimeGame>	<dtimeReal>20221115142001</dtimeReal>
	<creates>
		<user>Peggy</user>
	</creates>
</gameEvent>
<gameEvent>
	<dtimeGame>20220106080000</dtimeGame>	<dtimeReal>20221115142001</dtimeReal>
	<creates>
		<user>Fiona</user>
	</creates>
</gameEvent>
<gameEvent>
	<dtimeGame>20220106080000</dtimeGame>	<dtimeReal>20221115142001</dtimeReal>
	<creates>
		<user>ITguy1</user>
	</creates>
</gameEvent>
<componentEvent>
	<dtimeGame>20220106080000</dtimeGame>	<dtimeReal>20221115142001</dtimeReal>
	<name>customer router</name>
	<networkConnect>Internet</networkConnect>
	<cost>0</cost><cash>20000</cash>
</componentEvent>
<componentEvent>
	<dtimeGame>20220106080000</dtimeGame>	<dtimeReal>20221115142001</dtimeReal>
	<name>customer router</name>
	<networkConnect>Customer LAN</networkConnect>
	<cost>0</cost><cash>20000</cash>
</componentEvent>
<gameEvent>
	<dtimeGame>20220106080000</dtimeGame>	<dtimeReal>20221115142001</dtimeReal>
	<creates>
		<deviceName>customer router</deviceName>
	</creates>
</gameEvent>
<componentEvent>
	<dtimeGame>20220106080000</dtimeGame>	<dtimeReal>20221115142001</dtimeReal>
	<name>HotelRouter</name>
	<networkConnect>Offsite LAN</networkConnect>
	<cost>0</cost><cash>20000</cash>
</componentEvent>
<componentEvent>
	<dtimeGame>20220106080000</dtimeGame>	<dtimeReal>20221115142001</dtimeReal>
	<name>HotelRouter</name>
	<networkConnect>Internet</networkConnect>
	<cost>0</cost><cash>20000</cash>
</componentEvent>
<gameEvent>
	<dtimeGame>20220106080000</dtimeGame>	<dtimeReal>20221115142001</dtimeReal>
	<creates>
		<deviceName>HotelRouter</deviceName>
	</creates>
</gameEvent>
<componentEvent>
	<dtimeGame>20220106080000</dtimeGame>	<dtimeReal>20221115142001</dtimeReal>
	<name>router</name>
	<networkConnect>Lan1</networkConnect>
	<cost>0</cost><cash>20000</cash>
</componentEvent>
<componentEvent>
	<dtimeGame>20220106080000</dtimeGame>	<dtimeReal>20221115142001</dtimeReal>
	<name>router</name>
	<networkConnect>Internet</networkConnect>
	<cost>0</cost><cash>20000</cash>
</componentEvent>
<gameEvent>
	<dtimeGame>20220106080000</dtimeGame>	<dtimeReal>20221115142001</dtimeReal>
	<creates>
		<deviceName>router</deviceName>
	</creates>
</gameEvent>
<componentEvent>
	<dtimeGame>20220106080000</dtimeGame>	<dtimeReal>20221115142001</dtimeReal>
	<name>Lollipop Server</name>
	<networkConnect>Lan1</networkConnect>
	<cost>0</cost><cash>20000</cash>
</componentEvent>
<assetEvent>
	<dtimeGame>20220106080000</dtimeGame>	<dtimeReal>20221115142001</dtimeReal>
	<name>Sugar Spinner Data</name>
	<moveType>Add : SCENARIO_FILE</moveType>
	<computerName>Lollipop Server</computerName>
</assetEvent>
<assetEvent>
	<dtimeGame>20220106080000</dtimeGame>	<dtimeReal>20221115142001</dtimeReal>
	<name>M and F Web Site</name>
	<moveType>Add : SCENARIO_FILE</moveType>
	<computerName>Lollipop Server</computerName>
</assetEvent>
<gameEvent>
	<dtimeGame>20220106080000</dtimeGame>	<dtimeReal>20221115142001</dtimeReal>
	<creates>
		<computerName>Lollipop Server</computerName>
	</creates>
</gameEvent>
<componentEvent>
	<dtimeGame>20220106080000</dtimeGame>	<dtimeReal>20221115142001</dtimeReal>
	<name>Button Holer</name>
	<networkConnect>Lan1</networkConnect>
	<cost>0</cost><cash>20000</cash>
</componentEvent>
<gameEvent>
	<dtimeGame>20220106080000</dtimeGame>	<dtimeReal>20221115142001</dtimeReal>
	<creates>
		<computerName>Button Holer</computerName>
	</creates>
</gameEvent>
<componentEvent>
	<dtimeGame>20220106080000</dtimeGame>	<dtimeReal>20221115142001</dtimeReal>
	<name>Joe's Workstation</name>
	<networkConnect>Lan1</networkConnect>
	<cost>0</cost><cash>20000</cash>
</componentEvent>
<gameEvent>
	<dtimeGame>20220106080000</dtimeGame>	<dtimeReal>20221115142001</dtimeReal>
	<creates>
		<computerName>Joe's Workstation</computerName>
	</creates>
</gameEvent>
<componentEvent>
	<dtimeGame>20220106080000</dtimeGame>	<dtimeReal>20221115142001</dtimeReal>
	<name>Mary's Workstation</name>
	<networkConnect>Lan1</networkConnect>
	<cost>0</cost><cash>20000</cash>
</componentEvent>
<gameEvent>
	<dtimeGame>20220106080000</dtimeGame>	<dtimeReal>20221115142001</dtimeReal>
	<creates>
		<computerName>Mary's Workstation</computerName>
	</creates>
</gameEvent>
<componentEvent>
	<dtimeGame>20220106080000</dtimeGame>	<dtimeReal>20221115142001</dtimeReal>
	<name>Frank's Workstation</name>
	<networkConnect>Lan1</networkConnect>
	<cost>0</cost><cash>20000</cash>
</componentEvent>
<gameEvent>
	<dtimeGame>20220106080000</dtimeGame>	<dtimeReal>20221115142001</dtimeReal>
	<creates>
		<computerName>Frank's Workstation</computerName>
	</creates>
</gameEvent>
<componentEvent>
	<dtimeGame>20220106080000</dtimeGame>	<dtimeReal>20221115142001</dtimeReal>
	<name>Peggy's Workstation</name>
	<networkConnect>Lan1</networkConnect>
	<cost>0</cost><cash>20000</cash>
</componentEvent>
<gameEvent>
	<dtimeGame>20220106080000</dtimeGame>	<dtimeReal>20221115142001</dtimeReal>
	<creates>
		<computerName>Peggy's Workstation</computerName>
	</creates>
</gameEvent>
<componentEvent>
	<dtimeGame>20220106080000</dtimeGame>	<dtimeReal>20221115142001</dtimeReal>
	<name>Hotel Workstation</name>
	<networkConnect>Offsite LAN</networkConnect>
	<cost>0</cost><cash>20000</cash>
</componentEvent>
<gameEvent>
	<dtimeGame>20220106080000</dtimeGame>	<dtimeReal>20221115142001</dtimeReal>
	<creates>
		<computerName>Hotel Workstation</computerName>
	</creates>
</gameEvent>
<componentEvent>
	<dtimeGame>20220106080000</dtimeGame>	<dtimeReal>20221115142001</dtimeReal>
	<name>Visitor's Workstation</name>
	<networkConnect>Lan1</networkConnect>
	<cost>0</cost><cash>20000</cash>
</componentEvent>
<gameEvent>
	<dtimeGame>20220106080000</dtimeGame>	<dtimeReal>20221115142001</dtimeReal>
	<creates>
		<computerName>Visitor's Workstation</computerName>
	</creates>
</gameEvent>
<componentEvent>
	<dtimeGame>20220106080000</dtimeGame>	<dtimeReal>20221115142001</dtimeReal>
	<name>Customer's Workstation</name>
	<networkConnect>Customer LAN</networkConnect>
	<cost>0</cost><cash>20000</cash>
</componentEvent>
<componentEvent>
	<dtimeGame>20220106080000</dtimeGame>	<dtimeReal>20221115142001</dtimeReal>
	<name>Customer's Workstation</name>
	<accountAdd>
		<user>Customer</user>
	</accountAdd>
	<cost>0</cost><cash>20000</cash>
</componentEvent>
<gameEvent>
	<dtimeGame>20220106080000</dtimeGame>	<dtimeReal>20221115142001</dtimeReal>
	<creates>
		<computerName>Customer's Workstation</computerName>
	</creates>
</gameEvent>
<gameEvent>
	<dtimeGame>20220106080000</dtimeGame>	<dtimeReal>20221115142001</dtimeReal>
	<creates>
		<computerName>Smartcard Minter</computerName>
	</creates>
</gameEvent>
<gameEvent>
	<dtimeGame>20220106080000</dtimeGame>	<dtimeReal>20221115142001</dtimeReal>
	<creates>
		<computerName>Veriscream CA</computerName>
	</creates>
</gameEvent>
<goalFailure>
	<dtimeGame>20220106080000</dtimeGame>	<dtimeReal>20221115142001</dtimeReal>
	<name>Modify Sugar Data</name>
	<userList>Frank</userList>
	<reason>The Modify Sugar Data goal failed for Frank because no workstation could access Sugar Spinner Data.</reason>
	<cost>0</cost><cash>20000</cash>
</goalFailure>
<goalFailure>
	<dtimeGame>20220106080000</dtimeGame>	<dtimeReal>20221115142001</dtimeReal>
	<name>Modify Sugar Data</name>
	<userList>Mary</userList>
	<reason>The Modify Sugar Data goal failed for Mary because no workstation could access Sugar Spinner Data.</reason>
	<cost>0</cost><cash>20000</cash>
</goalFailure>
<goalFailure>
	<dtimeGame>20220106080000</dtimeGame>	<dtimeReal>20221115142001</dtimeReal>
	<name>Modify Sugar Data</name>
	<userList>Joe</userList>
	<reason>The Modify Sugar Data goal failed for Joe because no workstation could access Sugar Spinner Data.</reason>
	<cost>0</cost><cash>20000</cash>
</goalFailure>
<gameEvent>
	<dtimeGame>20220106080000</dtimeGame>	<dtimeReal>20221115142001</dtimeReal>
	<start></start>
</gameEvent>
<trigger>
	<dtimeGame>20220106080000</dtimeGame>	<dtimeReal>20221115142001</dtimeReal>
	<name>IdentEncy</name>
	<triggerType>ECONTEXT_TRIGGER</triggerType>
	<timesGoneOff>1</timesGoneOff>
	<conditions>ConditionList: time1hour(false) or_not time1hour(false) :end</conditions>
</trigger>
<uiEvent>
	<dtimeGame>20220106080000</dtimeGame>	<dtimeReal>20221115142037</dtimeReal>
	<tab>objective</tab>
</uiEvent>
<goalFailure>
	<dtimeGame>20220106080000</dtimeGame>	<dtimeReal>20221115142057</dtimeReal>
	<name>Modify Sugar Data</name>
	<userList>Frank</userList>
	<reason>The Modify Sugar Data goal failed for Frank because no workstation could access Sugar Spinner Data.</reason>
	<cost>0</cost><cash>20000</cash>
</goalFailure>
<goalFailure>
	<dtimeGame>20220106080000</dtimeGame>	<dtimeReal>20221115142057</dtimeReal>
	<name>Modify Sugar Data</name>
	<userList>Mary</userList>
	<reason>The Modify Sugar Data goal failed for Mary because no workstation could access Sugar Spinner Data.</reason>
	<cost>0</cost><cash>20000</cash>
</goalFailure>
<goalFailure>
	<dtimeGame>20220106080000</dtimeGame>	<dtimeReal>20221115142057</dtimeReal>
	<name>Modify Sugar Data</name>
	<userList>Joe</userList>
	<reason>The Modify Sugar Data goal failed for Joe because no workstation could access Sugar Spinner Data.</reason>
	<cost>0</cost><cash>20000</cash>
</goalFailure>
<uiEvent>
	<dtimeGame>20220106080000</dtimeGame>	<dtimeReal>20221115142057</dtimeReal>
	<tab>office</tab>
</uiEvent>
<uiEvent>
	<dtimeGame>20220106080000</dtimeGame>	<dtimeReal>20221115142058</dtimeReal>
	<tab>game</tab>
</uiEvent>
<uiEvent>
	<dtimeGame>20220106080000</dtimeGame>	<dtimeReal>20221115142101</dtimeReal>
	<tab>objective</tab>
</uiEvent>
<goalFailure>
	<dtimeGame>20220106080000</dtimeGame>	<dtimeReal>20221115142111</dtimeReal>
	<name>Modify Sugar Data</name>
	<userList>Frank</userList>
	<reason>The Modify Sugar Data goal failed for Frank because no workstation could access Sugar Spinner Data.</reason>
	<cost>0</cost><cash>20000</cash>
</goalFailure>
<goalFailure>
	<dtimeGame>20220106080000</dtimeGame>	<dtimeReal>20221115142111</dtimeReal>
	<name>Modify Sugar Data</name>
	<userList>Mary</userList>
	<reason>The Modify Sugar Data goal failed for Mary because no workstation could access Sugar Spinner Data.</reason>
	<cost>0</cost><cash>20000</cash>
</goalFailure>
<goalFailure>
	<dtimeGame>20220106080000</dtimeGame>	<dtimeReal>20221115142111</dtimeReal>
	<name>Modify Sugar Data</name>
	<userList>Joe</userList>
	<reason>The Modify Sugar Data goal failed for Joe because no workstation could access Sugar Spinner Data.</reason>
	<cost>0</cost><cash>20000</cash>
</goalFailure>
<uiEvent>
	<dtimeGame>20220106080000</dtimeGame>	<dtimeReal>20221115142111</dtimeReal>
	<tab>office</tab>
</uiEvent>
<gameEvent>
	<dtimeGame>20220106080000</dtimeGame>	<dtimeReal>20221115142113</dtimeReal>
	<resume></resume>
</gameEvent>
<goalFailure>
	<dtimeGame>20220106080000</dtimeGame>	<dtimeReal>20221115142113</dtimeReal>
	<name>Modify Sugar Data</name>
	<userList>Frank</userList>
	<reason>The Modify Sugar Data goal failed for Frank because no workstation could access Sugar Spinner Data.</reason>
	<cost>0</cost><cash>20000</cash>
</goalFailure>
<goalFailure>
	<dtimeGame>20220106080000</dtimeGame>	<dtimeReal>20221115142113</dtimeReal>
	<name>Modify Sugar Data</name>
	<userList>Mary</userList>
	<reason>The Modify Sugar Data goal failed for Mary because no workstation could access Sugar Spinner Data.</reason>
	<cost>0</cost><cash>20000</cash>
</goalFailure>
<goalFailure>
	<dtimeGame>20220106080000</dtimeGame>	<dtimeReal>20221115142113</dtimeReal>
	<name>Modify Sugar Data</name>
	<userList>Joe</userList>
	<reason>The Modify Sugar Data goal failed for Joe because no workstation could access Sugar Spinner Data.</reason>
	<cost>0</cost><cash>20000</cash>
</goalFailure>
<goalFailure>
	<dtimeGame>20220106080000</dtimeGame>	<dtimeReal>20221115142113</dtimeReal>
	<name>Work on Peggy's Stuff</name>
	<userList>Peggy</userList>
	<reason>Asset Goal Work on Peggy's Stuff failed for Peggy because no one machine with suitable software could access all the assets required in the asset goal.</reason>
	<cost>0</cost><cash>20000</cash>
</goalFailure>
<goalFailure>
	<dtimeGame>20220106080000</dtimeGame>	<dtimeReal>20221115142113</dtimeReal>
	<name>Work on Peggy's Stuff</name>
	<userList>Peggy</userList>
	<reason>Asset Goal Work on Peggy's Stuff failed for Peggy because no one machine with suitable software could access all the assets required in the asset goal.</reason>
	<cost>0</cost><cash>20000</cash>
</goalFailure>
<goalFailure>
	<dtimeGame>20220106080000</dtimeGame>	<dtimeReal>20221115142113</dtimeReal>
	<name>Work on Peggy's Stuff</name>
	<userList>Peggy</userList>
	<reason>Asset Goal Work on Peggy's Stuff failed for Peggy because no one machine with suitable software could access all the assets required in the asset goal.</reason>
	<cost>0</cost><cash>20000</cash>
</goalFailure>
<goalFailure>
	<dtimeGame>20220106080000</dtimeGame>	<dtimeReal>20221115142113</dtimeReal>
	<name>Work on Peggy's Stuff</name>
	<userList>Peggy</userList>
	<reason>Asset Goal Work on Peggy's Stuff failed for Peggy because no one machine with suitable software could access all the assets required in the asset goal.</reason>
	<cost>0</cost><cash>20000</cash>
</goalFailure>
<goalFailure>
	<dtimeGame>20220106080000</dtimeGame>	<dtimeReal>20221115142113</dtimeReal>
	<name>Work on Peggy's Stuff</name>
	<userList>Peggy</userList>
	<reason>Asset Goal Work on Peggy's Stuff failed for Peggy because no one machine with suitable software could access all the assets required in the asset goal.</reason>
	<cost>0</cost><cash>20000</cash>
</goalFailure>
<goalFailure>
	<dtimeGame>20220106080000</dtimeGame>	<dtimeReal>20221115142113</dtimeReal>
	<name>Work on Peggy's Stuff</name>
	<userList>Peggy</userList>
	<reason>Asset Goal Work on Peggy's Stuff failed for Peggy because no one machine with suitable software could access all the assets required in the asset goal.</reason>
	<cost>0</cost><cash>20000</cash>
</goalFailure>
<goalFailure>
	<dtimeGame>20220106080000</dtimeGame>	<dtimeReal>20221115142113</dtimeReal>
	<name>Work on Peggy's Stuff</name>
	<userList>Peggy</userList>
	<reason>Asset Goal Work on Peggy's Stuff failed for me because no one machine with suitable software could access all the assets required in the asset goal.</reason>
	<cost>0</cost><cash>20000</cash>
</goalFailure>
<goalFailure>
	<dtimeGame>20220106080000</dtimeGame>	<dtimeReal>20221115142113</dtimeReal>
	<name>Work on Frank's Stuff</name>
	<userList>Frank</userList>
	<reason>Asset Goal Work on Frank's Stuff failed for Frank because no one machine with suitable software could access all the assets required in the asset goal.</reason>
	<cost>0</cost><cash>20000</cash>
</goalFailure>
<goalFailure>
	<dtimeGame>20220106080000</dtimeGame>	<dtimeReal>20221115142113</dtimeReal>
	<name>Work on Frank's Stuff</name>
	<userList>Frank</userList>
	<reason>Asset Goal Work on Frank's Stuff failed for Frank because no one machine with suitable software could access all the assets required in the asset goal.</reason>
	<cost>0</cost><cash>20000</cash>
</goalFailure>
<goalFailure>
	<dtimeGame>20220106080000</dtimeGame>	<dtimeReal>20221115142113</dtimeReal>
	<name>Work on Frank's Stuff</name>
	<userList>Frank</userList>
	<reason>Asset Goal Work on Frank's Stuff failed for Frank because no one machine with suitable software could access all the assets required in the asset goal.</reason>
	<cost>0</cost><cash>20000</cash>
</goalFailure>
<goalFailure>
	<dtimeGame>20220106080000</dtimeGame>	<dtimeReal>20221115142113</dtimeReal>
	<name>Work on Frank's Stuff</name>
	<userList>Frank</userList>
	<reason>Asset Goal Work on Frank's Stuff failed for Frank because no one machine with suitable software could access all the assets required in the asset goal.</reason>
	<cost>0</cost><cash>20000</cash>
</goalFailure>
<goalFailure>
	<dtimeGame>20220106080000</dtimeGame>	<dtimeReal>20221115142113</dtimeReal>
	<name>Work on Frank's Stuff</name>
	<userList>Frank</userList>
	<reason>Asset Goal Work on Frank's Stuff failed for Frank because no one machine with suitable software could access all the assets required in the asset goal.</reason>
	<cost>0</cost><cash>20000</cash>
</goalFailure>
<goalFailure>
	<dtimeGame>20220106080000</dtimeGame>	<dtimeReal>20221115142113</dtimeReal>
	<name>Work on Frank's Stuff</name>
	<userList>Frank</userList>
	<reason>Asset Goal Work on Frank's Stuff failed for Frank because no one machine with suitable software could access all the assets required in the asset goal.</reason>
	<cost>0</cost><cash>20000</cash>
</goalFailure>
<goalFailure>
	<dtimeGame>20220106080000</dtimeGame>	<dtimeReal>20221115142113</dtimeReal>
	<name>Work on Frank's Stuff</name>
	<userList>Frank</userList>
	<reason>Asset Goal Work on Frank's Stuff failed for me because no one machine with suitable software could access all the assets required in the asset goal.</reason>
	<cost>0</cost><cash>20000</cash>
</goalFailure>
<goalFailure>
	<dtimeGame>20220106080000</dtimeGame>	<dtimeReal>20221115142113</dtimeReal>
	<name>Work On Mary's Stuff</name>
	<userList>Mary</userList>
	<reason>Asset Goal Work On Mary's Stuff failed for Mary because no one machine with suitable software could access all the assets required in the asset goal.</reason>
	<cost>0</cost><cash>20000</cash>
</goalFailure>
<goalFailure>
	<dtimeGame>20220106080000</dtimeGame>	<dtimeReal>20221115142113</dtimeReal>
	<name>Work On Mary's Stuff</name>
	<userList>Mary</userList>
	<reason>Asset Goal Work On Mary's Stuff failed for Mary because no one machine with suitable software could access all the assets required in the asset goal.</reason>
	<cost>0</cost><cash>20000</cash>
</goalFailure>
<goalFailure>
	<dtimeGame>20220106080000</dtimeGame>	<dtimeReal>20221115142113</dtimeReal>
	<name>Work On Mary's Stuff</name>
	<userList>Mary</userList>
	<reason>Asset Goal Work On Mary's Stuff failed for Mary because no one machine with suitable software could access all the assets required in the asset goal.</reason>
	<cost>0</cost><cash>20000</cash>
</goalFailure>
<goalFailure>
	<dtimeGame>20220106080000</dtimeGame>	<dtimeReal>20221115142113</dtimeReal>
	<name>Work On Mary's Stuff</name>
	<userList>Mary</userList>
	<reason>Asset Goal Work On Mary's Stuff failed for Mary because no one machine with suitable software could access all the assets required in the asset goal.</reason>
	<cost>0</cost><cash>20000</cash>
</goalFailure>
<goalFailure>
	<dtimeGame>20220106080000</dtimeGame>	<dtimeReal>20221115142113</dtimeReal>
	<name>Work On Mary's Stuff</name>
	<userList>Mary</userList>
	<reason>Asset Goal Work On Mary's Stuff failed for Mary because no one machine with suitable software could access all the assets required in the asset goal.</reason>
	<cost>0</cost><cash>20000</cash>
</goalFailure>
<goalFailure>
	<dtimeGame>20220106080000</dtimeGame>	<dtimeReal>20221115142113</dtimeReal>
	<name>Work On Mary's Stuff</name>
	<userList>Mary</userList>
	<reason>Asset Goal Work On Mary's Stuff failed for Mary because no one machine with suitable software could access all the assets required in the asset goal.</reason>
	<cost>0</cost><cash>20000</cash>
</goalFailure>
<goalFailure>
	<dtimeGame>20220106080000</dtimeGame>	<dtimeReal>20221115142113</dtimeReal>
	<name>Work On Mary's Stuff</name>
	<userList>Mary</userList>
	<reason>Asset Goal Work On Mary's Stuff failed for me because no one machine with suitable software could access all the assets required in the asset goal.</reason>
	<cost>0</cost><cash>20000</cash>
</goalFailure>
<goalFailure>
	<dtimeGame>20220106080000</dtimeGame>	<dtimeReal>20221115142113</dtimeReal>
	<name>Work On Joe's Stuff</name>
	<userList>Joe</userList>
	<reason>Asset Goal Work On Joe's Stuff failed for Joe because no one machine with suitable software could access all the assets required in the asset goal.</reason>
	<cost>0</cost><cash>20000</cash>
</goalFailure>
<goalFailure>
	<dtimeGame>20220106080000</dtimeGame>	<dtimeReal>20221115142113</dtimeReal>
	<name>Work On Joe's Stuff</name>
	<userList>Joe</userList>
	<reason>Asset Goal Work On Joe's Stuff failed for Joe because no one machine with suitable software could access all the assets required in the asset goal.</reason>
	<cost>0</cost><cash>20000</cash>
</goalFailure>
<goalFailure>
	<dtimeGame>20220106080000</dtimeGame>	<dtimeReal>20221115142113</dtimeReal>
	<name>Work On Joe's Stuff</name>
	<userList>Joe</userList>
	<reason>Asset Goal Work On Joe's Stuff failed for Joe because no one machine with suitable software could access all the assets required in the asset goal.</reason>
	<cost>0</cost><cash>20000</cash>
</goalFailure>
<goalFailure>
	<dtimeGame>20220106080000</dtimeGame>	<dtimeReal>20221115142113</dtimeReal>
	<name>Work On Joe's Stuff</name>
	<userList>Joe</userList>
	<reason>Asset Goal Work On Joe's Stuff failed for Joe because no one machine with suitable software could access all the assets required in the asset goal.</reason>
	<cost>0</cost><cash>20000</cash>
</goalFailure>
<goalFailure>
	<dtimeGame>20220106080000</dtimeGame>	<dtimeReal>20221115142113</dtimeReal>
	<name>Work On Joe's Stuff</name>
	<userList>Joe</userList>
	<reason>Asset Goal Work On Joe's Stuff failed for Joe because no one machine with suitable software could access all the assets required in the asset goal.</reason>
	<cost>0</cost><cash>20000</cash>
</goalFailure>
<goalFailure>
	<dtimeGame>20220106080000</dtimeGame>	<dtimeReal>20221115142113</dtimeReal>
	<name>Work On Joe's Stuff</name>
	<userList>Joe</userList>
	<reason>Asset Goal Work On Joe's Stuff failed for Joe because no one machine with suitable software could access all the assets required in the asset goal.</reason>
	<cost>0</cost><cash>20000</cash>
</goalFailure>
<goalFailure>
	<dtimeGame>20220106080000</dtimeGame>	<dtimeReal>20221115142113</dtimeReal>
	<name>Work On Joe's Stuff</name>
	<userList>Joe</userList>
	<reason>Asset Goal Work On Joe's Stuff failed for me because no one machine with suitable software could access all the assets required in the asset goal.</reason>
	<cost>0</cost><cash>20000</cash>
</goalFailure>
<goalFailure>
	<dtimeGame>20220106080000</dtimeGame>	<dtimeReal>20221115142113</dtimeReal>
	<name>Modify Sugar Data</name>
	<userList>Frank</userList>
	<reason>The Modify Sugar Data goal failed for Frank because no workstation could access Sugar Spinner Data.</reason>
	<cost>0</cost><cash>20000</cash>
</goalFailure>
<goalFailure>
	<dtimeGame>20220106080000</dtimeGame>	<dtimeReal>20221115142113</dtimeReal>
	<name>Modify Sugar Data</name>
	<userList>Mary</userList>
	<reason>The Modify Sugar Data goal failed for Mary because no workstation could access Sugar Spinner Data.</reason>
	<cost>0</cost><cash>20000</cash>
</goalFailure>
<goalFailure>
	<dtimeGame>20220106080000</dtimeGame>	<dtimeReal>20221115142113</dtimeReal>
	<name>Modify Sugar Data</name>
	<userList>Joe</userList>
	<reason>The Modify Sugar Data goal failed for Joe because no workstation could access Sugar Spinner Data.</reason>
	<cost>0</cost><cash>20000</cash>
</goalFailure>
<goalFailure>
	<dtimeGame>20220106080000</dtimeGame>	<dtimeReal>20221115142113</dtimeReal>
	<name>Work on Peggy's Stuff</name>
	<userList>Peggy</userList>
	<reason>Asset Goal Work on Peggy's Stuff failed for Peggy because no one machine with suitable software could access all the assets required in the asset goal.</reason>
	<cost>0</cost><cash>20000</cash>
</goalFailure>
<goalFailure>
	<dtimeGame>20220106080000</dtimeGame>	<dtimeReal>20221115142113</dtimeReal>
	<name>Work on Peggy's Stuff</name>
	<userList>Peggy</userList>
	<reason>Asset Goal Work on Peggy's Stuff failed for Peggy because no one machine with suitable software could access all the assets required in the asset goal.</reason>
	<cost>0</cost><cash>20000</cash>
</goalFailure>
<goalFailure>
	<dtimeGame>20220106080000</dtimeGame>	<dtimeReal>20221115142113</dtimeReal>
	<name>Work on Peggy's Stuff</name>
	<userList>Peggy</userList>
	<reason>Asset Goal Work on Peggy's Stuff failed for Peggy because no one machine with suitable software could access all the assets required in the asset goal.</reason>
	<cost>0</cost><cash>20000</cash>
</goalFailure>
<goalFailure>
	<dtimeGame>20220106080000</dtimeGame>	<dtimeReal>20221115142113</dtimeReal>
	<name>Work on Peggy's Stuff</name>
	<userList>Peggy</userList>
	<reason>Asset Goal Work on Peggy's Stuff failed for Peggy because no one machine with suitable software could access all the assets required in the asset goal.</reason>
	<cost>0</cost><cash>20000</cash>
</goalFailure>
<goalFailure>
	<dtimeGame>20220106080000</dtimeGame>	<dtimeReal>20221115142113</dtimeReal>
	<name>Work on Peggy's Stuff</name>
	<userList>Peggy</userList>
	<reason>Asset Goal Work on Peggy's Stuff failed for Peggy because no one machine with suitable software could access all the assets required in the asset goal.</reason>
	<cost>0</cost><cash>20000</cash>
</goalFailure>
<goalFailure>
	<dtimeGame>20220106080000</dtimeGame>	<dtimeReal>20221115142113</dtimeReal>
	<name>Work on Peggy's Stuff</name>
	<userList>Peggy</userList>
	<reason>Asset Goal Work on Peggy's Stuff failed for Peggy because no one machine with suitable software could access all the assets required in the asset goal.</reason>
	<cost>0</cost><cash>20000</cash>
</goalFailure>
<goalFailure>
	<dtimeGame>20220106080000</dtimeGame>	<dtimeReal>20221115142113</dtimeReal>
	<name>Work on Peggy's Stuff</name>
	<userList>Peggy</userList>
	<reason>Asset Goal Work on Peggy's Stuff failed for me because no one machine with suitable software could access all the assets required in the asset goal.</reason>
	<cost>0</cost><cash>20000</cash>
</goalFailure>
<goalFailure>
	<dtimeGame>20220106080000</dtimeGame>	<dtimeReal>20221115142113</dtimeReal>
	<name>Work on Frank's Stuff</name>
	<userList>Frank</userList>
	<reason>Asset Goal Work on Frank's Stuff failed for Frank because no one machine with suitable software could access all the assets required in the asset goal.</reason>
	<cost>0</cost><cash>20000</cash>
</goalFailure>
<goalFailure>
	<dtimeGame>20220106080000</dtimeGame>	<dtimeReal>20221115142113</dtimeReal>
	<name>Work on Frank's Stuff</name>
	<userList>Frank</userList>
	<reason>Asset Goal Work on Frank's Stuff failed for Frank because no one machine with suitable software could access all the assets required in the asset goal.</reason>
	<cost>0</cost><cash>20000</cash>
</goalFailure>
<goalFailure>
	<dtimeGame>20220106080000</dtimeGame>	<dtimeReal>20221115142113</dtimeReal>
	<name>Work on Frank's Stuff</name>
	<userList>Frank</userList>
	<reason>Asset Goal Work on Frank's Stuff failed for Frank because no one machine with suitable software could access all the assets required in the asset goal.</reason>
	<cost>0</cost><cash>20000</cash>
</goalFailure>
<goalFailure>
	<dtimeGame>20220106080000</dtimeGame>	<dtimeReal>20221115142113</dtimeReal>
	<name>Work on Frank's Stuff</name>
	<userList>Frank</userList>
	<reason>Asset Goal Work on Frank's Stuff failed for Frank because no one machine with suitable software could access all the assets required in the asset goal.</reason>
	<cost>0</cost><cash>20000</cash>
</goalFailure>
<goalFailure>
	<dtimeGame>20220106080000</dtimeGame>	<dtimeReal>20221115142113</dtimeReal>
	<name>Work on Frank's Stuff</name>
	<userList>Frank</userList>
	<reason>Asset Goal Work on Frank's Stuff failed for Frank because no one machine with suitable software could access all the assets required in the asset goal.</reason>
	<cost>0</cost><cash>20000</cash>
</goalFailure>
<goalFailure>
	<dtimeGame>20220106080000</dtimeGame>	<dtimeReal>20221115142113</dtimeReal>
	<name>Work on Frank's Stuff</name>
	<userList>Frank</userList>
	<reason>Asset Goal Work on Frank's Stuff failed for Frank because no one machine with suitable software could access all the assets required in the asset goal.</reason>
	<cost>0</cost><cash>20000</cash>
</goalFailure>
<goalFailure>
	<dtimeGame>20220106080000</dtimeGame>	<dtimeReal>20221115142113</dtimeReal>
	<name>Work on Frank's Stuff</name>
	<userList>Frank</userList>
	<reason>Asset Goal Work on Frank's Stuff failed for me because no one machine with suitable software could access all the assets required in the asset goal.</reason>
	<cost>0</cost><cash>20000</cash>
</goalFailure>
<goalFailure>
	<dtimeGame>20220106080000</dtimeGame>	<dtimeReal>20221115142113</dtimeReal>
	<name>Work On Mary's Stuff</name>
	<userList>Mary</userList>
	<reason>Asset Goal Work On Mary's Stuff failed for Mary because no one machine with suitable software could access all the assets required in the asset goal.</reason>
	<cost>0</cost><cash>20000</cash>
</goalFailure>
<goalFailure>
	<dtimeGame>20220106080000</dtimeGame>	<dtimeReal>20221115142113</dtimeReal>
	<name>Work On Mary's Stuff</name>
	<userList>Mary</userList>
	<reason>Asset Goal Work On Mary's Stuff failed for Mary because no one machine with suitable software could access all the assets required in the asset goal.</reason>
	<cost>0</cost><cash>20000</cash>
</goalFailure>
<goalFailure>
	<dtimeGame>20220106080000</dtimeGame>	<dtimeReal>20221115142113</dtimeReal>
	<name>Work On Mary's Stuff</name>
	<userList>Mary</userList>
	<reason>Asset Goal Work On Mary's Stuff failed for Mary because no one machine with suitable software could access all the assets required in the asset goal.</reason>
	<cost>0</cost><cash>20000</cash>
</goalFailure>
<goalFailure>
	<dtimeGame>20220106080000</dtimeGame>	<dtimeReal>20221115142113</dtimeReal>
	<name>Work On Mary's Stuff</name>
	<userList>Mary</userList>
	<reason>Asset Goal Work On Mary's Stuff failed for Mary because no one machine with suitable software could access all the assets required in the asset goal.</reason>
	<cost>0</cost><cash>20000</cash>
</goalFailure>
<goalFailure>
	<dtimeGame>20220106080000</dtimeGame>	<dtimeReal>20221115142113</dtimeReal>
	<name>Work On Mary's Stuff</name>
	<userList>Mary</userList>
	<reason>Asset Goal Work On Mary's Stuff failed for Mary because no one machine with suitable software could access all the assets required in the asset goal.</reason>
	<cost>0</cost><cash>20000</cash>
</goalFailure>
<goalFailure>
	<dtimeGame>20220106080000</dtimeGame>	<dtimeReal>20221115142113</dtimeReal>
	<name>Work On Mary's Stuff</name>
	<userList>Mary</userList>
	<reason>Asset Goal Work On Mary's Stuff failed for Mary because no one machine with suitable software could access all the assets required in the asset goal.</reason>
	<cost>0</cost><cash>20000</cash>
</goalFailure>
<goalFailure>
	<dtimeGame>20220106080000</dtimeGame>	<dtimeReal>20221115142113</dtimeReal>
	<name>Work On Mary's Stuff</name>
	<userList>Mary</userList>
	<reason>Asset Goal Work On Mary's Stuff failed for me because no one machine with suitable software could access all the assets required in the asset goal.</reason>
	<cost>0</cost><cash>20000</cash>
</goalFailure>
<goalFailure>
	<dtimeGame>20220106080000</dtimeGame>	<dtimeReal>20221115142113</dtimeReal>
	<name>Work On Joe's Stuff</name>
	<userList>Joe</userList>
	<reason>Asset Goal Work On Joe's Stuff failed for Joe because no one machine with suitable software could access all the assets required in the asset goal.</reason>
	<cost>0</cost><cash>20000</cash>
</goalFailure>
<goalFailure>
	<dtimeGame>20220106080000</dtimeGame>	<dtimeReal>20221115142113</dtimeReal>
	<name>Work On Joe's Stuff</name>
	<userList>Joe</userList>
	<reason>Asset Goal Work On Joe's Stuff failed for Joe because no one machine with suitable software could access all the assets required in the asset goal.</reason>
	<cost>0</cost><cash>20000</cash>
</goalFailure>
<goalFailure>
	<dtimeGame>20220106080000</dtimeGame>	<dtimeReal>20221115142113</dtimeReal>
	<name>Work On Joe's Stuff</name>
	<userList>Joe</userList>
	<reason>Asset Goal Work On Joe's Stuff failed for Joe because no one machine with suitable software could access all the assets required in the asset goal.</reason>
	<cost>0</cost><cash>20000</cash>
</goalFailure>
<goalFailure>
	<dtimeGame>20220106080000</dtimeGame>	<dtimeReal>20221115142113</dtimeReal>
	<name>Work On Joe's Stuff</name>
	<userList>Joe</userList>
	<reason>Asset Goal Work On Joe's Stuff failed for Joe because no one machine with suitable software could access all the assets required in the asset goal.</reason>
	<cost>0</cost><cash>20000</cash>
</goalFailure>
<goalFailure>
	<dtimeGame>20220106080000</dtimeGame>	<dtimeReal>20221115142113</dtimeReal>
	<name>Work On Joe's Stuff</name>
	<userList>Joe</userList>
	<reason>Asset Goal Work On Joe's Stuff failed for Joe because no one machine with suitable software could access all the assets required in the asset goal.</reason>
	<cost>0</cost><cash>20000</cash>
</goalFailure>
<goalFailure>
	<dtimeGame>20220106080000</dtimeGame>	<dtimeReal>20221115142113</dtimeReal>
	<name>Work On Joe's Stuff</name>
	<userList>Joe</userList>
	<reason>Asset Goal Work On Joe's Stuff failed for Joe because no one machine with suitable software could access all the assets required in the asset goal.</reason>
	<cost>0</cost><cash>20000</cash>
</goalFailure>
<goalFailure>
	<dtimeGame>20220106080000</dtimeGame>	<dtimeReal>20221115142113</dtimeReal>
	<name>Work On Joe's Stuff</name>
	<userList>Joe</userList>
	<reason>Asset Goal Work On Joe's Stuff failed for me because no one machine with suitable software could access all the assets required in the asset goal.</reason>
	<cost>0</cost><cash>20000</cash>
</goalFailure>
<summaryEvent>
	<dtimeGame>20220106080102</dtimeGame>	<dtimeReal>20221115142113</dtimeReal>
	<bonus>0</bonus><cash>19999</cash>
</summaryEvent>
<userEvent>
	<dtimeGame>20220106080121</dtimeGame>	<dtimeReal>20221115142114</dtimeReal>
	<newMode>
		<name>Joe</name>
		<animMode>14</animMode>
	</newMode>
	<cost>0</cost><cash>19999</cash>
</userEvent>
<userEvent>
	<dtimeGame>20220106080457</dtimeGame>	<dtimeReal>20221115142114</dtimeReal>
	<newMode>
		<name>Mary</name>
		<animMode>14</animMode>
	</newMode>
	<cost>0</cost><cash>19994</cash>
</userEvent>
<trigger>
	<dtimeGame>20220106080502</dtimeGame>	<dtimeReal>20221115142114</dtimeReal>
	<name>insider</name>
	<triggerType>ATTACK_TRIGGER</triggerType>
	<timesGoneOff>1</timesGoneOff>
	<conditions>ConditionList: not AnyAssetAttacked(false) :end</conditions>
</trigger>
<trigger>
	<dtimeGame>20220106080502</dtimeGame>	<dtimeReal>20221115142114</dtimeReal>
	<name>InterentTrojan</name>
	<triggerType>ATTACK_TRIGGER</triggerType>
	<timesGoneOff>1</timesGoneOff>
	<conditions>ConditionList: not AnyAssetAttacked(false) :end</conditions>
</trigger>
<trigger>
	<dtimeGame>20220106080502</dtimeGame>	<dtimeReal>20221115142114</dtimeReal>
	<name>WireTap</name>
	<triggerType>ATTACK_TRIGGER</triggerType>
	<timesGoneOff>1</timesGoneOff>
	<conditions>ConditionList: not AnyAssetAttacked(false) :end</conditions>
</trigger>
<userEvent>
	<dtimeGame>20220106080609</dtimeGame>	<dtimeReal>20221115142115</dtimeReal>
	<newMode>
		<name>Frank</name>
		<animMode>14</animMode>
	</newMode>
	<cost>0</cost><cash>19991</cash>
</userEvent>
<gameEvent>
	<dtimeGame>20220106081442</dtimeGame>	<dtimeReal>20221115142116</dtimeReal>
	<pause></pause>
</gameEvent>
<goalFailure>
	<dtimeGame>20220106081442</dtimeGame>	<dtimeReal>20221115142116</dtimeReal>
	<name>Modify Sugar Data</name>
	<userList>Frank</userList>
	<reason>The Modify Sugar Data goal failed for Frank because no workstation could access Sugar Spinner Data.</reason>
	<cost>0</cost><cash>19980</cash>
</goalFailure>
<goalFailure>
	<dtimeGame>20220106081442</dtimeGame>	<dtimeReal>20221115142116</dtimeReal>
	<name>Modify Sugar Data</name>
	<userList>Mary</userList>
	<reason>The Modify Sugar Data goal failed for Mary because no workstation could access Sugar Spinner Data.</reason>
	<cost>0</cost><cash>19980</cash>
</goalFailure>
<goalFailure>
	<dtimeGame>20220106081442</dtimeGame>	<dtimeReal>20221115142116</dtimeReal>
	<name>Modify Sugar Data</name>
	<userList>Joe</userList>
	<reason>The Modify Sugar Data goal failed for Joe because no workstation could access Sugar Spinner Data.</reason>
	<cost>0</cost><cash>19980</cash>
</goalFailure>
<componentEvent>
	<dtimeGame>20220106081442</dtimeGame>	<dtimeReal>20221115142121</dtimeReal>
	<name>Frank's Workstation</name>
	<move>
		<position>4</position>
		<newName>Frank's Workstation</newName>
	</move>
	<cost>0</cost><cash>19980</cash>
</componentEvent>
<goalFailure>
	<dtimeGame>20220106081442</dtimeGame>	<dtimeReal>20221115142121</dtimeReal>
	<name>Modify Sugar Data</name>
	<userList>Frank</userList>
	<reason>The Modify Sugar Data goal failed for Frank because no workstation could access Sugar Spinner Data.</reason>
	<cost>0</cost><cash>19980</cash>
</goalFailure>
<goalFailure>
	<dtimeGame>20220106081442</dtimeGame>	<dtimeReal>20221115142121</dtimeReal>
	<name>Modify Sugar Data</name>
	<userList>Mary</userList>
	<reason>The Modify Sugar Data goal failed for Mary because no workstation could access Sugar Spinner Data.</reason>
	<cost>0</cost><cash>19980</cash>
</goalFailure>
<goalFailure>
	<dtimeGame>20220106081442</dtimeGame>	<dtimeReal>20221115142121</dtimeReal>
	<name>Modify Sugar Data</name>
	<userList>Joe</userList>
	<reason>The Modify Sugar Data goal failed for Joe because no workstation could access Sugar Spinner Data.</reason>
	<cost>0</cost><cash>19980</cash>
</goalFailure>
<uiEvent>
	<dtimeGame>20220106081442</dtimeGame>	<dtimeReal>20221115142144</dtimeReal>
	<tab>network</tab>
</uiEvent>
<uiEvent>
	<dtimeGame>20220106081442</dtimeGame>	<dtimeReal>20221115142145</dtimeReal>
	<tab>component</tab>
</uiEvent>
<componentEvent>
	<dtimeGame>20220106081442</dtimeGame>	<dtimeReal>20221115142203</dtimeReal>
	<name>Lollipop Server</name>
	<configSetting>
		<field>RemoteAuthentication:</field>
		<value>true</value>
		<newProtection>-1</newProtection>
	</configSetting>
	<cost>200</cost><cash>19780</cash>
</componentEvent>
<uiEvent>
	<dtimeGame>20220106081442</dtimeGame>	<dtimeReal>20221115142306</dtimeReal>
	<tab>component</tab>
</uiEvent>
<uiEvent>
	<dtimeGame>20220106081442</dtimeGame>	<dtimeReal>20221115142331</dtimeReal>
	<tab>component</tab>
</uiEvent>
<componentEvent>
	<dtimeGame>20220106081442</dtimeGame>	<dtimeReal>20221115142336</dtimeReal>
	<name>Joe's Workstation</name>
	<accountAdd>
		<user>Joe</user>
	</accountAdd>
	<cost>0</cost><cash>19780</cash>
</componentEvent>
<uiEvent>
	<dtimeGame>20220106081442</dtimeGame>	<dtimeReal>20221115142340</dtimeReal>
	<tab>component</tab>
</uiEvent>
<uiEvent>
	<dtimeGame>20220106081442</dtimeGame>	<dtimeReal>20221115142359</dtimeReal>
	<tab>component</tab>
</uiEvent>
<componentEvent>
	<dtimeGame>20220106081442</dtimeGame>	<dtimeReal>20221115142404</dtimeReal>
	<name>Joe's Workstation</name>
	<accountRemove>
		<user>Joe</user>
	</accountRemove>
	<cost>0</cost><cash>19780</cash>
</componentEvent>
<uiEvent>
	<dtimeGame>20220106081442</dtimeGame>	<dtimeReal>20221115142405</dtimeReal>
	<tab>component</tab>
</uiEvent>
<gameEvent>
	<dtimeGame>20220106081442</dtimeGame>	<dtimeReal>20221115143157</dtimeReal>
	<end>quit</end>
</gameEvent>
<gameEvent>
	<dtimeGame>20220106081442</dtimeGame>	<dtimeReal>20221115143157</dtimeReal>
	<end>quit</end>
</gameEvent>
</CyberCIEGEeventLog>