<?xml version="1.0"?>
<!DOCTYPE CyberCIEGEeventLog SYSTEM "..\..\eventlog.dtd">
<CyberCIEGEeventLog>
<gameEvent>
	<dtimeGame>20220101060200</dtimeGame>	<dtimeReal>20221120115624</dtimeReal>
	<loadFile>C:\Users\Mohit Yadav\AppData\Roaming\CyberCIEGE\Identity Management\Mohit Yadav\saved_Nov20_0_13.sdf</loadFile>
</gameEvent>
<gameEvent>
	<dtimeGame>20220101060200</dtimeGame>	<dtimeReal>20221120115624</dtimeReal>
	<loadFile>Authentication.CSM 9/30/16 3 46 PM</loadFile>
</gameEvent>
<gameEvent>
	<dtimeGame>20220111114100</dtimeGame>	<dtimeReal>20221120115625</dtimeReal>
	<creates>
		<user>Blake</user>
	</creates>
</gameEvent>
<gameEvent>
	<dtimeGame>20220111114100</dtimeGame>	<dtimeReal>20221120115625</dtimeReal>
	<creates>
		<user>Customer</user>
	</creates>
</gameEvent>
<gameEvent>
	<dtimeGame>20220111114100</dtimeGame>	<dtimeReal>20221120115625</dtimeReal>
	<creates>
		<user>Joe</user>
	</creates>
</gameEvent>
<gameEvent>
	<dtimeGame>20220111114100</dtimeGame>	<dtimeReal>20221120115625</dtimeReal>
	<creates>
		<user>Mary</user>
	</creates>
</gameEvent>
<gameEvent>
	<dtimeGame>20220111114100</dtimeGame>	<dtimeReal>20221120115625</dtimeReal>
	<creates>
		<user>Frank</user>
	</creates>
</gameEvent>
<gameEvent>
	<dtimeGame>20220111114100</dtimeGame>	<dtimeReal>20221120115625</dtimeReal>
	<creates>
		<user>Peggy</user>
	</creates>
</gameEvent>
<gameEvent>
	<dtimeGame>20220111114100</dtimeGame>	<dtimeReal>20221120115625</dtimeReal>
	<creates>
		<user>Fiona</user>
	</creates>
</gameEvent>
<gameEvent>
	<dtimeGame>20220111114100</dtimeGame>	<dtimeReal>20221120115625</dtimeReal>
	<creates>
		<user>ITguy1</user>
	</creates>
</gameEvent>
<componentEvent>
	<dtimeGame>20220111114100</dtimeGame>	<dtimeReal>20221120115625</dtimeReal>
	<name>Lollipop Server</name>
	<networkConnect>Lan1</networkConnect>
	<cost>0</cost><cash>6028</cash>
</componentEvent>
<componentEvent>
	<dtimeGame>20220111114100</dtimeGame>	<dtimeReal>20221120115625</dtimeReal>
	<name>Lollipop Server</name>
	<accountAdd>
		<user>Joe</user>
	</accountAdd>
	<cost>0</cost><cash>6028</cash>
</componentEvent>
<componentEvent>
	<dtimeGame>20220111114100</dtimeGame>	<dtimeReal>20221120115625</dtimeReal>
	<name>Lollipop Server</name>
	<accountAdd>
		<user>Mary</user>
	</accountAdd>
	<cost>0</cost><cash>6028</cash>
</componentEvent>
<componentEvent>
	<dtimeGame>20220111114100</dtimeGame>	<dtimeReal>20221120115625</dtimeReal>
	<name>Lollipop Server</name>
	<accountAdd>
		<user>Frank</user>
	</accountAdd>
	<cost>0</cost><cash>6028</cash>
</componentEvent>
<componentEvent>
	<dtimeGame>20220111114100</dtimeGame>	<dtimeReal>20221120115625</dtimeReal>
	<name>Lollipop Server</name>
	<accountAdd>
		<user>Peggy</user>
	</accountAdd>
	<cost>0</cost><cash>6028</cash>
</componentEvent>
<componentEvent>
	<dtimeGame>20220111114100</dtimeGame>	<dtimeReal>20221120115625</dtimeReal>
	<name>Lollipop Server</name>
	<accountAdd>
		<user>Fiona</user>
	</accountAdd>
	<cost>0</cost><cash>6028</cash>
</componentEvent>
<componentEvent>
	<dtimeGame>20220111114100</dtimeGame>	<dtimeReal>20221120115625</dtimeReal>
	<name>Lollipop Server</name>
	<accountAdd>
		<group>Marketing</group>
	</accountAdd>
	<cost>0</cost><cash>6028</cash>
</componentEvent>
<assetEvent>
	<dtimeGame>20220111114100</dtimeGame>	<dtimeReal>20221120115625</dtimeReal>
	<name>M and F Web Site</name>
	<moveType>Add : SCENARIO_FILE</moveType>
	<computerName>Lollipop Server</computerName>
</assetEvent>
<assetEvent>
	<dtimeGame>20220111114100</dtimeGame>	<dtimeReal>20221120115625</dtimeReal>
	<name>Sugar Spinner Data</name>
	<moveType>Add : SCENARIO_FILE</moveType>
	<computerName>Lollipop Server</computerName>
</assetEvent>
<gameEvent>
	<dtimeGame>20220111114100</dtimeGame>	<dtimeReal>20221120115625</dtimeReal>
	<creates>
		<computerName>Lollipop Server</computerName>
	</creates>
</gameEvent>
<componentEvent>
	<dtimeGame>20220111114100</dtimeGame>	<dtimeReal>20221120115625</dtimeReal>
	<name>Button Holer</name>
	<networkConnect>Lan1</networkConnect>
	<cost>0</cost><cash>6028</cash>
</componentEvent>
<gameEvent>
	<dtimeGame>20220111114100</dtimeGame>	<dtimeReal>20221120115625</dtimeReal>
	<creates>
		<computerName>Button Holer</computerName>
	</creates>
</gameEvent>
<componentEvent>
	<dtimeGame>20220111114100</dtimeGame>	<dtimeReal>20221120115625</dtimeReal>
	<name>Joe's Workstation</name>
	<networkConnect>Lan1</networkConnect>
	<cost>0</cost><cash>6028</cash>
</componentEvent>
<assetEvent>
	<dtimeGame>20220111114100</dtimeGame>	<dtimeReal>20221120115625</dtimeReal>
	<name>Joe's Stuff</name>
	<moveType>Add : SCENARIO_FILE</moveType>
	<computerName>Joe's Workstation</computerName>
</assetEvent>
<gameEvent>
	<dtimeGame>20220111114100</dtimeGame>	<dtimeReal>20221120115625</dtimeReal>
	<creates>
		<computerName>Joe's Workstation</computerName>
	</creates>
</gameEvent>
<componentEvent>
	<dtimeGame>20220111114100</dtimeGame>	<dtimeReal>20221120115625</dtimeReal>
	<name>Mary's Workstation</name>
	<networkConnect>Lan1</networkConnect>
	<cost>0</cost><cash>6028</cash>
</componentEvent>
<assetEvent>
	<dtimeGame>20220111114100</dtimeGame>	<dtimeReal>20221120115625</dtimeReal>
	<name>Mary's Stuff</name>
	<moveType>Add : SCENARIO_FILE</moveType>
	<computerName>Mary's Workstation</computerName>
</assetEvent>
<gameEvent>
	<dtimeGame>20220111114100</dtimeGame>	<dtimeReal>20221120115625</dtimeReal>
	<creates>
		<computerName>Mary's Workstation</computerName>
	</creates>
</gameEvent>
<componentEvent>
	<dtimeGame>20220111114100</dtimeGame>	<dtimeReal>20221120115625</dtimeReal>
	<name>Frank's Workstation</name>
	<networkConnect>Lan1</networkConnect>
	<cost>0</cost><cash>6028</cash>
</componentEvent>
<assetEvent>
	<dtimeGame>20220111114100</dtimeGame>	<dtimeReal>20221120115625</dtimeReal>
	<name>Frank's Stuff</name>
	<moveType>Add : SCENARIO_FILE</moveType>
	<computerName>Frank's Workstation</computerName>
</assetEvent>
<gameEvent>
	<dtimeGame>20220111114100</dtimeGame>	<dtimeReal>20221120115625</dtimeReal>
	<creates>
		<computerName>Frank's Workstation</computerName>
	</creates>
</gameEvent>
<componentEvent>
	<dtimeGame>20220111114100</dtimeGame>	<dtimeReal>20221120115625</dtimeReal>
	<name>Peggy's Workstation</name>
	<networkConnect>Lan1</networkConnect>
	<cost>0</cost><cash>6028</cash>
</componentEvent>
<assetEvent>
	<dtimeGame>20220111114100</dtimeGame>	<dtimeReal>20221120115625</dtimeReal>
	<name>Peggy's Stuff</name>
	<moveType>Add : SCENARIO_FILE</moveType>
	<computerName>Peggy's Workstation</computerName>
</assetEvent>
<gameEvent>
	<dtimeGame>20220111114100</dtimeGame>	<dtimeReal>20221120115625</dtimeReal>
	<creates>
		<computerName>Peggy's Workstation</computerName>
	</creates>
</gameEvent>
<componentEvent>
	<dtimeGame>20220111114100</dtimeGame>	<dtimeReal>20221120115625</dtimeReal>
	<name>Hotel Workstation</name>
	<networkConnect>Offsite LAN</networkConnect>
	<cost>0</cost><cash>6028</cash>
</componentEvent>
<gameEvent>
	<dtimeGame>20220111114100</dtimeGame>	<dtimeReal>20221120115625</dtimeReal>
	<creates>
		<computerName>Hotel Workstation</computerName>
	</creates>
</gameEvent>
<componentEvent>
	<dtimeGame>20220111114100</dtimeGame>	<dtimeReal>20221120115625</dtimeReal>
	<name>Visitor's Workstation</name>
	<networkConnect>Lan1</networkConnect>
	<cost>0</cost><cash>6028</cash>
</componentEvent>
<gameEvent>
	<dtimeGame>20220111114100</dtimeGame>	<dtimeReal>20221120115625</dtimeReal>
	<creates>
		<computerName>Visitor's Workstation</computerName>
	</creates>
</gameEvent>
<componentEvent>
	<dtimeGame>20220111114100</dtimeGame>	<dtimeReal>20221120115625</dtimeReal>
	<name>Customer's Workstation</name>
	<networkConnect>Customer LAN</networkConnect>
	<cost>0</cost><cash>6028</cash>
</componentEvent>
<componentEvent>
	<dtimeGame>20220111114100</dtimeGame>	<dtimeReal>20221120115625</dtimeReal>
	<name>Customer's Workstation</name>
	<accountAdd>
		<user>Customer</user>
	</accountAdd>
	<cost>0</cost><cash>6028</cash>
</componentEvent>
<gameEvent>
	<dtimeGame>20220111114100</dtimeGame>	<dtimeReal>20221120115625</dtimeReal>
	<creates>
		<computerName>Customer's Workstation</computerName>
	</creates>
</gameEvent>
<gameEvent>
	<dtimeGame>20220111114100</dtimeGame>	<dtimeReal>20221120115625</dtimeReal>
	<creates>
		<computerName>Smartcard Minter</computerName>
	</creates>
</gameEvent>
<gameEvent>
	<dtimeGame>20220111114100</dtimeGame>	<dtimeReal>20221120115625</dtimeReal>
	<creates>
		<computerName>Veriscream CA</computerName>
	</creates>
</gameEvent>
<gameEvent>
	<dtimeGame>20220111114100</dtimeGame>	<dtimeReal>20221120115625</dtimeReal>
	<creates>
		<computerName>CardReader_2</computerName>
	</creates>
</gameEvent>
<gameEvent>
	<dtimeGame>20220111114100</dtimeGame>	<dtimeReal>20221120115625</dtimeReal>
	<creates>
		<computerName>CardReader_3</computerName>
	</creates>
</gameEvent>
<componentEvent>
	<dtimeGame>20220111114100</dtimeGame>	<dtimeReal>20221120115625</dtimeReal>
	<name>customer router</name>
	<networkConnect>Internet</networkConnect>
	<cost>0</cost><cash>6028</cash>
</componentEvent>
<componentEvent>
	<dtimeGame>20220111114100</dtimeGame>	<dtimeReal>20221120115625</dtimeReal>
	<name>customer router</name>
	<networkConnect>Customer LAN</networkConnect>
	<cost>0</cost><cash>6028</cash>
</componentEvent>
<gameEvent>
	<dtimeGame>20220111114100</dtimeGame>	<dtimeReal>20221120115625</dtimeReal>
	<creates>
		<deviceName>customer router</deviceName>
	</creates>
</gameEvent>
<componentEvent>
	<dtimeGame>20220111114100</dtimeGame>	<dtimeReal>20221120115625</dtimeReal>
	<name>HotelRouter</name>
	<networkConnect>Internet</networkConnect>
	<cost>0</cost><cash>6028</cash>
</componentEvent>
<componentEvent>
	<dtimeGame>20220111114100</dtimeGame>	<dtimeReal>20221120115625</dtimeReal>
	<name>HotelRouter</name>
	<networkConnect>Offsite LAN</networkConnect>
	<cost>0</cost><cash>6028</cash>
</componentEvent>
<gameEvent>
	<dtimeGame>20220111114100</dtimeGame>	<dtimeReal>20221120115625</dtimeReal>
	<creates>
		<deviceName>HotelRouter</deviceName>
	</creates>
</gameEvent>
<componentEvent>
	<dtimeGame>20220111114100</dtimeGame>	<dtimeReal>20221120115625</dtimeReal>
	<name>router</name>
	<networkConnect>Internet</networkConnect>
	<cost>0</cost><cash>6028</cash>
</componentEvent>
<componentEvent>
	<dtimeGame>20220111114100</dtimeGame>	<dtimeReal>20221120115625</dtimeReal>
	<name>router</name>
	<networkConnect>Lan1</networkConnect>
	<cost>0</cost><cash>6028</cash>
</componentEvent>
<gameEvent>
	<dtimeGame>20220111114100</dtimeGame>	<dtimeReal>20221120115625</dtimeReal>
	<creates>
		<deviceName>router</deviceName>
	</creates>
</gameEvent>
<goalFailure>
	<dtimeGame>20220111114100</dtimeGame>	<dtimeReal>20221120115625</dtimeReal>
	<name>Modify Sugar Data</name>
	<userList>Blake</userList>
	<reason>The Modify Sugar Data goal failed for Blake because no workstation could access Sugar Spinner Data.</reason>
	<cost>0</cost><cash>6028</cash>
</goalFailure>
<gameEvent>
	<dtimeGame>20220111114100</dtimeGame>	<dtimeReal>20221120115625</dtimeReal>
	<start></start>
</gameEvent>
<uiEvent>
	<dtimeGame>20220111114100</dtimeGame>	<dtimeReal>20221120115629</dtimeReal>
	<tab>objective</tab>
</uiEvent>
<goalFailure>
	<dtimeGame>20220111114100</dtimeGame>	<dtimeReal>20221120115635</dtimeReal>
	<name>Modify Sugar Data</name>
	<userList>Blake</userList>
	<reason>The Modify Sugar Data goal failed for Blake because no workstation could access Sugar Spinner Data.</reason>
	<cost>0</cost><cash>6028</cash>
</goalFailure>
<uiEvent>
	<dtimeGame>20220111114100</dtimeGame>	<dtimeReal>20221120115635</dtimeReal>
	<tab>office</tab>
</uiEvent>
<uiEvent>
	<dtimeGame>20220111114100</dtimeGame>	<dtimeReal>20221120115642</dtimeReal>
	<tab>component</tab>
</uiEvent>
<uiEvent>
	<dtimeGame>20220111114100</dtimeGame>	<dtimeReal>20221120115725</dtimeReal>
	<tab>component</tab>
</uiEvent>
<goalFailure>
	<dtimeGame>20220111114100</dtimeGame>	<dtimeReal>20221120115727</dtimeReal>
	<name>Modify Sugar Data</name>
	<userList>Blake</userList>
	<reason>The Modify Sugar Data goal failed for Blake because no workstation could access Sugar Spinner Data.</reason>
	<cost>0</cost><cash>6028</cash>
</goalFailure>
<uiEvent>
	<dtimeGame>20220111114100</dtimeGame>	<dtimeReal>20221120115727</dtimeReal>
	<tab>office</tab>
</uiEvent>
<gameEvent>
	<dtimeGame>20220111114100</dtimeGame>	<dtimeReal>20221120115730</dtimeReal>
	<resume></resume>
</gameEvent>
<goalFailure>
	<dtimeGame>20220111114100</dtimeGame>	<dtimeReal>20221120115730</dtimeReal>
	<name>Modify Sugar Data</name>
	<userList>Blake</userList>
	<reason>The Modify Sugar Data goal failed for Blake because no workstation could access Sugar Spinner Data.</reason>
	<cost>0</cost><cash>6028</cash>
</goalFailure>
<summaryEvent>
	<dtimeGame>20220111114202</dtimeGame>	<dtimeReal>20221120115730</dtimeReal>
	<bonus>1</bonus><cash>6029</cash>
</summaryEvent>
<trigger>
	<dtimeGame>20220111114202</dtimeGame>	<dtimeReal>20221120115730</dtimeReal>
	<name>GoToBlake</name>
	<triggerType>SPEAK_TRIGGER</triggerType>
	<timesGoneOff>29</timesGoneOff>
	<conditions>ConditionList: BlakeFailsGoal(true) :end</conditions>
</trigger>
<trigger>
	<dtimeGame>20220111114202</dtimeGame>	<dtimeReal>20221120115730</dtimeReal>
	<name>BlakeProfileNoDevice</name>
	<triggerType>TICKER_TRIGGER</triggerType>
	<timesGoneOff>2</timesGoneOff>
	<conditions>ConditionList: PhaseTwoDone(true) and BlakeFailsGoal(true) and VisitorHasBlakeProfile(true) and_not VisitorHasCardReader(false) :end</conditions>
</trigger>
<trigger>
	<dtimeGame>20220111114700</dtimeGame>	<dtimeReal>20221120115731</dtimeReal>
	<name>insider</name>
	<triggerType>ATTACK_TRIGGER</triggerType>
	<timesGoneOff>46</timesGoneOff>
	<conditions>ConditionList: not AnyAssetAttacked(false) :end</conditions>
</trigger>
<trigger>
	<dtimeGame>20220111114700</dtimeGame>	<dtimeReal>20221120115731</dtimeReal>
	<name>InterentTrojan</name>
	<triggerType>ATTACK_TRIGGER</triggerType>
	<timesGoneOff>56</timesGoneOff>
	<conditions>ConditionList: not AnyAssetAttacked(false) :end</conditions>
</trigger>
<trigger>
	<dtimeGame>20220111114700</dtimeGame>	<dtimeReal>20221120115731</dtimeReal>
	<name>WireTap</name>
	<triggerType>ATTACK_TRIGGER</triggerType>
	<timesGoneOff>45</timesGoneOff>
	<conditions>ConditionList: not AnyAssetAttacked(false) :end</conditions>
</trigger>
<trigger>
	<dtimeGame>20220111122704</dtimeGame>	<dtimeReal>20221120115740</dtimeReal>
	<name>BlakeProfileNoDevice</name>
	<triggerType>TICKER_TRIGGER</triggerType>
	<timesGoneOff>3</timesGoneOff>
	<conditions>ConditionList: PhaseTwoDone(true) and BlakeFailsGoal(true) and VisitorHasBlakeProfile(true) and_not VisitorHasCardReader(false) :end</conditions>
</trigger>
<uiEvent>
	<dtimeGame>20220111124034</dtimeGame>	<dtimeReal>20221120115902</dtimeReal>
	<tab>objective</tab>
</uiEvent>
<goalFailure>
	<dtimeGame>20220111124034</dtimeGame>	<dtimeReal>20221120115917</dtimeReal>
	<name>Modify Sugar Data</name>
	<userList>Blake</userList>
	<reason>The Modify Sugar Data goal failed for Blake because no workstation could access Sugar Spinner Data.</reason>
	<cost>0</cost><cash>6100</cash>
</goalFailure>
<goalFailure>
	<dtimeGame>20220111124034</dtimeGame>	<dtimeReal>20221120115917</dtimeReal>
	<name>Modify Sugar Data</name>
	<userList>Blake</userList>
	<reason>The Modify Sugar Data goal failed for me because no workstation could access Sugar Spinner Data.</reason>
	<cost>0</cost><cash>6100</cash>
</goalFailure>
<uiEvent>
	<dtimeGame>20220111124034</dtimeGame>	<dtimeReal>20221120115917</dtimeReal>
	<tab>office</tab>
</uiEvent>
<trigger>
	<dtimeGame>20220111124703</dtimeGame>	<dtimeReal>20221120115918</dtimeReal>
	<name>InterentTrojan</name>
	<triggerType>ATTACK_TRIGGER</triggerType>
	<timesGoneOff>57</timesGoneOff>
	<conditions>ConditionList: not AnyAssetAttacked(false) :end</conditions>
</trigger>
<gameEvent>
	<dtimeGame>20220111125658</dtimeGame>	<dtimeReal>20221120115920</dtimeReal>
	<pause></pause>
</gameEvent>
<goalFailure>
	<dtimeGame>20220111125658</dtimeGame>	<dtimeReal>20221120115920</dtimeReal>
	<name>Modify Sugar Data</name>
	<userList>Blake</userList>
	<reason>The Modify Sugar Data goal failed for Blake because no workstation could access Sugar Spinner Data.</reason>
	<cost>0</cost><cash>6120</cash>
</goalFailure>
<uiEvent>
	<dtimeGame>20220111125658</dtimeGame>	<dtimeReal>20221120115923</dtimeReal>
	<tab>objective</tab>
</uiEvent>
<goalFailure>
	<dtimeGame>20220111125658</dtimeGame>	<dtimeReal>20221120115925</dtimeReal>
	<name>Modify Sugar Data</name>
	<userList>Blake</userList>
	<reason>The Modify Sugar Data goal failed for Blake because no workstation could access Sugar Spinner Data.</reason>
	<cost>0</cost><cash>6120</cash>
</goalFailure>
<uiEvent>
	<dtimeGame>20220111125658</dtimeGame>	<dtimeReal>20221120115925</dtimeReal>
	<tab>office</tab>
</uiEvent>
<uiEvent>
	<dtimeGame>20220111125658</dtimeGame>	<dtimeReal>20221120115927</dtimeReal>
	<tab>component</tab>
</uiEvent>
<uiEvent>
	<dtimeGame>20220111125658</dtimeGame>	<dtimeReal>20221120115935</dtimeReal>
	<tab>network</tab>
</uiEvent>
<goalFailure>
	<dtimeGame>20220111125658</dtimeGame>	<dtimeReal>20221120115937</dtimeReal>
	<name>Modify Sugar Data</name>
	<userList>Blake</userList>
	<reason>The Modify Sugar Data goal failed for Blake because no workstation could access Sugar Spinner Data.</reason>
	<cost>0</cost><cash>6120</cash>
</goalFailure>
<uiEvent>
	<dtimeGame>20220111125658</dtimeGame>	<dtimeReal>20221120115937</dtimeReal>
	<tab>office</tab>
</uiEvent>
<uiEvent>
	<dtimeGame>20220111125658</dtimeGame>	<dtimeReal>20221120120137</dtimeReal>
	<tab>component</tab>
</uiEvent>
<uiEvent>
	<dtimeGame>20220111125658</dtimeGame>	<dtimeReal>20221120120417</dtimeReal>
	<tab>component</tab>
</uiEvent>
<uiEvent>
	<dtimeGame>20220111125658</dtimeGame>	<dtimeReal>20221120120424</dtimeReal>
	<tab>component</tab>
</uiEvent>
<goalFailure>
	<dtimeGame>20220111125658</dtimeGame>	<dtimeReal>20221120120458</dtimeReal>
	<name>Modify Sugar Data</name>
	<userList>Blake</userList>
	<reason>The Modify Sugar Data goal failed for Blake because no workstation could access Sugar Spinner Data.</reason>
	<cost>0</cost><cash>6120</cash>
</goalFailure>
<uiEvent>
	<dtimeGame>20220111125658</dtimeGame>	<dtimeReal>20221120120458</dtimeReal>
	<tab>office</tab>
</uiEvent>
<gameEvent>
	<dtimeGame>20220111125658</dtimeGame>	<dtimeReal>20221120120501</dtimeReal>
	<resume></resume>
</gameEvent>
<goalFailure>
	<dtimeGame>20220111125658</dtimeGame>	<dtimeReal>20221120120501</dtimeReal>
	<name>Modify Sugar Data</name>
	<userList>Blake</userList>
	<reason>The Modify Sugar Data goal failed for Blake because no workstation could access Sugar Spinner Data.</reason>
	<cost>0</cost><cash>6120</cash>
</goalFailure>
<trigger>
	<dtimeGame>20220111125703</dtimeGame>	<dtimeReal>20221120120501</dtimeReal>
	<name>GoToBlake</name>
	<triggerType>SPEAK_TRIGGER</triggerType>
	<timesGoneOff>30</timesGoneOff>
	<conditions>ConditionList: BlakeFailsGoal(true) :end</conditions>
</trigger>
<trigger>
	<dtimeGame>20220111130200</dtimeGame>	<dtimeReal>20221120120502</dtimeReal>
	<name>insider</name>
	<triggerType>ATTACK_TRIGGER</triggerType>
	<timesGoneOff>47</timesGoneOff>
	<conditions>ConditionList: not AnyAssetAttacked(false) :end</conditions>
</trigger>
<trigger>
	<dtimeGame>20220111130200</dtimeGame>	<dtimeReal>20221120120502</dtimeReal>
	<name>WireTap</name>
	<triggerType>ATTACK_TRIGGER</triggerType>
	<timesGoneOff>46</timesGoneOff>
	<conditions>ConditionList: not AnyAssetAttacked(false) :end</conditions>
</trigger>
<trigger>
	<dtimeGame>20220111131200</dtimeGame>	<dtimeReal>20221120120504</dtimeReal>
	<name>BlakeProfileNoDevice</name>
	<triggerType>TICKER_TRIGGER</triggerType>
	<timesGoneOff>4</timesGoneOff>
	<conditions>ConditionList: PhaseTwoDone(true) and BlakeFailsGoal(true) and VisitorHasBlakeProfile(true) and_not VisitorHasCardReader(false) :end</conditions>
</trigger>
<goalFailure>
	<dtimeGame>20220111131229</dtimeGame>	<dtimeReal>20221120120513</dtimeReal>
	<name>Modify Sugar Data</name>
	<userList>Blake</userList>
	<reason></reason>
	<cost>0</cost><cash>6139</cash>
</goalFailure>
<goalFailure>
	<dtimeGame>20220111131229</dtimeGame>	<dtimeReal>20221120120530</dtimeReal>
	<name>Modify Sugar Data</name>
	<userList>Blake</userList>
	<reason></reason>
	<cost>0</cost><cash>6139</cash>
</goalFailure>
<goalFailure>
	<dtimeGame>20220111131229</dtimeGame>	<dtimeReal>20221120120546</dtimeReal>
	<name>Modify Sugar Data</name>
	<userList>Blake</userList>
	<reason></reason>
	<cost>0</cost><cash>6139</cash>
</goalFailure>
<goalFailure>
	<dtimeGame>20220111141159</dtimeGame>	<dtimeReal>20221120120602</dtimeReal>
	<name>Modify Sugar Data</name>
	<userList>Blake</userList>
	<reason></reason>
	<cost>14</cost><cash>6211</cash>
</goalFailure>
<goalFailure>
	<dtimeGame>20220111152650</dtimeGame>	<dtimeReal>20221120120618</dtimeReal>
	<name>Modify Sugar Data</name>
	<userList>Blake</userList>
	<reason></reason>
	<cost>17</cost><cash>6303</cash>
</goalFailure>
<goalFailure>
	<dtimeGame>20220111164551</dtimeGame>	<dtimeReal>20221120120635</dtimeReal>
	<name>Modify Sugar Data</name>
	<userList>Blake</userList>
	<reason></reason>
	<cost>18</cost><cash>6399</cash>
</goalFailure>
<goalFailure>
	<dtimeGame>20220111180452</dtimeGame>	<dtimeReal>20221120120651</dtimeReal>
	<name>Modify Sugar Data</name>
	<userList>Blake</userList>
	<reason></reason>
	<cost>18</cost><cash>6495</cash>
</goalFailure>
<goalFailure>
	<dtimeGame>20220111192353</dtimeGame>	<dtimeReal>20221120120707</dtimeReal>
	<name>Modify Sugar Data</name>
	<userList>Blake</userList>
	<reason></reason>
	<cost>18</cost><cash>6592</cash>
</goalFailure>
<goalFailure>
	<dtimeGame>20220111204253</dtimeGame>	<dtimeReal>20221120120724</dtimeReal>
	<name>Modify Sugar Data</name>
	<userList>Blake</userList>
	<reason></reason>
	<cost>18</cost><cash>6688</cash>
</goalFailure>
<gameEvent>
	<dtimeGame>20220111210605</dtimeGame>	<dtimeReal>20221120120729</dtimeReal>
	<pause></pause>
</gameEvent>
<goalFailure>
	<dtimeGame>20220111210605</dtimeGame>	<dtimeReal>20221120120729</dtimeReal>
	<name>Modify Sugar Data</name>
	<userList>Blake</userList>
	<reason>The Modify Sugar Data goal failed for Blake because no workstation could access Sugar Spinner Data.</reason>
	<cost>0</cost><cash>6717</cash>
</goalFailure>
<uiEvent>
	<dtimeGame>20220111210605</dtimeGame>	<dtimeReal>20221120120749</dtimeReal>
	<tab>network</tab>
</uiEvent>
<goalFailure>
	<dtimeGame>20220111210605</dtimeGame>	<dtimeReal>20221120120750</dtimeReal>
	<name>Modify Sugar Data</name>
	<userList>Blake</userList>
	<reason>The Modify Sugar Data goal failed for Blake because no workstation could access Sugar Spinner Data.</reason>
	<cost>0</cost><cash>6717</cash>
</goalFailure>
<uiEvent>
	<dtimeGame>20220111210605</dtimeGame>	<dtimeReal>20221120120750</dtimeReal>
	<tab>office</tab>
</uiEvent>
<gameEvent>
	<dtimeGame>20220111210605</dtimeGame>	<dtimeReal>20221120120752</dtimeReal>
	<resume></resume>
</gameEvent>
<goalFailure>
	<dtimeGame>20220111210605</dtimeGame>	<dtimeReal>20221120120752</dtimeReal>
	<name>Modify Sugar Data</name>
	<userList>Blake</userList>
	<reason>The Modify Sugar Data goal failed for Blake because no workstation could access Sugar Spinner Data.</reason>
	<cost>0</cost><cash>6717</cash>
</goalFailure>
<trigger>
	<dtimeGame>20220111210702</dtimeGame>	<dtimeReal>20221120120752</dtimeReal>
	<name>insider</name>
	<triggerType>ATTACK_TRIGGER</triggerType>
	<timesGoneOff>48</timesGoneOff>
	<conditions>ConditionList: not AnyAssetAttacked(false) :end</conditions>
</trigger>
<trigger>
	<dtimeGame>20220111210702</dtimeGame>	<dtimeReal>20221120120752</dtimeReal>
	<name>InterentTrojan</name>
	<triggerType>ATTACK_TRIGGER</triggerType>
	<timesGoneOff>58</timesGoneOff>
	<conditions>ConditionList: not AnyAssetAttacked(false) :end</conditions>
</trigger>
<trigger>
	<dtimeGame>20220111210702</dtimeGame>	<dtimeReal>20221120120752</dtimeReal>
	<name>WireTap</name>
	<triggerType>ATTACK_TRIGGER</triggerType>
	<timesGoneOff>47</timesGoneOff>
	<conditions>ConditionList: not AnyAssetAttacked(false) :end</conditions>
</trigger>
<trigger>
	<dtimeGame>20220111210702</dtimeGame>	<dtimeReal>20221120120752</dtimeReal>
	<name>GoToBlake</name>
	<triggerType>SPEAK_TRIGGER</triggerType>
	<timesGoneOff>31</timesGoneOff>
	<conditions>ConditionList: BlakeFailsGoal(true) :end</conditions>
</trigger>
<trigger>
	<dtimeGame>20220111210702</dtimeGame>	<dtimeReal>20221120120752</dtimeReal>
	<name>BlakeProfileNoDevice</name>
	<triggerType>TICKER_TRIGGER</triggerType>
	<timesGoneOff>5</timesGoneOff>
	<conditions>ConditionList: PhaseTwoDone(true) and BlakeFailsGoal(true) and VisitorHasBlakeProfile(true) and_not VisitorHasCardReader(false) :end</conditions>
</trigger>
<goalFailure>
	<dtimeGame>20220111212711</dtimeGame>	<dtimeReal>20221120120829</dtimeReal>
	<name>Modify Sugar Data</name>
	<userList>Blake</userList>
	<reason></reason>
	<cost>1</cost><cash>6743</cash>
</goalFailure>
<trigger>
	<dtimeGame>20220111215101</dtimeGame>	<dtimeReal>20221120120834</dtimeReal>
	<name>BlakeProfileNoDevice</name>
	<triggerType>TICKER_TRIGGER</triggerType>
	<timesGoneOff>6</timesGoneOff>
	<conditions>ConditionList: PhaseTwoDone(true) and BlakeFailsGoal(true) and VisitorHasBlakeProfile(true) and_not VisitorHasCardReader(false) :end</conditions>
</trigger>
<trigger>
	<dtimeGame>20220111220603</dtimeGame>	<dtimeReal>20221120120837</dtimeReal>
	<name>InterentTrojan</name>
	<triggerType>ATTACK_TRIGGER</triggerType>
	<timesGoneOff>59</timesGoneOff>
	<conditions>ConditionList: not AnyAssetAttacked(false) :end</conditions>
</trigger>
<trigger>
	<dtimeGame>20220111222101</dtimeGame>	<dtimeReal>20221120120840</dtimeReal>
	<name>insider</name>
	<triggerType>ATTACK_TRIGGER</triggerType>
	<timesGoneOff>49</timesGoneOff>
	<conditions>ConditionList: not AnyAssetAttacked(false) :end</conditions>
</trigger>
<trigger>
	<dtimeGame>20220111222101</dtimeGame>	<dtimeReal>20221120120840</dtimeReal>
	<name>WireTap</name>
	<triggerType>ATTACK_TRIGGER</triggerType>
	<timesGoneOff>48</timesGoneOff>
	<conditions>ConditionList: not AnyAssetAttacked(false) :end</conditions>
</trigger>
<goalFailure>
	<dtimeGame>20220111224612</dtimeGame>	<dtimeReal>20221120120845</dtimeReal>
	<name>Modify Sugar Data</name>
	<userList>Blake</userList>
	<reason>The Modify Sugar Data goal failed for Blake because no workstation could access Sugar Spinner Data.</reason>
	<cost>0</cost><cash>6839</cash>
</goalFailure>
<goalFailure>
	<dtimeGame>20220111224612</dtimeGame>	<dtimeReal>20221120120845</dtimeReal>
	<name>Modify Sugar Data</name>
	<userList>Blake</userList>
	<reason>The Modify Sugar Data goal failed for me because no workstation could access Sugar Spinner Data.</reason>
	<cost>18</cost><cash>6839</cash>
</goalFailure>
<trigger>
	<dtimeGame>20220111230602</dtimeGame>	<dtimeReal>20221120120850</dtimeReal>
	<name>InterentTrojan</name>
	<triggerType>ATTACK_TRIGGER</triggerType>
	<timesGoneOff>60</timesGoneOff>
	<conditions>ConditionList: not AnyAssetAttacked(false) :end</conditions>
</trigger>
<trigger>
	<dtimeGame>20220111233601</dtimeGame>	<dtimeReal>20221120120856</dtimeReal>
	<name>insider</name>
	<triggerType>ATTACK_TRIGGER</triggerType>
	<timesGoneOff>50</timesGoneOff>
	<conditions>ConditionList: not AnyAssetAttacked(false) :end</conditions>
</trigger>
<trigger>
	<dtimeGame>20220111233601</dtimeGame>	<dtimeReal>20221120120856</dtimeReal>
	<name>WireTap</name>
	<triggerType>ATTACK_TRIGGER</triggerType>
	<timesGoneOff>49</timesGoneOff>
	<conditions>ConditionList: not AnyAssetAttacked(false) :end</conditions>
</trigger>
<goalFailure>
	<dtimeGame>20220112000513</dtimeGame>	<dtimeReal>20221120120902</dtimeReal>
	<name>Modify Sugar Data</name>
	<userList>Blake</userList>
	<reason></reason>
	<cost>18</cost><cash>6936</cash>
</goalFailure>
<trigger>
	<dtimeGame>20220112000601</dtimeGame>	<dtimeReal>20221120120902</dtimeReal>
	<name>InterentTrojan</name>
	<triggerType>ATTACK_TRIGGER</triggerType>
	<timesGoneOff>61</timesGoneOff>
	<conditions>ConditionList: not AnyAssetAttacked(false) :end</conditions>
</trigger>
<trigger>
	<dtimeGame>20220112005102</dtimeGame>	<dtimeReal>20221120120911</dtimeReal>
	<name>insider</name>
	<triggerType>ATTACK_TRIGGER</triggerType>
	<timesGoneOff>51</timesGoneOff>
	<conditions>ConditionList: not AnyAssetAttacked(false) :end</conditions>
</trigger>
<trigger>
	<dtimeGame>20220112005102</dtimeGame>	<dtimeReal>20221120120911</dtimeReal>
	<name>WireTap</name>
	<triggerType>ATTACK_TRIGGER</triggerType>
	<timesGoneOff>50</timesGoneOff>
	<conditions>ConditionList: not AnyAssetAttacked(false) :end</conditions>
</trigger>
<trigger>
	<dtimeGame>20220112010600</dtimeGame>	<dtimeReal>20221120120915</dtimeReal>
	<name>InterentTrojan</name>
	<triggerType>ATTACK_TRIGGER</triggerType>
	<timesGoneOff>62</timesGoneOff>
	<conditions>ConditionList: not AnyAssetAttacked(false) :end</conditions>
</trigger>
<goalFailure>
	<dtimeGame>20220112012414</dtimeGame>	<dtimeReal>20221120120918</dtimeReal>
	<name>Modify Sugar Data</name>
	<userList>Blake</userList>
	<reason></reason>
	<cost>18</cost><cash>7032</cash>
</goalFailure>
<trigger>
	<dtimeGame>20220112020603</dtimeGame>	<dtimeReal>20221120120927</dtimeReal>
	<name>insider</name>
	<triggerType>ATTACK_TRIGGER</triggerType>
	<timesGoneOff>52</timesGoneOff>
	<conditions>ConditionList: not AnyAssetAttacked(false) :end</conditions>
</trigger>
<trigger>
	<dtimeGame>20220112020603</dtimeGame>	<dtimeReal>20221120120927</dtimeReal>
	<name>InterentTrojan</name>
	<triggerType>ATTACK_TRIGGER</triggerType>
	<timesGoneOff>63</timesGoneOff>
	<conditions>ConditionList: not AnyAssetAttacked(false) :end</conditions>
</trigger>
<trigger>
	<dtimeGame>20220112020603</dtimeGame>	<dtimeReal>20221120120927</dtimeReal>
	<name>WireTap</name>
	<triggerType>ATTACK_TRIGGER</triggerType>
	<timesGoneOff>51</timesGoneOff>
	<conditions>ConditionList: not AnyAssetAttacked(false) :end</conditions>
</trigger>
<goalFailure>
	<dtimeGame>20220112023905</dtimeGame>	<dtimeReal>20221120120934</dtimeReal>
	<name>Modify Sugar Data</name>
	<userList>Blake</userList>
	<reason></reason>
	<cost>17</cost><cash>7124</cash>
</goalFailure>
<trigger>
	<dtimeGame>20220112030602</dtimeGame>	<dtimeReal>20221120120940</dtimeReal>
	<name>InterentTrojan</name>
	<triggerType>ATTACK_TRIGGER</triggerType>
	<timesGoneOff>64</timesGoneOff>
	<conditions>ConditionList: not AnyAssetAttacked(false) :end</conditions>
</trigger>
<trigger>
	<dtimeGame>20220112032104</dtimeGame>	<dtimeReal>20221120120943</dtimeReal>
	<name>insider</name>
	<triggerType>ATTACK_TRIGGER</triggerType>
	<timesGoneOff>53</timesGoneOff>
	<conditions>ConditionList: not AnyAssetAttacked(false) :end</conditions>
</trigger>
<trigger>
	<dtimeGame>20220112032104</dtimeGame>	<dtimeReal>20221120120943</dtimeReal>
	<name>WireTap</name>
	<triggerType>ATTACK_TRIGGER</triggerType>
	<timesGoneOff>52</timesGoneOff>
	<conditions>ConditionList: not AnyAssetAttacked(false) :end</conditions>
</trigger>
<goalFailure>
	<dtimeGame>20220112035806</dtimeGame>	<dtimeReal>20221120120950</dtimeReal>
	<name>Modify Sugar Data</name>
	<userList>Blake</userList>
	<reason></reason>
	<cost>18</cost><cash>7220</cash>
</goalFailure>
<trigger>
	<dtimeGame>20220112040601</dtimeGame>	<dtimeReal>20221120120952</dtimeReal>
	<name>InterentTrojan</name>
	<triggerType>ATTACK_TRIGGER</triggerType>
	<timesGoneOff>65</timesGoneOff>
	<conditions>ConditionList: not AnyAssetAttacked(false) :end</conditions>
</trigger>
<trigger>
	<dtimeGame>20220112043600</dtimeGame>	<dtimeReal>20221120120958</dtimeReal>
	<name>insider</name>
	<triggerType>ATTACK_TRIGGER</triggerType>
	<timesGoneOff>54</timesGoneOff>
	<conditions>ConditionList: not AnyAssetAttacked(false) :end</conditions>
</trigger>
<trigger>
	<dtimeGame>20220112043600</dtimeGame>	<dtimeReal>20221120120958</dtimeReal>
	<name>WireTap</name>
	<triggerType>ATTACK_TRIGGER</triggerType>
	<timesGoneOff>53</timesGoneOff>
	<conditions>ConditionList: not AnyAssetAttacked(false) :end</conditions>
</trigger>
<trigger>
	<dtimeGame>20220112050600</dtimeGame>	<dtimeReal>20221120121005</dtimeReal>
	<name>InterentTrojan</name>
	<triggerType>ATTACK_TRIGGER</triggerType>
	<timesGoneOff>66</timesGoneOff>
	<conditions>ConditionList: not AnyAssetAttacked(false) :end</conditions>
</trigger>
<goalFailure>
	<dtimeGame>20220112051706</dtimeGame>	<dtimeReal>20221120121007</dtimeReal>
	<name>Modify Sugar Data</name>
	<userList>Blake</userList>
	<reason></reason>
	<cost>18</cost><cash>7317</cash>
</goalFailure>
<gameEvent>
	<dtimeGame>20220112051852</dtimeGame>	<dtimeReal>20221120121007</dtimeReal>
	<pause></pause>
</gameEvent>
<goalFailure>
	<dtimeGame>20220112051852</dtimeGame>	<dtimeReal>20221120121007</dtimeReal>
	<name>Modify Sugar Data</name>
	<userList>Blake</userList>
	<reason>The Modify Sugar Data goal failed for Blake because no workstation could access Sugar Spinner Data.</reason>
	<cost>0</cost><cash>7318</cash>
</goalFailure>
</CyberCIEGEeventLog>