<?xml version="1.0"?>
<!DOCTYPE CyberCIEGEeventLog SYSTEM "..\..\eventlog.dtd">
<CyberCIEGEeventLog>
<gameEvent>
	<dtimeGame>20220101060200</dtimeGame>	<dtimeReal>20221119203734</dtimeReal>
	<loadFile>..\Identity Management\1_Authentication.sdf</loadFile>
</gameEvent>
<gameEvent>
	<dtimeGame>20220101060200</dtimeGame>	<dtimeReal>20221119203734</dtimeReal>
	<loadFile>Authentication.CSM 9/30/16 3 46 PM</loadFile>
</gameEvent>
<gameEvent>
	<dtimeGame>20220106080000</dtimeGame>	<dtimeReal>20221119203734</dtimeReal>
	<creates>
		<user>Blake</user>
	</creates>
</gameEvent>
<gameEvent>
	<dtimeGame>20220106080000</dtimeGame>	<dtimeReal>20221119203734</dtimeReal>
	<creates>
		<user>Customer</user>
	</creates>
</gameEvent>
<gameEvent>
	<dtimeGame>20220106080000</dtimeGame>	<dtimeReal>20221119203734</dtimeReal>
	<creates>
		<user>Joe</user>
	</creates>
</gameEvent>
<gameEvent>
	<dtimeGame>20220106080000</dtimeGame>	<dtimeReal>20221119203734</dtimeReal>
	<creates>
		<user>Mary</user>
	</creates>
</gameEvent>
<gameEvent>
	<dtimeGame>20220106080000</dtimeGame>	<dtimeReal>20221119203734</dtimeReal>
	<creates>
		<user>Frank</user>
	</creates>
</gameEvent>
<gameEvent>
	<dtimeGame>20220106080000</dtimeGame>	<dtimeReal>20221119203734</dtimeReal>
	<creates>
		<user>Peggy</user>
	</creates>
</gameEvent>
<gameEvent>
	<dtimeGame>20220106080000</dtimeGame>	<dtimeReal>20221119203734</dtimeReal>
	<creates>
		<user>Fiona</user>
	</creates>
</gameEvent>
<gameEvent>
	<dtimeGame>20220106080000</dtimeGame>	<dtimeReal>20221119203734</dtimeReal>
	<creates>
		<user>ITguy1</user>
	</creates>
</gameEvent>
<componentEvent>
	<dtimeGame>20220106080000</dtimeGame>	<dtimeReal>20221119203734</dtimeReal>
	<name>customer router</name>
	<networkConnect>Internet</networkConnect>
	<cost>0</cost><cash>20000</cash>
</componentEvent>
<componentEvent>
	<dtimeGame>20220106080000</dtimeGame>	<dtimeReal>20221119203734</dtimeReal>
	<name>customer router</name>
	<networkConnect>Customer LAN</networkConnect>
	<cost>0</cost><cash>20000</cash>
</componentEvent>
<gameEvent>
	<dtimeGame>20220106080000</dtimeGame>	<dtimeReal>20221119203734</dtimeReal>
	<creates>
		<deviceName>customer router</deviceName>
	</creates>
</gameEvent>
<componentEvent>
	<dtimeGame>20220106080000</dtimeGame>	<dtimeReal>20221119203734</dtimeReal>
	<name>HotelRouter</name>
	<networkConnect>Offsite LAN</networkConnect>
	<cost>0</cost><cash>20000</cash>
</componentEvent>
<componentEvent>
	<dtimeGame>20220106080000</dtimeGame>	<dtimeReal>20221119203734</dtimeReal>
	<name>HotelRouter</name>
	<networkConnect>Internet</networkConnect>
	<cost>0</cost><cash>20000</cash>
</componentEvent>
<gameEvent>
	<dtimeGame>20220106080000</dtimeGame>	<dtimeReal>20221119203734</dtimeReal>
	<creates>
		<deviceName>HotelRouter</deviceName>
	</creates>
</gameEvent>
<componentEvent>
	<dtimeGame>20220106080000</dtimeGame>	<dtimeReal>20221119203734</dtimeReal>
	<name>router</name>
	<networkConnect>Lan1</networkConnect>
	<cost>0</cost><cash>20000</cash>
</componentEvent>
<componentEvent>
	<dtimeGame>20220106080000</dtimeGame>	<dtimeReal>20221119203734</dtimeReal>
	<name>router</name>
	<networkConnect>Internet</networkConnect>
	<cost>0</cost><cash>20000</cash>
</componentEvent>
<gameEvent>
	<dtimeGame>20220106080000</dtimeGame>	<dtimeReal>20221119203734</dtimeReal>
	<creates>
		<deviceName>router</deviceName>
	</creates>
</gameEvent>
<componentEvent>
	<dtimeGame>20220106080000</dtimeGame>	<dtimeReal>20221119203734</dtimeReal>
	<name>Lollipop Server</name>
	<networkConnect>Lan1</networkConnect>
	<cost>0</cost><cash>20000</cash>
</componentEvent>
<assetEvent>
	<dtimeGame>20220106080000</dtimeGame>	<dtimeReal>20221119203734</dtimeReal>
	<name>Sugar Spinner Data</name>
	<moveType>Add : SCENARIO_FILE</moveType>
	<computerName>Lollipop Server</computerName>
</assetEvent>
<assetEvent>
	<dtimeGame>20220106080000</dtimeGame>	<dtimeReal>20221119203734</dtimeReal>
	<name>M and F Web Site</name>
	<moveType>Add : SCENARIO_FILE</moveType>
	<computerName>Lollipop Server</computerName>
</assetEvent>
<gameEvent>
	<dtimeGame>20220106080000</dtimeGame>	<dtimeReal>20221119203734</dtimeReal>
	<creates>
		<computerName>Lollipop Server</computerName>
	</creates>
</gameEvent>
<componentEvent>
	<dtimeGame>20220106080000</dtimeGame>	<dtimeReal>20221119203734</dtimeReal>
	<name>Button Holer</name>
	<networkConnect>Lan1</networkConnect>
	<cost>0</cost><cash>20000</cash>
</componentEvent>
<gameEvent>
	<dtimeGame>20220106080000</dtimeGame>	<dtimeReal>20221119203734</dtimeReal>
	<creates>
		<computerName>Button Holer</computerName>
	</creates>
</gameEvent>
<componentEvent>
	<dtimeGame>20220106080000</dtimeGame>	<dtimeReal>20221119203734</dtimeReal>
	<name>Joe's Workstation</name>
	<networkConnect>Lan1</networkConnect>
	<cost>0</cost><cash>20000</cash>
</componentEvent>
<gameEvent>
	<dtimeGame>20220106080000</dtimeGame>	<dtimeReal>20221119203734</dtimeReal>
	<creates>
		<computerName>Joe's Workstation</computerName>
	</creates>
</gameEvent>
<componentEvent>
	<dtimeGame>20220106080000</dtimeGame>	<dtimeReal>20221119203734</dtimeReal>
	<name>Mary's Workstation</name>
	<networkConnect>Lan1</networkConnect>
	<cost>0</cost><cash>20000</cash>
</componentEvent>
<gameEvent>
	<dtimeGame>20220106080000</dtimeGame>	<dtimeReal>20221119203734</dtimeReal>
	<creates>
		<computerName>Mary's Workstation</computerName>
	</creates>
</gameEvent>
<componentEvent>
	<dtimeGame>20220106080000</dtimeGame>	<dtimeReal>20221119203734</dtimeReal>
	<name>Frank's Workstation</name>
	<networkConnect>Lan1</networkConnect>
	<cost>0</cost><cash>20000</cash>
</componentEvent>
<gameEvent>
	<dtimeGame>20220106080000</dtimeGame>	<dtimeReal>20221119203734</dtimeReal>
	<creates>
		<computerName>Frank's Workstation</computerName>
	</creates>
</gameEvent>
<componentEvent>
	<dtimeGame>20220106080000</dtimeGame>	<dtimeReal>20221119203734</dtimeReal>
	<name>Peggy's Workstation</name>
	<networkConnect>Lan1</networkConnect>
	<cost>0</cost><cash>20000</cash>
</componentEvent>
<gameEvent>
	<dtimeGame>20220106080000</dtimeGame>	<dtimeReal>20221119203734</dtimeReal>
	<creates>
		<computerName>Peggy's Workstation</computerName>
	</creates>
</gameEvent>
<componentEvent>
	<dtimeGame>20220106080000</dtimeGame>	<dtimeReal>20221119203734</dtimeReal>
	<name>Hotel Workstation</name>
	<networkConnect>Offsite LAN</networkConnect>
	<cost>0</cost><cash>20000</cash>
</componentEvent>
<gameEvent>
	<dtimeGame>20220106080000</dtimeGame>	<dtimeReal>20221119203734</dtimeReal>
	<creates>
		<computerName>Hotel Workstation</computerName>
	</creates>
</gameEvent>
<componentEvent>
	<dtimeGame>20220106080000</dtimeGame>	<dtimeReal>20221119203734</dtimeReal>
	<name>Visitor's Workstation</name>
	<networkConnect>Lan1</networkConnect>
	<cost>0</cost><cash>20000</cash>
</componentEvent>
<gameEvent>
	<dtimeGame>20220106080000</dtimeGame>	<dtimeReal>20221119203734</dtimeReal>
	<creates>
		<computerName>Visitor's Workstation</computerName>
	</creates>
</gameEvent>
<componentEvent>
	<dtimeGame>20220106080000</dtimeGame>	<dtimeReal>20221119203734</dtimeReal>
	<name>Customer's Workstation</name>
	<networkConnect>Customer LAN</networkConnect>
	<cost>0</cost><cash>20000</cash>
</componentEvent>
<componentEvent>
	<dtimeGame>20220106080000</dtimeGame>	<dtimeReal>20221119203734</dtimeReal>
	<name>Customer's Workstation</name>
	<accountAdd>
		<user>Customer</user>
	</accountAdd>
	<cost>0</cost><cash>20000</cash>
</componentEvent>
<gameEvent>
	<dtimeGame>20220106080000</dtimeGame>	<dtimeReal>20221119203734</dtimeReal>
	<creates>
		<computerName>Customer's Workstation</computerName>
	</creates>
</gameEvent>
<gameEvent>
	<dtimeGame>20220106080000</dtimeGame>	<dtimeReal>20221119203734</dtimeReal>
	<creates>
		<computerName>Smartcard Minter</computerName>
	</creates>
</gameEvent>
<gameEvent>
	<dtimeGame>20220106080000</dtimeGame>	<dtimeReal>20221119203734</dtimeReal>
	<creates>
		<computerName>Veriscream CA</computerName>
	</creates>
</gameEvent>
<goalFailure>
	<dtimeGame>20220106080000</dtimeGame>	<dtimeReal>20221119203735</dtimeReal>
	<name>Modify Sugar Data</name>
	<userList>Frank</userList>
	<reason>The Modify Sugar Data goal failed for Frank because no workstation could access Sugar Spinner Data.</reason>
	<cost>0</cost><cash>20000</cash>
</goalFailure>
<goalFailure>
	<dtimeGame>20220106080000</dtimeGame>	<dtimeReal>20221119203735</dtimeReal>
	<name>Modify Sugar Data</name>
	<userList>Mary</userList>
	<reason>The Modify Sugar Data goal failed for Mary because no workstation could access Sugar Spinner Data.</reason>
	<cost>0</cost><cash>20000</cash>
</goalFailure>
<goalFailure>
	<dtimeGame>20220106080000</dtimeGame>	<dtimeReal>20221119203735</dtimeReal>
	<name>Modify Sugar Data</name>
	<userList>Joe</userList>
	<reason>The Modify Sugar Data goal failed for Joe because no workstation could access Sugar Spinner Data.</reason>
	<cost>0</cost><cash>20000</cash>
</goalFailure>
<gameEvent>
	<dtimeGame>20220106080000</dtimeGame>	<dtimeReal>20221119203735</dtimeReal>
	<start></start>
</gameEvent>
<trigger>
	<dtimeGame>20220106080000</dtimeGame>	<dtimeReal>20221119203735</dtimeReal>
	<name>IdentEncy</name>
	<triggerType>ECONTEXT_TRIGGER</triggerType>
	<timesGoneOff>1</timesGoneOff>
	<conditions>ConditionList: time1hour(false) or_not time1hour(false) :end</conditions>
</trigger>
<uiEvent>
	<dtimeGame>20220106080000</dtimeGame>	<dtimeReal>20221119203741</dtimeReal>
	<tab>component</tab>
</uiEvent>
<componentEvent>
	<dtimeGame>20220106080000</dtimeGame>	<dtimeReal>20221119204254</dtimeReal>
	<name>Lollipop Server</name>
	<accountAdd>
		<user>Joe</user>
	</accountAdd>
	<cost>0</cost><cash>20000</cash>
</componentEvent>
<componentEvent>
	<dtimeGame>20220106080000</dtimeGame>	<dtimeReal>20221119204332</dtimeReal>
	<name>Lollipop Server</name>
	<accountAdd>
		<user>Mary</user>
	</accountAdd>
	<cost>0</cost><cash>20000</cash>
</componentEvent>
<componentEvent>
	<dtimeGame>20220106080000</dtimeGame>	<dtimeReal>20221119204332</dtimeReal>
	<name>Lollipop Server</name>
	<accountAdd>
		<user>Frank</user>
	</accountAdd>
	<cost>0</cost><cash>20000</cash>
</componentEvent>
<componentEvent>
	<dtimeGame>20220106080000</dtimeGame>	<dtimeReal>20221119204332</dtimeReal>
	<name>Lollipop Server</name>
	<accountAdd>
		<user>Peggy</user>
	</accountAdd>
	<cost>0</cost><cash>20000</cash>
</componentEvent>
<componentEvent>
	<dtimeGame>20220106080000</dtimeGame>	<dtimeReal>20221119204332</dtimeReal>
	<name>Lollipop Server</name>
	<accountAdd>
		<group>Marketing</group>
	</accountAdd>
	<cost>0</cost><cash>20000</cash>
</componentEvent>
<componentEvent>
	<dtimeGame>20220106080000</dtimeGame>	<dtimeReal>20221119204435</dtimeReal>
	<name>Joe's Workstation</name>
	<authServerAdd>Lollipop Server</authServerAdd>	<cost>0</cost><cash>20000</cash>
</componentEvent>
<componentEvent>
	<dtimeGame>20220106080000</dtimeGame>	<dtimeReal>20221119204439</dtimeReal>
	<name>Mary's Workstation</name>
	<authServerAdd>Lollipop Server</authServerAdd>	<cost>0</cost><cash>20000</cash>
</componentEvent>
<componentEvent>
	<dtimeGame>20220106080000</dtimeGame>	<dtimeReal>20221119204442</dtimeReal>
	<name>Frank's Workstation</name>
	<authServerAdd>Lollipop Server</authServerAdd>	<cost>0</cost><cash>20000</cash>
</componentEvent>
<componentEvent>
	<dtimeGame>20220106080000</dtimeGame>	<dtimeReal>20221119204446</dtimeReal>
	<name>Peggy's Workstation</name>
	<authServerAdd>Lollipop Server</authServerAdd>	<cost>0</cost><cash>20000</cash>
</componentEvent>
<uiEvent>
	<dtimeGame>20220106080000</dtimeGame>	<dtimeReal>20221119204516</dtimeReal>
	<tab>component</tab>
</uiEvent>
<uiEvent>
	<dtimeGame>20220106080000</dtimeGame>	<dtimeReal>20221119204748</dtimeReal>
	<tab>component</tab>
</uiEvent>
<uiEvent>
	<dtimeGame>20220106080000</dtimeGame>	<dtimeReal>20221119204808</dtimeReal>
	<tab>component</tab>
</uiEvent>
<uiEvent>
	<dtimeGame>20220106080000</dtimeGame>	<dtimeReal>20221119204856</dtimeReal>
	<tab>office</tab>
</uiEvent>
<gameEvent>
	<dtimeGame>20220106080000</dtimeGame>	<dtimeReal>20221119204858</dtimeReal>
	<resume></resume>
</gameEvent>
<assetEvent>
	<dtimeGame>20220106080000</dtimeGame>	<dtimeReal>20221119204858</dtimeReal>
	<name>Peggy's Stuff</name>
	<moveType>Add : Peggy</moveType>
	<computerName>Peggy's Workstation</computerName>
</assetEvent>
<assetEvent>
	<dtimeGame>20220106080000</dtimeGame>	<dtimeReal>20221119204858</dtimeReal>
	<name>Frank's Stuff</name>
	<moveType>Add : Frank</moveType>
	<computerName>Frank's Workstation</computerName>
</assetEvent>
<assetEvent>
	<dtimeGame>20220106080000</dtimeGame>	<dtimeReal>20221119204858</dtimeReal>
	<name>Mary's Stuff</name>
	<moveType>Add : Mary</moveType>
	<computerName>Mary's Workstation</computerName>
</assetEvent>
<assetEvent>
	<dtimeGame>20220106080000</dtimeGame>	<dtimeReal>20221119204858</dtimeReal>
	<name>Joe's Stuff</name>
	<moveType>Add : Joe</moveType>
	<computerName>Joe's Workstation</computerName>
</assetEvent>
<summaryEvent>
	<dtimeGame>20220106080102</dtimeGame>	<dtimeReal>20221119204858</dtimeReal>
	<bonus>1</bonus><cash>20001</cash>
</summaryEvent>
<trigger>
	<dtimeGame>20220106080502</dtimeGame>	<dtimeReal>20221119204859</dtimeReal>
	<name>insider</name>
	<triggerType>ATTACK_TRIGGER</triggerType>
	<timesGoneOff>1</timesGoneOff>
	<conditions>ConditionList: not AnyAssetAttacked(false) :end</conditions>
</trigger>
<trigger>
	<dtimeGame>20220106080502</dtimeGame>	<dtimeReal>20221119204859</dtimeReal>
	<name>InterentTrojan</name>
	<triggerType>ATTACK_TRIGGER</triggerType>
	<timesGoneOff>1</timesGoneOff>
	<conditions>ConditionList: not AnyAssetAttacked(false) :end</conditions>
</trigger>
<trigger>
	<dtimeGame>20220106080502</dtimeGame>	<dtimeReal>20221119204859</dtimeReal>
	<name>WireTap</name>
	<triggerType>ATTACK_TRIGGER</triggerType>
	<timesGoneOff>1</timesGoneOff>
	<conditions>ConditionList: not AnyAssetAttacked(false) :end</conditions>
</trigger>
<trigger>
	<dtimeGame>20220106080502</dtimeGame>	<dtimeReal>20221119204859</dtimeReal>
	<name>DoneUsersIdentified</name>
	<triggerType>SET_OBJECTIVE_STATUS</triggerType>
	<timesGoneOff>1</timesGoneOff>
	<conditions>ConditionList: not UnaccountableWSAccess(false) and_not IdentifiedUsers(false) and_not JoeFailsStuff(false) and_not FrankFailsStuff(false) and_not MaryFailsStuff(false) and_not PeggyFailsStuff(false) :end</conditions>
</trigger>
<trigger>
	<dtimeGame>20220106080502</dtimeGame>	<dtimeReal>20221119204859</dtimeReal>
	<name>DriveBy</name>
	<triggerType>SET_OBJECTIVE_STATUS</triggerType>
	<timesGoneOff>1</timesGoneOff>
	<conditions>ConditionList: IdentifiedUsers(true) and_not (JoeLong(false) and FrankLong(false) and MaryLong(false) and PeggyLong(false)) and DrivebyDone(true) :end</conditions>
</trigger>
<trigger>
	<dtimeGame>20220106080502</dtimeGame>	<dtimeReal>20221119204859</dtimeReal>
	<name>DriveByMessage</name>
	<triggerType>MESSAGE_TRIGGER</triggerType>
	<timesGoneOff>1</timesGoneOff>
	<conditions>ConditionList: :end</conditions>
</trigger>
<gameEvent>
	<dtimeGame>20220106081324</dtimeGame>	<dtimeReal>20221119204937</dtimeReal>
	<pause></pause>
</gameEvent>
<uiEvent>
	<dtimeGame>20220106081324</dtimeGame>	<dtimeReal>20221119204939</dtimeReal>
	<tab>objective</tab>
</uiEvent>
<uiEvent>
	<dtimeGame>20220106081324</dtimeGame>	<dtimeReal>20221119205017</dtimeReal>
	<tab>component</tab>
</uiEvent>
<componentEvent>
	<dtimeGame>20220106081324</dtimeGame>	<dtimeReal>20221119205124</dtimeReal>
	<name>Lollipop Server</name>
	<procSetting>
		<field>PasswordLength:Medium</field>
		<value>false</value>
		<newProtection>-1</newProtection>
	</procSetting>
	<cost>25</cost><cash>19987</cash>
</componentEvent>
<componentEvent>
	<dtimeGame>20220106081324</dtimeGame>	<dtimeReal>20221119205124</dtimeReal>
	<name>Lollipop Server</name>
	<procSetting>
		<field>PasswordLength:Long</field>
		<value>true</value>
		<newProtection>-1</newProtection>
	</procSetting>
	<cost>50</cost><cash>19937</cash>
</componentEvent>
<uiEvent>
	<dtimeGame>20220106081324</dtimeGame>	<dtimeReal>20221119205128</dtimeReal>
	<tab>office</tab>
</uiEvent>
<gameEvent>
	<dtimeGame>20220106081324</dtimeGame>	<dtimeReal>20221119205129</dtimeReal>
	<resume></resume>
</gameEvent>
<trigger>
	<dtimeGame>20220106081503</dtimeGame>	<dtimeReal>20221119205130</dtimeReal>
	<name>DriveByDone</name>
	<triggerType>SET_OBJECTIVE_STATUS</triggerType>
	<timesGoneOff>1</timesGoneOff>
	<conditions>ConditionList: JoeLong(true) and MaryLong(true) and FrankLong(true) and PeggyLong(true) and_not DrivebyDone(false) :end</conditions>
</trigger>
<trigger>
	<dtimeGame>20220106081503</dtimeGame>	<dtimeReal>20221119205130</dtimeReal>
	<name>SpeakWritePasswords</name>
	<triggerType>SPEAK_TRIGGER</triggerType>
	<timesGoneOff>1</timesGoneOff>
	<conditions>ConditionList: :end</conditions>
</trigger>
<trigger>
	<dtimeGame>20220106084502</dtimeGame>	<dtimeReal>20221119205136</dtimeReal>
	<name>UnaccountableAccessMessage</name>
	<triggerType>CASH_TRIGGER</triggerType>
	<timesGoneOff>1</timesGoneOff>
	<conditions>ConditionList: UnaccountableAccessSugar(true) and AllGoalsMet(true) and DrivebyDone(true) :end</conditions>
</trigger>
<uiEvent>
	<dtimeGame>20220106085219</dtimeGame>	<dtimeReal>20221119205346</dtimeReal>
	<tab>objective</tab>
</uiEvent>
<uiEvent>
	<dtimeGame>20220106085219</dtimeGame>	<dtimeReal>20221119205410</dtimeReal>
	<tab>office</tab>
</uiEvent>
<trigger>
	<dtimeGame>20220106090502</dtimeGame>	<dtimeReal>20221119205413</dtimeReal>
	<name>InterentTrojan</name>
	<triggerType>ATTACK_TRIGGER</triggerType>
	<timesGoneOff>2</timesGoneOff>
	<conditions>ConditionList: not AnyAssetAttacked(false) :end</conditions>
</trigger>
<gameEvent>
	<dtimeGame>20220106090945</dtimeGame>	<dtimeReal>20221119205414</dtimeReal>
	<pause></pause>
</gameEvent>
<uiEvent>
	<dtimeGame>20220106090945</dtimeGame>	<dtimeReal>20221119205638</dtimeReal>
	<tab>component</tab>
</uiEvent>
<componentEvent>
	<dtimeGame>20220106090945</dtimeGame>	<dtimeReal>20221119205735</dtimeReal>
	<name>Lollipop Server</name>
	<configSetting>
		<field>RemoteAuthentication:</field>
		<value>true</value>
		<newProtection>-1</newProtection>
	</configSetting>
	<cost>200</cost><cash>18786</cash>
</componentEvent>
<uiEvent>
	<dtimeGame>20220106090945</dtimeGame>	<dtimeReal>20221119205746</dtimeReal>
	<tab>office</tab>
</uiEvent>
<gameEvent>
	<dtimeGame>20220106090945</dtimeGame>	<dtimeReal>20221119205747</dtimeReal>
	<resume></resume>
</gameEvent>
<trigger>
	<dtimeGame>20220106092003</dtimeGame>	<dtimeReal>20221119205750</dtimeReal>
	<name>insider</name>
	<triggerType>ATTACK_TRIGGER</triggerType>
	<timesGoneOff>2</timesGoneOff>
	<conditions>ConditionList: not AnyAssetAttacked(false) :end</conditions>
</trigger>
<trigger>
	<dtimeGame>20220106092003</dtimeGame>	<dtimeReal>20221119205750</dtimeReal>
	<name>WireTap</name>
	<triggerType>ATTACK_TRIGGER</triggerType>
	<timesGoneOff>2</timesGoneOff>
	<conditions>ConditionList: not AnyAssetAttacked(false) :end</conditions>
</trigger>
<trigger>
	<dtimeGame>20220106100500</dtimeGame>	<dtimeReal>20221119205759</dtimeReal>
	<name>InterentTrojan</name>
	<triggerType>ATTACK_TRIGGER</triggerType>
	<timesGoneOff>3</timesGoneOff>
	<conditions>ConditionList: not AnyAssetAttacked(false) :end</conditions>
</trigger>
<trigger>
	<dtimeGame>20220106101003</dtimeGame>	<dtimeReal>20221119205800</dtimeReal>
	<name>AccountableSugarGoodJob</name>
	<triggerType>MESSAGE_TRIGGER</triggerType>
	<timesGoneOff>1</timesGoneOff>
	<conditions>ConditionList: not UnaccountableAccessSugar(false) and_not AnyAssetAttacked(false) and AllGoalsMet(true) :end</conditions>
</trigger>
<uiEvent>
	<dtimeGame>20220106101753</dtimeGame>	<dtimeReal>20221119205811</dtimeReal>
	<tab>objective</tab>
</uiEvent>
<uiEvent>
	<dtimeGame>20220106101753</dtimeGame>	<dtimeReal>20221119205816</dtimeReal>
	<tab>office</tab>
</uiEvent>
<trigger>
	<dtimeGame>20220106102500</dtimeGame>	<dtimeReal>20221119205817</dtimeReal>
	<name>Internet</name>
	<triggerType>ATTACK_TRIGGER</triggerType>
	<timesGoneOff>1</timesGoneOff>
	<conditions>ConditionList: not AnyAssetAttacked(false) and AllGoalsMet(true) and DrivebyDone(true) and_not UnaccountableAccessSugar(false) :end</conditions>
</trigger>
<trigger>
	<dtimeGame>20220106102500</dtimeGame>	<dtimeReal>20221119205817</dtimeReal>
	<name>Outside Breakin</name>
	<triggerType>ATTACK_TRIGGER</triggerType>
	<timesGoneOff>1</timesGoneOff>
	<conditions>ConditionList: ((PhaseTwoDone(false) and BlakeTyping(true)) or (DrivebyDone(true) and_not PhaseTwoDone(false))) and_not AnyAssetAttacked(false) and AllGoalsMet(true) and_not UnaccountableAccessSugar(false) :end</conditions>
</trigger>
<trigger>
	<dtimeGame>20220106103500</dtimeGame>	<dtimeReal>20221119205819</dtimeReal>
	<name>insider</name>
	<triggerType>ATTACK_TRIGGER</triggerType>
	<timesGoneOff>3</timesGoneOff>
	<conditions>ConditionList: not AnyAssetAttacked(false) :end</conditions>
</trigger>
<trigger>
	<dtimeGame>20220106103500</dtimeGame>	<dtimeReal>20221119205819</dtimeReal>
	<name>WireTap</name>
	<triggerType>ATTACK_TRIGGER</triggerType>
	<timesGoneOff>3</timesGoneOff>
	<conditions>ConditionList: not AnyAssetAttacked(false) :end</conditions>
</trigger>
<trigger>
	<dtimeGame>20220106110504</dtimeGame>	<dtimeReal>20221119205826</dtimeReal>
	<name>InterentTrojan</name>
	<triggerType>ATTACK_TRIGGER</triggerType>
	<timesGoneOff>4</timesGoneOff>
	<conditions>ConditionList: not AnyAssetAttacked(false) :end</conditions>
</trigger>
<uiEvent>
	<dtimeGame>20220106111542</dtimeGame>	<dtimeReal>20221119205828</dtimeReal>
	<tab>objective</tab>
</uiEvent>
<uiEvent>
	<dtimeGame>20220106111542</dtimeGame>	<dtimeReal>20221119205834</dtimeReal>
	<tab>office</tab>
</uiEvent>
<trigger>
	<dtimeGame>20220106114503</dtimeGame>	<dtimeReal>20221119205840</dtimeReal>
	<name>Internet</name>
	<triggerType>ATTACK_TRIGGER</triggerType>
	<timesGoneOff>2</timesGoneOff>
	<conditions>ConditionList: not AnyAssetAttacked(false) and AllGoalsMet(true) and DrivebyDone(true) and_not UnaccountableAccessSugar(false) :end</conditions>
</trigger>
<trigger>
	<dtimeGame>20220106114503</dtimeGame>	<dtimeReal>20221119205840</dtimeReal>
	<name>Outside Breakin</name>
	<triggerType>ATTACK_TRIGGER</triggerType>
	<timesGoneOff>2</timesGoneOff>
	<conditions>ConditionList: ((PhaseTwoDone(false) and BlakeTyping(true)) or (DrivebyDone(true) and_not PhaseTwoDone(false))) and_not AnyAssetAttacked(false) and AllGoalsMet(true) and_not UnaccountableAccessSugar(false) :end</conditions>
</trigger>
<trigger>
	<dtimeGame>20220106115000</dtimeGame>	<dtimeReal>20221119205841</dtimeReal>
	<name>insider</name>
	<triggerType>ATTACK_TRIGGER</triggerType>
	<timesGoneOff>4</timesGoneOff>
	<conditions>ConditionList: not AnyAssetAttacked(false) :end</conditions>
</trigger>
<trigger>
	<dtimeGame>20220106115000</dtimeGame>	<dtimeReal>20221119205841</dtimeReal>
	<name>WireTap</name>
	<triggerType>ATTACK_TRIGGER</triggerType>
	<timesGoneOff>4</timesGoneOff>
	<conditions>ConditionList: not AnyAssetAttacked(false) :end</conditions>
</trigger>
<gameEvent>
	<dtimeGame>20220106115750</dtimeGame>	<dtimeReal>20221119205843</dtimeReal>
	<pause></pause>
</gameEvent>
<uiEvent>
	<dtimeGame>20220106115750</dtimeGame>	<dtimeReal>20221119205937</dtimeReal>
	<tab>component</tab>
</uiEvent>
<componentEvent>
	<dtimeGame>20220106115750</dtimeGame>	<dtimeReal>20221119205954</dtimeReal>
	<name>Lollipop Server</name>
	<assetACL>
		<assetName>Sugar Spinner Data</assetName>
		<removeDeniedGroup>Public</removeDeniedGroup>
	</assetACL>
	<cost>0</cost><cash>18935</cash>
</componentEvent>
<componentEvent>
	<dtimeGame>20220106115750</dtimeGame>	<dtimeReal>20221119210016</dtimeReal>
	<name>Lollipop Server</name>
	<assetACL>
		<assetName>Sugar Spinner Data</assetName>
		<addDeniedUser>Joe</addDeniedUser>
	</assetACL>
	<cost>0</cost><cash>18935</cash>
</componentEvent>
<componentEvent>
	<dtimeGame>20220106115750</dtimeGame>	<dtimeReal>20221119210020</dtimeReal>
	<name>Lollipop Server</name>
	<assetACL>
		<assetName>Sugar Spinner Data</assetName>
		<addDeniedUser>Mary</addDeniedUser>
	</assetACL>
	<cost>0</cost><cash>18935</cash>
</componentEvent>
<componentEvent>
	<dtimeGame>20220106115750</dtimeGame>	<dtimeReal>20221119210022</dtimeReal>
	<name>Lollipop Server</name>
	<assetACL>
		<assetName>Sugar Spinner Data</assetName>
		<addDeniedUser>Frank</addDeniedUser>
	</assetACL>
	<cost>0</cost><cash>18935</cash>
</componentEvent>
<componentEvent>
	<dtimeGame>20220106115750</dtimeGame>	<dtimeReal>20221119210024</dtimeReal>
	<name>Lollipop Server</name>
	<assetACL>
		<assetName>Sugar Spinner Data</assetName>
		<addDeniedUser>Peggy</addDeniedUser>
	</assetACL>
	<cost>0</cost><cash>18935</cash>
</componentEvent>
<componentEvent>
	<dtimeGame>20220106115750</dtimeGame>	<dtimeReal>20221119210026</dtimeReal>
	<name>Lollipop Server</name>
	<assetACL>
		<assetName>Sugar Spinner Data</assetName>
		<addDeniedUser>Joe</addDeniedUser>
	</assetACL>
	<cost>0</cost><cash>18935</cash>
</componentEvent>
<componentEvent>
	<dtimeGame>20220106115750</dtimeGame>	<dtimeReal>20221119210032</dtimeReal>
	<name>Lollipop Server</name>
	<assetACL>
		<assetName>Sugar Spinner Data</assetName>
		<changeUserMask>
		<userName>Joe</userName><mode>1</mode>
		</changeUserMask>
	</assetACL>
	<cost>0</cost><cash>18935</cash>
</componentEvent>
<componentEvent>
	<dtimeGame>20220106115750</dtimeGame>	<dtimeReal>20221119210032</dtimeReal>
	<name>Lollipop Server</name>
	<assetACL>
		<assetName>Sugar Spinner Data</assetName>
		<addDontCareUser>
		<userName>Joe</userName><mode>0</mode>
		</addDontCareUser>
	</assetACL>
	<cost>0</cost><cash>18935</cash>
</componentEvent>
<componentEvent>
	<dtimeGame>20220106115750</dtimeGame>	<dtimeReal>20221119210032</dtimeReal>
	<name>Lollipop Server</name>
	<assetACL>
		<assetName>Sugar Spinner Data</assetName>
		<removeDeniedUser>Joe</removeDeniedUser>
	</assetACL>
	<cost>0</cost><cash>18935</cash>
</componentEvent>
<componentEvent>
	<dtimeGame>20220106115750</dtimeGame>	<dtimeReal>20221119211218</dtimeReal>
	<name>Lollipop Server</name>
	<assetACL>
		<assetName>Sugar Spinner Data</assetName>
		<addDeniedUser>Mary</addDeniedUser>
	</assetACL>
	<cost>0</cost><cash>18935</cash>
</componentEvent>
<componentEvent>
	<dtimeGame>20220106115750</dtimeGame>	<dtimeReal>20221119211221</dtimeReal>
	<name>Lollipop Server</name>
	<assetACL>
		<assetName>Sugar Spinner Data</assetName>
		<changeUserMask>
		<userName>Mary</userName><mode>1</mode>
		</changeUserMask>
	</assetACL>
	<cost>0</cost><cash>18935</cash>
</componentEvent>
<componentEvent>
	<dtimeGame>20220106115750</dtimeGame>	<dtimeReal>20221119211221</dtimeReal>
	<name>Lollipop Server</name>
	<assetACL>
		<assetName>Sugar Spinner Data</assetName>
		<addDontCareUser>
		<userName>Mary</userName><mode>0</mode>
		</addDontCareUser>
	</assetACL>
	<cost>0</cost><cash>18935</cash>
</componentEvent>
<componentEvent>
	<dtimeGame>20220106115750</dtimeGame>	<dtimeReal>20221119211221</dtimeReal>
	<name>Lollipop Server</name>
	<assetACL>
		<assetName>Sugar Spinner Data</assetName>
		<removeDeniedUser>Mary</removeDeniedUser>
	</assetACL>
	<cost>0</cost><cash>18935</cash>
</componentEvent>
<componentEvent>
	<dtimeGame>20220106115750</dtimeGame>	<dtimeReal>20221119211223</dtimeReal>
	<name>Lollipop Server</name>
	<assetACL>
		<assetName>Sugar Spinner Data</assetName>
		<addDeniedUser>Frank</addDeniedUser>
	</assetACL>
	<cost>0</cost><cash>18935</cash>
</componentEvent>
<componentEvent>
	<dtimeGame>20220106115750</dtimeGame>	<dtimeReal>20221119211224</dtimeReal>
	<name>Lollipop Server</name>
	<assetACL>
		<assetName>Sugar Spinner Data</assetName>
		<changeUserMask>
		<userName>Frank</userName><mode>1</mode>
		</changeUserMask>
	</assetACL>
	<cost>0</cost><cash>18935</cash>
</componentEvent>
<componentEvent>
	<dtimeGame>20220106115750</dtimeGame>	<dtimeReal>20221119211224</dtimeReal>
	<name>Lollipop Server</name>
	<assetACL>
		<assetName>Sugar Spinner Data</assetName>
		<addDontCareUser>
		<userName>Frank</userName><mode>0</mode>
		</addDontCareUser>
	</assetACL>
	<cost>0</cost><cash>18935</cash>
</componentEvent>
<componentEvent>
	<dtimeGame>20220106115750</dtimeGame>	<dtimeReal>20221119211224</dtimeReal>
	<name>Lollipop Server</name>
	<assetACL>
		<assetName>Sugar Spinner Data</assetName>
		<removeDeniedUser>Frank</removeDeniedUser>
	</assetACL>
	<cost>0</cost><cash>18935</cash>
</componentEvent>
<componentEvent>
	<dtimeGame>20220106115750</dtimeGame>	<dtimeReal>20221119211226</dtimeReal>
	<name>Lollipop Server</name>
	<assetACL>
		<assetName>Sugar Spinner Data</assetName>
		<addDeniedUser>Peggy</addDeniedUser>
	</assetACL>
	<cost>0</cost><cash>18935</cash>
</componentEvent>
<componentEvent>
	<dtimeGame>20220106115750</dtimeGame>	<dtimeReal>20221119211228</dtimeReal>
	<name>Lollipop Server</name>
	<assetACL>
		<assetName>Sugar Spinner Data</assetName>
		<changeUserMask>
		<userName>Peggy</userName><mode>1</mode>
		</changeUserMask>
	</assetACL>
	<cost>0</cost><cash>18935</cash>
</componentEvent>
<componentEvent>
	<dtimeGame>20220106115750</dtimeGame>	<dtimeReal>20221119211228</dtimeReal>
	<name>Lollipop Server</name>
	<assetACL>
		<assetName>Sugar Spinner Data</assetName>
		<addDontCareUser>
		<userName>Peggy</userName><mode>0</mode>
		</addDontCareUser>
	</assetACL>
	<cost>0</cost><cash>18935</cash>
</componentEvent>
<componentEvent>
	<dtimeGame>20220106115750</dtimeGame>	<dtimeReal>20221119211228</dtimeReal>
	<name>Lollipop Server</name>
	<assetACL>
		<assetName>Sugar Spinner Data</assetName>
		<removeDeniedUser>Peggy</removeDeniedUser>
	</assetACL>
	<cost>0</cost><cash>18935</cash>
</componentEvent>
<goalFailure>
	<dtimeGame>20220106115750</dtimeGame>	<dtimeReal>20221119211237</dtimeReal>
	<name>Modify Sugar Data</name>
	<userList>Peggy</userList>
	<reason>Is there a problem with the ACL?</reason>
	<cost>0</cost><cash>18935</cash>
</goalFailure>
<goalFailure>
	<dtimeGame>20220106115750</dtimeGame>	<dtimeReal>20221119211237</dtimeReal>
	<name>Modify Sugar Data</name>
	<userList>Frank</userList>
	<reason>Is there a problem with the ACL?</reason>
	<cost>0</cost><cash>18935</cash>
</goalFailure>
<goalFailure>
	<dtimeGame>20220106115750</dtimeGame>	<dtimeReal>20221119211237</dtimeReal>
	<name>Modify Sugar Data</name>
	<userList>Mary</userList>
	<reason>Is there a problem with the ACL?</reason>
	<cost>0</cost><cash>18935</cash>
</goalFailure>
<goalFailure>
	<dtimeGame>20220106115750</dtimeGame>	<dtimeReal>20221119211237</dtimeReal>
	<name>Modify Sugar Data</name>
	<userList>Joe</userList>
	<reason>Is there a problem with the ACL?</reason>
	<cost>0</cost><cash>18935</cash>
</goalFailure>
<uiEvent>
	<dtimeGame>20220106115750</dtimeGame>	<dtimeReal>20221119211237</dtimeReal>
	<tab>office</tab>
</uiEvent>
<gameEvent>
	<dtimeGame>20220106115750</dtimeGame>	<dtimeReal>20221119211239</dtimeReal>
	<resume></resume>
</gameEvent>
<goalFailure>
	<dtimeGame>20220106115750</dtimeGame>	<dtimeReal>20221119211239</dtimeReal>
	<name>Modify Sugar Data</name>
	<userList>Peggy</userList>
	<reason>Is there a problem with the ACL?</reason>
	<cost>0</cost><cash>18935</cash>
</goalFailure>
<goalFailure>
	<dtimeGame>20220106115750</dtimeGame>	<dtimeReal>20221119211239</dtimeReal>
	<name>Modify Sugar Data</name>
	<userList>Frank</userList>
	<reason>Is there a problem with the ACL?</reason>
	<cost>0</cost><cash>18935</cash>
</goalFailure>
<goalFailure>
	<dtimeGame>20220106115750</dtimeGame>	<dtimeReal>20221119211239</dtimeReal>
	<name>Modify Sugar Data</name>
	<userList>Mary</userList>
	<reason>Is there a problem with the ACL?</reason>
	<cost>0</cost><cash>18935</cash>
</goalFailure>
<goalFailure>
	<dtimeGame>20220106115750</dtimeGame>	<dtimeReal>20221119211239</dtimeReal>
	<name>Modify Sugar Data</name>
	<userList>Joe</userList>
	<reason>Is there a problem with the ACL?</reason>
	<cost>0</cost><cash>18935</cash>
</goalFailure>
<summaryEvent>
	<dtimeGame>20220106115802</dtimeGame>	<dtimeReal>20221119211239</dtimeReal>
	<bonus>0</bonus><cash>18934</cash>
</summaryEvent>
<userEvent>
	<dtimeGame>20220106115902</dtimeGame>	<dtimeReal>20221119211239</dtimeReal>
	<newMode>
		<name>Peggy</name>
		<animMode>14</animMode>
	</newMode>
	<cost>0</cost><cash>18933</cash>
</userEvent>
<userEvent>
	<dtimeGame>20220106120000</dtimeGame>	<dtimeReal>20221119211239</dtimeReal>
	<newMode>
		<name>Frank</name>
		<animMode>14</animMode>
	</newMode>
	<cost>0</cost><cash>18933</cash>
</userEvent>
<userEvent>
	<dtimeGame>20220106120029</dtimeGame>	<dtimeReal>20221119211239</dtimeReal>
	<newMode>
		<name>Mary</name>
		<animMode>14</animMode>
	</newMode>
	<cost>0</cost><cash>18933</cash>
</userEvent>
<trigger>
	<dtimeGame>20220106120502</dtimeGame>	<dtimeReal>20221119211240</dtimeReal>
	<name>InterentTrojan</name>
	<triggerType>ATTACK_TRIGGER</triggerType>
	<timesGoneOff>5</timesGoneOff>
	<conditions>ConditionList: not AnyAssetAttacked(false) :end</conditions>
</trigger>
<userEvent>
	<dtimeGame>20220106120658</dtimeGame>	<dtimeReal>20221119211241</dtimeReal>
	<newMode>
		<name>Frank</name>
		<animMode>3</animMode>
	</newMode>
	<cost>0</cost><cash>18929</cash>
</userEvent>
<userEvent>
	<dtimeGame>20220106120726</dtimeGame>	<dtimeReal>20221119211241</dtimeReal>
	<newMode>
		<name>Mary</name>
		<animMode>3</animMode>
	</newMode>
	<cost>0</cost><cash>18928</cash>
</userEvent>
<userEvent>
	<dtimeGame>20220106121258</dtimeGame>	<dtimeReal>20221119211242</dtimeReal>
	<newMode>
		<name>Peggy</name>
		<animMode>3</animMode>
	</newMode>
	<cost>0</cost><cash>18925</cash>
</userEvent>
<userEvent>
	<dtimeGame>20220106121355</dtimeGame>	<dtimeReal>20221119211242</dtimeReal>
	<newMode>
		<name>Frank</name>
		<animMode>14</animMode>
	</newMode>
	<cost>0</cost><cash>18924</cash>
</userEvent>
<userEvent>
	<dtimeGame>20220106121424</dtimeGame>	<dtimeReal>20221119211242</dtimeReal>
	<newMode>
		<name>Mary</name>
		<animMode>14</animMode>
	</newMode>
	<cost>0</cost><cash>18924</cash>
</userEvent>
<userEvent>
	<dtimeGame>20220106122038</dtimeGame>	<dtimeReal>20221119211243</dtimeReal>
	<newMode>
		<name>Joe</name>
		<animMode>14</animMode>
	</newMode>
	<cost>0</cost><cash>18920</cash>
</userEvent>
<userEvent>
	<dtimeGame>20220106122736</dtimeGame>	<dtimeReal>20221119211245</dtimeReal>
	<newMode>
		<name>Joe</name>
		<animMode>3</animMode>
	</newMode>
	<cost>0</cost><cash>18915</cash>
</userEvent>
<userEvent>
	<dtimeGame>20220106122819</dtimeGame>	<dtimeReal>20221119211245</dtimeReal>
	<newMode>
		<name>Mary</name>
		<animMode>3</animMode>
	</newMode>
	<cost>0</cost><cash>18914</cash>
</userEvent>
<trigger>
	<dtimeGame>20220106123000</dtimeGame>	<dtimeReal>20221119211245</dtimeReal>
	<name>AuthServEncy</name>
	<triggerType>ECONTEXT_TRIGGER</triggerType>
	<timesGoneOff>1</timesGoneOff>
	<conditions>ConditionList: AnyoneFailsSugar(true) and_not (JoeFailsStuff(false) and FrankFailsStuff(false) and PeggyFailsStuff(false) and MaryFailsStuff(false)) and_not AnyAssetAttacked(false) and_not PhaseIdone(false) :end</conditions>
</trigger>
<trigger>
	<dtimeGame>20220106123000</dtimeGame>	<dtimeReal>20221119211245</dtimeReal>
	<name>ConsiderServer</name>
	<triggerType>MESSAGE_TRIGGER</triggerType>
	<timesGoneOff>1</timesGoneOff>
	<conditions>ConditionList: :end</conditions>
</trigger>
<userEvent>
	<dtimeGame>20220106123514</dtimeGame>	<dtimeReal>20221119211257</dtimeReal>
	<newMode>
		<name>Joe</name>
		<animMode>14</animMode>
	</newMode>
	<cost>0</cost><cash>18910</cash>
</userEvent>
<userEvent>
	<dtimeGame>20220106123528</dtimeGame>	<dtimeReal>20221119211257</dtimeReal>
	<newMode>
		<name>Frank</name>
		<animMode>3</animMode>
	</newMode>
	<cost>0</cost><cash>18910</cash>
</userEvent>
<uiEvent>
	<dtimeGame>20220106124104</dtimeGame>	<dtimeReal>20221119211258</dtimeReal>
	<tab>component</tab>
</uiEvent>
<componentEvent>
	<dtimeGame>20220106124104</dtimeGame>	<dtimeReal>20221119211310</dtimeReal>
	<name>Lollipop Server</name>
	<assetACL>
		<assetName>Sugar Spinner Data</assetName>
		<addDeniedUser>Joe</addDeniedUser>
	</assetACL>
	<cost>0</cost><cash>18906</cash>
</componentEvent>
<componentEvent>
	<dtimeGame>20220106124104</dtimeGame>	<dtimeReal>20221119211310</dtimeReal>
	<name>Lollipop Server</name>
	<assetACL>
		<assetName>Sugar Spinner Data</assetName>
		<changeUserMask>
		<userName>Joe</userName><mode>0</mode>
		</changeUserMask>
	</assetACL>
	<cost>0</cost><cash>18906</cash>
</componentEvent>
<componentEvent>
	<dtimeGame>20220106124104</dtimeGame>	<dtimeReal>20221119211315</dtimeReal>
	<name>Lollipop Server</name>
	<assetACL>
		<assetName>Sugar Spinner Data</assetName>
		<addDeniedUser>Mary</addDeniedUser>
	</assetACL>
	<cost>0</cost><cash>18906</cash>
</componentEvent>
<componentEvent>
	<dtimeGame>20220106124104</dtimeGame>	<dtimeReal>20221119211315</dtimeReal>
	<name>Lollipop Server</name>
	<assetACL>
		<assetName>Sugar Spinner Data</assetName>
		<changeUserMask>
		<userName>Mary</userName><mode>0</mode>
		</changeUserMask>
	</assetACL>
	<cost>0</cost><cash>18906</cash>
</componentEvent>
<componentEvent>
	<dtimeGame>20220106124104</dtimeGame>	<dtimeReal>20221119211319</dtimeReal>
	<name>Lollipop Server</name>
	<assetACL>
		<assetName>Sugar Spinner Data</assetName>
		<addDeniedUser>Frank</addDeniedUser>
	</assetACL>
	<cost>0</cost><cash>18906</cash>
</componentEvent>
<componentEvent>
	<dtimeGame>20220106124104</dtimeGame>	<dtimeReal>20221119211319</dtimeReal>
	<name>Lollipop Server</name>
	<assetACL>
		<assetName>Sugar Spinner Data</assetName>
		<changeUserMask>
		<userName>Frank</userName><mode>0</mode>
		</changeUserMask>
	</assetACL>
	<cost>0</cost><cash>18906</cash>
</componentEvent>
<componentEvent>
	<dtimeGame>20220106124104</dtimeGame>	<dtimeReal>20221119211322</dtimeReal>
	<name>Lollipop Server</name>
	<assetACL>
		<assetName>Sugar Spinner Data</assetName>
		<addDeniedUser>Peggy</addDeniedUser>
	</assetACL>
	<cost>0</cost><cash>18906</cash>
</componentEvent>
<componentEvent>
	<dtimeGame>20220106124104</dtimeGame>	<dtimeReal>20221119211322</dtimeReal>
	<name>Lollipop Server</name>
	<assetACL>
		<assetName>Sugar Spinner Data</assetName>
		<changeUserMask>
		<userName>Peggy</userName><mode>0</mode>
		</changeUserMask>
	</assetACL>
	<cost>0</cost><cash>18906</cash>
</componentEvent>
<uiEvent>
	<dtimeGame>20220106124104</dtimeGame>	<dtimeReal>20221119211330</dtimeReal>
	<tab>office</tab>
</uiEvent>
<summaryEvent>
	<dtimeGame>20220106124202</dtimeGame>	<dtimeReal>20221119211330</dtimeReal>
	<bonus>1</bonus><cash>18907</cash>
</summaryEvent>
<userEvent>
	<dtimeGame>20220106124211</dtimeGame>	<dtimeReal>20221119211330</dtimeReal>
	<newMode>
		<name>Joe</name>
		<animMode>3</animMode>
	</newMode>
	<cost>0</cost><cash>18907</cash>
</userEvent>
<trigger>
	<dtimeGame>20220106130504</dtimeGame>	<dtimeReal>20221119211334</dtimeReal>
	<name>insider</name>
	<triggerType>ATTACK_TRIGGER</triggerType>
	<timesGoneOff>5</timesGoneOff>
	<conditions>ConditionList: not AnyAssetAttacked(false) :end</conditions>
</trigger>
<trigger>
	<dtimeGame>20220106130504</dtimeGame>	<dtimeReal>20221119211334</dtimeReal>
	<name>InterentTrojan</name>
	<triggerType>ATTACK_TRIGGER</triggerType>
	<timesGoneOff>6</timesGoneOff>
	<conditions>ConditionList: not AnyAssetAttacked(false) :end</conditions>
</trigger>
<trigger>
	<dtimeGame>20220106130504</dtimeGame>	<dtimeReal>20221119211334</dtimeReal>
	<name>WireTap</name>
	<triggerType>ATTACK_TRIGGER</triggerType>
	<timesGoneOff>5</timesGoneOff>
	<conditions>ConditionList: not AnyAssetAttacked(false) :end</conditions>
</trigger>
<uiEvent>
	<dtimeGame>20220106130518</dtimeGame>	<dtimeReal>20221119211335</dtimeReal>
	<tab>objective</tab>
</uiEvent>
<uiEvent>
	<dtimeGame>20220106130518</dtimeGame>	<dtimeReal>20221119211345</dtimeReal>
	<tab>office</tab>
</uiEvent>
<trigger>
	<dtimeGame>20220106140000</dtimeGame>	<dtimeReal>20221119211356</dtimeReal>
	<name>Internet</name>
	<triggerType>ATTACK_TRIGGER</triggerType>
	<timesGoneOff>3</timesGoneOff>
	<conditions>ConditionList: not AnyAssetAttacked(false) and AllGoalsMet(true) and DrivebyDone(true) and_not UnaccountableAccessSugar(false) :end</conditions>
</trigger>
<trigger>
	<dtimeGame>20220106140000</dtimeGame>	<dtimeReal>20221119211356</dtimeReal>
	<name>Outside Breakin</name>
	<triggerType>ATTACK_TRIGGER</triggerType>
	<timesGoneOff>3</timesGoneOff>
	<conditions>ConditionList: ((PhaseTwoDone(false) and BlakeTyping(true)) or (DrivebyDone(true) and_not PhaseTwoDone(false))) and_not AnyAssetAttacked(false) and AllGoalsMet(true) and_not UnaccountableAccessSugar(false) :end</conditions>
</trigger>
<trigger>
	<dtimeGame>20220106140502</dtimeGame>	<dtimeReal>20221119211357</dtimeReal>
	<name>InterentTrojan</name>
	<triggerType>ATTACK_TRIGGER</triggerType>
	<timesGoneOff>7</timesGoneOff>
	<conditions>ConditionList: not AnyAssetAttacked(false) :end</conditions>
</trigger>
<trigger>
	<dtimeGame>20220106142000</dtimeGame>	<dtimeReal>20221119211400</dtimeReal>
	<name>insider</name>
	<triggerType>ATTACK_TRIGGER</triggerType>
	<timesGoneOff>6</timesGoneOff>
	<conditions>ConditionList: not AnyAssetAttacked(false) :end</conditions>
</trigger>
<trigger>
	<dtimeGame>20220106142000</dtimeGame>	<dtimeReal>20221119211400</dtimeReal>
	<name>WireTap</name>
	<triggerType>ATTACK_TRIGGER</triggerType>
	<timesGoneOff>6</timesGoneOff>
	<conditions>ConditionList: not AnyAssetAttacked(false) :end</conditions>
</trigger>
<trigger>
	<dtimeGame>20220106150501</dtimeGame>	<dtimeReal>20221119211410</dtimeReal>
	<name>InterentTrojan</name>
	<triggerType>ATTACK_TRIGGER</triggerType>
	<timesGoneOff>8</timesGoneOff>
	<conditions>ConditionList: not AnyAssetAttacked(false) :end</conditions>
</trigger>
<trigger>
	<dtimeGame>20220106151003</dtimeGame>	<dtimeReal>20221119211411</dtimeReal>
	<name>RanSecure</name>
	<triggerType>SET_OBJECTIVE_STATUS</triggerType>
	<timesGoneOff>1</timesGoneOff>
	<conditions>ConditionList: IdentifiedUsers(true) and DrivebyDone(true) and_not AnyAssetAttacked(false) and AllGoalsMet(true) and AccountableSugarGoodJob_intrinsic0,1 :end</conditions>
</trigger>
<trigger>
	<dtimeGame>20220106151003</dtimeGame>	<dtimeReal>20221119211411</dtimeReal>
	<name>DonePhaseI</name>
	<triggerType>SET_PHASE</triggerType>
	<timesGoneOff>1</timesGoneOff>
	<conditions>ConditionList: IdentifiedUsers(true) and DrivebyDone(true) and RanSecure(true) :end</conditions>
</trigger>
<trigger>
	<dtimeGame>20220106151003</dtimeGame>	<dtimeReal>20221119211444</dtimeReal>
	<name>SavePhaseI</name>
	<triggerType>SAVEGAME_TRIGGER</triggerType>
	<timesGoneOff>1</timesGoneOff>
	<conditions>ConditionList: :end</conditions>
</trigger>
<gameEvent>
	<dtimeGame>20220106151003</dtimeGame>	<dtimeReal>20221119211444</dtimeReal>
	<saveFile>AuthPhaseOne.sdf</saveFile>
</gameEvent>
<trigger>
	<dtimeGame>20220106151032</dtimeGame>	<dtimeReal>20221119211444</dtimeReal>
	<name>IntroduceFiona</name>
	<triggerType>CHANGE_ASSET_USAGE_TRIGGER</triggerType>
	<timesGoneOff>1</timesGoneOff>
	<conditions>ConditionList: PhaseIdone(true) :end</conditions>
</trigger>
<componentEvent>
	<dtimeGame>20220106151032</dtimeGame>	<dtimeReal>20221119211444</dtimeReal>
	<name>Hotel Workstation</name>
	<accountRemove>
		<group>Public</group>
	</accountRemove>
	<cost>0</cost><cash>19038</cash>
</componentEvent>
<goalFailure>
	<dtimeGame>20220106151032</dtimeGame>	<dtimeReal>20221119211444</dtimeReal>
	<name>Remote Sugar Data Access</name>
	<userList>Fiona</userList>
	<reason>The server wants a password?  Do I have an account?</reason>
	<cost>0</cost><cash>19038</cash>
</goalFailure>
<goalFailure>
	<dtimeGame>20220106151032</dtimeGame>	<dtimeReal>20221119211444</dtimeReal>
	<name>Remote Sugar Data Access</name>
	<userList>Fiona</userList>
	<reason>The server wants a password?  Do I have an account?</reason>
	<cost>0</cost><cash>19038</cash>
</goalFailure>
<summaryEvent>
	<dtimeGame>20220106151101</dtimeGame>	<dtimeReal>20221119211444</dtimeReal>
	<bonus>1</bonus><cash>19038</cash>
</summaryEvent>
<userEvent>
	<dtimeGame>20220106151423</dtimeGame>	<dtimeReal>20221119211445</dtimeReal>
	<newMode>
		<name>Fiona</name>
		<animMode>14</animMode>
	</newMode>
	<cost>0</cost><cash>19039</cash>
</userEvent>
<trigger>
	<dtimeGame>20220106151501</dtimeGame>	<dtimeReal>20221119211445</dtimeReal>
	<name>GoToFiona</name>
	<triggerType>SPEAK_TRIGGER</triggerType>
	<timesGoneOff>1</timesGoneOff>
	<conditions>ConditionList: FionaFailsGoal(true) :end</conditions>
</trigger>
<trigger>
	<dtimeGame>20220106151501</dtimeGame>	<dtimeReal>20221119211445</dtimeReal>
	<name>NotDoneUsersIdentified</name>
	<triggerType>SET_OBJECTIVE_STATUS</triggerType>
	<timesGoneOff>1</timesGoneOff>
	<conditions>ConditionList: UnaccountableWSAccess(true) and IdentifiedUsers(true) :end</conditions>
</trigger>
<uiEvent>
	<dtimeGame>20220106151613</dtimeGame>	<dtimeReal>20221119211445</dtimeReal>
	<tab>objective</tab>
</uiEvent>
<goalFailure>
	<dtimeGame>20220106151613</dtimeGame>	<dtimeReal>20221119211447</dtimeReal>
	<name>Remote Sugar Data Access</name>
	<userList>Fiona</userList>
	<reason>The server wants a password?  Do I have an account?</reason>
	<cost>0</cost><cash>19040</cash>
</goalFailure>
<goalFailure>
	<dtimeGame>20220106151613</dtimeGame>	<dtimeReal>20221119211447</dtimeReal>
	<name>Remote Sugar Data Access</name>
	<userList>Fiona</userList>
	<reason>The server wants a password?  Do I have an account?</reason>
	<cost>0</cost><cash>19040</cash>
</goalFailure>
<uiEvent>
	<dtimeGame>20220106151613</dtimeGame>	<dtimeReal>20221119211447</dtimeReal>
	<tab>office</tab>
</uiEvent>
<userEvent>
	<dtimeGame>20220106152120</dtimeGame>	<dtimeReal>20221119211448</dtimeReal>
	<newMode>
		<name>Fiona</name>
		<animMode>3</animMode>
	</newMode>
	<cost>0</cost><cash>19041</cash>
</userEvent>
<userEvent>
	<dtimeGame>20220106153515</dtimeGame>	<dtimeReal>20221119211451</dtimeReal>
	<newMode>
		<name>Fiona</name>
		<animMode>14</animMode>
	</newMode>
	<cost>0</cost><cash>19046</cash>
</userEvent>
<userEvent>
	<dtimeGame>20220106154910</dtimeGame>	<dtimeReal>20221119211454</dtimeReal>
	<newMode>
		<name>Fiona</name>
		<animMode>3</animMode>
	</newMode>
	<cost>0</cost><cash>19050</cash>
</userEvent>
<userEvent>
	<dtimeGame>20220106155607</dtimeGame>	<dtimeReal>20221119211456</dtimeReal>
	<newMode>
		<name>Fiona</name>
		<animMode>14</animMode>
	</newMode>
	<cost>0</cost><cash>19052</cash>
</userEvent>
<trigger>
	<dtimeGame>20220106161002</dtimeGame>	<dtimeReal>20221119211458</dtimeReal>
	<name>InterentTrojan</name>
	<triggerType>ATTACK_TRIGGER</triggerType>
	<timesGoneOff>9</timesGoneOff>
	<conditions>ConditionList: not AnyAssetAttacked(false) :end</conditions>
</trigger>
<userEvent>
	<dtimeGame>20220106161002</dtimeGame>	<dtimeReal>20221119211458</dtimeReal>
	<newMode>
		<name>Fiona</name>
		<animMode>3</animMode>
	</newMode>
	<cost>0</cost><cash>19057</cash>
</userEvent>
<goalFailure>
	<dtimeGame>20220106162231</dtimeGame>	<dtimeReal>20221119211501</dtimeReal>
	<name>Remote Sugar Data Access</name>
	<userList>Fiona</userList>
	<reason>The server wants a password?  Do I have an account?</reason>
	<cost>15</cost><cash>19061</cash>
</goalFailure>
<trigger>
	<dtimeGame>20220106162504</dtimeGame>	<dtimeReal>20221119211502</dtimeReal>
	<name>insider</name>
	<triggerType>ATTACK_TRIGGER</triggerType>
	<timesGoneOff>7</timesGoneOff>
	<conditions>ConditionList: not AnyAssetAttacked(false) :end</conditions>
</trigger>
<trigger>
	<dtimeGame>20220106162504</dtimeGame>	<dtimeReal>20221119211502</dtimeReal>
	<name>WireTap</name>
	<triggerType>ATTACK_TRIGGER</triggerType>
	<timesGoneOff>7</timesGoneOff>
	<conditions>ConditionList: not AnyAssetAttacked(false) :end</conditions>
</trigger>
<userEvent>
	<dtimeGame>20220106163055</dtimeGame>	<dtimeReal>20221119211503</dtimeReal>
	<newMode>
		<name>Fiona</name>
		<animMode>14</animMode>
	</newMode>
	<cost>0</cost><cash>19063</cash>
</userEvent>
<userEvent>
	<dtimeGame>20220106163752</dtimeGame>	<dtimeReal>20221119211504</dtimeReal>
	<newMode>
		<name>Fiona</name>
		<animMode>3</animMode>
	</newMode>
	<cost>0</cost><cash>19066</cash>
</userEvent>
<uiEvent>
	<dtimeGame>20220106165118</dtimeGame>	<dtimeReal>20221119211507</dtimeReal>
	<tab>game</tab>
</uiEvent>
<gameEvent>
	<dtimeGame>20220106165118</dtimeGame>	<dtimeReal>20221119211515</dtimeReal>
	<saveFile>saved_Nov19_21_15.sdf</saveFile>
</gameEvent>
<goalFailure>
	<dtimeGame>20220106165118</dtimeGame>	<dtimeReal>20221119211519</dtimeReal>
	<name>Remote Sugar Data Access</name>
	<userList>Fiona</userList>
	<reason>The server wants a password?  Do I have an account?</reason>
	<cost>0</cost><cash>19070</cash>
</goalFailure>
<goalFailure>
	<dtimeGame>20220106165118</dtimeGame>	<dtimeReal>20221119211519</dtimeReal>
	<name>Remote Sugar Data Access</name>
	<userList>Fiona</userList>
	<reason>The server wants a password?  Do I have an account?</reason>
	<cost>0</cost><cash>19070</cash>
</goalFailure>
<uiEvent>
	<dtimeGame>20220106165118</dtimeGame>	<dtimeReal>20221119211519</dtimeReal>
	<tab>office</tab>
</uiEvent>
<trigger>
	<dtimeGame>20220106165504</dtimeGame>	<dtimeReal>20221119211520</dtimeReal>
	<name>GoToFiona</name>
	<triggerType>SPEAK_TRIGGER</triggerType>
	<timesGoneOff>2</timesGoneOff>
	<conditions>ConditionList: FionaFailsGoal(true) :end</conditions>
</trigger>
<trigger>
	<dtimeGame>20220106171001</dtimeGame>	<dtimeReal>20221119211523</dtimeReal>
	<name>InterentTrojan</name>
	<triggerType>ATTACK_TRIGGER</triggerType>
	<timesGoneOff>10</timesGoneOff>
	<conditions>ConditionList: not AnyAssetAttacked(false) :end</conditions>
</trigger>
<userEvent>
	<dtimeGame>20220106171932</dtimeGame>	<dtimeReal>20221119211525</dtimeReal>
	<newMode>
		<name>Fiona</name>
		<animMode>14</animMode>
	</newMode>
	<cost>0</cost><cash>19079</cash>
</userEvent>
<trigger>
	<dtimeGame>20220106174000</dtimeGame>	<dtimeReal>20221119211529</dtimeReal>
	<name>insider</name>
	<triggerType>ATTACK_TRIGGER</triggerType>
	<timesGoneOff>8</timesGoneOff>
	<conditions>ConditionList: not AnyAssetAttacked(false) :end</conditions>
</trigger>
<trigger>
	<dtimeGame>20220106174000</dtimeGame>	<dtimeReal>20221119211529</dtimeReal>
	<name>WireTap</name>
	<triggerType>ATTACK_TRIGGER</triggerType>
	<timesGoneOff>8</timesGoneOff>
	<conditions>ConditionList: not AnyAssetAttacked(false) :end</conditions>
</trigger>
<userEvent>
	<dtimeGame>20220106174024</dtimeGame>	<dtimeReal>20221119211529</dtimeReal>
	<newMode>
		<name>Fiona</name>
		<animMode>3</animMode>
	</newMode>
	<cost>0</cost><cash>19086</cash>
</userEvent>
<userEvent>
	<dtimeGame>20220106175419</dtimeGame>	<dtimeReal>20221119211532</dtimeReal>
	<newMode>
		<name>Fiona</name>
		<animMode>14</animMode>
	</newMode>
	<cost>0</cost><cash>19090</cash>
</userEvent>
<userEvent>
	<dtimeGame>20220106180814</dtimeGame>	<dtimeReal>20221119211535</dtimeReal>
	<newMode>
		<name>Fiona</name>
		<animMode>3</animMode>
	</newMode>
	<cost>0</cost><cash>19095</cash>
</userEvent>
<trigger>
	<dtimeGame>20220106181000</dtimeGame>	<dtimeReal>20221119211535</dtimeReal>
	<name>InterentTrojan</name>
	<triggerType>ATTACK_TRIGGER</triggerType>
	<timesGoneOff>11</timesGoneOff>
	<conditions>ConditionList: not AnyAssetAttacked(false) :end</conditions>
</trigger>
<userEvent>
	<dtimeGame>20220106181512</dtimeGame>	<dtimeReal>20221119211536</dtimeReal>
	<newMode>
		<name>Fiona</name>
		<animMode>14</animMode>
	</newMode>
	<cost>0</cost><cash>19097</cash>
</userEvent>
<userEvent>
	<dtimeGame>20220106182209</dtimeGame>	<dtimeReal>20221119211538</dtimeReal>
	<newMode>
		<name>Fiona</name>
		<animMode>3</animMode>
	</newMode>
	<cost>0</cost><cash>19099</cash>
</userEvent>
<userEvent>
	<dtimeGame>20220106182907</dtimeGame>	<dtimeReal>20221119211539</dtimeReal>
	<newMode>
		<name>Fiona</name>
		<animMode>14</animMode>
	</newMode>
	<cost>0</cost><cash>19101</cash>
</userEvent>
<userEvent>
	<dtimeGame>20220106184302</dtimeGame>	<dtimeReal>20221119211542</dtimeReal>
	<newMode>
		<name>Fiona</name>
		<animMode>3</animMode>
	</newMode>
	<cost>0</cost><cash>19106</cash>
</userEvent>
<goalFailure>
	<dtimeGame>20220106184540</dtimeGame>	<dtimeReal>20221119211543</dtimeReal>
	<name>Remote Sugar Data Access</name>
	<userList>Fiona</userList>
	<reason>The server wants a password?  Do I have an account?</reason>
	<cost>15</cost><cash>19107</cash>
</goalFailure>
<trigger>
	<dtimeGame>20220106185501</dtimeGame>	<dtimeReal>20221119211545</dtimeReal>
	<name>insider</name>
	<triggerType>ATTACK_TRIGGER</triggerType>
	<timesGoneOff>9</timesGoneOff>
	<conditions>ConditionList: not AnyAssetAttacked(false) :end</conditions>
</trigger>
<trigger>
	<dtimeGame>20220106185501</dtimeGame>	<dtimeReal>20221119211545</dtimeReal>
	<name>WireTap</name>
	<triggerType>ATTACK_TRIGGER</triggerType>
	<timesGoneOff>9</timesGoneOff>
	<conditions>ConditionList: not AnyAssetAttacked(false) :end</conditions>
</trigger>
<trigger>
	<dtimeGame>20220106191003</dtimeGame>	<dtimeReal>20221119211548</dtimeReal>
	<name>InterentTrojan</name>
	<triggerType>ATTACK_TRIGGER</triggerType>
	<timesGoneOff>12</timesGoneOff>
	<conditions>ConditionList: not AnyAssetAttacked(false) :end</conditions>
</trigger>
<userEvent>
	<dtimeGame>20220106192446</dtimeGame>	<dtimeReal>20221119211551</dtimeReal>
	<newMode>
		<name>Fiona</name>
		<animMode>14</animMode>
	</newMode>
	<cost>0</cost><cash>19119</cash>
</userEvent>
<userEvent>
	<dtimeGame>20220106193144</dtimeGame>	<dtimeReal>20221119211552</dtimeReal>
	<newMode>
		<name>Fiona</name>
		<animMode>3</animMode>
	</newMode>
	<cost>0</cost><cash>19121</cash>
</userEvent>
<userEvent>
	<dtimeGame>20220106193841</dtimeGame>	<dtimeReal>20221119211554</dtimeReal>
	<newMode>
		<name>Fiona</name>
		<animMode>14</animMode>
	</newMode>
	<cost>0</cost><cash>19123</cash>
</userEvent>
<userEvent>
	<dtimeGame>20220106194539</dtimeGame>	<dtimeReal>20221119211555</dtimeReal>
	<newMode>
		<name>Fiona</name>
		<animMode>3</animMode>
	</newMode>
	<cost>0</cost><cash>19126</cash>
</userEvent>
<goalFailure>
	<dtimeGame>20220106195212</dtimeGame>	<dtimeReal>20221119211557</dtimeReal>
	<name>Remote Sugar Data Access</name>
	<userList>Fiona</userList>
	<reason>The server wants a password?  Do I have an account?</reason>
	<cost>16</cost><cash>19128</cash>
</goalFailure>
<trigger>
	<dtimeGame>20220106201002</dtimeGame>	<dtimeReal>20221119211600</dtimeReal>
	<name>insider</name>
	<triggerType>ATTACK_TRIGGER</triggerType>
	<timesGoneOff>10</timesGoneOff>
	<conditions>ConditionList: not AnyAssetAttacked(false) :end</conditions>
</trigger>
<trigger>
	<dtimeGame>20220106201002</dtimeGame>	<dtimeReal>20221119211600</dtimeReal>
	<name>InterentTrojan</name>
	<triggerType>ATTACK_TRIGGER</triggerType>
	<timesGoneOff>13</timesGoneOff>
	<conditions>ConditionList: not AnyAssetAttacked(false) :end</conditions>
</trigger>
<trigger>
	<dtimeGame>20220106201002</dtimeGame>	<dtimeReal>20221119211600</dtimeReal>
	<name>WireTap</name>
	<triggerType>ATTACK_TRIGGER</triggerType>
	<timesGoneOff>10</timesGoneOff>
	<conditions>ConditionList: not AnyAssetAttacked(false) :end</conditions>
</trigger>
<userEvent>
	<dtimeGame>20220106202026</dtimeGame>	<dtimeReal>20221119211602</dtimeReal>
	<newMode>
		<name>Fiona</name>
		<animMode>14</animMode>
	</newMode>
	<cost>0</cost><cash>19137</cash>
</userEvent>
<userEvent>
	<dtimeGame>20220106204118</dtimeGame>	<dtimeReal>20221119211607</dtimeReal>
	<newMode>
		<name>Fiona</name>
		<animMode>3</animMode>
	</newMode>
	<cost>0</cost><cash>19144</cash>
</userEvent>
<userEvent>
	<dtimeGame>20220106205513</dtimeGame>	<dtimeReal>20221119211610</dtimeReal>
	<newMode>
		<name>Fiona</name>
		<animMode>14</animMode>
	</newMode>
	<cost>0</cost><cash>19148</cash>
</userEvent>
<goalFailure>
	<dtimeGame>20220106205844</dtimeGame>	<dtimeReal>20221119211610</dtimeReal>
	<name>Remote Sugar Data Access</name>
	<userList>Fiona</userList>
	<reason>The server wants a password?  Do I have an account?</reason>
	<cost>15</cost><cash>19149</cash>
</goalFailure>
<userEvent>
	<dtimeGame>20220106210211</dtimeGame>	<dtimeReal>20221119211611</dtimeReal>
	<newMode>
		<name>Fiona</name>
		<animMode>3</animMode>
	</newMode>
	<cost>0</cost><cash>19150</cash>
</userEvent>
<trigger>
	<dtimeGame>20220106211001</dtimeGame>	<dtimeReal>20221119211613</dtimeReal>
	<name>InterentTrojan</name>
	<triggerType>ATTACK_TRIGGER</triggerType>
	<timesGoneOff>14</timesGoneOff>
	<conditions>ConditionList: not AnyAssetAttacked(false) :end</conditions>
</trigger>
<userEvent>
	<dtimeGame>20220106212303</dtimeGame>	<dtimeReal>20221119211615</dtimeReal>
	<newMode>
		<name>Fiona</name>
		<animMode>14</animMode>
	</newMode>
	<cost>0</cost><cash>19157</cash>
</userEvent>
<trigger>
	<dtimeGame>20220106212503</dtimeGame>	<dtimeReal>20221119211616</dtimeReal>
	<name>insider</name>
	<triggerType>ATTACK_TRIGGER</triggerType>
	<timesGoneOff>11</timesGoneOff>
	<conditions>ConditionList: not AnyAssetAttacked(false) :end</conditions>
</trigger>
<trigger>
	<dtimeGame>20220106212503</dtimeGame>	<dtimeReal>20221119211616</dtimeReal>
	<name>WireTap</name>
	<triggerType>ATTACK_TRIGGER</triggerType>
	<timesGoneOff>11</timesGoneOff>
	<conditions>ConditionList: not AnyAssetAttacked(false) :end</conditions>
</trigger>
<userEvent>
	<dtimeGame>20220106213658</dtimeGame>	<dtimeReal>20221119211618</dtimeReal>
	<newMode>
		<name>Fiona</name>
		<animMode>3</animMode>
	</newMode>
	<cost>0</cost><cash>19161</cash>
</userEvent>
<userEvent>
	<dtimeGame>20220106220448</dtimeGame>	<dtimeReal>20221119211624</dtimeReal>
	<newMode>
		<name>Fiona</name>
		<animMode>14</animMode>
	</newMode>
	<cost>0</cost><cash>19170</cash>
</userEvent>
<goalFailure>
	<dtimeGame>20220106220517</dtimeGame>	<dtimeReal>20221119211624</dtimeReal>
	<name>Remote Sugar Data Access</name>
	<userList>Fiona</userList>
	<reason>The server wants a password?  Do I have an account?</reason>
	<cost>16</cost><cash>19171</cash>
</goalFailure>
<trigger>
	<dtimeGame>20220106221000</dtimeGame>	<dtimeReal>20221119211625</dtimeReal>
	<name>InterentTrojan</name>
	<triggerType>ATTACK_TRIGGER</triggerType>
	<timesGoneOff>15</timesGoneOff>
	<conditions>ConditionList: not AnyAssetAttacked(false) :end</conditions>
</trigger>
<userEvent>
	<dtimeGame>20220106221145</dtimeGame>	<dtimeReal>20221119211626</dtimeReal>
	<newMode>
		<name>Fiona</name>
		<animMode>3</animMode>
	</newMode>
	<cost>0</cost><cash>19172</cash>
</userEvent>
<gameEvent>
	<dtimeGame>20220106222335</dtimeGame>	<dtimeReal>20221119211628</dtimeReal>
	<pause></pause>
</gameEvent>
<goalFailure>
	<dtimeGame>20220106222335</dtimeGame>	<dtimeReal>20221119211628</dtimeReal>
	<name>Remote Sugar Data Access</name>
	<userList>Fiona</userList>
	<reason>The server wants a password?  Do I have an account?</reason>
	<cost>0</cost><cash>19176</cash>
</goalFailure>
<uiEvent>
	<dtimeGame>20220106222335</dtimeGame>	<dtimeReal>20221119211629</dtimeReal>
	<tab>objective</tab>
</uiEvent>
