<?xml version="1.0"?>
<!DOCTYPE CyberCIEGEeventLog SYSTEM "..\..\eventlog.dtd">
<CyberCIEGEeventLog>
<gameEvent>
	<dtimeGame>20220101060200</dtimeGame>	<dtimeReal>20221120131926</dtimeReal>
	<loadFile>C:\Users\Mohit Yadav\AppData\Roaming\CyberCIEGE\Identity Management\Mohit Yadav\AuthPhaseTwo.sdf</loadFile>
</gameEvent>
<gameEvent>
	<dtimeGame>20220101060200</dtimeGame>	<dtimeReal>20221120131926</dtimeReal>
	<loadFile>Authentication.CSM 9/30/16 3 46 PM</loadFile>
</gameEvent>
<gameEvent>
	<dtimeGame>20220106222500</dtimeGame>	<dtimeReal>20221120131927</dtimeReal>
	<creates>
		<user>Blake</user>
	</creates>
</gameEvent>
<gameEvent>
	<dtimeGame>20220106222500</dtimeGame>	<dtimeReal>20221120131927</dtimeReal>
	<creates>
		<user>Customer</user>
	</creates>
</gameEvent>
<gameEvent>
	<dtimeGame>20220106222500</dtimeGame>	<dtimeReal>20221120131927</dtimeReal>
	<creates>
		<user>Joe</user>
	</creates>
</gameEvent>
<gameEvent>
	<dtimeGame>20220106222500</dtimeGame>	<dtimeReal>20221120131927</dtimeReal>
	<creates>
		<user>Mary</user>
	</creates>
</gameEvent>
<gameEvent>
	<dtimeGame>20220106222500</dtimeGame>	<dtimeReal>20221120131927</dtimeReal>
	<creates>
		<user>Frank</user>
	</creates>
</gameEvent>
<gameEvent>
	<dtimeGame>20220106222500</dtimeGame>	<dtimeReal>20221120131927</dtimeReal>
	<creates>
		<user>Peggy</user>
	</creates>
</gameEvent>
<gameEvent>
	<dtimeGame>20220106222500</dtimeGame>	<dtimeReal>20221120131927</dtimeReal>
	<creates>
		<user>Fiona</user>
	</creates>
</gameEvent>
<gameEvent>
	<dtimeGame>20220106222500</dtimeGame>	<dtimeReal>20221120131927</dtimeReal>
	<creates>
		<user>ITguy1</user>
	</creates>
</gameEvent>
<componentEvent>
	<dtimeGame>20220106222500</dtimeGame>	<dtimeReal>20221120131927</dtimeReal>
	<name>Lollipop Server</name>
	<networkConnect>Lan1</networkConnect>
	<cost>0</cost><cash>6125</cash>
</componentEvent>
<componentEvent>
	<dtimeGame>20220106222500</dtimeGame>	<dtimeReal>20221120131927</dtimeReal>
	<name>Lollipop Server</name>
	<accountAdd>
		<user>Joe</user>
	</accountAdd>
	<cost>0</cost><cash>6125</cash>
</componentEvent>
<componentEvent>
	<dtimeGame>20220106222500</dtimeGame>	<dtimeReal>20221120131927</dtimeReal>
	<name>Lollipop Server</name>
	<accountAdd>
		<user>Mary</user>
	</accountAdd>
	<cost>0</cost><cash>6125</cash>
</componentEvent>
<componentEvent>
	<dtimeGame>20220106222500</dtimeGame>	<dtimeReal>20221120131927</dtimeReal>
	<name>Lollipop Server</name>
	<accountAdd>
		<user>Frank</user>
	</accountAdd>
	<cost>0</cost><cash>6125</cash>
</componentEvent>
<componentEvent>
	<dtimeGame>20220106222500</dtimeGame>	<dtimeReal>20221120131927</dtimeReal>
	<name>Lollipop Server</name>
	<accountAdd>
		<user>Peggy</user>
	</accountAdd>
	<cost>0</cost><cash>6125</cash>
</componentEvent>
<componentEvent>
	<dtimeGame>20220106222500</dtimeGame>	<dtimeReal>20221120131927</dtimeReal>
	<name>Lollipop Server</name>
	<accountAdd>
		<user>Fiona</user>
	</accountAdd>
	<cost>0</cost><cash>6125</cash>
</componentEvent>
<assetEvent>
	<dtimeGame>20220106222500</dtimeGame>	<dtimeReal>20221120131927</dtimeReal>
	<name>M and F Web Site</name>
	<moveType>Add : SCENARIO_FILE</moveType>
	<computerName>Lollipop Server</computerName>
</assetEvent>
<assetEvent>
	<dtimeGame>20220106222500</dtimeGame>	<dtimeReal>20221120131927</dtimeReal>
	<name>Sugar Spinner Data</name>
	<moveType>Add : SCENARIO_FILE</moveType>
	<computerName>Lollipop Server</computerName>
</assetEvent>
<gameEvent>
	<dtimeGame>20220106222500</dtimeGame>	<dtimeReal>20221120131927</dtimeReal>
	<creates>
		<computerName>Lollipop Server</computerName>
	</creates>
</gameEvent>
<componentEvent>
	<dtimeGame>20220106222500</dtimeGame>	<dtimeReal>20221120131927</dtimeReal>
	<name>Button Holer</name>
	<networkConnect>Lan1</networkConnect>
	<cost>0</cost><cash>6125</cash>
</componentEvent>
<gameEvent>
	<dtimeGame>20220106222500</dtimeGame>	<dtimeReal>20221120131927</dtimeReal>
	<creates>
		<computerName>Button Holer</computerName>
	</creates>
</gameEvent>
<componentEvent>
	<dtimeGame>20220106222500</dtimeGame>	<dtimeReal>20221120131927</dtimeReal>
	<name>Joe's Workstation</name>
	<networkConnect>Lan1</networkConnect>
	<cost>0</cost><cash>6125</cash>
</componentEvent>
<assetEvent>
	<dtimeGame>20220106222500</dtimeGame>	<dtimeReal>20221120131927</dtimeReal>
	<name>Joe's Stuff</name>
	<moveType>Add : SCENARIO_FILE</moveType>
	<computerName>Joe's Workstation</computerName>
</assetEvent>
<gameEvent>
	<dtimeGame>20220106222500</dtimeGame>	<dtimeReal>20221120131927</dtimeReal>
	<creates>
		<computerName>Joe's Workstation</computerName>
	</creates>
</gameEvent>
<componentEvent>
	<dtimeGame>20220106222500</dtimeGame>	<dtimeReal>20221120131927</dtimeReal>
	<name>Mary's Workstation</name>
	<networkConnect>Lan1</networkConnect>
	<cost>0</cost><cash>6125</cash>
</componentEvent>
<assetEvent>
	<dtimeGame>20220106222500</dtimeGame>	<dtimeReal>20221120131927</dtimeReal>
	<name>Mary's Stuff</name>
	<moveType>Add : SCENARIO_FILE</moveType>
	<computerName>Mary's Workstation</computerName>
</assetEvent>
<gameEvent>
	<dtimeGame>20220106222500</dtimeGame>	<dtimeReal>20221120131927</dtimeReal>
	<creates>
		<computerName>Mary's Workstation</computerName>
	</creates>
</gameEvent>
<componentEvent>
	<dtimeGame>20220106222500</dtimeGame>	<dtimeReal>20221120131927</dtimeReal>
	<name>Frank's Workstation</name>
	<networkConnect>Lan1</networkConnect>
	<cost>0</cost><cash>6125</cash>
</componentEvent>
<assetEvent>
	<dtimeGame>20220106222500</dtimeGame>	<dtimeReal>20221120131927</dtimeReal>
	<name>Frank's Stuff</name>
	<moveType>Add : SCENARIO_FILE</moveType>
	<computerName>Frank's Workstation</computerName>
</assetEvent>
<gameEvent>
	<dtimeGame>20220106222500</dtimeGame>	<dtimeReal>20221120131927</dtimeReal>
	<creates>
		<computerName>Frank's Workstation</computerName>
	</creates>
</gameEvent>
<componentEvent>
	<dtimeGame>20220106222500</dtimeGame>	<dtimeReal>20221120131927</dtimeReal>
	<name>Peggy's Workstation</name>
	<networkConnect>Lan1</networkConnect>
	<cost>0</cost><cash>6125</cash>
</componentEvent>
<assetEvent>
	<dtimeGame>20220106222500</dtimeGame>	<dtimeReal>20221120131927</dtimeReal>
	<name>Peggy's Stuff</name>
	<moveType>Add : SCENARIO_FILE</moveType>
	<computerName>Peggy's Workstation</computerName>
</assetEvent>
<gameEvent>
	<dtimeGame>20220106222500</dtimeGame>	<dtimeReal>20221120131927</dtimeReal>
	<creates>
		<computerName>Peggy's Workstation</computerName>
	</creates>
</gameEvent>
<componentEvent>
	<dtimeGame>20220106222500</dtimeGame>	<dtimeReal>20221120131927</dtimeReal>
	<name>Hotel Workstation</name>
	<networkConnect>Offsite LAN</networkConnect>
	<cost>0</cost><cash>6125</cash>
</componentEvent>
<gameEvent>
	<dtimeGame>20220106222500</dtimeGame>	<dtimeReal>20221120131927</dtimeReal>
	<creates>
		<computerName>Hotel Workstation</computerName>
	</creates>
</gameEvent>
<componentEvent>
	<dtimeGame>20220106222500</dtimeGame>	<dtimeReal>20221120131927</dtimeReal>
	<name>Visitor's Workstation</name>
	<networkConnect>Lan1</networkConnect>
	<cost>0</cost><cash>6125</cash>
</componentEvent>
<gameEvent>
	<dtimeGame>20220106222500</dtimeGame>	<dtimeReal>20221120131927</dtimeReal>
	<creates>
		<computerName>Visitor's Workstation</computerName>
	</creates>
</gameEvent>
<componentEvent>
	<dtimeGame>20220106222500</dtimeGame>	<dtimeReal>20221120131927</dtimeReal>
	<name>Customer's Workstation</name>
	<networkConnect>Customer LAN</networkConnect>
	<cost>0</cost><cash>6125</cash>
</componentEvent>
<componentEvent>
	<dtimeGame>20220106222500</dtimeGame>	<dtimeReal>20221120131927</dtimeReal>
	<name>Customer's Workstation</name>
	<accountAdd>
		<user>Customer</user>
	</accountAdd>
	<cost>0</cost><cash>6125</cash>
</componentEvent>
<gameEvent>
	<dtimeGame>20220106222500</dtimeGame>	<dtimeReal>20221120131927</dtimeReal>
	<creates>
		<computerName>Customer's Workstation</computerName>
	</creates>
</gameEvent>
<gameEvent>
	<dtimeGame>20220106222500</dtimeGame>	<dtimeReal>20221120131927</dtimeReal>
	<creates>
		<computerName>Smartcard Minter</computerName>
	</creates>
</gameEvent>
<gameEvent>
	<dtimeGame>20220106222500</dtimeGame>	<dtimeReal>20221120131927</dtimeReal>
	<creates>
		<computerName>Veriscream CA</computerName>
	</creates>
</gameEvent>
<componentEvent>
	<dtimeGame>20220106222500</dtimeGame>	<dtimeReal>20221120131927</dtimeReal>
	<name>customer router</name>
	<networkConnect>Internet</networkConnect>
	<cost>0</cost><cash>6125</cash>
</componentEvent>
<componentEvent>
	<dtimeGame>20220106222500</dtimeGame>	<dtimeReal>20221120131927</dtimeReal>
	<name>customer router</name>
	<networkConnect>Customer LAN</networkConnect>
	<cost>0</cost><cash>6125</cash>
</componentEvent>
<gameEvent>
	<dtimeGame>20220106222500</dtimeGame>	<dtimeReal>20221120131927</dtimeReal>
	<creates>
		<deviceName>customer router</deviceName>
	</creates>
</gameEvent>
<componentEvent>
	<dtimeGame>20220106222500</dtimeGame>	<dtimeReal>20221120131927</dtimeReal>
	<name>HotelRouter</name>
	<networkConnect>Internet</networkConnect>
	<cost>0</cost><cash>6125</cash>
</componentEvent>
<componentEvent>
	<dtimeGame>20220106222500</dtimeGame>	<dtimeReal>20221120131927</dtimeReal>
	<name>HotelRouter</name>
	<networkConnect>Offsite LAN</networkConnect>
	<cost>0</cost><cash>6125</cash>
</componentEvent>
<gameEvent>
	<dtimeGame>20220106222500</dtimeGame>	<dtimeReal>20221120131927</dtimeReal>
	<creates>
		<deviceName>HotelRouter</deviceName>
	</creates>
</gameEvent>
<componentEvent>
	<dtimeGame>20220106222500</dtimeGame>	<dtimeReal>20221120131927</dtimeReal>
	<name>router</name>
	<networkConnect>Internet</networkConnect>
	<cost>0</cost><cash>6125</cash>
</componentEvent>
<componentEvent>
	<dtimeGame>20220106222500</dtimeGame>	<dtimeReal>20221120131927</dtimeReal>
	<name>router</name>
	<networkConnect>Lan1</networkConnect>
	<cost>0</cost><cash>6125</cash>
</componentEvent>
<gameEvent>
	<dtimeGame>20220106222500</dtimeGame>	<dtimeReal>20221120131927</dtimeReal>
	<creates>
		<deviceName>router</deviceName>
	</creates>
</gameEvent>
<goalFailure>
	<dtimeGame>20220106222500</dtimeGame>	<dtimeReal>20221120131927</dtimeReal>
	<name>Modify Sugar Data</name>
	<userList>Blake</userList>
	<reason>The server wants a password?  Do I have an account?</reason>
	<cost>0</cost><cash>6125</cash>
</goalFailure>
<gameEvent>
	<dtimeGame>20220106222500</dtimeGame>	<dtimeReal>20221120131927</dtimeReal>
	<start></start>
</gameEvent>
<gameEvent>
	<dtimeGame>20220106222500</dtimeGame>	<dtimeReal>20221120131933</dtimeReal>
	<resume></resume>
</gameEvent>
<goalFailure>
	<dtimeGame>20220106222500</dtimeGame>	<dtimeReal>20221120131933</dtimeReal>
	<name>Modify Sugar Data</name>
	<userList>Blake</userList>
	<reason>The server wants a password?  Do I have an account?</reason>
	<cost>0</cost><cash>6125</cash>
</goalFailure>
<summaryEvent>
	<dtimeGame>20220106222602</dtimeGame>	<dtimeReal>20221120131933</dtimeReal>
	<bonus>1</bonus><cash>6126</cash>
</summaryEvent>
<trigger>
	<dtimeGame>20220106222602</dtimeGame>	<dtimeReal>20221120131933</dtimeReal>
	<name>GoToBlake</name>
	<triggerType>SPEAK_TRIGGER</triggerType>
	<timesGoneOff>2</timesGoneOff>
	<conditions>ConditionList: BlakeFailsGoal(true) :end</conditions>
</trigger>
<trigger>
	<dtimeGame>20220106223104</dtimeGame>	<dtimeReal>20221120131934</dtimeReal>
	<name>insider</name>
	<triggerType>ATTACK_TRIGGER</triggerType>
	<timesGoneOff>12</timesGoneOff>
	<conditions>ConditionList: not AnyAssetAttacked(false) :end</conditions>
</trigger>
<trigger>
	<dtimeGame>20220106223104</dtimeGame>	<dtimeReal>20221120131934</dtimeReal>
	<name>InterentTrojan</name>
	<triggerType>ATTACK_TRIGGER</triggerType>
	<timesGoneOff>14</timesGoneOff>
	<conditions>ConditionList: not AnyAssetAttacked(false) :end</conditions>
</trigger>
<trigger>
	<dtimeGame>20220106223104</dtimeGame>	<dtimeReal>20221120131934</dtimeReal>
	<name>WireTap</name>
	<triggerType>ATTACK_TRIGGER</triggerType>
	<timesGoneOff>11</timesGoneOff>
	<conditions>ConditionList: not AnyAssetAttacked(false) :end</conditions>
</trigger>
<trigger>
	<dtimeGame>20220106224104</dtimeGame>	<dtimeReal>20221120131937</dtimeReal>
	<name>NoBlakeProfile</name>
	<triggerType>TICKER_TRIGGER</triggerType>
	<timesGoneOff>1</timesGoneOff>
	<conditions>ConditionList: PhaseTwoDone(true) and BlakeFailsGoal(true) and_not VisitorHasBlakeProfile(false) :end</conditions>
</trigger>
<componentEvent>
	<dtimeGame>20220106230059</dtimeGame>	<dtimeReal>20221120131956</dtimeReal>
	<name>CardReader_2</name>
	<buy>
		<catalogName>CardReader</catalogName>
		<position>6</position>
	</buy>
	<cost>1000</cost><cash>5168</cash>
</componentEvent>
<goalFailure>
	<dtimeGame>20220106230059</dtimeGame>	<dtimeReal>20221120131956</dtimeReal>
	<name>Modify Sugar Data</name>
	<userList>Blake</userList>
	<reason>The server wants a password?  Do I have an account?</reason>
	<cost>0</cost><cash>5168</cash>
</goalFailure>
<componentEvent>
	<dtimeGame>20220106230137</dtimeGame>	<dtimeReal>20221120131956</dtimeReal>
	<name>Visitor's Workstation</name>
	<move>
		<position>6</position>
		<newName>Visitor's Workstation</newName>
	</move>
	<cost>0</cost><cash>5169</cash>
</componentEvent>
<goalFailure>
	<dtimeGame>20220106230137</dtimeGame>	<dtimeReal>20221120131956</dtimeReal>
	<name>Modify Sugar Data</name>
	<userList>Blake</userList>
	<reason>The server wants a password?  Do I have an account?</reason>
	<cost>0</cost><cash>5169</cash>
</goalFailure>
<trigger>
	<dtimeGame>20220106232601</dtimeGame>	<dtimeReal>20221120132001</dtimeReal>
	<name>NoBlakeProfile</name>
	<triggerType>TICKER_TRIGGER</triggerType>
	<timesGoneOff>2</timesGoneOff>
	<conditions>ConditionList: PhaseTwoDone(true) and BlakeFailsGoal(true) and_not VisitorHasBlakeProfile(false) :end</conditions>
</trigger>
<trigger>
	<dtimeGame>20220106233103</dtimeGame>	<dtimeReal>20221120132002</dtimeReal>
	<name>InterentTrojan</name>
	<triggerType>ATTACK_TRIGGER</triggerType>
	<timesGoneOff>15</timesGoneOff>
	<conditions>ConditionList: not AnyAssetAttacked(false) :end</conditions>
</trigger>
<uiEvent>
	<dtimeGame>20220106233439</dtimeGame>	<dtimeReal>20221120132003</dtimeReal>
	<tab>component</tab>
</uiEvent>
<componentEvent>
	<dtimeGame>20220106233439</dtimeGame>	<dtimeReal>20221120132015</dtimeReal>
	<name>Visitor's Workstation</name>
	<configSetting>
		<field>UseSmartcard:</field>
		<value>true</value>
		<newProtection>-1</newProtection>
	</configSetting>
	<cost>700</cost><cash>4509</cash>
</componentEvent>
<goalFailure>
	<dtimeGame>20220106233439</dtimeGame>	<dtimeReal>20221120132022</dtimeReal>
	<name>Modify Sugar Data</name>
	<userList>Blake</userList>
	<reason>The server wants a password?  Do I have an account?</reason>
	<cost>0</cost><cash>4509</cash>
</goalFailure>
<goalFailure>
	<dtimeGame>20220106233439</dtimeGame>	<dtimeReal>20221120132022</dtimeReal>
	<name>Modify Sugar Data</name>
	<userList>Blake</userList>
	<reason>The server wants a password?  Do I have an account?</reason>
	<cost>0</cost><cash>4509</cash>
</goalFailure>
<uiEvent>
	<dtimeGame>20220106233439</dtimeGame>	<dtimeReal>20221120132022</dtimeReal>
	<tab>office</tab>
</uiEvent>
<trigger>
	<dtimeGame>20220106234103</dtimeGame>	<dtimeReal>20221120132023</dtimeReal>
	<name>GoToBlake</name>
	<triggerType>SPEAK_TRIGGER</triggerType>
	<timesGoneOff>3</timesGoneOff>
	<conditions>ConditionList: BlakeFailsGoal(true) :end</conditions>
</trigger>
<trigger>
	<dtimeGame>20220106234600</dtimeGame>	<dtimeReal>20221120132024</dtimeReal>
	<name>insider</name>
	<triggerType>ATTACK_TRIGGER</triggerType>
	<timesGoneOff>13</timesGoneOff>
	<conditions>ConditionList: not AnyAssetAttacked(false) :end</conditions>
</trigger>
<trigger>
	<dtimeGame>20220106234600</dtimeGame>	<dtimeReal>20221120132024</dtimeReal>
	<name>WireTap</name>
	<triggerType>ATTACK_TRIGGER</triggerType>
	<timesGoneOff>12</timesGoneOff>
	<conditions>ConditionList: not AnyAssetAttacked(false) :end</conditions>
</trigger>
<trigger>
	<dtimeGame>20220107001102</dtimeGame>	<dtimeReal>20221120132029</dtimeReal>
	<name>NoBlakeProfile</name>
	<triggerType>TICKER_TRIGGER</triggerType>
	<timesGoneOff>3</timesGoneOff>
	<conditions>ConditionList: PhaseTwoDone(true) and BlakeFailsGoal(true) and_not VisitorHasBlakeProfile(false) :end</conditions>
</trigger>
<trigger>
	<dtimeGame>20220107003102</dtimeGame>	<dtimeReal>20221120132033</dtimeReal>
	<name>InterentTrojan</name>
	<triggerType>ATTACK_TRIGGER</triggerType>
	<timesGoneOff>16</timesGoneOff>
	<conditions>ConditionList: not AnyAssetAttacked(false) :end</conditions>
</trigger>
<uiEvent>
	<dtimeGame>20220107004457</dtimeGame>	<dtimeReal>20221120132036</dtimeReal>
	<tab>objective</tab>
</uiEvent>
<uiEvent>
	<dtimeGame>20220107004457</dtimeGame>	<dtimeReal>20221120132038</dtimeReal>
	<tab>component</tab>
</uiEvent>
<componentEvent>
	<dtimeGame>20220107004457</dtimeGame>	<dtimeReal>20221120132111</dtimeReal>
	<name>Visitor's Workstation</name>
	<configSetting>
		<field>EnforcePasswordPolicy:</field>
		<value>false</value>
		<newProtection>-1</newProtection>
	</configSetting>
	<cost>50</cost><cash>4545</cash>
</componentEvent>
<uiEvent>
	<dtimeGame>20220107004457</dtimeGame>	<dtimeReal>20221120132146</dtimeReal>
	<tab>component</tab>
</uiEvent>
<componentEvent>
	<dtimeGame>20220107004457</dtimeGame>	<dtimeReal>20221120132213</dtimeReal>
	<name>Visitor's Workstation</name>
	<authServerAdd>Lollipop Server</authServerAdd>	<cost>0</cost><cash>4545</cash>
</componentEvent>
<uiEvent>
	<dtimeGame>20220107004457</dtimeGame>	<dtimeReal>20221120132215</dtimeReal>
	<tab>component</tab>
</uiEvent>
<goalFailure>
	<dtimeGame>20220107004457</dtimeGame>	<dtimeReal>20221120132227</dtimeReal>
	<name>Modify Sugar Data</name>
	<userList>Blake</userList>
	<reason>The server wants a password?  Do I have an account?</reason>
	<cost>0</cost><cash>4545</cash>
</goalFailure>
<goalFailure>
	<dtimeGame>20220107004457</dtimeGame>	<dtimeReal>20221120132227</dtimeReal>
	<name>Modify Sugar Data</name>
	<userList>Blake</userList>
	<reason>The server wants a password?  Do I have an account?</reason>
	<cost>0</cost><cash>4545</cash>
</goalFailure>
<uiEvent>
	<dtimeGame>20220107004457</dtimeGame>	<dtimeReal>20221120132227</dtimeReal>
	<tab>office</tab>
</uiEvent>
<trigger>
	<dtimeGame>20220107005604</dtimeGame>	<dtimeReal>20221120132230</dtimeReal>
	<name>GoToBlake</name>
	<triggerType>SPEAK_TRIGGER</triggerType>
	<timesGoneOff>4</timesGoneOff>
	<conditions>ConditionList: BlakeFailsGoal(true) :end</conditions>
</trigger>
<trigger>
	<dtimeGame>20220107010101</dtimeGame>	<dtimeReal>20221120132231</dtimeReal>
	<name>insider</name>
	<triggerType>ATTACK_TRIGGER</triggerType>
	<timesGoneOff>14</timesGoneOff>
	<conditions>ConditionList: not AnyAssetAttacked(false) :end</conditions>
</trigger>
<trigger>
	<dtimeGame>20220107010101</dtimeGame>	<dtimeReal>20221120132231</dtimeReal>
	<name>WireTap</name>
	<triggerType>ATTACK_TRIGGER</triggerType>
	<timesGoneOff>13</timesGoneOff>
	<conditions>ConditionList: not AnyAssetAttacked(false) :end</conditions>
</trigger>
<gameEvent>
	<dtimeGame>20220107011944</dtimeGame>	<dtimeReal>20221120132235</dtimeReal>
	<pause></pause>
</gameEvent>
<goalFailure>
	<dtimeGame>20220107011944</dtimeGame>	<dtimeReal>20221120132235</dtimeReal>
	<name>Modify Sugar Data</name>
	<userList>Blake</userList>
	<reason>The server wants a password?  Do I have an account?</reason>
	<cost>0</cost><cash>4587</cash>
</goalFailure>
<gameEvent>
	<dtimeGame>20220107011944</dtimeGame>	<dtimeReal>20221120132238</dtimeReal>
	<resume></resume>
</gameEvent>
<goalFailure>
	<dtimeGame>20220107011944</dtimeGame>	<dtimeReal>20221120132238</dtimeReal>
	<name>Modify Sugar Data</name>
	<userList>Blake</userList>
	<reason>The server wants a password?  Do I have an account?</reason>
	<cost>0</cost><cash>4587</cash>
</goalFailure>
<trigger>
	<dtimeGame>20220107013101</dtimeGame>	<dtimeReal>20221120132241</dtimeReal>
	<name>InterentTrojan</name>
	<triggerType>ATTACK_TRIGGER</triggerType>
	<timesGoneOff>17</timesGoneOff>
	<conditions>ConditionList: not AnyAssetAttacked(false) :end</conditions>
</trigger>
<trigger>
	<dtimeGame>20220107013603</dtimeGame>	<dtimeReal>20221120132242</dtimeReal>
	<name>NoBlakeProfile</name>
	<triggerType>TICKER_TRIGGER</triggerType>
	<timesGoneOff>4</timesGoneOff>
	<conditions>ConditionList: PhaseTwoDone(true) and BlakeFailsGoal(true) and_not VisitorHasBlakeProfile(false) :end</conditions>
</trigger>
<trigger>
	<dtimeGame>20220107021100</dtimeGame>	<dtimeReal>20221120132249</dtimeReal>
	<name>GoToBlake</name>
	<triggerType>SPEAK_TRIGGER</triggerType>
	<timesGoneOff>5</timesGoneOff>
	<conditions>ConditionList: BlakeFailsGoal(true) :end</conditions>
</trigger>
<trigger>
	<dtimeGame>20220107021602</dtimeGame>	<dtimeReal>20221120132250</dtimeReal>
	<name>insider</name>
	<triggerType>ATTACK_TRIGGER</triggerType>
	<timesGoneOff>15</timesGoneOff>
	<conditions>ConditionList: not AnyAssetAttacked(false) :end</conditions>
</trigger>
<trigger>
	<dtimeGame>20220107021602</dtimeGame>	<dtimeReal>20221120132250</dtimeReal>
	<name>WireTap</name>
	<triggerType>ATTACK_TRIGGER</triggerType>
	<timesGoneOff>14</timesGoneOff>
	<conditions>ConditionList: not AnyAssetAttacked(false) :end</conditions>
</trigger>
<trigger>
	<dtimeGame>20220107022100</dtimeGame>	<dtimeReal>20221120132251</dtimeReal>
	<name>NoBlakeProfile</name>
	<triggerType>TICKER_TRIGGER</triggerType>
	<timesGoneOff>5</timesGoneOff>
	<conditions>ConditionList: PhaseTwoDone(true) and BlakeFailsGoal(true) and_not VisitorHasBlakeProfile(false) :end</conditions>
</trigger>
<trigger>
	<dtimeGame>20220107023104</dtimeGame>	<dtimeReal>20221120132253</dtimeReal>
	<name>InterentTrojan</name>
	<triggerType>ATTACK_TRIGGER</triggerType>
	<timesGoneOff>18</timesGoneOff>
	<conditions>ConditionList: not AnyAssetAttacked(false) :end</conditions>
</trigger>
<goalFailure>
	<dtimeGame>20220107023909</dtimeGame>	<dtimeReal>20221120132255</dtimeReal>
	<name>Modify Sugar Data</name>
	<userList>Blake</userList>
	<reason>The server wants a password?  Do I have an account?</reason>
	<cost>16</cost><cash>4685</cash>
</goalFailure>
<uiEvent>
	<dtimeGame>20220107024031</dtimeGame>	<dtimeReal>20221120132255</dtimeReal>
	<tab>component</tab>
</uiEvent>
<componentEvent>
	<dtimeGame>20220107024031</dtimeGame>	<dtimeReal>20221120132404</dtimeReal>
	<name>Lollipop Server</name>
	<profileAdd>
		<group>Marketing</group>
	</profileAdd>
	<cost>0</cost><cash>4686</cash>
</componentEvent>
<uiEvent>
	<dtimeGame>20220107024031</dtimeGame>	<dtimeReal>20221120132406</dtimeReal>
	<tab>component</tab>
</uiEvent>
<triggerErase>
	<dtimeGame>20220107024031</dtimeGame>	<dtimeReal>20221120132406</dtimeReal>
	<name>NoBlakeProfile</name>
	<triggerType>TICKER_TRIGGER</triggerType>
	<timesGoneOff>5</timesGoneOff>
	<conditions>ConditionList: PhaseTwoDone(true) and BlakeFailsGoal(true) and_not VisitorHasBlakeProfile(true) :end</conditions>
</triggerErase>
<componentEvent>
	<dtimeGame>20220107024031</dtimeGame>	<dtimeReal>20221120132422</dtimeReal>
	<name>Lollipop Server</name>
	<assetACL>
		<assetName>Sugar Spinner Data</assetName>
		<removeDeniedGroup>Public</removeDeniedGroup>
	</assetACL>
	<cost>0</cost><cash>4686</cash>
</componentEvent>
<uiEvent>
	<dtimeGame>20220107024031</dtimeGame>	<dtimeReal>20221120132437</dtimeReal>
	<tab>component</tab>
</uiEvent>
<componentEvent>
	<dtimeGame>20220107024031</dtimeGame>	<dtimeReal>20221120132451</dtimeReal>
	<name>Lollipop Server</name>
	<assetACL>
		<assetName>Sugar Spinner Data</assetName>
		<removeDeniedGroup>Public</removeDeniedGroup>
	</assetACL>
	<cost>0</cost><cash>4686</cash>
</componentEvent>
<uiEvent>
	<dtimeGame>20220107024031</dtimeGame>	<dtimeReal>20221120132458</dtimeReal>
	<tab>component</tab>
</uiEvent>
<componentEvent>
	<dtimeGame>20220107024031</dtimeGame>	<dtimeReal>20221120132502</dtimeReal>
	<name>Lollipop Server</name>
	<assetACL>
		<assetName>Sugar Spinner Data</assetName>
		<removeDeniedGroup>Public</removeDeniedGroup>
	</assetACL>
	<cost>0</cost><cash>4686</cash>
</componentEvent>
<goalFailure>
	<dtimeGame>20220107024031</dtimeGame>	<dtimeReal>20221120132514</dtimeReal>
	<name>Modify Sugar Data</name>
	<userList>Blake</userList>
	<reason>The server wants a password?  Do I have an account?</reason>
	<cost>0</cost><cash>4686</cash>
</goalFailure>
<goalFailure>
	<dtimeGame>20220107024031</dtimeGame>	<dtimeReal>20221120132514</dtimeReal>
	<name>Modify Sugar Data</name>
	<userList>Blake</userList>
	<reason>The server wants a password?  Do I have an account?</reason>
	<cost>0</cost><cash>4686</cash>
</goalFailure>
<uiEvent>
	<dtimeGame>20220107024031</dtimeGame>	<dtimeReal>20221120132514</dtimeReal>
	<tab>office</tab>
</uiEvent>
<trigger>
	<dtimeGame>20220107024104</dtimeGame>	<dtimeReal>20221120132514</dtimeReal>
	<name>CardNoAuthData</name>
	<triggerType>TICKER_TRIGGER</triggerType>
	<timesGoneOff>1</timesGoneOff>
	<conditions>ConditionList: PhaseTwoDone(true) and VisitorHasCardReader5,5 and BlakeFailsGoal(true) and VisitorHasBlakeProfile(true) :end</conditions>
</trigger>
<goalFailure>
	<dtimeGame>20220107030713</dtimeGame>	<dtimeReal>20221120132520</dtimeReal>
	<name>Modify Sugar Data</name>
	<userList>Blake</userList>
	<reason>The server wants a password?  Do I have an account?</reason>
	<cost>6</cost><cash>4719</cash>
</goalFailure>
<uiEvent>
	<dtimeGame>20220107030713</dtimeGame>	<dtimeReal>20221120132520</dtimeReal>
	<tab>user</tab>
</uiEvent>
<uiEvent>
	<dtimeGame>20220107030713</dtimeGame>	<dtimeReal>20221120132522</dtimeReal>
	<tab>component</tab>
</uiEvent>
<goalFailure>
	<dtimeGame>20220107030713</dtimeGame>	<dtimeReal>20221120132820</dtimeReal>
	<name>Modify Sugar Data</name>
	<userList>Blake</userList>
	<reason>The server wants a password?  Do I have an account?</reason>
	<cost>0</cost><cash>4719</cash>
</goalFailure>
<goalFailure>
	<dtimeGame>20220107030713</dtimeGame>	<dtimeReal>20221120132820</dtimeReal>
	<name>Modify Sugar Data</name>
	<userList>Blake</userList>
	<reason>The server wants a password?  Do I have an account?</reason>
	<cost>0</cost><cash>4719</cash>
</goalFailure>
<uiEvent>
	<dtimeGame>20220107030713</dtimeGame>	<dtimeReal>20221120132820</dtimeReal>
	<tab>office</tab>
</uiEvent>
<trigger>
	<dtimeGame>20220107032601</dtimeGame>	<dtimeReal>20221120132824</dtimeReal>
	<name>GoToBlake</name>
	<triggerType>SPEAK_TRIGGER</triggerType>
	<timesGoneOff>6</timesGoneOff>
	<conditions>ConditionList: BlakeFailsGoal(true) :end</conditions>
</trigger>
<trigger>
	<dtimeGame>20220107032601</dtimeGame>	<dtimeReal>20221120132824</dtimeReal>
	<name>CardNoAuthData</name>
	<triggerType>TICKER_TRIGGER</triggerType>
	<timesGoneOff>2</timesGoneOff>
	<conditions>ConditionList: PhaseTwoDone(true) and VisitorHasCardReader5,5 and BlakeFailsGoal(true) and VisitorHasBlakeProfile(true) :end</conditions>
</trigger>
<trigger>
	<dtimeGame>20220107033103</dtimeGame>	<dtimeReal>20221120132825</dtimeReal>
	<name>insider</name>
	<triggerType>ATTACK_TRIGGER</triggerType>
	<timesGoneOff>16</timesGoneOff>
	<conditions>ConditionList: not AnyAssetAttacked(false) :end</conditions>
</trigger>
<trigger>
	<dtimeGame>20220107033103</dtimeGame>	<dtimeReal>20221120132825</dtimeReal>
	<name>InterentTrojan</name>
	<triggerType>ATTACK_TRIGGER</triggerType>
	<timesGoneOff>19</timesGoneOff>
	<conditions>ConditionList: not AnyAssetAttacked(false) :end</conditions>
</trigger>
<trigger>
	<dtimeGame>20220107033103</dtimeGame>	<dtimeReal>20221120132825</dtimeReal>
	<name>WireTap</name>
	<triggerType>ATTACK_TRIGGER</triggerType>
	<timesGoneOff>15</timesGoneOff>
	<conditions>ConditionList: not AnyAssetAttacked(false) :end</conditions>
</trigger>
<uiEvent>
	<dtimeGame>20220107035258</dtimeGame>	<dtimeReal>20221120132830</dtimeReal>
	<tab>asset</tab>
</uiEvent>
<goalFailure>
	<dtimeGame>20220107035258</dtimeGame>	<dtimeReal>20221120132832</dtimeReal>
	<name>Modify Sugar Data</name>
	<userList>Blake</userList>
	<reason>The server wants a password?  Do I have an account?</reason>
	<cost>8</cost><cash>4774</cash>
</goalFailure>
<uiEvent>
	<dtimeGame>20220107035258</dtimeGame>	<dtimeReal>20221120132832</dtimeReal>
	<tab>user</tab>
</uiEvent>
<uiEvent>
	<dtimeGame>20220107035258</dtimeGame>	<dtimeReal>20221120132834</dtimeReal>
	<tab>zone</tab>
</uiEvent>
<goalFailure>
	<dtimeGame>20220107035258</dtimeGame>	<dtimeReal>20221120133000</dtimeReal>
	<name>Modify Sugar Data</name>
	<userList>Blake</userList>
	<reason>The server wants a password?  Do I have an account?</reason>
	<cost>0</cost><cash>4774</cash>
</goalFailure>
<goalFailure>
	<dtimeGame>20220107035258</dtimeGame>	<dtimeReal>20221120133000</dtimeReal>
	<name>Modify Sugar Data</name>
	<userList>Blake</userList>
	<reason>The server wants a password?  Do I have an account?</reason>
	<cost>0</cost><cash>4774</cash>
</goalFailure>
<uiEvent>
	<dtimeGame>20220107035258</dtimeGame>	<dtimeReal>20221120133000</dtimeReal>
	<tab>office</tab>
</uiEvent>
<uiEvent>
	<dtimeGame>20220107040731</dtimeGame>	<dtimeReal>20221120133003</dtimeReal>
	<tab>objective</tab>
</uiEvent>
<uiEvent>
	<dtimeGame>20220107040731</dtimeGame>	<dtimeReal>20221120133005</dtimeReal>
	<tab>component</tab>
</uiEvent>
<uiEvent>
	<dtimeGame>20220107040731</dtimeGame>	<dtimeReal>20221120133045</dtimeReal>
	<tab>component</tab>
</uiEvent>
<componentEvent>
	<dtimeGame>20220107040731</dtimeGame>	<dtimeReal>20221120133051</dtimeReal>
	<name>Visitor's Workstation</name>
	<profileAdd>
		<group>Marketing</group>
	</profileAdd>
	<cost>0</cost><cash>4792</cash>
</componentEvent>
<componentEvent>
	<dtimeGame>20220107040731</dtimeGame>	<dtimeReal>20221120133054</dtimeReal>
	<name>Visitor's Workstation</name>
	<profileAdd>
		<group>Public</group>
	</profileAdd>
	<cost>0</cost><cash>4792</cash>
</componentEvent>
<uiEvent>
	<dtimeGame>20220107040731</dtimeGame>	<dtimeReal>20221120133056</dtimeReal>
	<tab>component</tab>
</uiEvent>
<goalFailure>
	<dtimeGame>20220107040731</dtimeGame>	<dtimeReal>20221120133107</dtimeReal>
	<name>Modify Sugar Data</name>
	<userList>Blake</userList>
	<reason>The server wants a password?  Do I have an account?</reason>
	<cost>0</cost><cash>4792</cash>
</goalFailure>
<goalFailure>
	<dtimeGame>20220107040731</dtimeGame>	<dtimeReal>20221120133107</dtimeReal>
	<name>Modify Sugar Data</name>
	<userList>Blake</userList>
	<reason>The server wants a password?  Do I have an account?</reason>
	<cost>0</cost><cash>4792</cash>
</goalFailure>
<uiEvent>
	<dtimeGame>20220107040731</dtimeGame>	<dtimeReal>20221120133107</dtimeReal>
	<tab>office</tab>
</uiEvent>
<trigger>
	<dtimeGame>20220107043102</dtimeGame>	<dtimeReal>20221120133112</dtimeReal>
	<name>InterentTrojan</name>
	<triggerType>ATTACK_TRIGGER</triggerType>
	<timesGoneOff>20</timesGoneOff>
	<conditions>ConditionList: not AnyAssetAttacked(false) :end</conditions>
</trigger>
<trigger>
	<dtimeGame>20220107044102</dtimeGame>	<dtimeReal>20221120133114</dtimeReal>
	<name>GoToBlake</name>
	<triggerType>SPEAK_TRIGGER</triggerType>
	<timesGoneOff>7</timesGoneOff>
	<conditions>ConditionList: BlakeFailsGoal(true) :end</conditions>
</trigger>
<trigger>
	<dtimeGame>20220107044604</dtimeGame>	<dtimeReal>20221120133115</dtimeReal>
	<name>insider</name>
	<triggerType>ATTACK_TRIGGER</triggerType>
	<timesGoneOff>17</timesGoneOff>
	<conditions>ConditionList: not AnyAssetAttacked(false) :end</conditions>
</trigger>
<trigger>
	<dtimeGame>20220107044604</dtimeGame>	<dtimeReal>20221120133115</dtimeReal>
	<name>WireTap</name>
	<triggerType>ATTACK_TRIGGER</triggerType>
	<timesGoneOff>16</timesGoneOff>
	<conditions>ConditionList: not AnyAssetAttacked(false) :end</conditions>
</trigger>
<uiEvent>
	<dtimeGame>20220107050042</dtimeGame>	<dtimeReal>20221120133118</dtimeReal>
	<tab>component</tab>
</uiEvent>
<componentEvent>
	<dtimeGame>20220107050042</dtimeGame>	<dtimeReal>20221120133208</dtimeReal>
	<name>Lollipop Server</name>
	<assetACL>
		<assetName>Sugar Spinner Data</assetName>
		<removeDeniedGroup>Public</removeDeniedGroup>
	</assetACL>
	<cost>0</cost><cash>4857</cash>
</componentEvent>
<uiEvent>
	<dtimeGame>20220107050042</dtimeGame>	<dtimeReal>20221120133225</dtimeReal>
	<tab>component</tab>
</uiEvent>
<uiEvent>
	<dtimeGame>20220107050042</dtimeGame>	<dtimeReal>20221120133232</dtimeReal>
	<tab>component</tab>
</uiEvent>
<componentEvent>
	<dtimeGame>20220107050042</dtimeGame>	<dtimeReal>20221120133237</dtimeReal>
	<name>Lollipop Server</name>
	<profileAdd>
		<group>Public</group>
	</profileAdd>
	<cost>0</cost><cash>4857</cash>
</componentEvent>
<uiEvent>
	<dtimeGame>20220107050042</dtimeGame>	<dtimeReal>20221120133240</dtimeReal>
	<tab>component</tab>
</uiEvent>
<componentEvent>
	<dtimeGame>20220107050042</dtimeGame>	<dtimeReal>20221120133243</dtimeReal>
	<name>Lollipop Server</name>
	<assetACL>
		<assetName>Sugar Spinner Data</assetName>
		<removeDeniedGroup>Public</removeDeniedGroup>
	</assetACL>
	<cost>0</cost><cash>4857</cash>
</componentEvent>
<assetEvent>
	<dtimeGame>20220107050042</dtimeGame>	<dtimeReal>20221120133258</dtimeReal>
	<name>Sugar Spinner Data</name>
	<moveType>Remove : PLAYER</moveType>
	<computerName>Lollipop Server</computerName>
</assetEvent>
<assetEvent>
	<dtimeGame>20220107050042</dtimeGame>	<dtimeReal>20221120133258</dtimeReal>
	<name>Sugar Spinner Data</name>
	<moveType>Add : PLAYER</moveType>
	<computerName>Visitor's Workstation</computerName>
</assetEvent>
<uiEvent>
	<dtimeGame>20220107050042</dtimeGame>	<dtimeReal>20221120133258</dtimeReal>
	<tab>component</tab>
</uiEvent>
<assetEvent>
	<dtimeGame>20220107050042</dtimeGame>	<dtimeReal>20221120133307</dtimeReal>
	<name>Sugar Spinner Data</name>
	<moveType>Remove : PLAYER</moveType>
	<computerName>Visitor's Workstation</computerName>
</assetEvent>
<assetEvent>
	<dtimeGame>20220107050042</dtimeGame>	<dtimeReal>20221120133307</dtimeReal>
	<name>Sugar Spinner Data</name>
	<moveType>Add : PLAYER</moveType>
	<computerName>Lollipop Server</computerName>
</assetEvent>
<uiEvent>
	<dtimeGame>20220107050042</dtimeGame>	<dtimeReal>20221120133307</dtimeReal>
	<tab>component</tab>
</uiEvent>
<componentEvent>
	<dtimeGame>20220107050042</dtimeGame>	<dtimeReal>20221120133312</dtimeReal>
	<name>Lollipop Server</name>
	<assetACL>
		<assetName>Sugar Spinner Data</assetName>
		<removeDeniedGroup>Marketing</removeDeniedGroup>
	</assetACL>
	<cost>0</cost><cash>4857</cash>
</componentEvent>
<goalFailure>
	<dtimeGame>20220107050042</dtimeGame>	<dtimeReal>20221120133318</dtimeReal>
	<name>Modify Sugar Data</name>
	<userList>Blake</userList>
	<reason>The server wants a password?  Do I have an account?</reason>
	<cost>0</cost><cash>4857</cash>
</goalFailure>
<goalFailure>
	<dtimeGame>20220107050042</dtimeGame>	<dtimeReal>20221120133318</dtimeReal>
	<name>Modify Sugar Data</name>
	<userList>Blake</userList>
	<reason>The server wants a password?  Do I have an account?</reason>
	<cost>0</cost><cash>4857</cash>
</goalFailure>
<uiEvent>
	<dtimeGame>20220107050042</dtimeGame>	<dtimeReal>20221120133318</dtimeReal>
	<tab>office</tab>
</uiEvent>
<gameEvent>
	<dtimeGame>20220107051232</dtimeGame>	<dtimeReal>20221120133320</dtimeReal>
	<pause></pause>
</gameEvent>
<goalFailure>
	<dtimeGame>20220107051232</dtimeGame>	<dtimeReal>20221120133320</dtimeReal>
	<name>Modify Sugar Data</name>
	<userList>Blake</userList>
	<reason>The server wants a password?  Do I have an account?</reason>
	<cost>0</cost><cash>4872</cash>
</goalFailure>
<gameEvent>
	<dtimeGame>20220107051232</dtimeGame>	<dtimeReal>20221120133321</dtimeReal>
	<resume></resume>
</gameEvent>
<goalFailure>
	<dtimeGame>20220107051232</dtimeGame>	<dtimeReal>20221120133321</dtimeReal>
	<name>Modify Sugar Data</name>
	<userList>Blake</userList>
	<reason>The server wants a password?  Do I have an account?</reason>
	<cost>0</cost><cash>4872</cash>
</goalFailure>
<trigger>
	<dtimeGame>20220107053100</dtimeGame>	<dtimeReal>20221120133325</dtimeReal>
	<name>InterentTrojan</name>
	<triggerType>ATTACK_TRIGGER</triggerType>
	<timesGoneOff>21</timesGoneOff>
	<conditions>ConditionList: not AnyAssetAttacked(false) :end</conditions>
</trigger>
<trigger>
	<dtimeGame>20220107055602</dtimeGame>	<dtimeReal>20221120133330</dtimeReal>
	<name>GoToBlake</name>
	<triggerType>SPEAK_TRIGGER</triggerType>
	<timesGoneOff>8</timesGoneOff>
	<conditions>ConditionList: BlakeFailsGoal(true) :end</conditions>
</trigger>
<trigger>
	<dtimeGame>20220107060100</dtimeGame>	<dtimeReal>20221120133331</dtimeReal>
	<name>insider</name>
	<triggerType>ATTACK_TRIGGER</triggerType>
	<timesGoneOff>18</timesGoneOff>
	<conditions>ConditionList: not AnyAssetAttacked(false) :end</conditions>
</trigger>
<trigger>
	<dtimeGame>20220107060100</dtimeGame>	<dtimeReal>20221120133331</dtimeReal>
	<name>WireTap</name>
	<triggerType>ATTACK_TRIGGER</triggerType>
	<timesGoneOff>17</timesGoneOff>
	<conditions>ConditionList: not AnyAssetAttacked(false) :end</conditions>
</trigger>
<uiEvent>
	<dtimeGame>20220107060500</dtimeGame>	<dtimeReal>20221120133332</dtimeReal>
	<tab>objective</tab>
</uiEvent>
<goalFailure>
	<dtimeGame>20220107060500</dtimeGame>	<dtimeReal>20221120133333</dtimeReal>
	<name>Modify Sugar Data</name>
	<userList>Blake</userList>
	<reason>The server wants a password?  Do I have an account?</reason>
	<cost>0</cost><cash>4936</cash>
</goalFailure>
<goalFailure>
	<dtimeGame>20220107060500</dtimeGame>	<dtimeReal>20221120133333</dtimeReal>
	<name>Modify Sugar Data</name>
	<userList>Blake</userList>
	<reason>The server wants a password?  Do I have an account?</reason>
	<cost>11</cost><cash>4936</cash>
</goalFailure>
<uiEvent>
	<dtimeGame>20220107060500</dtimeGame>	<dtimeReal>20221120133333</dtimeReal>
	<tab>office</tab>
</uiEvent>
<uiEvent>
	<dtimeGame>20220107061602</dtimeGame>	<dtimeReal>20221120133336</dtimeReal>
	<tab>component</tab>
</uiEvent>
<componentEvent>
	<dtimeGame>20220107061602</dtimeGame>	<dtimeReal>20221120133355</dtimeReal>
	<name>Lollipop Server</name>
	<assetACL>
		<assetName>Sugar Spinner Data</assetName>
		<removeDeniedGroup>Marketing</removeDeniedGroup>
	</assetACL>
	<cost>0</cost><cash>4950</cash>
</componentEvent>
<uiEvent>
	<dtimeGame>20220107061602</dtimeGame>	<dtimeReal>20221120133415</dtimeReal>
	<tab>component</tab>
</uiEvent>
<uiEvent>
	<dtimeGame>20220107061602</dtimeGame>	<dtimeReal>20221120133420</dtimeReal>
	<tab>component</tab>
</uiEvent>
<goalFailure>
	<dtimeGame>20220107061602</dtimeGame>	<dtimeReal>20221120133426</dtimeReal>
	<name>Modify Sugar Data</name>
	<userList>Blake</userList>
	<reason>The server wants a password?  Do I have an account?</reason>
	<cost>0</cost><cash>4950</cash>
</goalFailure>
<goalFailure>
	<dtimeGame>20220107061602</dtimeGame>	<dtimeReal>20221120133426</dtimeReal>
	<name>Modify Sugar Data</name>
	<userList>Blake</userList>
	<reason>The server wants a password?  Do I have an account?</reason>
	<cost>0</cost><cash>4950</cash>
</goalFailure>
<uiEvent>
	<dtimeGame>20220107061602</dtimeGame>	<dtimeReal>20221120133426</dtimeReal>
	<tab>office</tab>
</uiEvent>
<uiEvent>
	<dtimeGame>20220107063030</dtimeGame>	<dtimeReal>20221120133429</dtimeReal>
	<tab>objective</tab>
</uiEvent>
<uiEvent>
	<dtimeGame>20220107063030</dtimeGame>	<dtimeReal>20221120133431</dtimeReal>
	<tab>asset</tab>
</uiEvent>
<uiEvent>
	<dtimeGame>20220107063030</dtimeGame>	<dtimeReal>20221120133438</dtimeReal>
	<tab>zone</tab>
</uiEvent>
<uiEvent>
	<dtimeGame>20220107063030</dtimeGame>	<dtimeReal>20221120133440</dtimeReal>
	<tab>component</tab>
</uiEvent>
<uiEvent>
	<dtimeGame>20220107063030</dtimeGame>	<dtimeReal>20221120133441</dtimeReal>
	<tab>network</tab>
</uiEvent>
<goalFailure>
	<dtimeGame>20220107063030</dtimeGame>	<dtimeReal>20221120133443</dtimeReal>
	<name>Modify Sugar Data</name>
	<userList>Blake</userList>
	<reason>The server wants a password?  Do I have an account?</reason>
	<cost>0</cost><cash>4967</cash>
</goalFailure>
<goalFailure>
	<dtimeGame>20220107063030</dtimeGame>	<dtimeReal>20221120133443</dtimeReal>
	<name>Modify Sugar Data</name>
	<userList>Blake</userList>
	<reason>The server wants a password?  Do I have an account?</reason>
	<cost>0</cost><cash>4967</cash>
</goalFailure>
<uiEvent>
	<dtimeGame>20220107063030</dtimeGame>	<dtimeReal>20221120133443</dtimeReal>
	<tab>office</tab>
</uiEvent>
<trigger>
	<dtimeGame>20220107063104</dtimeGame>	<dtimeReal>20221120133443</dtimeReal>
	<name>InterentTrojan</name>
	<triggerType>ATTACK_TRIGGER</triggerType>
	<timesGoneOff>22</timesGoneOff>
	<conditions>ConditionList: not AnyAssetAttacked(false) :end</conditions>
</trigger>
<trigger>
	<dtimeGame>20220107071103</dtimeGame>	<dtimeReal>20221120133451</dtimeReal>
	<name>GoToBlake</name>
	<triggerType>SPEAK_TRIGGER</triggerType>
	<timesGoneOff>9</timesGoneOff>
	<conditions>ConditionList: BlakeFailsGoal(true) :end</conditions>
</trigger>
<trigger>
	<dtimeGame>20220107071601</dtimeGame>	<dtimeReal>20221120133452</dtimeReal>
	<name>insider</name>
	<triggerType>ATTACK_TRIGGER</triggerType>
	<timesGoneOff>19</timesGoneOff>
	<conditions>ConditionList: not AnyAssetAttacked(false) :end</conditions>
</trigger>
<trigger>
	<dtimeGame>20220107071601</dtimeGame>	<dtimeReal>20221120133452</dtimeReal>
	<name>WireTap</name>
	<triggerType>ATTACK_TRIGGER</triggerType>
	<timesGoneOff>18</timesGoneOff>
	<conditions>ConditionList: not AnyAssetAttacked(false) :end</conditions>
</trigger>
<goalFailure>
	<dtimeGame>20220107072927</dtimeGame>	<dtimeReal>20221120133455</dtimeReal>
	<name>Modify Sugar Data</name>
	<userList>Blake</userList>
	<reason>The server wants a password?  Do I have an account?</reason>
	<cost>14</cost><cash>5039</cash>
</goalFailure>
<trigger>
	<dtimeGame>20220107073103</dtimeGame>	<dtimeReal>20221120133455</dtimeReal>
	<name>InterentTrojan</name>
	<triggerType>ATTACK_TRIGGER</triggerType>
	<timesGoneOff>23</timesGoneOff>
	<conditions>ConditionList: not AnyAssetAttacked(false) :end</conditions>
</trigger>
<trigger>
	<dtimeGame>20220107083102</dtimeGame>	<dtimeReal>20221120133508</dtimeReal>
	<name>insider</name>
	<triggerType>ATTACK_TRIGGER</triggerType>
	<timesGoneOff>20</timesGoneOff>
	<conditions>ConditionList: not AnyAssetAttacked(false) :end</conditions>
</trigger>
<trigger>
	<dtimeGame>20220107083102</dtimeGame>	<dtimeReal>20221120133508</dtimeReal>
	<name>InterentTrojan</name>
	<triggerType>ATTACK_TRIGGER</triggerType>
	<timesGoneOff>24</timesGoneOff>
	<conditions>ConditionList: not AnyAssetAttacked(false) :end</conditions>
</trigger>
<trigger>
	<dtimeGame>20220107083102</dtimeGame>	<dtimeReal>20221120133508</dtimeReal>
	<name>WireTap</name>
	<triggerType>ATTACK_TRIGGER</triggerType>
	<timesGoneOff>19</timesGoneOff>
	<conditions>ConditionList: not AnyAssetAttacked(false) :end</conditions>
</trigger>
<goalFailure>
	<dtimeGame>20220107084008</dtimeGame>	<dtimeReal>20221120133510</dtimeReal>
	<name>Modify Sugar Data</name>
	<userList>Blake</userList>
	<reason>The server wants a password?  Do I have an account?</reason>
	<cost>16</cost><cash>5125</cash>
</goalFailure>
<goalFailure>
	<dtimeGame>20220107084047</dtimeGame>	<dtimeReal>20221120133510</dtimeReal>
	<name>Modify Sugar Data</name>
	<userList>Blake</userList>
	<reason>The server wants a password?  Do I have an account?</reason>
	<cost>0</cost><cash>5125</cash>
</goalFailure>
<goalFailure>
	<dtimeGame>20220107084047</dtimeGame>	<dtimeReal>20221120133510</dtimeReal>
	<name>Modify Sugar Data</name>
	<userList>Blake</userList>
	<reason>The server wants a password?  Do I have an account?</reason>
	<cost>0</cost><cash>5125</cash>
</goalFailure>
<uiEvent>
	<dtimeGame>20220107084047</dtimeGame>	<dtimeReal>20221120133510</dtimeReal>
	<tab>office</tab>
</uiEvent>
<trigger>
	<dtimeGame>20220107084101</dtimeGame>	<dtimeReal>20221120133510</dtimeReal>
	<name>GoToBlake</name>
	<triggerType>SPEAK_TRIGGER</triggerType>
	<timesGoneOff>10</timesGoneOff>
	<conditions>ConditionList: BlakeFailsGoal(true) :end</conditions>
</trigger>
<uiEvent>
	<dtimeGame>20220107084954</dtimeGame>	<dtimeReal>20221120133512</dtimeReal>
	<tab>component</tab>
</uiEvent>
<uiEvent>
	<dtimeGame>20220107084954</dtimeGame>	<dtimeReal>20221120133527</dtimeReal>
	<tab>component</tab>
</uiEvent>
<uiEvent>
	<dtimeGame>20220107084954</dtimeGame>	<dtimeReal>20221120133530</dtimeReal>
	<tab>component</tab>
</uiEvent>
<componentEvent>
	<dtimeGame>20220107084954</dtimeGame>	<dtimeReal>20221120133542</dtimeReal>
	<name>Lollipop Server</name>
	<assetACL>
		<assetName>Sugar Spinner Data</assetName>
		<removeDeniedGroup>Marketing</removeDeniedGroup>
	</assetACL>
	<cost>0</cost><cash>5136</cash>
</componentEvent>
<goalFailure>
	<dtimeGame>20220107084954</dtimeGame>	<dtimeReal>20221120133548</dtimeReal>
	<name>Modify Sugar Data</name>
	<userList>Blake</userList>
	<reason>The server wants a password?  Do I have an account?</reason>
	<cost>0</cost><cash>5136</cash>
</goalFailure>
<goalFailure>
	<dtimeGame>20220107084954</dtimeGame>	<dtimeReal>20221120133548</dtimeReal>
	<name>Modify Sugar Data</name>
	<userList>Blake</userList>
	<reason>The server wants a password?  Do I have an account?</reason>
	<cost>0</cost><cash>5136</cash>
</goalFailure>
<uiEvent>
	<dtimeGame>20220107084954</dtimeGame>	<dtimeReal>20221120133548</dtimeReal>
	<tab>office</tab>
</uiEvent>
<gameEvent>
	<dtimeGame>20220107090301</dtimeGame>	<dtimeReal>20221120133551</dtimeReal>
	<pause></pause>
</gameEvent>
<goalFailure>
	<dtimeGame>20220107090301</dtimeGame>	<dtimeReal>20221120133551</dtimeReal>
	<name>Modify Sugar Data</name>
	<userList>Blake</userList>
	<reason>The server wants a password?  Do I have an account?</reason>
	<cost>0</cost><cash>5153</cash>
</goalFailure>
<gameEvent>
	<dtimeGame>20220107090301</dtimeGame>	<dtimeReal>20221120133552</dtimeReal>
	<resume></resume>
</gameEvent>
<goalFailure>
	<dtimeGame>20220107090301</dtimeGame>	<dtimeReal>20221120133552</dtimeReal>
	<name>Modify Sugar Data</name>
	<userList>Blake</userList>
	<reason>The server wants a password?  Do I have an account?</reason>
	<cost>0</cost><cash>5153</cash>
</goalFailure>
<trigger>
	<dtimeGame>20220107093100</dtimeGame>	<dtimeReal>20221120133558</dtimeReal>
	<name>InterentTrojan</name>
	<triggerType>ATTACK_TRIGGER</triggerType>
	<timesGoneOff>25</timesGoneOff>
	<conditions>ConditionList: not AnyAssetAttacked(false) :end</conditions>
</trigger>
<uiEvent>
	<dtimeGame>20220107093203</dtimeGame>	<dtimeReal>20221120133558</dtimeReal>
	<tab>component</tab>
</uiEvent>
<uiEvent>
	<dtimeGame>20220107093203</dtimeGame>	<dtimeReal>20221120133844</dtimeReal>
	<tab>component</tab>
</uiEvent>
<uiEvent>
	<dtimeGame>20220107093203</dtimeGame>	<dtimeReal>20221120133852</dtimeReal>
	<tab>component</tab>
</uiEvent>
<componentEvent>
	<dtimeGame>20220107093203</dtimeGame>	<dtimeReal>20221120133858</dtimeReal>
	<name>Lollipop Server</name>
	<assetACL>
		<assetName>Sugar Spinner Data</assetName>
		<removeDeniedGroup>Marketing</removeDeniedGroup>
	</assetACL>
	<cost>0</cost><cash>5189</cash>
</componentEvent>
<goalFailure>
	<dtimeGame>20220107093203</dtimeGame>	<dtimeReal>20221120133906</dtimeReal>
	<name>Modify Sugar Data</name>
	<userList>Blake</userList>
	<reason>The server wants a password?  Do I have an account?</reason>
	<cost>0</cost><cash>5189</cash>
</goalFailure>
<goalFailure>
	<dtimeGame>20220107093203</dtimeGame>	<dtimeReal>20221120133906</dtimeReal>
	<name>Modify Sugar Data</name>
	<userList>Blake</userList>
	<reason>The server wants a password?  Do I have an account?</reason>
	<cost>0</cost><cash>5189</cash>
</goalFailure>
<uiEvent>
	<dtimeGame>20220107093203</dtimeGame>	<dtimeReal>20221120133906</dtimeReal>
	<tab>office</tab>
</uiEvent>
<trigger>
	<dtimeGame>20220107094603</dtimeGame>	<dtimeReal>20221120133908</dtimeReal>
	<name>insider</name>
	<triggerType>ATTACK_TRIGGER</triggerType>
	<timesGoneOff>21</timesGoneOff>
	<conditions>ConditionList: not AnyAssetAttacked(false) :end</conditions>
</trigger>
<trigger>
	<dtimeGame>20220107094603</dtimeGame>	<dtimeReal>20221120133908</dtimeReal>
	<name>WireTap</name>
	<triggerType>ATTACK_TRIGGER</triggerType>
	<timesGoneOff>20</timesGoneOff>
	<conditions>ConditionList: not AnyAssetAttacked(false) :end</conditions>
</trigger>
<trigger>
	<dtimeGame>20220107095602</dtimeGame>	<dtimeReal>20221120133911</dtimeReal>
	<name>GoToBlake</name>
	<triggerType>SPEAK_TRIGGER</triggerType>
	<timesGoneOff>11</timesGoneOff>
	<conditions>ConditionList: BlakeFailsGoal(true) :end</conditions>
</trigger>
<trigger>
	<dtimeGame>20220107103104</dtimeGame>	<dtimeReal>20221120133918</dtimeReal>
	<name>InterentTrojan</name>
	<triggerType>ATTACK_TRIGGER</triggerType>
	<timesGoneOff>26</timesGoneOff>
	<conditions>ConditionList: not AnyAssetAttacked(false) :end</conditions>
</trigger>
<uiEvent>
	<dtimeGame>20220107104011</dtimeGame>	<dtimeReal>20221120133920</dtimeReal>
	<tab>zone</tab>
</uiEvent>
<uiEvent>
	<dtimeGame>20220107104011</dtimeGame>	<dtimeReal>20221120133923</dtimeReal>
	<tab>component</tab>
</uiEvent>
<uiEvent>
	<dtimeGame>20220107104011</dtimeGame>	<dtimeReal>20221120134106</dtimeReal>
	<tab>component</tab>
</uiEvent>
<uiEvent>
	<dtimeGame>20220107104011</dtimeGame>	<dtimeReal>20221120134119</dtimeReal>
	<tab>component</tab>
</uiEvent>
<uiEvent>
	<dtimeGame>20220107104011</dtimeGame>	<dtimeReal>20221120134121</dtimeReal>
	<tab>network</tab>
</uiEvent>
<goalFailure>
	<dtimeGame>20220107104011</dtimeGame>	<dtimeReal>20221120134122</dtimeReal>
	<name>Modify Sugar Data</name>
	<userList>Blake</userList>
	<reason>The server wants a password?  Do I have an account?</reason>
	<cost>0</cost><cash>5272</cash>
</goalFailure>
<goalFailure>
	<dtimeGame>20220107104011</dtimeGame>	<dtimeReal>20221120134122</dtimeReal>
	<name>Modify Sugar Data</name>
	<userList>Blake</userList>
	<reason>The server wants a password?  Do I have an account?</reason>
	<cost>0</cost><cash>5272</cash>
</goalFailure>
<uiEvent>
	<dtimeGame>20220107104011</dtimeGame>	<dtimeReal>20221120134122</dtimeReal>
	<tab>office</tab>
</uiEvent>
<trigger>
	<dtimeGame>20220107110104</dtimeGame>	<dtimeReal>20221120134126</dtimeReal>
	<name>insider</name>
	<triggerType>ATTACK_TRIGGER</triggerType>
	<timesGoneOff>22</timesGoneOff>
	<conditions>ConditionList: not AnyAssetAttacked(false) :end</conditions>
</trigger>
<trigger>
	<dtimeGame>20220107110104</dtimeGame>	<dtimeReal>20221120134126</dtimeReal>
	<name>WireTap</name>
	<triggerType>ATTACK_TRIGGER</triggerType>
	<timesGoneOff>21</timesGoneOff>
	<conditions>ConditionList: not AnyAssetAttacked(false) :end</conditions>
</trigger>
<trigger>
	<dtimeGame>20220107111103</dtimeGame>	<dtimeReal>20221120134128</dtimeReal>
	<name>GoToBlake</name>
	<triggerType>SPEAK_TRIGGER</triggerType>
	<timesGoneOff>12</timesGoneOff>
	<conditions>ConditionList: BlakeFailsGoal(true) :end</conditions>
</trigger>
<uiEvent>
	<dtimeGame>20220107113020</dtimeGame>	<dtimeReal>20221120134132</dtimeReal>
	<tab>component</tab>
</uiEvent>
<uiEvent>
	<dtimeGame>20220107113020</dtimeGame>	<dtimeReal>20221120134219</dtimeReal>
	<tab>component</tab>
</uiEvent>
<uiEvent>
	<dtimeGame>20220107113020</dtimeGame>	<dtimeReal>20221120134222</dtimeReal>
	<tab>component</tab>
</uiEvent>
<uiEvent>
	<dtimeGame>20220107113020</dtimeGame>	<dtimeReal>20221120134230</dtimeReal>
	<tab>network</tab>
</uiEvent>
<goalFailure>
	<dtimeGame>20220107113020</dtimeGame>	<dtimeReal>20221120134231</dtimeReal>
	<name>Modify Sugar Data</name>
	<userList>Blake</userList>
	<reason>The server wants a password?  Do I have an account?</reason>
	<cost>0</cost><cash>5333</cash>
</goalFailure>
<goalFailure>
	<dtimeGame>20220107113020</dtimeGame>	<dtimeReal>20221120134231</dtimeReal>
	<name>Modify Sugar Data</name>
	<userList>Blake</userList>
	<reason>The server wants a password?  Do I have an account?</reason>
	<cost>0</cost><cash>5333</cash>
</goalFailure>
<uiEvent>
	<dtimeGame>20220107113020</dtimeGame>	<dtimeReal>20221120134231</dtimeReal>
	<tab>office</tab>
</uiEvent>
<trigger>
	<dtimeGame>20220107113103</dtimeGame>	<dtimeReal>20221120134231</dtimeReal>
	<name>InterentTrojan</name>
	<triggerType>ATTACK_TRIGGER</triggerType>
	<timesGoneOff>27</timesGoneOff>
	<conditions>ConditionList: not AnyAssetAttacked(false) :end</conditions>
</trigger>
<uiEvent>
	<dtimeGame>20220107120745</dtimeGame>	<dtimeReal>20221120134239</dtimeReal>
	<tab>component</tab>
</uiEvent>
<uiEvent>
	<dtimeGame>20220107120745</dtimeGame>	<dtimeReal>20221120134244</dtimeReal>
	<tab>game</tab>
</uiEvent>
<gameEvent>
	<dtimeGame>20220107120745</dtimeGame>	<dtimeReal>20221120134250</dtimeReal>
	<saveFile>saved_Nov20_13_42.sdf</saveFile>
</gameEvent>
</CyberCIEGEeventLog>