<?xml version="1.0"?>
<!DOCTYPE CyberCIEGEeventLog SYSTEM "..\..\eventlog.dtd">
<CyberCIEGEeventLog>
<gameEvent>
	<dtimeGame>20220101060200</dtimeGame>	<dtimeReal>20221126192605</dtimeReal>
	<loadFile>..\Identity Management\1_Authentication.sdf</loadFile>
</gameEvent>
<gameEvent>
	<dtimeGame>20220101060200</dtimeGame>	<dtimeReal>20221126192605</dtimeReal>
	<loadFile>Authentication.CSM 9/30/16 3 46 PM</loadFile>
</gameEvent>
<gameEvent>
	<dtimeGame>20220106080000</dtimeGame>	<dtimeReal>20221126192606</dtimeReal>
	<creates>
		<user>Blake</user>
	</creates>
</gameEvent>
<gameEvent>
	<dtimeGame>20220106080000</dtimeGame>	<dtimeReal>20221126192606</dtimeReal>
	<creates>
		<user>Customer</user>
	</creates>
</gameEvent>
<gameEvent>
	<dtimeGame>20220106080000</dtimeGame>	<dtimeReal>20221126192606</dtimeReal>
	<creates>
		<user>Joe</user>
	</creates>
</gameEvent>
<gameEvent>
	<dtimeGame>20220106080000</dtimeGame>	<dtimeReal>20221126192606</dtimeReal>
	<creates>
		<user>Mary</user>
	</creates>
</gameEvent>
<gameEvent>
	<dtimeGame>20220106080000</dtimeGame>	<dtimeReal>20221126192606</dtimeReal>
	<creates>
		<user>Frank</user>
	</creates>
</gameEvent>
<gameEvent>
	<dtimeGame>20220106080000</dtimeGame>	<dtimeReal>20221126192606</dtimeReal>
	<creates>
		<user>Peggy</user>
	</creates>
</gameEvent>
<gameEvent>
	<dtimeGame>20220106080000</dtimeGame>	<dtimeReal>20221126192606</dtimeReal>
	<creates>
		<user>Fiona</user>
	</creates>
</gameEvent>
<gameEvent>
	<dtimeGame>20220106080000</dtimeGame>	<dtimeReal>20221126192606</dtimeReal>
	<creates>
		<user>ITguy1</user>
	</creates>
</gameEvent>
<componentEvent>
	<dtimeGame>20220106080000</dtimeGame>	<dtimeReal>20221126192606</dtimeReal>
	<name>customer router</name>
	<networkConnect>Internet</networkConnect>
	<cost>0</cost><cash>20000</cash>
</componentEvent>
<componentEvent>
	<dtimeGame>20220106080000</dtimeGame>	<dtimeReal>20221126192606</dtimeReal>
	<name>customer router</name>
	<networkConnect>Customer LAN</networkConnect>
	<cost>0</cost><cash>20000</cash>
</componentEvent>
<gameEvent>
	<dtimeGame>20220106080000</dtimeGame>	<dtimeReal>20221126192606</dtimeReal>
	<creates>
		<deviceName>customer router</deviceName>
	</creates>
</gameEvent>
<componentEvent>
	<dtimeGame>20220106080000</dtimeGame>	<dtimeReal>20221126192606</dtimeReal>
	<name>HotelRouter</name>
	<networkConnect>Offsite LAN</networkConnect>
	<cost>0</cost><cash>20000</cash>
</componentEvent>
<componentEvent>
	<dtimeGame>20220106080000</dtimeGame>	<dtimeReal>20221126192606</dtimeReal>
	<name>HotelRouter</name>
	<networkConnect>Internet</networkConnect>
	<cost>0</cost><cash>20000</cash>
</componentEvent>
<gameEvent>
	<dtimeGame>20220106080000</dtimeGame>	<dtimeReal>20221126192606</dtimeReal>
	<creates>
		<deviceName>HotelRouter</deviceName>
	</creates>
</gameEvent>
<componentEvent>
	<dtimeGame>20220106080000</dtimeGame>	<dtimeReal>20221126192606</dtimeReal>
	<name>router</name>
	<networkConnect>Lan1</networkConnect>
	<cost>0</cost><cash>20000</cash>
</componentEvent>
<componentEvent>
	<dtimeGame>20220106080000</dtimeGame>	<dtimeReal>20221126192606</dtimeReal>
	<name>router</name>
	<networkConnect>Internet</networkConnect>
	<cost>0</cost><cash>20000</cash>
</componentEvent>
<gameEvent>
	<dtimeGame>20220106080000</dtimeGame>	<dtimeReal>20221126192606</dtimeReal>
	<creates>
		<deviceName>router</deviceName>
	</creates>
</gameEvent>
<componentEvent>
	<dtimeGame>20220106080000</dtimeGame>	<dtimeReal>20221126192606</dtimeReal>
	<name>Lollipop Server</name>
	<networkConnect>Lan1</networkConnect>
	<cost>0</cost><cash>20000</cash>
</componentEvent>
<assetEvent>
	<dtimeGame>20220106080000</dtimeGame>	<dtimeReal>20221126192606</dtimeReal>
	<name>Sugar Spinner Data</name>
	<moveType>Add : SCENARIO_FILE</moveType>
	<computerName>Lollipop Server</computerName>
</assetEvent>
<assetEvent>
	<dtimeGame>20220106080000</dtimeGame>	<dtimeReal>20221126192606</dtimeReal>
	<name>M and F Web Site</name>
	<moveType>Add : SCENARIO_FILE</moveType>
	<computerName>Lollipop Server</computerName>
</assetEvent>
<gameEvent>
	<dtimeGame>20220106080000</dtimeGame>	<dtimeReal>20221126192606</dtimeReal>
	<creates>
		<computerName>Lollipop Server</computerName>
	</creates>
</gameEvent>
<componentEvent>
	<dtimeGame>20220106080000</dtimeGame>	<dtimeReal>20221126192606</dtimeReal>
	<name>Button Holer</name>
	<networkConnect>Lan1</networkConnect>
	<cost>0</cost><cash>20000</cash>
</componentEvent>
<gameEvent>
	<dtimeGame>20220106080000</dtimeGame>	<dtimeReal>20221126192606</dtimeReal>
	<creates>
		<computerName>Button Holer</computerName>
	</creates>
</gameEvent>
<componentEvent>
	<dtimeGame>20220106080000</dtimeGame>	<dtimeReal>20221126192606</dtimeReal>
	<name>Joe's Workstation</name>
	<networkConnect>Lan1</networkConnect>
	<cost>0</cost><cash>20000</cash>
</componentEvent>
<gameEvent>
	<dtimeGame>20220106080000</dtimeGame>	<dtimeReal>20221126192606</dtimeReal>
	<creates>
		<computerName>Joe's Workstation</computerName>
	</creates>
</gameEvent>
<componentEvent>
	<dtimeGame>20220106080000</dtimeGame>	<dtimeReal>20221126192606</dtimeReal>
	<name>Mary's Workstation</name>
	<networkConnect>Lan1</networkConnect>
	<cost>0</cost><cash>20000</cash>
</componentEvent>
<gameEvent>
	<dtimeGame>20220106080000</dtimeGame>	<dtimeReal>20221126192606</dtimeReal>
	<creates>
		<computerName>Mary's Workstation</computerName>
	</creates>
</gameEvent>
<componentEvent>
	<dtimeGame>20220106080000</dtimeGame>	<dtimeReal>20221126192606</dtimeReal>
	<name>Frank's Workstation</name>
	<networkConnect>Lan1</networkConnect>
	<cost>0</cost><cash>20000</cash>
</componentEvent>
<gameEvent>
	<dtimeGame>20220106080000</dtimeGame>	<dtimeReal>20221126192606</dtimeReal>
	<creates>
		<computerName>Frank's Workstation</computerName>
	</creates>
</gameEvent>
<componentEvent>
	<dtimeGame>20220106080000</dtimeGame>	<dtimeReal>20221126192606</dtimeReal>
	<name>Peggy's Workstation</name>
	<networkConnect>Lan1</networkConnect>
	<cost>0</cost><cash>20000</cash>
</componentEvent>
<gameEvent>
	<dtimeGame>20220106080000</dtimeGame>	<dtimeReal>20221126192606</dtimeReal>
	<creates>
		<computerName>Peggy's Workstation</computerName>
	</creates>
</gameEvent>
<componentEvent>
	<dtimeGame>20220106080000</dtimeGame>	<dtimeReal>20221126192606</dtimeReal>
	<name>Hotel Workstation</name>
	<networkConnect>Offsite LAN</networkConnect>
	<cost>0</cost><cash>20000</cash>
</componentEvent>
<gameEvent>
	<dtimeGame>20220106080000</dtimeGame>	<dtimeReal>20221126192606</dtimeReal>
	<creates>
		<computerName>Hotel Workstation</computerName>
	</creates>
</gameEvent>
<componentEvent>
	<dtimeGame>20220106080000</dtimeGame>	<dtimeReal>20221126192606</dtimeReal>
	<name>Visitor's Workstation</name>
	<networkConnect>Lan1</networkConnect>
	<cost>0</cost><cash>20000</cash>
</componentEvent>
<gameEvent>
	<dtimeGame>20220106080000</dtimeGame>	<dtimeReal>20221126192606</dtimeReal>
	<creates>
		<computerName>Visitor's Workstation</computerName>
	</creates>
</gameEvent>
<componentEvent>
	<dtimeGame>20220106080000</dtimeGame>	<dtimeReal>20221126192606</dtimeReal>
	<name>Customer's Workstation</name>
	<networkConnect>Customer LAN</networkConnect>
	<cost>0</cost><cash>20000</cash>
</componentEvent>
<componentEvent>
	<dtimeGame>20220106080000</dtimeGame>	<dtimeReal>20221126192606</dtimeReal>
	<name>Customer's Workstation</name>
	<accountAdd>
		<user>Customer</user>
	</accountAdd>
	<cost>0</cost><cash>20000</cash>
</componentEvent>
<gameEvent>
	<dtimeGame>20220106080000</dtimeGame>	<dtimeReal>20221126192606</dtimeReal>
	<creates>
		<computerName>Customer's Workstation</computerName>
	</creates>
</gameEvent>
<gameEvent>
	<dtimeGame>20220106080000</dtimeGame>	<dtimeReal>20221126192606</dtimeReal>
	<creates>
		<computerName>Smartcard Minter</computerName>
	</creates>
</gameEvent>
<gameEvent>
	<dtimeGame>20220106080000</dtimeGame>	<dtimeReal>20221126192606</dtimeReal>
	<creates>
		<computerName>Veriscream CA</computerName>
	</creates>
</gameEvent>
<goalFailure>
	<dtimeGame>20220106080000</dtimeGame>	<dtimeReal>20221126192606</dtimeReal>
	<name>Modify Sugar Data</name>
	<userList>Frank</userList>
	<reason>The Modify Sugar Data goal failed for Frank because no workstation could access Sugar Spinner Data.</reason>
	<cost>0</cost><cash>20000</cash>
</goalFailure>
<goalFailure>
	<dtimeGame>20220106080000</dtimeGame>	<dtimeReal>20221126192606</dtimeReal>
	<name>Modify Sugar Data</name>
	<userList>Mary</userList>
	<reason>The Modify Sugar Data goal failed for Mary because no workstation could access Sugar Spinner Data.</reason>
	<cost>0</cost><cash>20000</cash>
</goalFailure>
<goalFailure>
	<dtimeGame>20220106080000</dtimeGame>	<dtimeReal>20221126192606</dtimeReal>
	<name>Modify Sugar Data</name>
	<userList>Joe</userList>
	<reason>The Modify Sugar Data goal failed for Joe because no workstation could access Sugar Spinner Data.</reason>
	<cost>0</cost><cash>20000</cash>
</goalFailure>
<gameEvent>
	<dtimeGame>20220106080000</dtimeGame>	<dtimeReal>20221126192606</dtimeReal>
	<start></start>
</gameEvent>
<trigger>
	<dtimeGame>20220106080000</dtimeGame>	<dtimeReal>20221126192606</dtimeReal>
	<name>IdentEncy</name>
	<triggerType>ECONTEXT_TRIGGER</triggerType>
	<timesGoneOff>1</timesGoneOff>
	<conditions>ConditionList: time1hour(false) or_not time1hour(false) :end</conditions>
</trigger>
<uiEvent>
	<dtimeGame>20220106080000</dtimeGame>	<dtimeReal>20221126192612</dtimeReal>
	<tab>component</tab>
</uiEvent>
<uiEvent>
	<dtimeGame>20220106080000</dtimeGame>	<dtimeReal>20221126192618</dtimeReal>
	<tab>objective</tab>
</uiEvent>
<goalFailure>
	<dtimeGame>20220106080000</dtimeGame>	<dtimeReal>20221126193018</dtimeReal>
	<name>Modify Sugar Data</name>
	<userList>Frank</userList>
	<reason>The Modify Sugar Data goal failed for Frank because no workstation could access Sugar Spinner Data.</reason>
	<cost>0</cost><cash>20000</cash>
</goalFailure>
<goalFailure>
	<dtimeGame>20220106080000</dtimeGame>	<dtimeReal>20221126193018</dtimeReal>
	<name>Modify Sugar Data</name>
	<userList>Mary</userList>
	<reason>The Modify Sugar Data goal failed for Mary because no workstation could access Sugar Spinner Data.</reason>
	<cost>0</cost><cash>20000</cash>
</goalFailure>
<goalFailure>
	<dtimeGame>20220106080000</dtimeGame>	<dtimeReal>20221126193018</dtimeReal>
	<name>Modify Sugar Data</name>
	<userList>Joe</userList>
	<reason>The Modify Sugar Data goal failed for Joe because no workstation could access Sugar Spinner Data.</reason>
	<cost>0</cost><cash>20000</cash>
</goalFailure>
<uiEvent>
	<dtimeGame>20220106080000</dtimeGame>	<dtimeReal>20221126193018</dtimeReal>
	<tab>office</tab>
</uiEvent>
<uiEvent>
	<dtimeGame>20220106080000</dtimeGame>	<dtimeReal>20221126193021</dtimeReal>
	<tab>component</tab>
</uiEvent>
<uiEvent>
	<dtimeGame>20220106080000</dtimeGame>	<dtimeReal>20221126193035</dtimeReal>
	<tab>component</tab>
</uiEvent>
<uiEvent>
	<dtimeGame>20220106080000</dtimeGame>	<dtimeReal>20221126193039</dtimeReal>
	<tab>component</tab>
</uiEvent>
<uiEvent>
	<dtimeGame>20220106080000</dtimeGame>	<dtimeReal>20221126193043</dtimeReal>
	<tab>component</tab>
</uiEvent>
<componentEvent>
	<dtimeGame>20220106080000</dtimeGame>	<dtimeReal>20221126195051</dtimeReal>
	<name>Lollipop Server</name>
	<accountAdd>
		<user>Joe</user>
	</accountAdd>
	<cost>0</cost><cash>20000</cash>
</componentEvent>
<componentEvent>
	<dtimeGame>20220106080000</dtimeGame>	<dtimeReal>20221126195051</dtimeReal>
	<name>Lollipop Server</name>
	<accountAdd>
		<user>Mary</user>
	</accountAdd>
	<cost>0</cost><cash>20000</cash>
</componentEvent>
<componentEvent>
	<dtimeGame>20220106080000</dtimeGame>	<dtimeReal>20221126195051</dtimeReal>
	<name>Lollipop Server</name>
	<accountAdd>
		<user>Frank</user>
	</accountAdd>
	<cost>0</cost><cash>20000</cash>
</componentEvent>
<componentEvent>
	<dtimeGame>20220106080000</dtimeGame>	<dtimeReal>20221126195052</dtimeReal>
	<name>Lollipop Server</name>
	<accountAdd>
		<user>Peggy</user>
	</accountAdd>
	<cost>0</cost><cash>20000</cash>
</componentEvent>
<uiEvent>
	<dtimeGame>20220106080000</dtimeGame>	<dtimeReal>20221126195053</dtimeReal>
	<tab>component</tab>
</uiEvent>
<componentEvent>
	<dtimeGame>20220106080000</dtimeGame>	<dtimeReal>20221126195056</dtimeReal>
	<name>Lollipop Server</name>
	<procSetting>
		<field>PasswordLength:Medium</field>
		<value>false</value>
		<newProtection>-1</newProtection>
	</procSetting>
	<cost>25</cost><cash>19975</cash>
</componentEvent>
<componentEvent>
	<dtimeGame>20220106080000</dtimeGame>	<dtimeReal>20221126195056</dtimeReal>
	<name>Lollipop Server</name>
	<procSetting>
		<field>PasswordLength:Long</field>
		<value>true</value>
		<newProtection>-1</newProtection>
	</procSetting>
	<cost>50</cost><cash>19925</cash>
</componentEvent>
<assetEvent>
	<dtimeGame>20220106080000</dtimeGame>	<dtimeReal>20221126195106</dtimeReal>
	<name>Sugar Spinner Data</name>
	<moveType>Remove : PLAYER</moveType>
	<computerName>Lollipop Server</computerName>
</assetEvent>
<assetEvent>
	<dtimeGame>20220106080000</dtimeGame>	<dtimeReal>20221126195106</dtimeReal>
	<name>Sugar Spinner Data</name>
	<moveType>Add : PLAYER</moveType>
	<computerName>Lollipop Server</computerName>
</assetEvent>
<uiEvent>
	<dtimeGame>20220106080000</dtimeGame>	<dtimeReal>20221126195106</dtimeReal>
	<tab>component</tab>
</uiEvent>
<uiEvent>
	<dtimeGame>20220106080000</dtimeGame>	<dtimeReal>20221126195117</dtimeReal>
	<tab>objective</tab>
</uiEvent>
<goalFailure>
	<dtimeGame>20220106080000</dtimeGame>	<dtimeReal>20221126195119</dtimeReal>
	<name>Modify Sugar Data</name>
	<userList>Frank</userList>
	<reason>The Modify Sugar Data goal failed for Frank because no workstation could access Sugar Spinner Data.</reason>
	<cost>0</cost><cash>19925</cash>
</goalFailure>
<goalFailure>
	<dtimeGame>20220106080000</dtimeGame>	<dtimeReal>20221126195119</dtimeReal>
	<name>Modify Sugar Data</name>
	<userList>Mary</userList>
	<reason>The Modify Sugar Data goal failed for Mary because no workstation could access Sugar Spinner Data.</reason>
	<cost>0</cost><cash>19925</cash>
</goalFailure>
<goalFailure>
	<dtimeGame>20220106080000</dtimeGame>	<dtimeReal>20221126195119</dtimeReal>
	<name>Modify Sugar Data</name>
	<userList>Joe</userList>
	<reason>The Modify Sugar Data goal failed for Joe because no workstation could access Sugar Spinner Data.</reason>
	<cost>0</cost><cash>19925</cash>
</goalFailure>
<uiEvent>
	<dtimeGame>20220106080000</dtimeGame>	<dtimeReal>20221126195119</dtimeReal>
	<tab>office</tab>
</uiEvent>
<gameEvent>
	<dtimeGame>20220106080000</dtimeGame>	<dtimeReal>20221126195120</dtimeReal>
	<resume></resume>
</gameEvent>
<goalFailure>
	<dtimeGame>20220106080000</dtimeGame>	<dtimeReal>20221126195120</dtimeReal>
	<name>Modify Sugar Data</name>
	<userList>Frank</userList>
	<reason>The Modify Sugar Data goal failed for Frank because no workstation could access Sugar Spinner Data.</reason>
	<cost>0</cost><cash>19925</cash>
</goalFailure>
<goalFailure>
	<dtimeGame>20220106080000</dtimeGame>	<dtimeReal>20221126195120</dtimeReal>
	<name>Modify Sugar Data</name>
	<userList>Mary</userList>
	<reason>The Modify Sugar Data goal failed for Mary because no workstation could access Sugar Spinner Data.</reason>
	<cost>0</cost><cash>19925</cash>
</goalFailure>
<goalFailure>
	<dtimeGame>20220106080000</dtimeGame>	<dtimeReal>20221126195120</dtimeReal>
	<name>Modify Sugar Data</name>
	<userList>Joe</userList>
	<reason>The Modify Sugar Data goal failed for Joe because no workstation could access Sugar Spinner Data.</reason>
	<cost>0</cost><cash>19925</cash>
</goalFailure>
<goalFailure>
	<dtimeGame>20220106080000</dtimeGame>	<dtimeReal>20221126195120</dtimeReal>
	<name>Work on Peggy's Stuff</name>
	<userList>Peggy</userList>
	<reason>Asset Goal Work on Peggy's Stuff failed for Peggy because no one machine with suitable software could access all the assets required in the asset goal.</reason>
	<cost>0</cost><cash>19925</cash>
</goalFailure>
<goalFailure>
	<dtimeGame>20220106080000</dtimeGame>	<dtimeReal>20221126195120</dtimeReal>
	<name>Work on Peggy's Stuff</name>
	<userList>Peggy</userList>
	<reason>Asset Goal Work on Peggy's Stuff failed for Peggy because no one machine with suitable software could access all the assets required in the asset goal.</reason>
	<cost>0</cost><cash>19925</cash>
</goalFailure>
<goalFailure>
	<dtimeGame>20220106080000</dtimeGame>	<dtimeReal>20221126195120</dtimeReal>
	<name>Work on Peggy's Stuff</name>
	<userList>Peggy</userList>
	<reason>Asset Goal Work on Peggy's Stuff failed for Peggy because no one machine with suitable software could access all the assets required in the asset goal.</reason>
	<cost>0</cost><cash>19925</cash>
</goalFailure>
<goalFailure>
	<dtimeGame>20220106080000</dtimeGame>	<dtimeReal>20221126195120</dtimeReal>
	<name>Work on Peggy's Stuff</name>
	<userList>Peggy</userList>
	<reason>Asset Goal Work on Peggy's Stuff failed for Peggy because no one machine with suitable software could access all the assets required in the asset goal.</reason>
	<cost>0</cost><cash>19925</cash>
</goalFailure>
<goalFailure>
	<dtimeGame>20220106080000</dtimeGame>	<dtimeReal>20221126195120</dtimeReal>
	<name>Work on Peggy's Stuff</name>
	<userList>Peggy</userList>
	<reason>Asset Goal Work on Peggy's Stuff failed for Peggy because no one machine with suitable software could access all the assets required in the asset goal.</reason>
	<cost>0</cost><cash>19925</cash>
</goalFailure>
<goalFailure>
	<dtimeGame>20220106080000</dtimeGame>	<dtimeReal>20221126195120</dtimeReal>
	<name>Work on Peggy's Stuff</name>
	<userList>Peggy</userList>
	<reason>Asset Goal Work on Peggy's Stuff failed for Peggy because no one machine with suitable software could access all the assets required in the asset goal.</reason>
	<cost>0</cost><cash>19925</cash>
</goalFailure>
<goalFailure>
	<dtimeGame>20220106080000</dtimeGame>	<dtimeReal>20221126195120</dtimeReal>
	<name>Work on Peggy's Stuff</name>
	<userList>Peggy</userList>
	<reason>Asset Goal Work on Peggy's Stuff failed for me because no one machine with suitable software could access all the assets required in the asset goal.</reason>
	<cost>0</cost><cash>19925</cash>
</goalFailure>
<goalFailure>
	<dtimeGame>20220106080000</dtimeGame>	<dtimeReal>20221126195120</dtimeReal>
	<name>Work on Frank's Stuff</name>
	<userList>Frank</userList>
	<reason>Asset Goal Work on Frank's Stuff failed for Frank because no one machine with suitable software could access all the assets required in the asset goal.</reason>
	<cost>0</cost><cash>19925</cash>
</goalFailure>
<goalFailure>
	<dtimeGame>20220106080000</dtimeGame>	<dtimeReal>20221126195120</dtimeReal>
	<name>Work on Frank's Stuff</name>
	<userList>Frank</userList>
	<reason>Asset Goal Work on Frank's Stuff failed for Frank because no one machine with suitable software could access all the assets required in the asset goal.</reason>
	<cost>0</cost><cash>19925</cash>
</goalFailure>
<goalFailure>
	<dtimeGame>20220106080000</dtimeGame>	<dtimeReal>20221126195120</dtimeReal>
	<name>Work on Frank's Stuff</name>
	<userList>Frank</userList>
	<reason>Asset Goal Work on Frank's Stuff failed for Frank because no one machine with suitable software could access all the assets required in the asset goal.</reason>
	<cost>0</cost><cash>19925</cash>
</goalFailure>
<goalFailure>
	<dtimeGame>20220106080000</dtimeGame>	<dtimeReal>20221126195120</dtimeReal>
	<name>Work on Frank's Stuff</name>
	<userList>Frank</userList>
	<reason>Asset Goal Work on Frank's Stuff failed for Frank because no one machine with suitable software could access all the assets required in the asset goal.</reason>
	<cost>0</cost><cash>19925</cash>
</goalFailure>
<goalFailure>
	<dtimeGame>20220106080000</dtimeGame>	<dtimeReal>20221126195120</dtimeReal>
	<name>Work on Frank's Stuff</name>
	<userList>Frank</userList>
	<reason>Asset Goal Work on Frank's Stuff failed for Frank because no one machine with suitable software could access all the assets required in the asset goal.</reason>
	<cost>0</cost><cash>19925</cash>
</goalFailure>
<goalFailure>
	<dtimeGame>20220106080000</dtimeGame>	<dtimeReal>20221126195120</dtimeReal>
	<name>Work on Frank's Stuff</name>
	<userList>Frank</userList>
	<reason>Asset Goal Work on Frank's Stuff failed for Frank because no one machine with suitable software could access all the assets required in the asset goal.</reason>
	<cost>0</cost><cash>19925</cash>
</goalFailure>
<goalFailure>
	<dtimeGame>20220106080000</dtimeGame>	<dtimeReal>20221126195120</dtimeReal>
	<name>Work on Frank's Stuff</name>
	<userList>Frank</userList>
	<reason>Asset Goal Work on Frank's Stuff failed for me because no one machine with suitable software could access all the assets required in the asset goal.</reason>
	<cost>0</cost><cash>19925</cash>
</goalFailure>
<goalFailure>
	<dtimeGame>20220106080000</dtimeGame>	<dtimeReal>20221126195120</dtimeReal>
	<name>Work On Mary's Stuff</name>
	<userList>Mary</userList>
	<reason>Asset Goal Work On Mary's Stuff failed for Mary because no one machine with suitable software could access all the assets required in the asset goal.</reason>
	<cost>0</cost><cash>19925</cash>
</goalFailure>
<goalFailure>
	<dtimeGame>20220106080000</dtimeGame>	<dtimeReal>20221126195120</dtimeReal>
	<name>Work On Mary's Stuff</name>
	<userList>Mary</userList>
	<reason>Asset Goal Work On Mary's Stuff failed for Mary because no one machine with suitable software could access all the assets required in the asset goal.</reason>
	<cost>0</cost><cash>19925</cash>
</goalFailure>
<goalFailure>
	<dtimeGame>20220106080000</dtimeGame>	<dtimeReal>20221126195120</dtimeReal>
	<name>Work On Mary's Stuff</name>
	<userList>Mary</userList>
	<reason>Asset Goal Work On Mary's Stuff failed for Mary because no one machine with suitable software could access all the assets required in the asset goal.</reason>
	<cost>0</cost><cash>19925</cash>
</goalFailure>
<goalFailure>
	<dtimeGame>20220106080000</dtimeGame>	<dtimeReal>20221126195120</dtimeReal>
	<name>Work On Mary's Stuff</name>
	<userList>Mary</userList>
	<reason>Asset Goal Work On Mary's Stuff failed for Mary because no one machine with suitable software could access all the assets required in the asset goal.</reason>
	<cost>0</cost><cash>19925</cash>
</goalFailure>
<goalFailure>
	<dtimeGame>20220106080000</dtimeGame>	<dtimeReal>20221126195120</dtimeReal>
	<name>Work On Mary's Stuff</name>
	<userList>Mary</userList>
	<reason>Asset Goal Work On Mary's Stuff failed for Mary because no one machine with suitable software could access all the assets required in the asset goal.</reason>
	<cost>0</cost><cash>19925</cash>
</goalFailure>
<goalFailure>
	<dtimeGame>20220106080000</dtimeGame>	<dtimeReal>20221126195120</dtimeReal>
	<name>Work On Mary's Stuff</name>
	<userList>Mary</userList>
	<reason>Asset Goal Work On Mary's Stuff failed for Mary because no one machine with suitable software could access all the assets required in the asset goal.</reason>
	<cost>0</cost><cash>19925</cash>
</goalFailure>
<goalFailure>
	<dtimeGame>20220106080000</dtimeGame>	<dtimeReal>20221126195120</dtimeReal>
	<name>Work On Mary's Stuff</name>
	<userList>Mary</userList>
	<reason>Asset Goal Work On Mary's Stuff failed for me because no one machine with suitable software could access all the assets required in the asset goal.</reason>
	<cost>0</cost><cash>19925</cash>
</goalFailure>
<goalFailure>
	<dtimeGame>20220106080000</dtimeGame>	<dtimeReal>20221126195120</dtimeReal>
	<name>Work On Joe's Stuff</name>
	<userList>Joe</userList>
	<reason>Asset Goal Work On Joe's Stuff failed for Joe because no one machine with suitable software could access all the assets required in the asset goal.</reason>
	<cost>0</cost><cash>19925</cash>
</goalFailure>
<goalFailure>
	<dtimeGame>20220106080000</dtimeGame>	<dtimeReal>20221126195120</dtimeReal>
	<name>Work On Joe's Stuff</name>
	<userList>Joe</userList>
	<reason>Asset Goal Work On Joe's Stuff failed for Joe because no one machine with suitable software could access all the assets required in the asset goal.</reason>
	<cost>0</cost><cash>19925</cash>
</goalFailure>
<goalFailure>
	<dtimeGame>20220106080000</dtimeGame>	<dtimeReal>20221126195120</dtimeReal>
	<name>Work On Joe's Stuff</name>
	<userList>Joe</userList>
	<reason>Asset Goal Work On Joe's Stuff failed for Joe because no one machine with suitable software could access all the assets required in the asset goal.</reason>
	<cost>0</cost><cash>19925</cash>
</goalFailure>
<goalFailure>
	<dtimeGame>20220106080000</dtimeGame>	<dtimeReal>20221126195120</dtimeReal>
	<name>Work On Joe's Stuff</name>
	<userList>Joe</userList>
	<reason>Asset Goal Work On Joe's Stuff failed for Joe because no one machine with suitable software could access all the assets required in the asset goal.</reason>
	<cost>0</cost><cash>19925</cash>
</goalFailure>
<goalFailure>
	<dtimeGame>20220106080000</dtimeGame>	<dtimeReal>20221126195120</dtimeReal>
	<name>Work On Joe's Stuff</name>
	<userList>Joe</userList>
	<reason>Asset Goal Work On Joe's Stuff failed for Joe because no one machine with suitable software could access all the assets required in the asset goal.</reason>
	<cost>0</cost><cash>19925</cash>
</goalFailure>
<goalFailure>
	<dtimeGame>20220106080000</dtimeGame>	<dtimeReal>20221126195120</dtimeReal>
	<name>Work On Joe's Stuff</name>
	<userList>Joe</userList>
	<reason>Asset Goal Work On Joe's Stuff failed for Joe because no one machine with suitable software could access all the assets required in the asset goal.</reason>
	<cost>0</cost><cash>19925</cash>
</goalFailure>
<goalFailure>
	<dtimeGame>20220106080000</dtimeGame>	<dtimeReal>20221126195120</dtimeReal>
	<name>Work On Joe's Stuff</name>
	<userList>Joe</userList>
	<reason>Asset Goal Work On Joe's Stuff failed for me because no one machine with suitable software could access all the assets required in the asset goal.</reason>
	<cost>0</cost><cash>19925</cash>
</goalFailure>
<goalFailure>
	<dtimeGame>20220106080000</dtimeGame>	<dtimeReal>20221126195120</dtimeReal>
	<name>Modify Sugar Data</name>
	<userList>Frank</userList>
	<reason>The Modify Sugar Data goal failed for Frank because no workstation could access Sugar Spinner Data.</reason>
	<cost>0</cost><cash>19925</cash>
</goalFailure>
<goalFailure>
	<dtimeGame>20220106080000</dtimeGame>	<dtimeReal>20221126195120</dtimeReal>
	<name>Modify Sugar Data</name>
	<userList>Mary</userList>
	<reason>The Modify Sugar Data goal failed for Mary because no workstation could access Sugar Spinner Data.</reason>
	<cost>0</cost><cash>19925</cash>
</goalFailure>
<goalFailure>
	<dtimeGame>20220106080000</dtimeGame>	<dtimeReal>20221126195120</dtimeReal>
	<name>Modify Sugar Data</name>
	<userList>Joe</userList>
	<reason>The Modify Sugar Data goal failed for Joe because no workstation could access Sugar Spinner Data.</reason>
	<cost>0</cost><cash>19925</cash>
</goalFailure>
<goalFailure>
	<dtimeGame>20220106080000</dtimeGame>	<dtimeReal>20221126195120</dtimeReal>
	<name>Work on Peggy's Stuff</name>
	<userList>Peggy</userList>
	<reason>Asset Goal Work on Peggy's Stuff failed for Peggy because no one machine with suitable software could access all the assets required in the asset goal.</reason>
	<cost>0</cost><cash>19925</cash>
</goalFailure>
<goalFailure>
	<dtimeGame>20220106080000</dtimeGame>	<dtimeReal>20221126195120</dtimeReal>
	<name>Work on Peggy's Stuff</name>
	<userList>Peggy</userList>
	<reason>Asset Goal Work on Peggy's Stuff failed for Peggy because no one machine with suitable software could access all the assets required in the asset goal.</reason>
	<cost>0</cost><cash>19925</cash>
</goalFailure>
<goalFailure>
	<dtimeGame>20220106080000</dtimeGame>	<dtimeReal>20221126195120</dtimeReal>
	<name>Work on Peggy's Stuff</name>
	<userList>Peggy</userList>
	<reason>Asset Goal Work on Peggy's Stuff failed for Peggy because no one machine with suitable software could access all the assets required in the asset goal.</reason>
	<cost>0</cost><cash>19925</cash>
</goalFailure>
<goalFailure>
	<dtimeGame>20220106080000</dtimeGame>	<dtimeReal>20221126195120</dtimeReal>
	<name>Work on Peggy's Stuff</name>
	<userList>Peggy</userList>
	<reason>Asset Goal Work on Peggy's Stuff failed for Peggy because no one machine with suitable software could access all the assets required in the asset goal.</reason>
	<cost>0</cost><cash>19925</cash>
</goalFailure>
<goalFailure>
	<dtimeGame>20220106080000</dtimeGame>	<dtimeReal>20221126195120</dtimeReal>
	<name>Work on Peggy's Stuff</name>
	<userList>Peggy</userList>
	<reason>Asset Goal Work on Peggy's Stuff failed for Peggy because no one machine with suitable software could access all the assets required in the asset goal.</reason>
	<cost>0</cost><cash>19925</cash>
</goalFailure>
<goalFailure>
	<dtimeGame>20220106080000</dtimeGame>	<dtimeReal>20221126195120</dtimeReal>
	<name>Work on Peggy's Stuff</name>
	<userList>Peggy</userList>
	<reason>Asset Goal Work on Peggy's Stuff failed for Peggy because no one machine with suitable software could access all the assets required in the asset goal.</reason>
	<cost>0</cost><cash>19925</cash>
</goalFailure>
<goalFailure>
	<dtimeGame>20220106080000</dtimeGame>	<dtimeReal>20221126195120</dtimeReal>
	<name>Work on Peggy's Stuff</name>
	<userList>Peggy</userList>
	<reason>Asset Goal Work on Peggy's Stuff failed for me because no one machine with suitable software could access all the assets required in the asset goal.</reason>
	<cost>0</cost><cash>19925</cash>
</goalFailure>
<goalFailure>
	<dtimeGame>20220106080000</dtimeGame>	<dtimeReal>20221126195120</dtimeReal>
	<name>Work on Frank's Stuff</name>
	<userList>Frank</userList>
	<reason>Asset Goal Work on Frank's Stuff failed for Frank because no one machine with suitable software could access all the assets required in the asset goal.</reason>
	<cost>0</cost><cash>19925</cash>
</goalFailure>
<goalFailure>
	<dtimeGame>20220106080000</dtimeGame>	<dtimeReal>20221126195120</dtimeReal>
	<name>Work on Frank's Stuff</name>
	<userList>Frank</userList>
	<reason>Asset Goal Work on Frank's Stuff failed for Frank because no one machine with suitable software could access all the assets required in the asset goal.</reason>
	<cost>0</cost><cash>19925</cash>
</goalFailure>
<goalFailure>
	<dtimeGame>20220106080000</dtimeGame>	<dtimeReal>20221126195120</dtimeReal>
	<name>Work on Frank's Stuff</name>
	<userList>Frank</userList>
	<reason>Asset Goal Work on Frank's Stuff failed for Frank because no one machine with suitable software could access all the assets required in the asset goal.</reason>
	<cost>0</cost><cash>19925</cash>
</goalFailure>
<goalFailure>
	<dtimeGame>20220106080000</dtimeGame>	<dtimeReal>20221126195120</dtimeReal>
	<name>Work on Frank's Stuff</name>
	<userList>Frank</userList>
	<reason>Asset Goal Work on Frank's Stuff failed for Frank because no one machine with suitable software could access all the assets required in the asset goal.</reason>
	<cost>0</cost><cash>19925</cash>
</goalFailure>
<goalFailure>
	<dtimeGame>20220106080000</dtimeGame>	<dtimeReal>20221126195120</dtimeReal>
	<name>Work on Frank's Stuff</name>
	<userList>Frank</userList>
	<reason>Asset Goal Work on Frank's Stuff failed for Frank because no one machine with suitable software could access all the assets required in the asset goal.</reason>
	<cost>0</cost><cash>19925</cash>
</goalFailure>
<goalFailure>
	<dtimeGame>20220106080000</dtimeGame>	<dtimeReal>20221126195120</dtimeReal>
	<name>Work on Frank's Stuff</name>
	<userList>Frank</userList>
	<reason>Asset Goal Work on Frank's Stuff failed for Frank because no one machine with suitable software could access all the assets required in the asset goal.</reason>
	<cost>0</cost><cash>19925</cash>
</goalFailure>
<goalFailure>
	<dtimeGame>20220106080000</dtimeGame>	<dtimeReal>20221126195120</dtimeReal>
	<name>Work on Frank's Stuff</name>
	<userList>Frank</userList>
	<reason>Asset Goal Work on Frank's Stuff failed for me because no one machine with suitable software could access all the assets required in the asset goal.</reason>
	<cost>0</cost><cash>19925</cash>
</goalFailure>
<goalFailure>
	<dtimeGame>20220106080000</dtimeGame>	<dtimeReal>20221126195120</dtimeReal>
	<name>Work On Mary's Stuff</name>
	<userList>Mary</userList>
	<reason>Asset Goal Work On Mary's Stuff failed for Mary because no one machine with suitable software could access all the assets required in the asset goal.</reason>
	<cost>0</cost><cash>19925</cash>
</goalFailure>
<goalFailure>
	<dtimeGame>20220106080000</dtimeGame>	<dtimeReal>20221126195120</dtimeReal>
	<name>Work On Mary's Stuff</name>
	<userList>Mary</userList>
	<reason>Asset Goal Work On Mary's Stuff failed for Mary because no one machine with suitable software could access all the assets required in the asset goal.</reason>
	<cost>0</cost><cash>19925</cash>
</goalFailure>
<goalFailure>
	<dtimeGame>20220106080000</dtimeGame>	<dtimeReal>20221126195120</dtimeReal>
	<name>Work On Mary's Stuff</name>
	<userList>Mary</userList>
	<reason>Asset Goal Work On Mary's Stuff failed for Mary because no one machine with suitable software could access all the assets required in the asset goal.</reason>
	<cost>0</cost><cash>19925</cash>
</goalFailure>
<goalFailure>
	<dtimeGame>20220106080000</dtimeGame>	<dtimeReal>20221126195120</dtimeReal>
	<name>Work On Mary's Stuff</name>
	<userList>Mary</userList>
	<reason>Asset Goal Work On Mary's Stuff failed for Mary because no one machine with suitable software could access all the assets required in the asset goal.</reason>
	<cost>0</cost><cash>19925</cash>
</goalFailure>
<goalFailure>
	<dtimeGame>20220106080000</dtimeGame>	<dtimeReal>20221126195120</dtimeReal>
	<name>Work On Mary's Stuff</name>
	<userList>Mary</userList>
	<reason>Asset Goal Work On Mary's Stuff failed for Mary because no one machine with suitable software could access all the assets required in the asset goal.</reason>
	<cost>0</cost><cash>19925</cash>
</goalFailure>
<goalFailure>
	<dtimeGame>20220106080000</dtimeGame>	<dtimeReal>20221126195120</dtimeReal>
	<name>Work On Mary's Stuff</name>
	<userList>Mary</userList>
	<reason>Asset Goal Work On Mary's Stuff failed for Mary because no one machine with suitable software could access all the assets required in the asset goal.</reason>
	<cost>0</cost><cash>19925</cash>
</goalFailure>
<goalFailure>
	<dtimeGame>20220106080000</dtimeGame>	<dtimeReal>20221126195120</dtimeReal>
	<name>Work On Mary's Stuff</name>
	<userList>Mary</userList>
	<reason>Asset Goal Work On Mary's Stuff failed for me because no one machine with suitable software could access all the assets required in the asset goal.</reason>
	<cost>0</cost><cash>19925</cash>
</goalFailure>
<goalFailure>
	<dtimeGame>20220106080000</dtimeGame>	<dtimeReal>20221126195120</dtimeReal>
	<name>Work On Joe's Stuff</name>
	<userList>Joe</userList>
	<reason>Asset Goal Work On Joe's Stuff failed for Joe because no one machine with suitable software could access all the assets required in the asset goal.</reason>
	<cost>0</cost><cash>19925</cash>
</goalFailure>
<goalFailure>
	<dtimeGame>20220106080000</dtimeGame>	<dtimeReal>20221126195120</dtimeReal>
	<name>Work On Joe's Stuff</name>
	<userList>Joe</userList>
	<reason>Asset Goal Work On Joe's Stuff failed for Joe because no one machine with suitable software could access all the assets required in the asset goal.</reason>
	<cost>0</cost><cash>19925</cash>
</goalFailure>
<goalFailure>
	<dtimeGame>20220106080000</dtimeGame>	<dtimeReal>20221126195120</dtimeReal>
	<name>Work On Joe's Stuff</name>
	<userList>Joe</userList>
	<reason>Asset Goal Work On Joe's Stuff failed for Joe because no one machine with suitable software could access all the assets required in the asset goal.</reason>
	<cost>0</cost><cash>19925</cash>
</goalFailure>
<goalFailure>
	<dtimeGame>20220106080000</dtimeGame>	<dtimeReal>20221126195120</dtimeReal>
	<name>Work On Joe's Stuff</name>
	<userList>Joe</userList>
	<reason>Asset Goal Work On Joe's Stuff failed for Joe because no one machine with suitable software could access all the assets required in the asset goal.</reason>
	<cost>0</cost><cash>19925</cash>
</goalFailure>
<goalFailure>
	<dtimeGame>20220106080000</dtimeGame>	<dtimeReal>20221126195120</dtimeReal>
	<name>Work On Joe's Stuff</name>
	<userList>Joe</userList>
	<reason>Asset Goal Work On Joe's Stuff failed for Joe because no one machine with suitable software could access all the assets required in the asset goal.</reason>
	<cost>0</cost><cash>19925</cash>
</goalFailure>
<goalFailure>
	<dtimeGame>20220106080000</dtimeGame>	<dtimeReal>20221126195120</dtimeReal>
	<name>Work On Joe's Stuff</name>
	<userList>Joe</userList>
	<reason>Asset Goal Work On Joe's Stuff failed for Joe because no one machine with suitable software could access all the assets required in the asset goal.</reason>
	<cost>0</cost><cash>19925</cash>
</goalFailure>
<goalFailure>
	<dtimeGame>20220106080000</dtimeGame>	<dtimeReal>20221126195120</dtimeReal>
	<name>Work On Joe's Stuff</name>
	<userList>Joe</userList>
	<reason>Asset Goal Work On Joe's Stuff failed for me because no one machine with suitable software could access all the assets required in the asset goal.</reason>
	<cost>0</cost><cash>19925</cash>
</goalFailure>
<summaryEvent>
	<dtimeGame>20220106080102</dtimeGame>	<dtimeReal>20221126195120</dtimeReal>
	<bonus>0</bonus><cash>19924</cash>
</summaryEvent>
<userEvent>
	<dtimeGame>20220106080126</dtimeGame>	<dtimeReal>20221126195120</dtimeReal>
	<newMode>
		<name>Joe</name>
		<animMode>14</animMode>
	</newMode>
	<cost>0</cost><cash>19924</cash>
</userEvent>
<userEvent>
	<dtimeGame>20220106080336</dtimeGame>	<dtimeReal>20221126195121</dtimeReal>
	<newMode>
		<name>Mary</name>
		<animMode>14</animMode>
	</newMode>
	<cost>0</cost><cash>19921</cash>
</userEvent>
<trigger>
	<dtimeGame>20220106080502</dtimeGame>	<dtimeReal>20221126195121</dtimeReal>
	<name>insider</name>
	<triggerType>ATTACK_TRIGGER</triggerType>
	<timesGoneOff>1</timesGoneOff>
	<conditions>ConditionList: not AnyAssetAttacked(false) :end</conditions>
</trigger>
<trigger>
	<dtimeGame>20220106080502</dtimeGame>	<dtimeReal>20221126195121</dtimeReal>
	<name>InterentTrojan</name>
	<triggerType>ATTACK_TRIGGER</triggerType>
	<timesGoneOff>1</timesGoneOff>
	<conditions>ConditionList: not AnyAssetAttacked(false) :end</conditions>
</trigger>
<trigger>
	<dtimeGame>20220106080502</dtimeGame>	<dtimeReal>20221126195121</dtimeReal>
	<name>WireTap</name>
	<triggerType>ATTACK_TRIGGER</triggerType>
	<timesGoneOff>1</timesGoneOff>
	<conditions>ConditionList: not AnyAssetAttacked(false) :end</conditions>
</trigger>
<uiEvent>
	<dtimeGame>20220106080605</dtimeGame>	<dtimeReal>20221126195121</dtimeReal>
	<tab>objective</tab>
</uiEvent>
<goalFailure>
	<dtimeGame>20220106080605</dtimeGame>	<dtimeReal>20221126195123</dtimeReal>
	<name>Modify Sugar Data</name>
	<userList>Frank</userList>
	<reason>The Modify Sugar Data goal failed for Frank because no workstation could access Sugar Spinner Data.</reason>
	<cost>0</cost><cash>19916</cash>
</goalFailure>
<goalFailure>
	<dtimeGame>20220106080605</dtimeGame>	<dtimeReal>20221126195123</dtimeReal>
	<name>Modify Sugar Data</name>
	<userList>Mary</userList>
	<reason>The Modify Sugar Data goal failed for Mary because no workstation could access Sugar Spinner Data.</reason>
	<cost>0</cost><cash>19916</cash>
</goalFailure>
<goalFailure>
	<dtimeGame>20220106080605</dtimeGame>	<dtimeReal>20221126195123</dtimeReal>
	<name>Modify Sugar Data</name>
	<userList>Joe</userList>
	<reason>The Modify Sugar Data goal failed for Joe because no workstation could access Sugar Spinner Data.</reason>
	<cost>0</cost><cash>19916</cash>
</goalFailure>
<goalFailure>
	<dtimeGame>20220106080605</dtimeGame>	<dtimeReal>20221126195123</dtimeReal>
	<name>Work on Peggy's Stuff</name>
	<userList>Peggy</userList>
	<reason></reason>
	<cost>1</cost><cash>19916</cash>
</goalFailure>
<goalFailure>
	<dtimeGame>20220106080605</dtimeGame>	<dtimeReal>20221126195123</dtimeReal>
	<name>Modify Sugar Data</name>
	<userList>Joe,Mary,Frank</userList>
	<reason>The Modify Sugar Data goal failed for Frank because no workstation could access Sugar Spinner Data.</reason>
	<cost>4</cost><cash>19916</cash>
</goalFailure>
<goalFailure>
	<dtimeGame>20220106080605</dtimeGame>	<dtimeReal>20221126195123</dtimeReal>
	<name>Work on Frank's Stuff</name>
	<userList>Frank</userList>
	<reason>The Modify Sugar Data goal failed for Frank because no workstation could access Sugar Spinner Data.</reason>
	<cost>1</cost><cash>19916</cash>
</goalFailure>
<goalFailure>
	<dtimeGame>20220106080605</dtimeGame>	<dtimeReal>20221126195123</dtimeReal>
	<name>Work On Mary's Stuff</name>
	<userList>Mary</userList>
	<reason>The Modify Sugar Data goal failed for Mary because no workstation could access Sugar Spinner Data.</reason>
	<cost>1</cost><cash>19916</cash>
</goalFailure>
<goalFailure>
	<dtimeGame>20220106080605</dtimeGame>	<dtimeReal>20221126195123</dtimeReal>
	<name>Work On Joe's Stuff</name>
	<userList>Joe</userList>
	<reason>The Modify Sugar Data goal failed for Joe because no workstation could access Sugar Spinner Data.</reason>
	<cost>1</cost><cash>19916</cash>
</goalFailure>
<goalFailure>
	<dtimeGame>20220106080605</dtimeGame>	<dtimeReal>20221126195123</dtimeReal>
	<name>Work on Peggy's Stuff</name>
	<userList>Peggy</userList>
	<reason>Asset Goal Work on Peggy's Stuff failed for Peggy because no one machine with suitable software could access all the assets required in the asset goal.</reason>
	<cost>0</cost><cash>19916</cash>
</goalFailure>
<goalFailure>
	<dtimeGame>20220106080605</dtimeGame>	<dtimeReal>20221126195123</dtimeReal>
	<name>Work on Peggy's Stuff</name>
	<userList>Peggy</userList>
	<reason>Asset Goal Work on Peggy's Stuff failed for Peggy because no one machine with suitable software could access all the assets required in the asset goal.</reason>
	<cost>0</cost><cash>19916</cash>
</goalFailure>
<goalFailure>
	<dtimeGame>20220106080605</dtimeGame>	<dtimeReal>20221126195123</dtimeReal>
	<name>Work on Peggy's Stuff</name>
	<userList>Peggy</userList>
	<reason>Asset Goal Work on Peggy's Stuff failed for Peggy because no one machine with suitable software could access all the assets required in the asset goal.</reason>
	<cost>0</cost><cash>19916</cash>
</goalFailure>
<goalFailure>
	<dtimeGame>20220106080605</dtimeGame>	<dtimeReal>20221126195123</dtimeReal>
	<name>Work on Peggy's Stuff</name>
	<userList>Peggy</userList>
	<reason>Asset Goal Work on Peggy's Stuff failed for Peggy because no one machine with suitable software could access all the assets required in the asset goal.</reason>
	<cost>0</cost><cash>19916</cash>
</goalFailure>
<goalFailure>
	<dtimeGame>20220106080605</dtimeGame>	<dtimeReal>20221126195123</dtimeReal>
	<name>Work on Peggy's Stuff</name>
	<userList>Peggy</userList>
	<reason>Asset Goal Work on Peggy's Stuff failed for Peggy because no one machine with suitable software could access all the assets required in the asset goal.</reason>
	<cost>0</cost><cash>19916</cash>
</goalFailure>
<goalFailure>
	<dtimeGame>20220106080605</dtimeGame>	<dtimeReal>20221126195123</dtimeReal>
	<name>Work on Peggy's Stuff</name>
	<userList>Peggy</userList>
	<reason>Asset Goal Work on Peggy's Stuff failed for Peggy because no one machine with suitable software could access all the assets required in the asset goal.</reason>
	<cost>0</cost><cash>19916</cash>
</goalFailure>
<goalFailure>
	<dtimeGame>20220106080605</dtimeGame>	<dtimeReal>20221126195123</dtimeReal>
	<name>Work on Peggy's Stuff</name>
	<userList>Peggy</userList>
	<reason>Asset Goal Work on Peggy's Stuff failed for me because no one machine with suitable software could access all the assets required in the asset goal.</reason>
	<cost>0</cost><cash>19916</cash>
</goalFailure>
<goalFailure>
	<dtimeGame>20220106080605</dtimeGame>	<dtimeReal>20221126195123</dtimeReal>
	<name>Work on Frank's Stuff</name>
	<userList>Frank</userList>
	<reason>Asset Goal Work on Frank's Stuff failed for Frank because no one machine with suitable software could access all the assets required in the asset goal.</reason>
	<cost>0</cost><cash>19916</cash>
</goalFailure>
<goalFailure>
	<dtimeGame>20220106080605</dtimeGame>	<dtimeReal>20221126195123</dtimeReal>
	<name>Work on Frank's Stuff</name>
	<userList>Frank</userList>
	<reason>Asset Goal Work on Frank's Stuff failed for Frank because no one machine with suitable software could access all the assets required in the asset goal.</reason>
	<cost>0</cost><cash>19916</cash>
</goalFailure>
<goalFailure>
	<dtimeGame>20220106080605</dtimeGame>	<dtimeReal>20221126195123</dtimeReal>
	<name>Work on Frank's Stuff</name>
	<userList>Frank</userList>
	<reason>Asset Goal Work on Frank's Stuff failed for Frank because no one machine with suitable software could access all the assets required in the asset goal.</reason>
	<cost>0</cost><cash>19916</cash>
</goalFailure>
<goalFailure>
	<dtimeGame>20220106080605</dtimeGame>	<dtimeReal>20221126195123</dtimeReal>
	<name>Work on Frank's Stuff</name>
	<userList>Frank</userList>
	<reason>Asset Goal Work on Frank's Stuff failed for Frank because no one machine with suitable software could access all the assets required in the asset goal.</reason>
	<cost>0</cost><cash>19916</cash>
</goalFailure>
<goalFailure>
	<dtimeGame>20220106080605</dtimeGame>	<dtimeReal>20221126195123</dtimeReal>
	<name>Work on Frank's Stuff</name>
	<userList>Frank</userList>
	<reason>Asset Goal Work on Frank's Stuff failed for Frank because no one machine with suitable software could access all the assets required in the asset goal.</reason>
	<cost>0</cost><cash>19916</cash>
</goalFailure>
<goalFailure>
	<dtimeGame>20220106080605</dtimeGame>	<dtimeReal>20221126195123</dtimeReal>
	<name>Work on Frank's Stuff</name>
	<userList>Frank</userList>
	<reason>Asset Goal Work on Frank's Stuff failed for Frank because no one machine with suitable software could access all the assets required in the asset goal.</reason>
	<cost>0</cost><cash>19916</cash>
</goalFailure>
<goalFailure>
	<dtimeGame>20220106080605</dtimeGame>	<dtimeReal>20221126195123</dtimeReal>
	<name>Work on Frank's Stuff</name>
	<userList>Frank</userList>
	<reason>Asset Goal Work on Frank's Stuff failed for me because no one machine with suitable software could access all the assets required in the asset goal.</reason>
	<cost>0</cost><cash>19916</cash>
</goalFailure>
<goalFailure>
	<dtimeGame>20220106080605</dtimeGame>	<dtimeReal>20221126195123</dtimeReal>
	<name>Work On Mary's Stuff</name>
	<userList>Mary</userList>
	<reason>Asset Goal Work On Mary's Stuff failed for Mary because no one machine with suitable software could access all the assets required in the asset goal.</reason>
	<cost>0</cost><cash>19916</cash>
</goalFailure>
<goalFailure>
	<dtimeGame>20220106080605</dtimeGame>	<dtimeReal>20221126195123</dtimeReal>
	<name>Work On Mary's Stuff</name>
	<userList>Mary</userList>
	<reason>Asset Goal Work On Mary's Stuff failed for Mary because no one machine with suitable software could access all the assets required in the asset goal.</reason>
	<cost>0</cost><cash>19916</cash>
</goalFailure>
<goalFailure>
	<dtimeGame>20220106080605</dtimeGame>	<dtimeReal>20221126195123</dtimeReal>
	<name>Work On Mary's Stuff</name>
	<userList>Mary</userList>
	<reason>Asset Goal Work On Mary's Stuff failed for Mary because no one machine with suitable software could access all the assets required in the asset goal.</reason>
	<cost>0</cost><cash>19916</cash>
</goalFailure>
<goalFailure>
	<dtimeGame>20220106080605</dtimeGame>	<dtimeReal>20221126195123</dtimeReal>
	<name>Work On Mary's Stuff</name>
	<userList>Mary</userList>
	<reason>Asset Goal Work On Mary's Stuff failed for Mary because no one machine with suitable software could access all the assets required in the asset goal.</reason>
	<cost>0</cost><cash>19916</cash>
</goalFailure>
<goalFailure>
	<dtimeGame>20220106080605</dtimeGame>	<dtimeReal>20221126195123</dtimeReal>
	<name>Work On Mary's Stuff</name>
	<userList>Mary</userList>
	<reason>Asset Goal Work On Mary's Stuff failed for Mary because no one machine with suitable software could access all the assets required in the asset goal.</reason>
	<cost>0</cost><cash>19916</cash>
</goalFailure>
<goalFailure>
	<dtimeGame>20220106080605</dtimeGame>	<dtimeReal>20221126195123</dtimeReal>
	<name>Work On Mary's Stuff</name>
	<userList>Mary</userList>
	<reason>Asset Goal Work On Mary's Stuff failed for Mary because no one machine with suitable software could access all the assets required in the asset goal.</reason>
	<cost>0</cost><cash>19916</cash>
</goalFailure>
<goalFailure>
	<dtimeGame>20220106080605</dtimeGame>	<dtimeReal>20221126195123</dtimeReal>
	<name>Work On Mary's Stuff</name>
	<userList>Mary</userList>
	<reason>Asset Goal Work On Mary's Stuff failed for me because no one machine with suitable software could access all the assets required in the asset goal.</reason>
	<cost>0</cost><cash>19916</cash>
</goalFailure>
<goalFailure>
	<dtimeGame>20220106080605</dtimeGame>	<dtimeReal>20221126195123</dtimeReal>
	<name>Work On Joe's Stuff</name>
	<userList>Joe</userList>
	<reason>Asset Goal Work On Joe's Stuff failed for Joe because no one machine with suitable software could access all the assets required in the asset goal.</reason>
	<cost>0</cost><cash>19916</cash>
</goalFailure>
<goalFailure>
	<dtimeGame>20220106080605</dtimeGame>	<dtimeReal>20221126195123</dtimeReal>
	<name>Work On Joe's Stuff</name>
	<userList>Joe</userList>
	<reason>Asset Goal Work On Joe's Stuff failed for Joe because no one machine with suitable software could access all the assets required in the asset goal.</reason>
	<cost>0</cost><cash>19916</cash>
</goalFailure>
<goalFailure>
	<dtimeGame>20220106080605</dtimeGame>	<dtimeReal>20221126195123</dtimeReal>
	<name>Work On Joe's Stuff</name>
	<userList>Joe</userList>
	<reason>Asset Goal Work On Joe's Stuff failed for Joe because no one machine with suitable software could access all the assets required in the asset goal.</reason>
	<cost>0</cost><cash>19916</cash>
</goalFailure>
<goalFailure>
	<dtimeGame>20220106080605</dtimeGame>	<dtimeReal>20221126195123</dtimeReal>
	<name>Work On Joe's Stuff</name>
	<userList>Joe</userList>
	<reason>Asset Goal Work On Joe's Stuff failed for Joe because no one machine with suitable software could access all the assets required in the asset goal.</reason>
	<cost>0</cost><cash>19916</cash>
</goalFailure>
<goalFailure>
	<dtimeGame>20220106080605</dtimeGame>	<dtimeReal>20221126195123</dtimeReal>
	<name>Work On Joe's Stuff</name>
	<userList>Joe</userList>
	<reason>Asset Goal Work On Joe's Stuff failed for Joe because no one machine with suitable software could access all the assets required in the asset goal.</reason>
	<cost>0</cost><cash>19916</cash>
</goalFailure>
<goalFailure>
	<dtimeGame>20220106080605</dtimeGame>	<dtimeReal>20221126195123</dtimeReal>
	<name>Work On Joe's Stuff</name>
	<userList>Joe</userList>
	<reason>Asset Goal Work On Joe's Stuff failed for Joe because no one machine with suitable software could access all the assets required in the asset goal.</reason>
	<cost>0</cost><cash>19916</cash>
</goalFailure>
<goalFailure>
	<dtimeGame>20220106080605</dtimeGame>	<dtimeReal>20221126195123</dtimeReal>
	<name>Work On Joe's Stuff</name>
	<userList>Joe</userList>
	<reason>Asset Goal Work On Joe's Stuff failed for me because no one machine with suitable software could access all the assets required in the asset goal.</reason>
	<cost>0</cost><cash>19916</cash>
</goalFailure>
<uiEvent>
	<dtimeGame>20220106080605</dtimeGame>	<dtimeReal>20221126195123</dtimeReal>
	<tab>office</tab>
</uiEvent>
<userEvent>
	<dtimeGame>20220106080819</dtimeGame>	<dtimeReal>20221126195123</dtimeReal>
	<newMode>
		<name>Joe</name>
		<animMode>3</animMode>
	</newMode>
	<cost>0</cost><cash>19913</cash>
</userEvent>
<userEvent>
	<dtimeGame>20220106081253</dtimeGame>	<dtimeReal>20221126195124</dtimeReal>
	<newMode>
		<name>Frank</name>
		<animMode>14</animMode>
	</newMode>
	<cost>0</cost><cash>19907</cash>
</userEvent>
<userEvent>
	<dtimeGame>20220106081517</dtimeGame>	<dtimeReal>20221126195125</dtimeReal>
	<newMode>
		<name>Joe</name>
		<animMode>14</animMode>
	</newMode>
	<cost>0</cost><cash>19903</cash>
</userEvent>
<userEvent>
	<dtimeGame>20220106081921</dtimeGame>	<dtimeReal>20221126195126</dtimeReal>
	<newMode>
		<name>Peggy</name>
		<animMode>14</animMode>
	</newMode>
	<cost>0</cost><cash>19897</cash>
</userEvent>
<trigger>
	<dtimeGame>20220106082000</dtimeGame>	<dtimeReal>20221126195126</dtimeReal>
	<name>NoAccessTicker</name>
	<triggerType>TICKER_TRIGGER</triggerType>
	<timesGoneOff>1</timesGoneOff>
	<conditions>ConditionList: JoeFailsStuff(true) and FrankFailsStuff(true) and MaryFailsStuff(true) and PeggyFailsStuff(true) :end</conditions>
</trigger>
<gameEvent>
	<dtimeGame>20220106082145</dtimeGame>	<dtimeReal>20221126195126</dtimeReal>
	<pause></pause>
</gameEvent>
<goalFailure>
	<dtimeGame>20220106082145</dtimeGame>	<dtimeReal>20221126195126</dtimeReal>
	<name>Modify Sugar Data</name>
	<userList>Frank</userList>
	<reason>The Modify Sugar Data goal failed for Frank because no workstation could access Sugar Spinner Data.</reason>
	<cost>0</cost><cash>19894</cash>
</goalFailure>
<goalFailure>
	<dtimeGame>20220106082145</dtimeGame>	<dtimeReal>20221126195126</dtimeReal>
	<name>Modify Sugar Data</name>
	<userList>Mary</userList>
	<reason>The Modify Sugar Data goal failed for Mary because no workstation could access Sugar Spinner Data.</reason>
	<cost>0</cost><cash>19894</cash>
</goalFailure>
<goalFailure>
	<dtimeGame>20220106082145</dtimeGame>	<dtimeReal>20221126195126</dtimeReal>
	<name>Modify Sugar Data</name>
	<userList>Joe</userList>
	<reason>The Modify Sugar Data goal failed for Joe because no workstation could access Sugar Spinner Data.</reason>
	<cost>0</cost><cash>19894</cash>
</goalFailure>
<uiEvent>
	<dtimeGame>20220106082145</dtimeGame>	<dtimeReal>20221126195129</dtimeReal>
	<tab>component</tab>
</uiEvent>
<uiEvent>
	<dtimeGame>20220106082145</dtimeGame>	<dtimeReal>20221126195158</dtimeReal>
	<tab>component</tab>
</uiEvent>
<uiEvent>
	<dtimeGame>20220106082145</dtimeGame>	<dtimeReal>20221126195208</dtimeReal>
	<tab>component</tab>
</uiEvent>
<uiEvent>
	<dtimeGame>20220106082145</dtimeGame>	<dtimeReal>20221126195209</dtimeReal>
	<tab>component</tab>
</uiEvent>
<goalFailure>
	<dtimeGame>20220106082145</dtimeGame>	<dtimeReal>20221126195233</dtimeReal>
	<name>Modify Sugar Data</name>
	<userList>Frank</userList>
	<reason>The Modify Sugar Data goal failed for Frank because no workstation could access Sugar Spinner Data.</reason>
	<cost>0</cost><cash>19894</cash>
</goalFailure>
<goalFailure>
	<dtimeGame>20220106082145</dtimeGame>	<dtimeReal>20221126195233</dtimeReal>
	<name>Modify Sugar Data</name>
	<userList>Mary</userList>
	<reason>The Modify Sugar Data goal failed for Mary because no workstation could access Sugar Spinner Data.</reason>
	<cost>0</cost><cash>19894</cash>
</goalFailure>
<goalFailure>
	<dtimeGame>20220106082145</dtimeGame>	<dtimeReal>20221126195233</dtimeReal>
	<name>Modify Sugar Data</name>
	<userList>Joe</userList>
	<reason>The Modify Sugar Data goal failed for Joe because no workstation could access Sugar Spinner Data.</reason>
	<cost>0</cost><cash>19894</cash>
</goalFailure>
<uiEvent>
	<dtimeGame>20220106082145</dtimeGame>	<dtimeReal>20221126195233</dtimeReal>
	<tab>office</tab>
</uiEvent>
<uiEvent>
	<dtimeGame>20220106082145</dtimeGame>	<dtimeReal>20221126195318</dtimeReal>
	<tab>component</tab>
</uiEvent>
<uiEvent>
	<dtimeGame>20220106082145</dtimeGame>	<dtimeReal>20221126195348</dtimeReal>
	<tab>component</tab>
</uiEvent>
<uiEvent>
	<dtimeGame>20220106082145</dtimeGame>	<dtimeReal>20221126195351</dtimeReal>
	<tab>objective</tab>
</uiEvent>
<goalFailure>
	<dtimeGame>20220106082145</dtimeGame>	<dtimeReal>20221126195353</dtimeReal>
	<name>Modify Sugar Data</name>
	<userList>Frank</userList>
	<reason>The Modify Sugar Data goal failed for Frank because no workstation could access Sugar Spinner Data.</reason>
	<cost>0</cost><cash>19894</cash>
</goalFailure>
<goalFailure>
	<dtimeGame>20220106082145</dtimeGame>	<dtimeReal>20221126195353</dtimeReal>
	<name>Modify Sugar Data</name>
	<userList>Mary</userList>
	<reason>The Modify Sugar Data goal failed for Mary because no workstation could access Sugar Spinner Data.</reason>
	<cost>0</cost><cash>19894</cash>
</goalFailure>
<goalFailure>
	<dtimeGame>20220106082145</dtimeGame>	<dtimeReal>20221126195353</dtimeReal>
	<name>Modify Sugar Data</name>
	<userList>Joe</userList>
	<reason>The Modify Sugar Data goal failed for Joe because no workstation could access Sugar Spinner Data.</reason>
	<cost>0</cost><cash>19894</cash>
</goalFailure>
<uiEvent>
	<dtimeGame>20220106082145</dtimeGame>	<dtimeReal>20221126195353</dtimeReal>
	<tab>office</tab>
</uiEvent>
<gameEvent>
	<dtimeGame>20220106082145</dtimeGame>	<dtimeReal>20221126195354</dtimeReal>
	<resume></resume>
</gameEvent>
<goalFailure>
	<dtimeGame>20220106082145</dtimeGame>	<dtimeReal>20221126195354</dtimeReal>
	<name>Modify Sugar Data</name>
	<userList>Frank</userList>
	<reason>The Modify Sugar Data goal failed for Frank because no workstation could access Sugar Spinner Data.</reason>
	<cost>0</cost><cash>19894</cash>
</goalFailure>
<goalFailure>
	<dtimeGame>20220106082145</dtimeGame>	<dtimeReal>20221126195354</dtimeReal>
	<name>Modify Sugar Data</name>
	<userList>Mary</userList>
	<reason>The Modify Sugar Data goal failed for Mary because no workstation could access Sugar Spinner Data.</reason>
	<cost>0</cost><cash>19894</cash>
</goalFailure>
<goalFailure>
	<dtimeGame>20220106082145</dtimeGame>	<dtimeReal>20221126195354</dtimeReal>
	<name>Modify Sugar Data</name>
	<userList>Joe</userList>
	<reason>The Modify Sugar Data goal failed for Joe because no workstation could access Sugar Spinner Data.</reason>
	<cost>0</cost><cash>19894</cash>
</goalFailure>
<goalFailure>
	<dtimeGame>20220106082145</dtimeGame>	<dtimeReal>20221126195354</dtimeReal>
	<name>Work on Peggy's Stuff</name>
	<userList>Peggy</userList>
	<reason>Asset Goal Work on Peggy's Stuff failed for Peggy because no one machine with suitable software could access all the assets required in the asset goal.</reason>
	<cost>0</cost><cash>19894</cash>
</goalFailure>
<goalFailure>
	<dtimeGame>20220106082145</dtimeGame>	<dtimeReal>20221126195354</dtimeReal>
	<name>Work on Peggy's Stuff</name>
	<userList>Peggy</userList>
	<reason>Asset Goal Work on Peggy's Stuff failed for Peggy because no one machine with suitable software could access all the assets required in the asset goal.</reason>
	<cost>0</cost><cash>19894</cash>
</goalFailure>
<goalFailure>
	<dtimeGame>20220106082145</dtimeGame>	<dtimeReal>20221126195354</dtimeReal>
	<name>Work on Peggy's Stuff</name>
	<userList>Peggy</userList>
	<reason>Asset Goal Work on Peggy's Stuff failed for Peggy because no one machine with suitable software could access all the assets required in the asset goal.</reason>
	<cost>0</cost><cash>19894</cash>
</goalFailure>
<goalFailure>
	<dtimeGame>20220106082145</dtimeGame>	<dtimeReal>20221126195354</dtimeReal>
	<name>Work on Peggy's Stuff</name>
	<userList>Peggy</userList>
	<reason>Asset Goal Work on Peggy's Stuff failed for Peggy because no one machine with suitable software could access all the assets required in the asset goal.</reason>
	<cost>0</cost><cash>19894</cash>
</goalFailure>
<goalFailure>
	<dtimeGame>20220106082145</dtimeGame>	<dtimeReal>20221126195354</dtimeReal>
	<name>Work on Peggy's Stuff</name>
	<userList>Peggy</userList>
	<reason>Asset Goal Work on Peggy's Stuff failed for Peggy because no one machine with suitable software could access all the assets required in the asset goal.</reason>
	<cost>0</cost><cash>19894</cash>
</goalFailure>
<goalFailure>
	<dtimeGame>20220106082145</dtimeGame>	<dtimeReal>20221126195354</dtimeReal>
	<name>Work on Peggy's Stuff</name>
	<userList>Peggy</userList>
	<reason>Asset Goal Work on Peggy's Stuff failed for Peggy because no one machine with suitable software could access all the assets required in the asset goal.</reason>
	<cost>0</cost><cash>19894</cash>
</goalFailure>
<goalFailure>
	<dtimeGame>20220106082145</dtimeGame>	<dtimeReal>20221126195354</dtimeReal>
	<name>Work on Peggy's Stuff</name>
	<userList>Peggy</userList>
	<reason>Asset Goal Work on Peggy's Stuff failed for me because no one machine with suitable software could access all the assets required in the asset goal.</reason>
	<cost>0</cost><cash>19894</cash>
</goalFailure>
<goalFailure>
	<dtimeGame>20220106082145</dtimeGame>	<dtimeReal>20221126195354</dtimeReal>
	<name>Work on Frank's Stuff</name>
	<userList>Frank</userList>
	<reason>Asset Goal Work on Frank's Stuff failed for Frank because no one machine with suitable software could access all the assets required in the asset goal.</reason>
	<cost>0</cost><cash>19894</cash>
</goalFailure>
<goalFailure>
	<dtimeGame>20220106082145</dtimeGame>	<dtimeReal>20221126195354</dtimeReal>
	<name>Work on Frank's Stuff</name>
	<userList>Frank</userList>
	<reason>Asset Goal Work on Frank's Stuff failed for Frank because no one machine with suitable software could access all the assets required in the asset goal.</reason>
	<cost>0</cost><cash>19894</cash>
</goalFailure>
<goalFailure>
	<dtimeGame>20220106082145</dtimeGame>	<dtimeReal>20221126195354</dtimeReal>
	<name>Work on Frank's Stuff</name>
	<userList>Frank</userList>
	<reason>Asset Goal Work on Frank's Stuff failed for Frank because no one machine with suitable software could access all the assets required in the asset goal.</reason>
	<cost>0</cost><cash>19894</cash>
</goalFailure>
<goalFailure>
	<dtimeGame>20220106082145</dtimeGame>	<dtimeReal>20221126195354</dtimeReal>
	<name>Work on Frank's Stuff</name>
	<userList>Frank</userList>
	<reason>Asset Goal Work on Frank's Stuff failed for Frank because no one machine with suitable software could access all the assets required in the asset goal.</reason>
	<cost>0</cost><cash>19894</cash>
</goalFailure>
<goalFailure>
	<dtimeGame>20220106082145</dtimeGame>	<dtimeReal>20221126195354</dtimeReal>
	<name>Work on Frank's Stuff</name>
	<userList>Frank</userList>
	<reason>Asset Goal Work on Frank's Stuff failed for Frank because no one machine with suitable software could access all the assets required in the asset goal.</reason>
	<cost>0</cost><cash>19894</cash>
</goalFailure>
<goalFailure>
	<dtimeGame>20220106082145</dtimeGame>	<dtimeReal>20221126195354</dtimeReal>
	<name>Work on Frank's Stuff</name>
	<userList>Frank</userList>
	<reason>Asset Goal Work on Frank's Stuff failed for Frank because no one machine with suitable software could access all the assets required in the asset goal.</reason>
	<cost>0</cost><cash>19894</cash>
</goalFailure>
<goalFailure>
	<dtimeGame>20220106082145</dtimeGame>	<dtimeReal>20221126195354</dtimeReal>
	<name>Work on Frank's Stuff</name>
	<userList>Frank</userList>
	<reason>Asset Goal Work on Frank's Stuff failed for me because no one machine with suitable software could access all the assets required in the asset goal.</reason>
	<cost>0</cost><cash>19894</cash>
</goalFailure>
<goalFailure>
	<dtimeGame>20220106082145</dtimeGame>	<dtimeReal>20221126195354</dtimeReal>
	<name>Work On Mary's Stuff</name>
	<userList>Mary</userList>
	<reason>Asset Goal Work On Mary's Stuff failed for Mary because no one machine with suitable software could access all the assets required in the asset goal.</reason>
	<cost>0</cost><cash>19894</cash>
</goalFailure>
<goalFailure>
	<dtimeGame>20220106082145</dtimeGame>	<dtimeReal>20221126195354</dtimeReal>
	<name>Work On Mary's Stuff</name>
	<userList>Mary</userList>
	<reason>Asset Goal Work On Mary's Stuff failed for Mary because no one machine with suitable software could access all the assets required in the asset goal.</reason>
	<cost>0</cost><cash>19894</cash>
</goalFailure>
<goalFailure>
	<dtimeGame>20220106082145</dtimeGame>	<dtimeReal>20221126195354</dtimeReal>
	<name>Work On Mary's Stuff</name>
	<userList>Mary</userList>
	<reason>Asset Goal Work On Mary's Stuff failed for Mary because no one machine with suitable software could access all the assets required in the asset goal.</reason>
	<cost>0</cost><cash>19894</cash>
</goalFailure>
<goalFailure>
	<dtimeGame>20220106082145</dtimeGame>	<dtimeReal>20221126195354</dtimeReal>
	<name>Work On Mary's Stuff</name>
	<userList>Mary</userList>
	<reason>Asset Goal Work On Mary's Stuff failed for Mary because no one machine with suitable software could access all the assets required in the asset goal.</reason>
	<cost>0</cost><cash>19894</cash>
</goalFailure>
<goalFailure>
	<dtimeGame>20220106082145</dtimeGame>	<dtimeReal>20221126195354</dtimeReal>
	<name>Work On Mary's Stuff</name>
	<userList>Mary</userList>
	<reason>Asset Goal Work On Mary's Stuff failed for Mary because no one machine with suitable software could access all the assets required in the asset goal.</reason>
	<cost>0</cost><cash>19894</cash>
</goalFailure>
<goalFailure>
	<dtimeGame>20220106082145</dtimeGame>	<dtimeReal>20221126195354</dtimeReal>
	<name>Work On Mary's Stuff</name>
	<userList>Mary</userList>
	<reason>Asset Goal Work On Mary's Stuff failed for Mary because no one machine with suitable software could access all the assets required in the asset goal.</reason>
	<cost>0</cost><cash>19894</cash>
</goalFailure>
<goalFailure>
	<dtimeGame>20220106082145</dtimeGame>	<dtimeReal>20221126195354</dtimeReal>
	<name>Work On Mary's Stuff</name>
	<userList>Mary</userList>
	<reason>Asset Goal Work On Mary's Stuff failed for me because no one machine with suitable software could access all the assets required in the asset goal.</reason>
	<cost>0</cost><cash>19894</cash>
</goalFailure>
<goalFailure>
	<dtimeGame>20220106082145</dtimeGame>	<dtimeReal>20221126195354</dtimeReal>
	<name>Work On Joe's Stuff</name>
	<userList>Joe</userList>
	<reason>Asset Goal Work On Joe's Stuff failed for Joe because no one machine with suitable software could access all the assets required in the asset goal.</reason>
	<cost>0</cost><cash>19894</cash>
</goalFailure>
<goalFailure>
	<dtimeGame>20220106082145</dtimeGame>	<dtimeReal>20221126195354</dtimeReal>
	<name>Work On Joe's Stuff</name>
	<userList>Joe</userList>
	<reason>Asset Goal Work On Joe's Stuff failed for Joe because no one machine with suitable software could access all the assets required in the asset goal.</reason>
	<cost>0</cost><cash>19894</cash>
</goalFailure>
<goalFailure>
	<dtimeGame>20220106082145</dtimeGame>	<dtimeReal>20221126195354</dtimeReal>
	<name>Work On Joe's Stuff</name>
	<userList>Joe</userList>
	<reason>Asset Goal Work On Joe's Stuff failed for Joe because no one machine with suitable software could access all the assets required in the asset goal.</reason>
	<cost>0</cost><cash>19894</cash>
</goalFailure>
<goalFailure>
	<dtimeGame>20220106082145</dtimeGame>	<dtimeReal>20221126195354</dtimeReal>
	<name>Work On Joe's Stuff</name>
	<userList>Joe</userList>
	<reason>Asset Goal Work On Joe's Stuff failed for Joe because no one machine with suitable software could access all the assets required in the asset goal.</reason>
	<cost>0</cost><cash>19894</cash>
</goalFailure>
<goalFailure>
	<dtimeGame>20220106082145</dtimeGame>	<dtimeReal>20221126195354</dtimeReal>
	<name>Work On Joe's Stuff</name>
	<userList>Joe</userList>
	<reason>Asset Goal Work On Joe's Stuff failed for Joe because no one machine with suitable software could access all the assets required in the asset goal.</reason>
	<cost>0</cost><cash>19894</cash>
</goalFailure>
<goalFailure>
	<dtimeGame>20220106082145</dtimeGame>	<dtimeReal>20221126195354</dtimeReal>
	<name>Work On Joe's Stuff</name>
	<userList>Joe</userList>
	<reason>Asset Goal Work On Joe's Stuff failed for Joe because no one machine with suitable software could access all the assets required in the asset goal.</reason>
	<cost>0</cost><cash>19894</cash>
</goalFailure>
<goalFailure>
	<dtimeGame>20220106082145</dtimeGame>	<dtimeReal>20221126195354</dtimeReal>
	<name>Work On Joe's Stuff</name>
	<userList>Joe</userList>
	<reason>Asset Goal Work On Joe's Stuff failed for me because no one machine with suitable software could access all the assets required in the asset goal.</reason>
	<cost>0</cost><cash>19894</cash>
</goalFailure>
<userEvent>
	<dtimeGame>20220106082608</dtimeGame>	<dtimeReal>20221126195355</dtimeReal>
	<newMode>
		<name>Peggy</name>
		<animMode>3</animMode>
	</newMode>
	<cost>0</cost><cash>19887</cash>
</userEvent>
<trigger>
	<dtimeGame>20220106090501</dtimeGame>	<dtimeReal>20221126195403</dtimeReal>
	<name>InterentTrojan</name>
	<triggerType>ATTACK_TRIGGER</triggerType>
	<timesGoneOff>2</timesGoneOff>
	<conditions>ConditionList: not AnyAssetAttacked(false) :end</conditions>
</trigger>
<goalFailure>
	<dtimeGame>20220106091232</dtimeGame>	<dtimeReal>20221126195405</dtimeReal>
	<name>Modify Sugar Data</name>
	<userList>Frank</userList>
	<reason>The Modify Sugar Data goal failed for Frank because no workstation could access Sugar Spinner Data.</reason>
	<cost>0</cost><cash>19820</cash>
</goalFailure>
<goalFailure>
	<dtimeGame>20220106091232</dtimeGame>	<dtimeReal>20221126195405</dtimeReal>
	<name>Modify Sugar Data</name>
	<userList>Mary</userList>
	<reason>The Modify Sugar Data goal failed for Mary because no workstation could access Sugar Spinner Data.</reason>
	<cost>0</cost><cash>19820</cash>
</goalFailure>
<goalFailure>
	<dtimeGame>20220106091232</dtimeGame>	<dtimeReal>20221126195405</dtimeReal>
	<name>Modify Sugar Data</name>
	<userList>Joe</userList>
	<reason>The Modify Sugar Data goal failed for Joe because no workstation could access Sugar Spinner Data.</reason>
	<cost>0</cost><cash>19820</cash>
</goalFailure>
<goalFailure>
	<dtimeGame>20220106091232</dtimeGame>	<dtimeReal>20221126195405</dtimeReal>
	<name>Work on Peggy's Stuff</name>
	<userList>Peggy</userList>
	<reason></reason>
	<cost>12</cost><cash>19820</cash>
</goalFailure>
<goalFailure>
	<dtimeGame>20220106091232</dtimeGame>	<dtimeReal>20221126195405</dtimeReal>
	<name>Modify Sugar Data</name>
	<userList>Joe,Mary,Frank</userList>
	<reason>The Modify Sugar Data goal failed for Frank because no workstation could access Sugar Spinner Data.</reason>
	<cost>35</cost><cash>19820</cash>
</goalFailure>
<goalFailure>
	<dtimeGame>20220106091232</dtimeGame>	<dtimeReal>20221126195405</dtimeReal>
	<name>Work on Frank's Stuff</name>
	<userList>Frank</userList>
	<reason>The Modify Sugar Data goal failed for Frank because no workstation could access Sugar Spinner Data.</reason>
	<cost>12</cost><cash>19820</cash>
</goalFailure>
<goalFailure>
	<dtimeGame>20220106091232</dtimeGame>	<dtimeReal>20221126195405</dtimeReal>
	<name>Work On Mary's Stuff</name>
	<userList>Mary</userList>
	<reason>The Modify Sugar Data goal failed for Mary because no workstation could access Sugar Spinner Data.</reason>
	<cost>12</cost><cash>19820</cash>
</goalFailure>
<goalFailure>
	<dtimeGame>20220106091232</dtimeGame>	<dtimeReal>20221126195405</dtimeReal>
	<name>Work On Joe's Stuff</name>
	<userList>Joe</userList>
	<reason>The Modify Sugar Data goal failed for Joe because no workstation could access Sugar Spinner Data.</reason>
	<cost>12</cost><cash>19820</cash>
</goalFailure>
<goalFailure>
	<dtimeGame>20220106091232</dtimeGame>	<dtimeReal>20221126195405</dtimeReal>
	<name>Work on Peggy's Stuff</name>
	<userList>Peggy</userList>
	<reason>Asset Goal Work on Peggy's Stuff failed for Peggy because no one machine with suitable software could access all the assets required in the asset goal.</reason>
	<cost>0</cost><cash>19820</cash>
</goalFailure>
<goalFailure>
	<dtimeGame>20220106091232</dtimeGame>	<dtimeReal>20221126195405</dtimeReal>
	<name>Work on Peggy's Stuff</name>
	<userList>Peggy</userList>
	<reason>Asset Goal Work on Peggy's Stuff failed for Peggy because no one machine with suitable software could access all the assets required in the asset goal.</reason>
	<cost>0</cost><cash>19820</cash>
</goalFailure>
<goalFailure>
	<dtimeGame>20220106091232</dtimeGame>	<dtimeReal>20221126195405</dtimeReal>
	<name>Work on Peggy's Stuff</name>
	<userList>Peggy</userList>
	<reason>Asset Goal Work on Peggy's Stuff failed for Peggy because no one machine with suitable software could access all the assets required in the asset goal.</reason>
	<cost>0</cost><cash>19820</cash>
</goalFailure>
<goalFailure>
	<dtimeGame>20220106091232</dtimeGame>	<dtimeReal>20221126195405</dtimeReal>
	<name>Work on Peggy's Stuff</name>
	<userList>Peggy</userList>
	<reason>Asset Goal Work on Peggy's Stuff failed for Peggy because no one machine with suitable software could access all the assets required in the asset goal.</reason>
	<cost>0</cost><cash>19820</cash>
</goalFailure>
<goalFailure>
	<dtimeGame>20220106091232</dtimeGame>	<dtimeReal>20221126195405</dtimeReal>
	<name>Work on Peggy's Stuff</name>
	<userList>Peggy</userList>
	<reason>Asset Goal Work on Peggy's Stuff failed for Peggy because no one machine with suitable software could access all the assets required in the asset goal.</reason>
	<cost>0</cost><cash>19820</cash>
</goalFailure>
<goalFailure>
	<dtimeGame>20220106091232</dtimeGame>	<dtimeReal>20221126195405</dtimeReal>
	<name>Work on Peggy's Stuff</name>
	<userList>Peggy</userList>
	<reason>Asset Goal Work on Peggy's Stuff failed for Peggy because no one machine with suitable software could access all the assets required in the asset goal.</reason>
	<cost>0</cost><cash>19820</cash>
</goalFailure>
<goalFailure>
	<dtimeGame>20220106091232</dtimeGame>	<dtimeReal>20221126195405</dtimeReal>
	<name>Work on Peggy's Stuff</name>
	<userList>Peggy</userList>
	<reason>Asset Goal Work on Peggy's Stuff failed for me because no one machine with suitable software could access all the assets required in the asset goal.</reason>
	<cost>0</cost><cash>19820</cash>
</goalFailure>
<goalFailure>
	<dtimeGame>20220106091232</dtimeGame>	<dtimeReal>20221126195405</dtimeReal>
	<name>Work on Frank's Stuff</name>
	<userList>Frank</userList>
	<reason>Asset Goal Work on Frank's Stuff failed for Frank because no one machine with suitable software could access all the assets required in the asset goal.</reason>
	<cost>0</cost><cash>19820</cash>
</goalFailure>
<goalFailure>
	<dtimeGame>20220106091232</dtimeGame>	<dtimeReal>20221126195405</dtimeReal>
	<name>Work on Frank's Stuff</name>
	<userList>Frank</userList>
	<reason>Asset Goal Work on Frank's Stuff failed for Frank because no one machine with suitable software could access all the assets required in the asset goal.</reason>
	<cost>0</cost><cash>19820</cash>
</goalFailure>
<goalFailure>
	<dtimeGame>20220106091232</dtimeGame>	<dtimeReal>20221126195405</dtimeReal>
	<name>Work on Frank's Stuff</name>
	<userList>Frank</userList>
	<reason>Asset Goal Work on Frank's Stuff failed for Frank because no one machine with suitable software could access all the assets required in the asset goal.</reason>
	<cost>0</cost><cash>19820</cash>
</goalFailure>
<goalFailure>
	<dtimeGame>20220106091232</dtimeGame>	<dtimeReal>20221126195405</dtimeReal>
	<name>Work on Frank's Stuff</name>
	<userList>Frank</userList>
	<reason>Asset Goal Work on Frank's Stuff failed for Frank because no one machine with suitable software could access all the assets required in the asset goal.</reason>
	<cost>0</cost><cash>19820</cash>
</goalFailure>
<goalFailure>
	<dtimeGame>20220106091232</dtimeGame>	<dtimeReal>20221126195405</dtimeReal>
	<name>Work on Frank's Stuff</name>
	<userList>Frank</userList>
	<reason>Asset Goal Work on Frank's Stuff failed for Frank because no one machine with suitable software could access all the assets required in the asset goal.</reason>
	<cost>0</cost><cash>19820</cash>
</goalFailure>
<goalFailure>
	<dtimeGame>20220106091232</dtimeGame>	<dtimeReal>20221126195405</dtimeReal>
	<name>Work on Frank's Stuff</name>
	<userList>Frank</userList>
	<reason>Asset Goal Work on Frank's Stuff failed for Frank because no one machine with suitable software could access all the assets required in the asset goal.</reason>
	<cost>0</cost><cash>19820</cash>
</goalFailure>
<goalFailure>
	<dtimeGame>20220106091232</dtimeGame>	<dtimeReal>20221126195405</dtimeReal>
	<name>Work on Frank's Stuff</name>
	<userList>Frank</userList>
	<reason>Asset Goal Work on Frank's Stuff failed for me because no one machine with suitable software could access all the assets required in the asset goal.</reason>
	<cost>0</cost><cash>19820</cash>
</goalFailure>
<goalFailure>
	<dtimeGame>20220106091232</dtimeGame>	<dtimeReal>20221126195405</dtimeReal>
	<name>Work On Mary's Stuff</name>
	<userList>Mary</userList>
	<reason>Asset Goal Work On Mary's Stuff failed for Mary because no one machine with suitable software could access all the assets required in the asset goal.</reason>
	<cost>0</cost><cash>19820</cash>
</goalFailure>
<goalFailure>
	<dtimeGame>20220106091232</dtimeGame>	<dtimeReal>20221126195405</dtimeReal>
	<name>Work On Mary's Stuff</name>
	<userList>Mary</userList>
	<reason>Asset Goal Work On Mary's Stuff failed for Mary because no one machine with suitable software could access all the assets required in the asset goal.</reason>
	<cost>0</cost><cash>19820</cash>
</goalFailure>
<goalFailure>
	<dtimeGame>20220106091232</dtimeGame>	<dtimeReal>20221126195405</dtimeReal>
	<name>Work On Mary's Stuff</name>
	<userList>Mary</userList>
	<reason>Asset Goal Work On Mary's Stuff failed for Mary because no one machine with suitable software could access all the assets required in the asset goal.</reason>
	<cost>0</cost><cash>19820</cash>
</goalFailure>
<goalFailure>
	<dtimeGame>20220106091232</dtimeGame>	<dtimeReal>20221126195405</dtimeReal>
	<name>Work On Mary's Stuff</name>
	<userList>Mary</userList>
	<reason>Asset Goal Work On Mary's Stuff failed for Mary because no one machine with suitable software could access all the assets required in the asset goal.</reason>
	<cost>0</cost><cash>19820</cash>
</goalFailure>
<goalFailure>
	<dtimeGame>20220106091232</dtimeGame>	<dtimeReal>20221126195405</dtimeReal>
	<name>Work On Mary's Stuff</name>
	<userList>Mary</userList>
	<reason>Asset Goal Work On Mary's Stuff failed for Mary because no one machine with suitable software could access all the assets required in the asset goal.</reason>
	<cost>0</cost><cash>19820</cash>
</goalFailure>
<goalFailure>
	<dtimeGame>20220106091232</dtimeGame>	<dtimeReal>20221126195405</dtimeReal>
	<name>Work On Mary's Stuff</name>
	<userList>Mary</userList>
	<reason>Asset Goal Work On Mary's Stuff failed for Mary because no one machine with suitable software could access all the assets required in the asset goal.</reason>
	<cost>0</cost><cash>19820</cash>
</goalFailure>
<goalFailure>
	<dtimeGame>20220106091232</dtimeGame>	<dtimeReal>20221126195405</dtimeReal>
	<name>Work On Mary's Stuff</name>
	<userList>Mary</userList>
	<reason>Asset Goal Work On Mary's Stuff failed for me because no one machine with suitable software could access all the assets required in the asset goal.</reason>
	<cost>0</cost><cash>19820</cash>
</goalFailure>
<goalFailure>
	<dtimeGame>20220106091232</dtimeGame>	<dtimeReal>20221126195405</dtimeReal>
	<name>Work On Joe's Stuff</name>
	<userList>Joe</userList>
	<reason>Asset Goal Work On Joe's Stuff failed for Joe because no one machine with suitable software could access all the assets required in the asset goal.</reason>
	<cost>0</cost><cash>19820</cash>
</goalFailure>
<goalFailure>
	<dtimeGame>20220106091232</dtimeGame>	<dtimeReal>20221126195405</dtimeReal>
	<name>Work On Joe's Stuff</name>
	<userList>Joe</userList>
	<reason>Asset Goal Work On Joe's Stuff failed for Joe because no one machine with suitable software could access all the assets required in the asset goal.</reason>
	<cost>0</cost><cash>19820</cash>
</goalFailure>
<goalFailure>
	<dtimeGame>20220106091232</dtimeGame>	<dtimeReal>20221126195405</dtimeReal>
	<name>Work On Joe's Stuff</name>
	<userList>Joe</userList>
	<reason>Asset Goal Work On Joe's Stuff failed for Joe because no one machine with suitable software could access all the assets required in the asset goal.</reason>
	<cost>0</cost><cash>19820</cash>
</goalFailure>
<goalFailure>
	<dtimeGame>20220106091232</dtimeGame>	<dtimeReal>20221126195405</dtimeReal>
	<name>Work On Joe's Stuff</name>
	<userList>Joe</userList>
	<reason>Asset Goal Work On Joe's Stuff failed for Joe because no one machine with suitable software could access all the assets required in the asset goal.</reason>
	<cost>0</cost><cash>19820</cash>
</goalFailure>
<goalFailure>
	<dtimeGame>20220106091232</dtimeGame>	<dtimeReal>20221126195405</dtimeReal>
	<name>Work On Joe's Stuff</name>
	<userList>Joe</userList>
	<reason>Asset Goal Work On Joe's Stuff failed for Joe because no one machine with suitable software could access all the assets required in the asset goal.</reason>
	<cost>0</cost><cash>19820</cash>
</goalFailure>
<goalFailure>
	<dtimeGame>20220106091232</dtimeGame>	<dtimeReal>20221126195405</dtimeReal>
	<name>Work On Joe's Stuff</name>
	<userList>Joe</userList>
	<reason>Asset Goal Work On Joe's Stuff failed for Joe because no one machine with suitable software could access all the assets required in the asset goal.</reason>
	<cost>0</cost><cash>19820</cash>
</goalFailure>
<goalFailure>
	<dtimeGame>20220106091232</dtimeGame>	<dtimeReal>20221126195405</dtimeReal>
	<name>Work On Joe's Stuff</name>
	<userList>Joe</userList>
	<reason>Asset Goal Work On Joe's Stuff failed for me because no one machine with suitable software could access all the assets required in the asset goal.</reason>
	<cost>0</cost><cash>19820</cash>
</goalFailure>
<trigger>
	<dtimeGame>20220106092002</dtimeGame>	<dtimeReal>20221126195407</dtimeReal>
	<name>insider</name>
	<triggerType>ATTACK_TRIGGER</triggerType>
	<timesGoneOff>2</timesGoneOff>
	<conditions>ConditionList: not AnyAssetAttacked(false) :end</conditions>
</trigger>
<trigger>
	<dtimeGame>20220106092002</dtimeGame>	<dtimeReal>20221126195407</dtimeReal>
	<name>WireTap</name>
	<triggerType>ATTACK_TRIGGER</triggerType>
	<timesGoneOff>2</timesGoneOff>
	<conditions>ConditionList: not AnyAssetAttacked(false) :end</conditions>
</trigger>
<gameEvent>
	<dtimeGame>20220106092231</dtimeGame>	<dtimeReal>20221126195407</dtimeReal>
	<pause></pause>
</gameEvent>
<goalFailure>
	<dtimeGame>20220106092231</dtimeGame>	<dtimeReal>20221126195407</dtimeReal>
	<name>Modify Sugar Data</name>
	<userList>Frank</userList>
	<reason>The Modify Sugar Data goal failed for Frank because no workstation could access Sugar Spinner Data.</reason>
	<cost>0</cost><cash>19805</cash>
</goalFailure>
<goalFailure>
	<dtimeGame>20220106092231</dtimeGame>	<dtimeReal>20221126195407</dtimeReal>
	<name>Modify Sugar Data</name>
	<userList>Mary</userList>
	<reason>The Modify Sugar Data goal failed for Mary because no workstation could access Sugar Spinner Data.</reason>
	<cost>0</cost><cash>19805</cash>
</goalFailure>
<goalFailure>
	<dtimeGame>20220106092231</dtimeGame>	<dtimeReal>20221126195407</dtimeReal>
	<name>Modify Sugar Data</name>
	<userList>Joe</userList>
	<reason>The Modify Sugar Data goal failed for Joe because no workstation could access Sugar Spinner Data.</reason>
	<cost>0</cost><cash>19805</cash>
</goalFailure>
<uiEvent>
	<dtimeGame>20220106092231</dtimeGame>	<dtimeReal>20221126195409</dtimeReal>
	<tab>user</tab>
</uiEvent>
<uiEvent>
	<dtimeGame>20220106092231</dtimeGame>	<dtimeReal>20221126195410</dtimeReal>
	<tab>zone</tab>
</uiEvent>
<uiEvent>
	<dtimeGame>20220106092231</dtimeGame>	<dtimeReal>20221126195416</dtimeReal>
	<tab>game</tab>
</uiEvent>
<gameEvent>
	<dtimeGame>20220106092231</dtimeGame>	<dtimeReal>20221126195420</dtimeReal>
	<end>quit</end>
</gameEvent>
<gameEvent>
	<dtimeGame>20220106092231</dtimeGame>	<dtimeReal>20221126195420</dtimeReal>
	<end>quit</end>
</gameEvent>
</CyberCIEGEeventLog>