<?xml version="1.0"?>
<!DOCTYPE CyberCIEGEeventLog SYSTEM "..\..\eventlog.dtd">
<CyberCIEGEeventLog>
<gameEvent>
	<dtimeGame>20220101060200</dtimeGame>	<dtimeReal>20221120123043</dtimeReal>
	<loadFile>C:\Users\Mohit Yadav\AppData\Roaming\CyberCIEGE\Identity Management\Mohit Yadav\saved_Nov20_0_13.sdf</loadFile>
</gameEvent>
<gameEvent>
	<dtimeGame>20220101060200</dtimeGame>	<dtimeReal>20221120123043</dtimeReal>
	<loadFile>Authentication.CSM 9/30/16 3 46 PM</loadFile>
</gameEvent>
<gameEvent>
	<dtimeGame>20220111114100</dtimeGame>	<dtimeReal>20221120123043</dtimeReal>
	<creates>
		<user>Blake</user>
	</creates>
</gameEvent>
<gameEvent>
	<dtimeGame>20220111114100</dtimeGame>	<dtimeReal>20221120123043</dtimeReal>
	<creates>
		<user>Customer</user>
	</creates>
</gameEvent>
<gameEvent>
	<dtimeGame>20220111114100</dtimeGame>	<dtimeReal>20221120123043</dtimeReal>
	<creates>
		<user>Joe</user>
	</creates>
</gameEvent>
<gameEvent>
	<dtimeGame>20220111114100</dtimeGame>	<dtimeReal>20221120123043</dtimeReal>
	<creates>
		<user>Mary</user>
	</creates>
</gameEvent>
<gameEvent>
	<dtimeGame>20220111114100</dtimeGame>	<dtimeReal>20221120123043</dtimeReal>
	<creates>
		<user>Frank</user>
	</creates>
</gameEvent>
<gameEvent>
	<dtimeGame>20220111114100</dtimeGame>	<dtimeReal>20221120123043</dtimeReal>
	<creates>
		<user>Peggy</user>
	</creates>
</gameEvent>
<gameEvent>
	<dtimeGame>20220111114100</dtimeGame>	<dtimeReal>20221120123043</dtimeReal>
	<creates>
		<user>Fiona</user>
	</creates>
</gameEvent>
<gameEvent>
	<dtimeGame>20220111114100</dtimeGame>	<dtimeReal>20221120123043</dtimeReal>
	<creates>
		<user>ITguy1</user>
	</creates>
</gameEvent>
<componentEvent>
	<dtimeGame>20220111114100</dtimeGame>	<dtimeReal>20221120123043</dtimeReal>
	<name>Lollipop Server</name>
	<networkConnect>Lan1</networkConnect>
	<cost>0</cost><cash>6028</cash>
</componentEvent>
<componentEvent>
	<dtimeGame>20220111114100</dtimeGame>	<dtimeReal>20221120123043</dtimeReal>
	<name>Lollipop Server</name>
	<accountAdd>
		<user>Joe</user>
	</accountAdd>
	<cost>0</cost><cash>6028</cash>
</componentEvent>
<componentEvent>
	<dtimeGame>20220111114100</dtimeGame>	<dtimeReal>20221120123043</dtimeReal>
	<name>Lollipop Server</name>
	<accountAdd>
		<user>Mary</user>
	</accountAdd>
	<cost>0</cost><cash>6028</cash>
</componentEvent>
<componentEvent>
	<dtimeGame>20220111114100</dtimeGame>	<dtimeReal>20221120123043</dtimeReal>
	<name>Lollipop Server</name>
	<accountAdd>
		<user>Frank</user>
	</accountAdd>
	<cost>0</cost><cash>6028</cash>
</componentEvent>
<componentEvent>
	<dtimeGame>20220111114100</dtimeGame>	<dtimeReal>20221120123043</dtimeReal>
	<name>Lollipop Server</name>
	<accountAdd>
		<user>Peggy</user>
	</accountAdd>
	<cost>0</cost><cash>6028</cash>
</componentEvent>
<componentEvent>
	<dtimeGame>20220111114100</dtimeGame>	<dtimeReal>20221120123043</dtimeReal>
	<name>Lollipop Server</name>
	<accountAdd>
		<user>Fiona</user>
	</accountAdd>
	<cost>0</cost><cash>6028</cash>
</componentEvent>
<componentEvent>
	<dtimeGame>20220111114100</dtimeGame>	<dtimeReal>20221120123043</dtimeReal>
	<name>Lollipop Server</name>
	<accountAdd>
		<group>Marketing</group>
	</accountAdd>
	<cost>0</cost><cash>6028</cash>
</componentEvent>
<assetEvent>
	<dtimeGame>20220111114100</dtimeGame>	<dtimeReal>20221120123043</dtimeReal>
	<name>M and F Web Site</name>
	<moveType>Add : SCENARIO_FILE</moveType>
	<computerName>Lollipop Server</computerName>
</assetEvent>
<assetEvent>
	<dtimeGame>20220111114100</dtimeGame>	<dtimeReal>20221120123043</dtimeReal>
	<name>Sugar Spinner Data</name>
	<moveType>Add : SCENARIO_FILE</moveType>
	<computerName>Lollipop Server</computerName>
</assetEvent>
<gameEvent>
	<dtimeGame>20220111114100</dtimeGame>	<dtimeReal>20221120123043</dtimeReal>
	<creates>
		<computerName>Lollipop Server</computerName>
	</creates>
</gameEvent>
<componentEvent>
	<dtimeGame>20220111114100</dtimeGame>	<dtimeReal>20221120123043</dtimeReal>
	<name>Button Holer</name>
	<networkConnect>Lan1</networkConnect>
	<cost>0</cost><cash>6028</cash>
</componentEvent>
<gameEvent>
	<dtimeGame>20220111114100</dtimeGame>	<dtimeReal>20221120123043</dtimeReal>
	<creates>
		<computerName>Button Holer</computerName>
	</creates>
</gameEvent>
<componentEvent>
	<dtimeGame>20220111114100</dtimeGame>	<dtimeReal>20221120123043</dtimeReal>
	<name>Joe's Workstation</name>
	<networkConnect>Lan1</networkConnect>
	<cost>0</cost><cash>6028</cash>
</componentEvent>
<assetEvent>
	<dtimeGame>20220111114100</dtimeGame>	<dtimeReal>20221120123043</dtimeReal>
	<name>Joe's Stuff</name>
	<moveType>Add : SCENARIO_FILE</moveType>
	<computerName>Joe's Workstation</computerName>
</assetEvent>
<gameEvent>
	<dtimeGame>20220111114100</dtimeGame>	<dtimeReal>20221120123043</dtimeReal>
	<creates>
		<computerName>Joe's Workstation</computerName>
	</creates>
</gameEvent>
<componentEvent>
	<dtimeGame>20220111114100</dtimeGame>	<dtimeReal>20221120123043</dtimeReal>
	<name>Mary's Workstation</name>
	<networkConnect>Lan1</networkConnect>
	<cost>0</cost><cash>6028</cash>
</componentEvent>
<assetEvent>
	<dtimeGame>20220111114100</dtimeGame>	<dtimeReal>20221120123043</dtimeReal>
	<name>Mary's Stuff</name>
	<moveType>Add : SCENARIO_FILE</moveType>
	<computerName>Mary's Workstation</computerName>
</assetEvent>
<gameEvent>
	<dtimeGame>20220111114100</dtimeGame>	<dtimeReal>20221120123043</dtimeReal>
	<creates>
		<computerName>Mary's Workstation</computerName>
	</creates>
</gameEvent>
<componentEvent>
	<dtimeGame>20220111114100</dtimeGame>	<dtimeReal>20221120123043</dtimeReal>
	<name>Frank's Workstation</name>
	<networkConnect>Lan1</networkConnect>
	<cost>0</cost><cash>6028</cash>
</componentEvent>
<assetEvent>
	<dtimeGame>20220111114100</dtimeGame>	<dtimeReal>20221120123043</dtimeReal>
	<name>Frank's Stuff</name>
	<moveType>Add : SCENARIO_FILE</moveType>
	<computerName>Frank's Workstation</computerName>
</assetEvent>
<gameEvent>
	<dtimeGame>20220111114100</dtimeGame>	<dtimeReal>20221120123043</dtimeReal>
	<creates>
		<computerName>Frank's Workstation</computerName>
	</creates>
</gameEvent>
<componentEvent>
	<dtimeGame>20220111114100</dtimeGame>	<dtimeReal>20221120123043</dtimeReal>
	<name>Peggy's Workstation</name>
	<networkConnect>Lan1</networkConnect>
	<cost>0</cost><cash>6028</cash>
</componentEvent>
<assetEvent>
	<dtimeGame>20220111114100</dtimeGame>	<dtimeReal>20221120123043</dtimeReal>
	<name>Peggy's Stuff</name>
	<moveType>Add : SCENARIO_FILE</moveType>
	<computerName>Peggy's Workstation</computerName>
</assetEvent>
<gameEvent>
	<dtimeGame>20220111114100</dtimeGame>	<dtimeReal>20221120123043</dtimeReal>
	<creates>
		<computerName>Peggy's Workstation</computerName>
	</creates>
</gameEvent>
<componentEvent>
	<dtimeGame>20220111114100</dtimeGame>	<dtimeReal>20221120123043</dtimeReal>
	<name>Hotel Workstation</name>
	<networkConnect>Offsite LAN</networkConnect>
	<cost>0</cost><cash>6028</cash>
</componentEvent>
<gameEvent>
	<dtimeGame>20220111114100</dtimeGame>	<dtimeReal>20221120123043</dtimeReal>
	<creates>
		<computerName>Hotel Workstation</computerName>
	</creates>
</gameEvent>
<componentEvent>
	<dtimeGame>20220111114100</dtimeGame>	<dtimeReal>20221120123043</dtimeReal>
	<name>Visitor's Workstation</name>
	<networkConnect>Lan1</networkConnect>
	<cost>0</cost><cash>6028</cash>
</componentEvent>
<gameEvent>
	<dtimeGame>20220111114100</dtimeGame>	<dtimeReal>20221120123043</dtimeReal>
	<creates>
		<computerName>Visitor's Workstation</computerName>
	</creates>
</gameEvent>
<componentEvent>
	<dtimeGame>20220111114100</dtimeGame>	<dtimeReal>20221120123043</dtimeReal>
	<name>Customer's Workstation</name>
	<networkConnect>Customer LAN</networkConnect>
	<cost>0</cost><cash>6028</cash>
</componentEvent>
<componentEvent>
	<dtimeGame>20220111114100</dtimeGame>	<dtimeReal>20221120123043</dtimeReal>
	<name>Customer's Workstation</name>
	<accountAdd>
		<user>Customer</user>
	</accountAdd>
	<cost>0</cost><cash>6028</cash>
</componentEvent>
<gameEvent>
	<dtimeGame>20220111114100</dtimeGame>	<dtimeReal>20221120123043</dtimeReal>
	<creates>
		<computerName>Customer's Workstation</computerName>
	</creates>
</gameEvent>
<gameEvent>
	<dtimeGame>20220111114100</dtimeGame>	<dtimeReal>20221120123043</dtimeReal>
	<creates>
		<computerName>Smartcard Minter</computerName>
	</creates>
</gameEvent>
<gameEvent>
	<dtimeGame>20220111114100</dtimeGame>	<dtimeReal>20221120123043</dtimeReal>
	<creates>
		<computerName>Veriscream CA</computerName>
	</creates>
</gameEvent>
<gameEvent>
	<dtimeGame>20220111114100</dtimeGame>	<dtimeReal>20221120123043</dtimeReal>
	<creates>
		<computerName>CardReader_2</computerName>
	</creates>
</gameEvent>
<gameEvent>
	<dtimeGame>20220111114100</dtimeGame>	<dtimeReal>20221120123043</dtimeReal>
	<creates>
		<computerName>CardReader_3</computerName>
	</creates>
</gameEvent>
<componentEvent>
	<dtimeGame>20220111114100</dtimeGame>	<dtimeReal>20221120123043</dtimeReal>
	<name>customer router</name>
	<networkConnect>Internet</networkConnect>
	<cost>0</cost><cash>6028</cash>
</componentEvent>
<componentEvent>
	<dtimeGame>20220111114100</dtimeGame>	<dtimeReal>20221120123043</dtimeReal>
	<name>customer router</name>
	<networkConnect>Customer LAN</networkConnect>
	<cost>0</cost><cash>6028</cash>
</componentEvent>
<gameEvent>
	<dtimeGame>20220111114100</dtimeGame>	<dtimeReal>20221120123043</dtimeReal>
	<creates>
		<deviceName>customer router</deviceName>
	</creates>
</gameEvent>
<componentEvent>
	<dtimeGame>20220111114100</dtimeGame>	<dtimeReal>20221120123043</dtimeReal>
	<name>HotelRouter</name>
	<networkConnect>Internet</networkConnect>
	<cost>0</cost><cash>6028</cash>
</componentEvent>
<componentEvent>
	<dtimeGame>20220111114100</dtimeGame>	<dtimeReal>20221120123043</dtimeReal>
	<name>HotelRouter</name>
	<networkConnect>Offsite LAN</networkConnect>
	<cost>0</cost><cash>6028</cash>
</componentEvent>
<gameEvent>
	<dtimeGame>20220111114100</dtimeGame>	<dtimeReal>20221120123043</dtimeReal>
	<creates>
		<deviceName>HotelRouter</deviceName>
	</creates>
</gameEvent>
<componentEvent>
	<dtimeGame>20220111114100</dtimeGame>	<dtimeReal>20221120123043</dtimeReal>
	<name>router</name>
	<networkConnect>Internet</networkConnect>
	<cost>0</cost><cash>6028</cash>
</componentEvent>
<componentEvent>
	<dtimeGame>20220111114100</dtimeGame>	<dtimeReal>20221120123043</dtimeReal>
	<name>router</name>
	<networkConnect>Lan1</networkConnect>
	<cost>0</cost><cash>6028</cash>
</componentEvent>
<gameEvent>
	<dtimeGame>20220111114100</dtimeGame>	<dtimeReal>20221120123043</dtimeReal>
	<creates>
		<deviceName>router</deviceName>
	</creates>
</gameEvent>
<goalFailure>
	<dtimeGame>20220111114100</dtimeGame>	<dtimeReal>20221120123044</dtimeReal>
	<name>Modify Sugar Data</name>
	<userList>Blake</userList>
	<reason>The Modify Sugar Data goal failed for Blake because no workstation could access Sugar Spinner Data.</reason>
	<cost>0</cost><cash>6028</cash>
</goalFailure>
<gameEvent>
	<dtimeGame>20220111114100</dtimeGame>	<dtimeReal>20221120123044</dtimeReal>
	<start></start>
</gameEvent>
<uiEvent>
	<dtimeGame>20220111114100</dtimeGame>	<dtimeReal>20221120123055</dtimeReal>
	<tab>component</tab>
</uiEvent>
<uiEvent>
	<dtimeGame>20220111114100</dtimeGame>	<dtimeReal>20221120123114</dtimeReal>
	<tab>component</tab>
</uiEvent>
<uiEvent>
	<dtimeGame>20220111114100</dtimeGame>	<dtimeReal>20221120123117</dtimeReal>
	<tab>component</tab>
</uiEvent>
<goalFailure>
	<dtimeGame>20220111114100</dtimeGame>	<dtimeReal>20221120123129</dtimeReal>
	<name>Modify Sugar Data</name>
	<userList>Blake</userList>
	<reason>The Modify Sugar Data goal failed for Blake because no workstation could access Sugar Spinner Data.</reason>
	<cost>0</cost><cash>6028</cash>
</goalFailure>
<uiEvent>
	<dtimeGame>20220111114100</dtimeGame>	<dtimeReal>20221120123129</dtimeReal>
	<tab>office</tab>
</uiEvent>
<gameEvent>
	<dtimeGame>20220111114100</dtimeGame>	<dtimeReal>20221120123135</dtimeReal>
	<resume></resume>
</gameEvent>
<goalFailure>
	<dtimeGame>20220111114100</dtimeGame>	<dtimeReal>20221120123135</dtimeReal>
	<name>Modify Sugar Data</name>
	<userList>Blake</userList>
	<reason>The Modify Sugar Data goal failed for Blake because no workstation could access Sugar Spinner Data.</reason>
	<cost>0</cost><cash>6028</cash>
</goalFailure>
<summaryEvent>
	<dtimeGame>20220111114202</dtimeGame>	<dtimeReal>20221120123135</dtimeReal>
	<bonus>1</bonus><cash>6029</cash>
</summaryEvent>
<trigger>
	<dtimeGame>20220111114202</dtimeGame>	<dtimeReal>20221120123135</dtimeReal>
	<name>GoToBlake</name>
	<triggerType>SPEAK_TRIGGER</triggerType>
	<timesGoneOff>29</timesGoneOff>
	<conditions>ConditionList: BlakeFailsGoal(true) :end</conditions>
</trigger>
<trigger>
	<dtimeGame>20220111114202</dtimeGame>	<dtimeReal>20221120123135</dtimeReal>
	<name>BlakeProfileNoDevice</name>
	<triggerType>TICKER_TRIGGER</triggerType>
	<timesGoneOff>2</timesGoneOff>
	<conditions>ConditionList: PhaseTwoDone(true) and BlakeFailsGoal(true) and VisitorHasBlakeProfile(true) and_not VisitorHasCardReader(false) :end</conditions>
</trigger>
<trigger>
	<dtimeGame>20220111114700</dtimeGame>	<dtimeReal>20221120123136</dtimeReal>
	<name>insider</name>
	<triggerType>ATTACK_TRIGGER</triggerType>
	<timesGoneOff>46</timesGoneOff>
	<conditions>ConditionList: not AnyAssetAttacked(false) :end</conditions>
</trigger>
<trigger>
	<dtimeGame>20220111114700</dtimeGame>	<dtimeReal>20221120123136</dtimeReal>
	<name>InterentTrojan</name>
	<triggerType>ATTACK_TRIGGER</triggerType>
	<timesGoneOff>56</timesGoneOff>
	<conditions>ConditionList: not AnyAssetAttacked(false) :end</conditions>
</trigger>
<trigger>
	<dtimeGame>20220111114700</dtimeGame>	<dtimeReal>20221120123136</dtimeReal>
	<name>WireTap</name>
	<triggerType>ATTACK_TRIGGER</triggerType>
	<timesGoneOff>45</timesGoneOff>
	<conditions>ConditionList: not AnyAssetAttacked(false) :end</conditions>
</trigger>
<goalFailure>
	<dtimeGame>20220111120109</dtimeGame>	<dtimeReal>20221120123146</dtimeReal>
	<name>Modify Sugar Data</name>
	<userList>Blake</userList>
	<reason></reason>
	<cost>0</cost><cash>6052</cash>
</goalFailure>
<goalFailure>
	<dtimeGame>20220111120109</dtimeGame>	<dtimeReal>20221120123159</dtimeReal>
	<name>Modify Sugar Data</name>
	<userList>Blake</userList>
	<reason></reason>
	<cost>0</cost><cash>6052</cash>
</goalFailure>
<goalFailure>
	<dtimeGame>20220111120109</dtimeGame>	<dtimeReal>20221120123211</dtimeReal>
	<name>Modify Sugar Data</name>
	<userList>Blake</userList>
	<reason></reason>
	<cost>0</cost><cash>6052</cash>
</goalFailure>
<goalFailure>
	<dtimeGame>20220111120109</dtimeGame>	<dtimeReal>20221120123224</dtimeReal>
	<name>Modify Sugar Data</name>
	<userList>Blake</userList>
	<reason></reason>
	<cost>0</cost><cash>6052</cash>
</goalFailure>
<goalFailure>
	<dtimeGame>20220111120109</dtimeGame>	<dtimeReal>20221120123236</dtimeReal>
	<name>Modify Sugar Data</name>
	<userList>Blake</userList>
	<reason></reason>
	<cost>0</cost><cash>6052</cash>
</goalFailure>
<goalFailure>
	<dtimeGame>20220111120109</dtimeGame>	<dtimeReal>20221120123249</dtimeReal>
	<name>Modify Sugar Data</name>
	<userList>Blake</userList>
	<reason></reason>
	<cost>0</cost><cash>6052</cash>
</goalFailure>
<goalFailure>
	<dtimeGame>20220111120109</dtimeGame>	<dtimeReal>20221120123301</dtimeReal>
	<name>Modify Sugar Data</name>
	<userList>Blake</userList>
	<reason></reason>
	<cost>0</cost><cash>6052</cash>
</goalFailure>
<goalFailure>
	<dtimeGame>20220111125405</dtimeGame>	<dtimeReal>20221120123314</dtimeReal>
	<name>Modify Sugar Data</name>
	<userList>Blake</userList>
	<reason></reason>
	<cost>12</cost><cash>6117</cash>
</goalFailure>
<goalFailure>
	<dtimeGame>20220111135223</dtimeGame>	<dtimeReal>20221120123327</dtimeReal>
	<name>Modify Sugar Data</name>
	<userList>Blake</userList>
	<reason></reason>
	<cost>13</cost><cash>6188</cash>
</goalFailure>
<trigger>
	<dtimeGame>20220111144603</dtimeGame>	<dtimeReal>20221120123338</dtimeReal>
	<name>insider</name>
	<triggerType>ATTACK_TRIGGER</triggerType>
	<timesGoneOff>47</timesGoneOff>
	<conditions>ConditionList: not AnyAssetAttacked(false) :end</conditions>
</trigger>
<trigger>
	<dtimeGame>20220111144603</dtimeGame>	<dtimeReal>20221120123338</dtimeReal>
	<name>InterentTrojan</name>
	<triggerType>ATTACK_TRIGGER</triggerType>
	<timesGoneOff>57</timesGoneOff>
	<conditions>ConditionList: not AnyAssetAttacked(false) :end</conditions>
</trigger>
<trigger>
	<dtimeGame>20220111144603</dtimeGame>	<dtimeReal>20221120123338</dtimeReal>
	<name>WireTap</name>
	<triggerType>ATTACK_TRIGGER</triggerType>
	<timesGoneOff>46</timesGoneOff>
	<conditions>ConditionList: not AnyAssetAttacked(false) :end</conditions>
</trigger>
<trigger>
	<dtimeGame>20220111144603</dtimeGame>	<dtimeReal>20221120123338</dtimeReal>
	<name>BlakeProfileNoDevice</name>
	<triggerType>TICKER_TRIGGER</triggerType>
	<timesGoneOff>3</timesGoneOff>
	<conditions>ConditionList: PhaseTwoDone(true) and BlakeFailsGoal(true) and VisitorHasBlakeProfile(true) and_not VisitorHasCardReader(false) :end</conditions>
</trigger>
<goalFailure>
	<dtimeGame>20220111145446</dtimeGame>	<dtimeReal>20221120123340</dtimeReal>
	<name>Modify Sugar Data</name>
	<userList>Blake</userList>
	<reason>The Modify Sugar Data goal failed for Blake because no workstation could access Sugar Spinner Data.</reason>
	<cost>0</cost><cash>6264</cash>
</goalFailure>
<goalFailure>
	<dtimeGame>20220111145446</dtimeGame>	<dtimeReal>20221120123340</dtimeReal>
	<name>Modify Sugar Data</name>
	<userList>Blake</userList>
	<reason>The Modify Sugar Data goal failed for me because no workstation could access Sugar Spinner Data.</reason>
	<cost>14</cost><cash>6264</cash>
</goalFailure>
<uiEvent>
	<dtimeGame>20220111151548</dtimeGame>	<dtimeReal>20221120123344</dtimeReal>
	<tab>objective</tab>
</uiEvent>
<goalFailure>
	<dtimeGame>20220111151548</dtimeGame>	<dtimeReal>20221120123352</dtimeReal>
	<name>Modify Sugar Data</name>
	<userList>Blake</userList>
	<reason>The Modify Sugar Data goal failed for Blake because no workstation could access Sugar Spinner Data.</reason>
	<cost>0</cost><cash>6289</cash>
</goalFailure>
<goalFailure>
	<dtimeGame>20220111151548</dtimeGame>	<dtimeReal>20221120123352</dtimeReal>
	<name>Modify Sugar Data</name>
	<userList>Blake</userList>
	<reason>The Modify Sugar Data goal failed for me because no workstation could access Sugar Spinner Data.</reason>
	<cost>0</cost><cash>6289</cash>
</goalFailure>
<uiEvent>
	<dtimeGame>20220111151548</dtimeGame>	<dtimeReal>20221120123352</dtimeReal>
	<tab>office</tab>
</uiEvent>
<trigger>
	<dtimeGame>20220111151602</dtimeGame>	<dtimeReal>20221120123352</dtimeReal>
	<name>GoToBlake</name>
	<triggerType>SPEAK_TRIGGER</triggerType>
	<timesGoneOff>30</timesGoneOff>
	<conditions>ConditionList: BlakeFailsGoal(true) :end</conditions>
</trigger>
<trigger>
	<dtimeGame>20220111153104</dtimeGame>	<dtimeReal>20221120123355</dtimeReal>
	<name>BlakeProfileNoDevice</name>
	<triggerType>TICKER_TRIGGER</triggerType>
	<timesGoneOff>4</timesGoneOff>
	<conditions>ConditionList: PhaseTwoDone(true) and BlakeFailsGoal(true) and VisitorHasBlakeProfile(true) and_not VisitorHasCardReader(false) :end</conditions>
</trigger>
<goalFailure>
	<dtimeGame>20220111153245</dtimeGame>	<dtimeReal>20221120123405</dtimeReal>
	<name>Modify Sugar Data</name>
	<userList>Blake</userList>
	<reason></reason>
	<cost>0</cost><cash>6310</cash>
</goalFailure>
<goalFailure>
	<dtimeGame>20220111153245</dtimeGame>	<dtimeReal>20221120123417</dtimeReal>
	<name>Modify Sugar Data</name>
	<userList>Blake</userList>
	<reason></reason>
	<cost>0</cost><cash>6310</cash>
</goalFailure>
<goalFailure>
	<dtimeGame>20220111153245</dtimeGame>	<dtimeReal>20221120123430</dtimeReal>
	<name>Modify Sugar Data</name>
	<userList>Blake</userList>
	<reason></reason>
	<cost>0</cost><cash>6310</cash>
</goalFailure>
<goalFailure>
	<dtimeGame>20220111153245</dtimeGame>	<dtimeReal>20221120123443</dtimeReal>
	<name>Modify Sugar Data</name>
	<userList>Blake</userList>
	<reason></reason>
	<cost>0</cost><cash>6310</cash>
</goalFailure>
<goalFailure>
	<dtimeGame>20220111153245</dtimeGame>	<dtimeReal>20221120123455</dtimeReal>
	<name>Modify Sugar Data</name>
	<userList>Blake</userList>
	<reason></reason>
	<cost>0</cost><cash>6310</cash>
</goalFailure>
<goalFailure>
	<dtimeGame>20220111153245</dtimeGame>	<dtimeReal>20221120123508</dtimeReal>
	<name>Modify Sugar Data</name>
	<userList>Blake</userList>
	<reason></reason>
	<cost>0</cost><cash>6310</cash>
</goalFailure>
<goalFailure>
	<dtimeGame>20220111153245</dtimeGame>	<dtimeReal>20221120123520</dtimeReal>
	<name>Modify Sugar Data</name>
	<userList>Blake</userList>
	<reason></reason>
	<cost>0</cost><cash>6310</cash>
</goalFailure>
<goalFailure>
	<dtimeGame>20220111154840</dtimeGame>	<dtimeReal>20221120123532</dtimeReal>
	<name>Modify Sugar Data</name>
	<userList>Blake</userList>
	<reason></reason>
	<cost>4</cost><cash>6329</cash>
</goalFailure>
<goalFailure>
	<dtimeGame>20220111165102</dtimeGame>	<dtimeReal>20221120123545</dtimeReal>
	<name>Modify Sugar Data</name>
	<userList>Blake</userList>
	<reason></reason>
	<cost>15</cost><cash>6406</cash>
</goalFailure>
<goalFailure>
	<dtimeGame>20220111174915</dtimeGame>	<dtimeReal>20221120123557</dtimeReal>
	<name>Modify Sugar Data</name>
	<userList>Blake</userList>
	<reason></reason>
	<cost>13</cost><cash>6477</cash>
</goalFailure>
<goalFailure>
	<dtimeGame>20220111185138</dtimeGame>	<dtimeReal>20221120123610</dtimeReal>
	<name>Modify Sugar Data</name>
	<userList>Blake</userList>
	<reason></reason>
	<cost>14</cost><cash>6553</cash>
</goalFailure>
<goalFailure>
	<dtimeGame>20220111194951</dtimeGame>	<dtimeReal>20221120123623</dtimeReal>
	<name>Modify Sugar Data</name>
	<userList>Blake</userList>
	<reason></reason>
	<cost>13</cost><cash>6623</cash>
</goalFailure>
<goalFailure>
	<dtimeGame>20220111205214</dtimeGame>	<dtimeReal>20221120123636</dtimeReal>
	<name>Modify Sugar Data</name>
	<userList>Blake</userList>
	<reason></reason>
	<cost>15</cost><cash>6700</cash>
</goalFailure>
<goalFailure>
	<dtimeGame>20220111215027</dtimeGame>	<dtimeReal>20221120123648</dtimeReal>
	<name>Modify Sugar Data</name>
	<userList>Blake</userList>
	<reason></reason>
	<cost>13</cost><cash>6771</cash>
</goalFailure>
<goalFailure>
	<dtimeGame>20220111225250</dtimeGame>	<dtimeReal>20221120123701</dtimeReal>
	<name>Modify Sugar Data</name>
	<userList>Blake</userList>
	<reason></reason>
	<cost>14</cost><cash>6847</cash>
</goalFailure>
<goalFailure>
	<dtimeGame>20220111235103</dtimeGame>	<dtimeReal>20221120123713</dtimeReal>
	<name>Modify Sugar Data</name>
	<userList>Blake</userList>
	<reason></reason>
	<cost>14</cost><cash>6919</cash>
</goalFailure>
<goalFailure>
	<dtimeGame>20220112005326</dtimeGame>	<dtimeReal>20221120123726</dtimeReal>
	<name>Modify Sugar Data</name>
	<userList>Blake</userList>
	<reason></reason>
	<cost>14</cost><cash>6994</cash>
</goalFailure>
<goalFailure>
	<dtimeGame>20220112015140</dtimeGame>	<dtimeReal>20221120123738</dtimeReal>
	<name>Modify Sugar Data</name>
	<userList>Blake</userList>
	<reason></reason>
	<cost>13</cost><cash>7065</cash>
</goalFailure>
<goalFailure>
	<dtimeGame>20220112025402</dtimeGame>	<dtimeReal>20221120123751</dtimeReal>
	<name>Modify Sugar Data</name>
	<userList>Blake</userList>
	<reason></reason>
	<cost>15</cost><cash>7142</cash>
</goalFailure>
<goalFailure>
	<dtimeGame>20220112035215</dtimeGame>	<dtimeReal>20221120123803</dtimeReal>
	<name>Modify Sugar Data</name>
	<userList>Blake</userList>
	<reason></reason>
	<cost>13</cost><cash>7213</cash>
</goalFailure>
<trigger>
	<dtimeGame>20220112042400</dtimeGame>	<dtimeReal>20221120123810</dtimeReal>
	<name>insider</name>
	<triggerType>ATTACK_TRIGGER</triggerType>
	<timesGoneOff>48</timesGoneOff>
	<conditions>ConditionList: not AnyAssetAttacked(false) :end</conditions>
</trigger>
<trigger>
	<dtimeGame>20220112042400</dtimeGame>	<dtimeReal>20221120123810</dtimeReal>
	<name>InterentTrojan</name>
	<triggerType>ATTACK_TRIGGER</triggerType>
	<timesGoneOff>58</timesGoneOff>
	<conditions>ConditionList: not AnyAssetAttacked(false) :end</conditions>
</trigger>
<trigger>
	<dtimeGame>20220112042400</dtimeGame>	<dtimeReal>20221120123810</dtimeReal>
	<name>WireTap</name>
	<triggerType>ATTACK_TRIGGER</triggerType>
	<timesGoneOff>47</timesGoneOff>
	<conditions>ConditionList: not AnyAssetAttacked(false) :end</conditions>
</trigger>
<trigger>
	<dtimeGame>20220112042400</dtimeGame>	<dtimeReal>20221120123810</dtimeReal>
	<name>BlakeProfileNoDevice</name>
	<triggerType>TICKER_TRIGGER</triggerType>
	<timesGoneOff>5</timesGoneOff>
	<conditions>ConditionList: PhaseTwoDone(true) and BlakeFailsGoal(true) and VisitorHasBlakeProfile(true) and_not VisitorHasCardReader(false) :end</conditions>
</trigger>
<trigger>
	<dtimeGame>20220112045404</dtimeGame>	<dtimeReal>20221120124224</dtimeReal>
	<name>GoToBlake</name>
	<triggerType>SPEAK_TRIGGER</triggerType>
	<timesGoneOff>31</timesGoneOff>
	<conditions>ConditionList: BlakeFailsGoal(true) :end</conditions>
</trigger>
<goalFailure>
	<dtimeGame>20220112050447</dtimeGame>	<dtimeReal>20221120124226</dtimeReal>
	<name>Modify Sugar Data</name>
	<userList>Blake</userList>
	<reason>The Modify Sugar Data goal failed for Blake because no workstation could access Sugar Spinner Data.</reason>
	<cost>0</cost><cash>7301</cash>
</goalFailure>
<goalFailure>
	<dtimeGame>20220112050447</dtimeGame>	<dtimeReal>20221120124226</dtimeReal>
	<name>Modify Sugar Data</name>
	<userList>Blake</userList>
	<reason>The Modify Sugar Data goal failed for me because no workstation could access Sugar Spinner Data.</reason>
	<cost>3</cost><cash>7301</cash>
</goalFailure>
<trigger>
	<dtimeGame>20220112052404</dtimeGame>	<dtimeReal>20221120124230</dtimeReal>
	<name>InterentTrojan</name>
	<triggerType>ATTACK_TRIGGER</triggerType>
	<timesGoneOff>59</timesGoneOff>
	<conditions>ConditionList: not AnyAssetAttacked(false) :end</conditions>
</trigger>
<trigger>
	<dtimeGame>20220112053901</dtimeGame>	<dtimeReal>20221120124233</dtimeReal>
	<name>insider</name>
	<triggerType>ATTACK_TRIGGER</triggerType>
	<timesGoneOff>49</timesGoneOff>
	<conditions>ConditionList: not AnyAssetAttacked(false) :end</conditions>
</trigger>
<trigger>
	<dtimeGame>20220112053901</dtimeGame>	<dtimeReal>20221120124233</dtimeReal>
	<name>WireTap</name>
	<triggerType>ATTACK_TRIGGER</triggerType>
	<timesGoneOff>48</timesGoneOff>
	<conditions>ConditionList: not AnyAssetAttacked(false) :end</conditions>
</trigger>
<goalFailure>
	<dtimeGame>20220112060710</dtimeGame>	<dtimeReal>20221120124239</dtimeReal>
	<name>Modify Sugar Data</name>
	<userList>Blake</userList>
	<reason></reason>
	<cost>15</cost><cash>7378</cash>
</goalFailure>
<trigger>
	<dtimeGame>20220112062402</dtimeGame>	<dtimeReal>20221120124243</dtimeReal>
	<name>InterentTrojan</name>
	<triggerType>ATTACK_TRIGGER</triggerType>
	<timesGoneOff>60</timesGoneOff>
	<conditions>ConditionList: not AnyAssetAttacked(false) :end</conditions>
</trigger>
<trigger>
	<dtimeGame>20220112065402</dtimeGame>	<dtimeReal>20221120124249</dtimeReal>
	<name>insider</name>
	<triggerType>ATTACK_TRIGGER</triggerType>
	<timesGoneOff>50</timesGoneOff>
	<conditions>ConditionList: not AnyAssetAttacked(false) :end</conditions>
</trigger>
<trigger>
	<dtimeGame>20220112065402</dtimeGame>	<dtimeReal>20221120124249</dtimeReal>
	<name>WireTap</name>
	<triggerType>ATTACK_TRIGGER</triggerType>
	<timesGoneOff>49</timesGoneOff>
	<conditions>ConditionList: not AnyAssetAttacked(false) :end</conditions>
</trigger>
<goalFailure>
	<dtimeGame>20220112070523</dtimeGame>	<dtimeReal>20221120124252</dtimeReal>
	<name>Modify Sugar Data</name>
	<userList>Blake</userList>
	<reason></reason>
	<cost>13</cost><cash>7448</cash>
</goalFailure>
<trigger>
	<dtimeGame>20220112072401</dtimeGame>	<dtimeReal>20221120124255</dtimeReal>
	<name>InterentTrojan</name>
	<triggerType>ATTACK_TRIGGER</triggerType>
	<timesGoneOff>61</timesGoneOff>
	<conditions>ConditionList: not AnyAssetAttacked(false) :end</conditions>
</trigger>
<goalFailure>
	<dtimeGame>20220112080746</dtimeGame>	<dtimeReal>20221120124305</dtimeReal>
	<name>Modify Sugar Data</name>
	<userList>Blake</userList>
	<reason></reason>
	<cost>14</cost><cash>7524</cash>
</goalFailure>
<trigger>
	<dtimeGame>20220112080902</dtimeGame>	<dtimeReal>20221120124305</dtimeReal>
	<name>insider</name>
	<triggerType>ATTACK_TRIGGER</triggerType>
	<timesGoneOff>51</timesGoneOff>
	<conditions>ConditionList: not AnyAssetAttacked(false) :end</conditions>
</trigger>
<trigger>
	<dtimeGame>20220112080902</dtimeGame>	<dtimeReal>20221120124305</dtimeReal>
	<name>WireTap</name>
	<triggerType>ATTACK_TRIGGER</triggerType>
	<timesGoneOff>50</timesGoneOff>
	<conditions>ConditionList: not AnyAssetAttacked(false) :end</conditions>
</trigger>
<trigger>
	<dtimeGame>20220112082400</dtimeGame>	<dtimeReal>20221120124308</dtimeReal>
	<name>InterentTrojan</name>
	<triggerType>ATTACK_TRIGGER</triggerType>
	<timesGoneOff>62</timesGoneOff>
	<conditions>ConditionList: not AnyAssetAttacked(false) :end</conditions>
</trigger>
<goalFailure>
	<dtimeGame>20220112090559</dtimeGame>	<dtimeReal>20221120124317</dtimeReal>
	<name>Modify Sugar Data</name>
	<userList>Blake</userList>
	<reason></reason>
	<cost>13</cost><cash>7595</cash>
</goalFailure>
<trigger>
	<dtimeGame>20220112092403</dtimeGame>	<dtimeReal>20221120124320</dtimeReal>
	<name>insider</name>
	<triggerType>ATTACK_TRIGGER</triggerType>
	<timesGoneOff>52</timesGoneOff>
	<conditions>ConditionList: not AnyAssetAttacked(false) :end</conditions>
</trigger>
<trigger>
	<dtimeGame>20220112092403</dtimeGame>	<dtimeReal>20221120124320</dtimeReal>
	<name>InterentTrojan</name>
	<triggerType>ATTACK_TRIGGER</triggerType>
	<timesGoneOff>63</timesGoneOff>
	<conditions>ConditionList: not AnyAssetAttacked(false) :end</conditions>
</trigger>
<trigger>
	<dtimeGame>20220112092403</dtimeGame>	<dtimeReal>20221120124320</dtimeReal>
	<name>WireTap</name>
	<triggerType>ATTACK_TRIGGER</triggerType>
	<timesGoneOff>51</timesGoneOff>
	<conditions>ConditionList: not AnyAssetAttacked(false) :end</conditions>
</trigger>
<goalFailure>
	<dtimeGame>20220112100822</dtimeGame>	<dtimeReal>20221120124330</dtimeReal>
	<name>Modify Sugar Data</name>
	<userList>Blake</userList>
	<reason></reason>
	<cost>15</cost><cash>7672</cash>
</goalFailure>
<trigger>
	<dtimeGame>20220112102402</dtimeGame>	<dtimeReal>20221120124333</dtimeReal>
	<name>InterentTrojan</name>
	<triggerType>ATTACK_TRIGGER</triggerType>
	<timesGoneOff>64</timesGoneOff>
	<conditions>ConditionList: not AnyAssetAttacked(false) :end</conditions>
</trigger>
<trigger>
	<dtimeGame>20220112103900</dtimeGame>	<dtimeReal>20221120124336</dtimeReal>
	<name>insider</name>
	<triggerType>ATTACK_TRIGGER</triggerType>
	<timesGoneOff>53</timesGoneOff>
	<conditions>ConditionList: not AnyAssetAttacked(false) :end</conditions>
</trigger>
<trigger>
	<dtimeGame>20220112103900</dtimeGame>	<dtimeReal>20221120124336</dtimeReal>
	<name>WireTap</name>
	<triggerType>ATTACK_TRIGGER</triggerType>
	<timesGoneOff>52</timesGoneOff>
	<conditions>ConditionList: not AnyAssetAttacked(false) :end</conditions>
</trigger>
<goalFailure>
	<dtimeGame>20220112110635</dtimeGame>	<dtimeReal>20221120124342</dtimeReal>
	<name>Modify Sugar Data</name>
	<userList>Blake</userList>
	<reason></reason>
	<cost>13</cost><cash>7742</cash>
</goalFailure>
<trigger>
	<dtimeGame>20220112112401</dtimeGame>	<dtimeReal>20221120124345</dtimeReal>
	<name>InterentTrojan</name>
	<triggerType>ATTACK_TRIGGER</triggerType>
	<timesGoneOff>65</timesGoneOff>
	<conditions>ConditionList: not AnyAssetAttacked(false) :end</conditions>
</trigger>
<trigger>
	<dtimeGame>20220112115400</dtimeGame>	<dtimeReal>20221120124352</dtimeReal>
	<name>insider</name>
	<triggerType>ATTACK_TRIGGER</triggerType>
	<timesGoneOff>54</timesGoneOff>
	<conditions>ConditionList: not AnyAssetAttacked(false) :end</conditions>
</trigger>
<trigger>
	<dtimeGame>20220112115400</dtimeGame>	<dtimeReal>20221120124352</dtimeReal>
	<name>WireTap</name>
	<triggerType>ATTACK_TRIGGER</triggerType>
	<timesGoneOff>53</timesGoneOff>
	<conditions>ConditionList: not AnyAssetAttacked(false) :end</conditions>
</trigger>
<goalFailure>
	<dtimeGame>20220112120858</dtimeGame>	<dtimeReal>20221120124355</dtimeReal>
	<name>Modify Sugar Data</name>
	<userList>Blake</userList>
	<reason></reason>
	<cost>14</cost><cash>7818</cash>
</goalFailure>
<trigger>
	<dtimeGame>20220112122400</dtimeGame>	<dtimeReal>20221120124358</dtimeReal>
	<name>InterentTrojan</name>
	<triggerType>ATTACK_TRIGGER</triggerType>
	<timesGoneOff>66</timesGoneOff>
	<conditions>ConditionList: not AnyAssetAttacked(false) :end</conditions>
</trigger>
<goalFailure>
	<dtimeGame>20220112130711</dtimeGame>	<dtimeReal>20221120124407</dtimeReal>
	<name>Modify Sugar Data</name>
	<userList>Blake</userList>
	<reason></reason>
	<cost>14</cost><cash>7890</cash>
</goalFailure>
<trigger>
	<dtimeGame>20220112130901</dtimeGame>	<dtimeReal>20221120124407</dtimeReal>
	<name>insider</name>
	<triggerType>ATTACK_TRIGGER</triggerType>
	<timesGoneOff>55</timesGoneOff>
	<conditions>ConditionList: not AnyAssetAttacked(false) :end</conditions>
</trigger>
<trigger>
	<dtimeGame>20220112130901</dtimeGame>	<dtimeReal>20221120124407</dtimeReal>
	<name>WireTap</name>
	<triggerType>ATTACK_TRIGGER</triggerType>
	<timesGoneOff>54</timesGoneOff>
	<conditions>ConditionList: not AnyAssetAttacked(false) :end</conditions>
</trigger>
<trigger>
	<dtimeGame>20220112132403</dtimeGame>	<dtimeReal>20221120124410</dtimeReal>
	<name>InterentTrojan</name>
	<triggerType>ATTACK_TRIGGER</triggerType>
	<timesGoneOff>67</timesGoneOff>
	<conditions>ConditionList: not AnyAssetAttacked(false) :end</conditions>
</trigger>
<goalFailure>
	<dtimeGame>20220112140934</dtimeGame>	<dtimeReal>20221120124420</dtimeReal>
	<name>Modify Sugar Data</name>
	<userList>Blake</userList>
	<reason></reason>
	<cost>14</cost><cash>7966</cash>
</goalFailure>
<trigger>
	<dtimeGame>20220112142402</dtimeGame>	<dtimeReal>20221120124423</dtimeReal>
	<name>insider</name>
	<triggerType>ATTACK_TRIGGER</triggerType>
	<timesGoneOff>56</timesGoneOff>
	<conditions>ConditionList: not AnyAssetAttacked(false) :end</conditions>
</trigger>
<trigger>
	<dtimeGame>20220112142402</dtimeGame>	<dtimeReal>20221120124423</dtimeReal>
	<name>InterentTrojan</name>
	<triggerType>ATTACK_TRIGGER</triggerType>
	<timesGoneOff>68</timesGoneOff>
	<conditions>ConditionList: not AnyAssetAttacked(false) :end</conditions>
</trigger>
<trigger>
	<dtimeGame>20220112142402</dtimeGame>	<dtimeReal>20221120124423</dtimeReal>
	<name>WireTap</name>
	<triggerType>ATTACK_TRIGGER</triggerType>
	<timesGoneOff>55</timesGoneOff>
	<conditions>ConditionList: not AnyAssetAttacked(false) :end</conditions>
</trigger>
<goalFailure>
	<dtimeGame>20220112150747</dtimeGame>	<dtimeReal>20221120124432</dtimeReal>
	<name>Modify Sugar Data</name>
	<userList>Blake</userList>
	<reason></reason>
	<cost>13</cost><cash>8036</cash>
</goalFailure>
<trigger>
	<dtimeGame>20220112152401</dtimeGame>	<dtimeReal>20221120124435</dtimeReal>
	<name>InterentTrojan</name>
	<triggerType>ATTACK_TRIGGER</triggerType>
	<timesGoneOff>69</timesGoneOff>
	<conditions>ConditionList: not AnyAssetAttacked(false) :end</conditions>
</trigger>
<trigger>
	<dtimeGame>20220112153903</dtimeGame>	<dtimeReal>20221120124439</dtimeReal>
	<name>insider</name>
	<triggerType>ATTACK_TRIGGER</triggerType>
	<timesGoneOff>57</timesGoneOff>
	<conditions>ConditionList: not AnyAssetAttacked(false) :end</conditions>
</trigger>
<trigger>
	<dtimeGame>20220112153903</dtimeGame>	<dtimeReal>20221120124439</dtimeReal>
	<name>WireTap</name>
	<triggerType>ATTACK_TRIGGER</triggerType>
	<timesGoneOff>56</timesGoneOff>
	<conditions>ConditionList: not AnyAssetAttacked(false) :end</conditions>
</trigger>
<goalFailure>
	<dtimeGame>20220112160600</dtimeGame>	<dtimeReal>20221120124444</dtimeReal>
	<name>Modify Sugar Data</name>
	<userList>Blake</userList>
	<reason></reason>
	<cost>14</cost><cash>8108</cash>
</goalFailure>
<trigger>
	<dtimeGame>20220112162400</dtimeGame>	<dtimeReal>20221120124448</dtimeReal>
	<name>InterentTrojan</name>
	<triggerType>ATTACK_TRIGGER</triggerType>
	<timesGoneOff>70</timesGoneOff>
	<conditions>ConditionList: not AnyAssetAttacked(false) :end</conditions>
</trigger>
<trigger>
	<dtimeGame>20220112165404</dtimeGame>	<dtimeReal>20221120124454</dtimeReal>
	<name>insider</name>
	<triggerType>ATTACK_TRIGGER</triggerType>
	<timesGoneOff>58</timesGoneOff>
	<conditions>ConditionList: not AnyAssetAttacked(false) :end</conditions>
</trigger>
<trigger>
	<dtimeGame>20220112165404</dtimeGame>	<dtimeReal>20221120124454</dtimeReal>
	<name>WireTap</name>
	<triggerType>ATTACK_TRIGGER</triggerType>
	<timesGoneOff>57</timesGoneOff>
	<conditions>ConditionList: not AnyAssetAttacked(false) :end</conditions>
</trigger>
<goalFailure>
	<dtimeGame>20220112170823</dtimeGame>	<dtimeReal>20221120124457</dtimeReal>
	<name>Modify Sugar Data</name>
	<userList>Blake</userList>
	<reason></reason>
	<cost>14</cost><cash>8184</cash>
</goalFailure>
<trigger>
	<dtimeGame>20220112172403</dtimeGame>	<dtimeReal>20221120124500</dtimeReal>
	<name>InterentTrojan</name>
	<triggerType>ATTACK_TRIGGER</triggerType>
	<timesGoneOff>71</timesGoneOff>
	<conditions>ConditionList: not AnyAssetAttacked(false) :end</conditions>
</trigger>
<goalFailure>
	<dtimeGame>20220112180636</dtimeGame>	<dtimeReal>20221120124509</dtimeReal>
	<name>Modify Sugar Data</name>
	<userList>Blake</userList>
	<reason></reason>
	<cost>13</cost><cash>8255</cash>
</goalFailure>
<trigger>
	<dtimeGame>20220112180900</dtimeGame>	<dtimeReal>20221120124510</dtimeReal>
	<name>insider</name>
	<triggerType>ATTACK_TRIGGER</triggerType>
	<timesGoneOff>59</timesGoneOff>
	<conditions>ConditionList: not AnyAssetAttacked(false) :end</conditions>
</trigger>
<trigger>
	<dtimeGame>20220112180900</dtimeGame>	<dtimeReal>20221120124510</dtimeReal>
	<name>WireTap</name>
	<triggerType>ATTACK_TRIGGER</triggerType>
	<timesGoneOff>58</timesGoneOff>
	<conditions>ConditionList: not AnyAssetAttacked(false) :end</conditions>
</trigger>
<trigger>
	<dtimeGame>20220112182402</dtimeGame>	<dtimeReal>20221120124513</dtimeReal>
	<name>InterentTrojan</name>
	<triggerType>ATTACK_TRIGGER</triggerType>
	<timesGoneOff>72</timesGoneOff>
	<conditions>ConditionList: not AnyAssetAttacked(false) :end</conditions>
</trigger>
<goalFailure>
	<dtimeGame>20220112190859</dtimeGame>	<dtimeReal>20221120124522</dtimeReal>
	<name>Modify Sugar Data</name>
	<userList>Blake</userList>
	<reason></reason>
	<cost>14</cost><cash>8331</cash>
</goalFailure>
<trigger>
	<dtimeGame>20220112192401</dtimeGame>	<dtimeReal>20221120124525</dtimeReal>
	<name>insider</name>
	<triggerType>ATTACK_TRIGGER</triggerType>
	<timesGoneOff>60</timesGoneOff>
	<conditions>ConditionList: not AnyAssetAttacked(false) :end</conditions>
</trigger>
<trigger>
	<dtimeGame>20220112192401</dtimeGame>	<dtimeReal>20221120124525</dtimeReal>
	<name>InterentTrojan</name>
	<triggerType>ATTACK_TRIGGER</triggerType>
	<timesGoneOff>73</timesGoneOff>
	<conditions>ConditionList: not AnyAssetAttacked(false) :end</conditions>
</trigger>
<trigger>
	<dtimeGame>20220112192401</dtimeGame>	<dtimeReal>20221120124525</dtimeReal>
	<name>WireTap</name>
	<triggerType>ATTACK_TRIGGER</triggerType>
	<timesGoneOff>59</timesGoneOff>
	<conditions>ConditionList: not AnyAssetAttacked(false) :end</conditions>
</trigger>
<goalFailure>
	<dtimeGame>20220112200712</dtimeGame>	<dtimeReal>20221120124534</dtimeReal>
	<name>Modify Sugar Data</name>
	<userList>Blake</userList>
	<reason></reason>
	<cost>14</cost><cash>8403</cash>
</goalFailure>
<trigger>
	<dtimeGame>20220112202400</dtimeGame>	<dtimeReal>20221120124538</dtimeReal>
	<name>InterentTrojan</name>
	<triggerType>ATTACK_TRIGGER</triggerType>
	<timesGoneOff>74</timesGoneOff>
	<conditions>ConditionList: not AnyAssetAttacked(false) :end</conditions>
</trigger>
<trigger>
	<dtimeGame>20220112203902</dtimeGame>	<dtimeReal>20221120124541</dtimeReal>
	<name>insider</name>
	<triggerType>ATTACK_TRIGGER</triggerType>
	<timesGoneOff>61</timesGoneOff>
	<conditions>ConditionList: not AnyAssetAttacked(false) :end</conditions>
</trigger>
<trigger>
	<dtimeGame>20220112203902</dtimeGame>	<dtimeReal>20221120124541</dtimeReal>
	<name>WireTap</name>
	<triggerType>ATTACK_TRIGGER</triggerType>
	<timesGoneOff>60</timesGoneOff>
	<conditions>ConditionList: not AnyAssetAttacked(false) :end</conditions>
</trigger>
<goalFailure>
	<dtimeGame>20220112210935</dtimeGame>	<dtimeReal>20221120124547</dtimeReal>
	<name>Modify Sugar Data</name>
	<userList>Blake</userList>
	<reason></reason>
	<cost>14</cost><cash>8478</cash>
</goalFailure>
<trigger>
	<dtimeGame>20220112212403</dtimeGame>	<dtimeReal>20221120124550</dtimeReal>
	<name>InterentTrojan</name>
	<triggerType>ATTACK_TRIGGER</triggerType>
	<timesGoneOff>75</timesGoneOff>
	<conditions>ConditionList: not AnyAssetAttacked(false) :end</conditions>
</trigger>
<trigger>
	<dtimeGame>20220112215403</dtimeGame>	<dtimeReal>20221120124557</dtimeReal>
	<name>insider</name>
	<triggerType>ATTACK_TRIGGER</triggerType>
	<timesGoneOff>62</timesGoneOff>
	<conditions>ConditionList: not AnyAssetAttacked(false) :end</conditions>
</trigger>
<trigger>
	<dtimeGame>20220112215403</dtimeGame>	<dtimeReal>20221120124557</dtimeReal>
	<name>WireTap</name>
	<triggerType>ATTACK_TRIGGER</triggerType>
	<timesGoneOff>61</timesGoneOff>
	<conditions>ConditionList: not AnyAssetAttacked(false) :end</conditions>
</trigger>
<goalFailure>
	<dtimeGame>20220112220748</dtimeGame>	<dtimeReal>20221120124600</dtimeReal>
	<name>Modify Sugar Data</name>
	<userList>Blake</userList>
	<reason></reason>
	<cost>13</cost><cash>8549</cash>
</goalFailure>
<trigger>
	<dtimeGame>20220112222402</dtimeGame>	<dtimeReal>20221120124603</dtimeReal>
	<name>InterentTrojan</name>
	<triggerType>ATTACK_TRIGGER</triggerType>
	<timesGoneOff>76</timesGoneOff>
	<conditions>ConditionList: not AnyAssetAttacked(false) :end</conditions>
</trigger>
<trigger>
	<dtimeGame>20220112230904</dtimeGame>	<dtimeReal>20221120124612</dtimeReal>
	<name>insider</name>
	<triggerType>ATTACK_TRIGGER</triggerType>
	<timesGoneOff>63</timesGoneOff>
	<conditions>ConditionList: not AnyAssetAttacked(false) :end</conditions>
</trigger>
<trigger>
	<dtimeGame>20220112230904</dtimeGame>	<dtimeReal>20221120124612</dtimeReal>
	<name>WireTap</name>
	<triggerType>ATTACK_TRIGGER</triggerType>
	<timesGoneOff>62</timesGoneOff>
	<conditions>ConditionList: not AnyAssetAttacked(false) :end</conditions>
</trigger>
<goalFailure>
	<dtimeGame>20220112231015</dtimeGame>	<dtimeReal>20221120124613</dtimeReal>
	<name>Modify Sugar Data</name>
	<userList>Blake</userList>
	<reason></reason>
	<cost>15</cost><cash>8626</cash>
</goalFailure>
<trigger>
	<dtimeGame>20220112232401</dtimeGame>	<dtimeReal>20221120124615</dtimeReal>
	<name>InterentTrojan</name>
	<triggerType>ATTACK_TRIGGER</triggerType>
	<timesGoneOff>77</timesGoneOff>
	<conditions>ConditionList: not AnyAssetAttacked(false) :end</conditions>
</trigger>
