<?xml version="1.0"?>
<!DOCTYPE CyberCIEGEeventLog SYSTEM "..\..\eventlog.dtd">
<CyberCIEGEeventLog>
<gameEvent>
	<dtimeGame>20220101060200</dtimeGame>	<dtimeReal>20221120131900</dtimeReal>
	<loadFile>C:\Users\Mohit Yadav\AppData\Roaming\CyberCIEGE\Identity Management\Mohit Yadav\saved_Nov19_22_56.sdf</loadFile>
</gameEvent>
<gameEvent>
	<dtimeGame>20220101060200</dtimeGame>	<dtimeReal>20221120131900</dtimeReal>
	<loadFile>Authentication.CSM 9/30/16 3 46 PM</loadFile>
</gameEvent>
<gameEvent>
	<dtimeGame>20220106223500</dtimeGame>	<dtimeReal>20221120131900</dtimeReal>
	<creates>
		<user>Blake</user>
	</creates>
</gameEvent>
<gameEvent>
	<dtimeGame>20220106223500</dtimeGame>	<dtimeReal>20221120131900</dtimeReal>
	<creates>
		<user>Customer</user>
	</creates>
</gameEvent>
<gameEvent>
	<dtimeGame>20220106223500</dtimeGame>	<dtimeReal>20221120131900</dtimeReal>
	<creates>
		<user>Joe</user>
	</creates>
</gameEvent>
<gameEvent>
	<dtimeGame>20220106223500</dtimeGame>	<dtimeReal>20221120131900</dtimeReal>
	<creates>
		<user>Mary</user>
	</creates>
</gameEvent>
<gameEvent>
	<dtimeGame>20220106223500</dtimeGame>	<dtimeReal>20221120131900</dtimeReal>
	<creates>
		<user>Frank</user>
	</creates>
</gameEvent>
<gameEvent>
	<dtimeGame>20220106223500</dtimeGame>	<dtimeReal>20221120131900</dtimeReal>
	<creates>
		<user>Peggy</user>
	</creates>
</gameEvent>
<gameEvent>
	<dtimeGame>20220106223500</dtimeGame>	<dtimeReal>20221120131900</dtimeReal>
	<creates>
		<user>Fiona</user>
	</creates>
</gameEvent>
<gameEvent>
	<dtimeGame>20220106223500</dtimeGame>	<dtimeReal>20221120131900</dtimeReal>
	<creates>
		<user>ITguy1</user>
	</creates>
</gameEvent>
<componentEvent>
	<dtimeGame>20220106223500</dtimeGame>	<dtimeReal>20221120131900</dtimeReal>
	<name>Lollipop Server</name>
	<networkConnect>Lan1</networkConnect>
	<cost>0</cost><cash>6137</cash>
</componentEvent>
<componentEvent>
	<dtimeGame>20220106223500</dtimeGame>	<dtimeReal>20221120131900</dtimeReal>
	<name>Lollipop Server</name>
	<accountAdd>
		<user>Joe</user>
	</accountAdd>
	<cost>0</cost><cash>6137</cash>
</componentEvent>
<componentEvent>
	<dtimeGame>20220106223500</dtimeGame>	<dtimeReal>20221120131900</dtimeReal>
	<name>Lollipop Server</name>
	<accountAdd>
		<user>Mary</user>
	</accountAdd>
	<cost>0</cost><cash>6137</cash>
</componentEvent>
<componentEvent>
	<dtimeGame>20220106223500</dtimeGame>	<dtimeReal>20221120131900</dtimeReal>
	<name>Lollipop Server</name>
	<accountAdd>
		<user>Frank</user>
	</accountAdd>
	<cost>0</cost><cash>6137</cash>
</componentEvent>
<componentEvent>
	<dtimeGame>20220106223500</dtimeGame>	<dtimeReal>20221120131900</dtimeReal>
	<name>Lollipop Server</name>
	<accountAdd>
		<user>Peggy</user>
	</accountAdd>
	<cost>0</cost><cash>6137</cash>
</componentEvent>
<componentEvent>
	<dtimeGame>20220106223500</dtimeGame>	<dtimeReal>20221120131900</dtimeReal>
	<name>Lollipop Server</name>
	<accountAdd>
		<user>Fiona</user>
	</accountAdd>
	<cost>0</cost><cash>6137</cash>
</componentEvent>
<assetEvent>
	<dtimeGame>20220106223500</dtimeGame>	<dtimeReal>20221120131900</dtimeReal>
	<name>M and F Web Site</name>
	<moveType>Add : SCENARIO_FILE</moveType>
	<computerName>Lollipop Server</computerName>
</assetEvent>
<assetEvent>
	<dtimeGame>20220106223500</dtimeGame>	<dtimeReal>20221120131900</dtimeReal>
	<name>Sugar Spinner Data</name>
	<moveType>Add : SCENARIO_FILE</moveType>
	<computerName>Lollipop Server</computerName>
</assetEvent>
<gameEvent>
	<dtimeGame>20220106223500</dtimeGame>	<dtimeReal>20221120131900</dtimeReal>
	<creates>
		<computerName>Lollipop Server</computerName>
	</creates>
</gameEvent>
<componentEvent>
	<dtimeGame>20220106223500</dtimeGame>	<dtimeReal>20221120131900</dtimeReal>
	<name>Button Holer</name>
	<networkConnect>Lan1</networkConnect>
	<cost>0</cost><cash>6137</cash>
</componentEvent>
<gameEvent>
	<dtimeGame>20220106223500</dtimeGame>	<dtimeReal>20221120131900</dtimeReal>
	<creates>
		<computerName>Button Holer</computerName>
	</creates>
</gameEvent>
<componentEvent>
	<dtimeGame>20220106223500</dtimeGame>	<dtimeReal>20221120131900</dtimeReal>
	<name>Joe's Workstation</name>
	<networkConnect>Lan1</networkConnect>
	<cost>0</cost><cash>6137</cash>
</componentEvent>
<assetEvent>
	<dtimeGame>20220106223500</dtimeGame>	<dtimeReal>20221120131900</dtimeReal>
	<name>Joe's Stuff</name>
	<moveType>Add : SCENARIO_FILE</moveType>
	<computerName>Joe's Workstation</computerName>
</assetEvent>
<gameEvent>
	<dtimeGame>20220106223500</dtimeGame>	<dtimeReal>20221120131900</dtimeReal>
	<creates>
		<computerName>Joe's Workstation</computerName>
	</creates>
</gameEvent>
<componentEvent>
	<dtimeGame>20220106223500</dtimeGame>	<dtimeReal>20221120131900</dtimeReal>
	<name>Mary's Workstation</name>
	<networkConnect>Lan1</networkConnect>
	<cost>0</cost><cash>6137</cash>
</componentEvent>
<assetEvent>
	<dtimeGame>20220106223500</dtimeGame>	<dtimeReal>20221120131900</dtimeReal>
	<name>Mary's Stuff</name>
	<moveType>Add : SCENARIO_FILE</moveType>
	<computerName>Mary's Workstation</computerName>
</assetEvent>
<gameEvent>
	<dtimeGame>20220106223500</dtimeGame>	<dtimeReal>20221120131900</dtimeReal>
	<creates>
		<computerName>Mary's Workstation</computerName>
	</creates>
</gameEvent>
<componentEvent>
	<dtimeGame>20220106223500</dtimeGame>	<dtimeReal>20221120131900</dtimeReal>
	<name>Frank's Workstation</name>
	<networkConnect>Lan1</networkConnect>
	<cost>0</cost><cash>6137</cash>
</componentEvent>
<assetEvent>
	<dtimeGame>20220106223500</dtimeGame>	<dtimeReal>20221120131900</dtimeReal>
	<name>Frank's Stuff</name>
	<moveType>Add : SCENARIO_FILE</moveType>
	<computerName>Frank's Workstation</computerName>
</assetEvent>
<gameEvent>
	<dtimeGame>20220106223500</dtimeGame>	<dtimeReal>20221120131900</dtimeReal>
	<creates>
		<computerName>Frank's Workstation</computerName>
	</creates>
</gameEvent>
<componentEvent>
	<dtimeGame>20220106223500</dtimeGame>	<dtimeReal>20221120131900</dtimeReal>
	<name>Peggy's Workstation</name>
	<networkConnect>Lan1</networkConnect>
	<cost>0</cost><cash>6137</cash>
</componentEvent>
<assetEvent>
	<dtimeGame>20220106223500</dtimeGame>	<dtimeReal>20221120131900</dtimeReal>
	<name>Peggy's Stuff</name>
	<moveType>Add : SCENARIO_FILE</moveType>
	<computerName>Peggy's Workstation</computerName>
</assetEvent>
<gameEvent>
	<dtimeGame>20220106223500</dtimeGame>	<dtimeReal>20221120131900</dtimeReal>
	<creates>
		<computerName>Peggy's Workstation</computerName>
	</creates>
</gameEvent>
<componentEvent>
	<dtimeGame>20220106223500</dtimeGame>	<dtimeReal>20221120131900</dtimeReal>
	<name>Hotel Workstation</name>
	<networkConnect>Offsite LAN</networkConnect>
	<cost>0</cost><cash>6137</cash>
</componentEvent>
<gameEvent>
	<dtimeGame>20220106223500</dtimeGame>	<dtimeReal>20221120131900</dtimeReal>
	<creates>
		<computerName>Hotel Workstation</computerName>
	</creates>
</gameEvent>
<componentEvent>
	<dtimeGame>20220106223500</dtimeGame>	<dtimeReal>20221120131900</dtimeReal>
	<name>Visitor's Workstation</name>
	<networkConnect>Lan1</networkConnect>
	<cost>0</cost><cash>6137</cash>
</componentEvent>
<gameEvent>
	<dtimeGame>20220106223500</dtimeGame>	<dtimeReal>20221120131900</dtimeReal>
	<creates>
		<computerName>Visitor's Workstation</computerName>
	</creates>
</gameEvent>
<componentEvent>
	<dtimeGame>20220106223500</dtimeGame>	<dtimeReal>20221120131900</dtimeReal>
	<name>Customer's Workstation</name>
	<networkConnect>Customer LAN</networkConnect>
	<cost>0</cost><cash>6137</cash>
</componentEvent>
<componentEvent>
	<dtimeGame>20220106223500</dtimeGame>	<dtimeReal>20221120131900</dtimeReal>
	<name>Customer's Workstation</name>
	<accountAdd>
		<user>Customer</user>
	</accountAdd>
	<cost>0</cost><cash>6137</cash>
</componentEvent>
<gameEvent>
	<dtimeGame>20220106223500</dtimeGame>	<dtimeReal>20221120131900</dtimeReal>
	<creates>
		<computerName>Customer's Workstation</computerName>
	</creates>
</gameEvent>
<gameEvent>
	<dtimeGame>20220106223500</dtimeGame>	<dtimeReal>20221120131900</dtimeReal>
	<creates>
		<computerName>Smartcard Minter</computerName>
	</creates>
</gameEvent>
<gameEvent>
	<dtimeGame>20220106223500</dtimeGame>	<dtimeReal>20221120131900</dtimeReal>
	<creates>
		<computerName>Veriscream CA</computerName>
	</creates>
</gameEvent>
<componentEvent>
	<dtimeGame>20220106223500</dtimeGame>	<dtimeReal>20221120131900</dtimeReal>
	<name>customer router</name>
	<networkConnect>Internet</networkConnect>
	<cost>0</cost><cash>6137</cash>
</componentEvent>
<componentEvent>
	<dtimeGame>20220106223500</dtimeGame>	<dtimeReal>20221120131900</dtimeReal>
	<name>customer router</name>
	<networkConnect>Customer LAN</networkConnect>
	<cost>0</cost><cash>6137</cash>
</componentEvent>
<gameEvent>
	<dtimeGame>20220106223500</dtimeGame>	<dtimeReal>20221120131900</dtimeReal>
	<creates>
		<deviceName>customer router</deviceName>
	</creates>
</gameEvent>
<componentEvent>
	<dtimeGame>20220106223500</dtimeGame>	<dtimeReal>20221120131900</dtimeReal>
	<name>HotelRouter</name>
	<networkConnect>Internet</networkConnect>
	<cost>0</cost><cash>6137</cash>
</componentEvent>
<componentEvent>
	<dtimeGame>20220106223500</dtimeGame>	<dtimeReal>20221120131900</dtimeReal>
	<name>HotelRouter</name>
	<networkConnect>Offsite LAN</networkConnect>
	<cost>0</cost><cash>6137</cash>
</componentEvent>
<gameEvent>
	<dtimeGame>20220106223500</dtimeGame>	<dtimeReal>20221120131900</dtimeReal>
	<creates>
		<deviceName>HotelRouter</deviceName>
	</creates>
</gameEvent>
<componentEvent>
	<dtimeGame>20220106223500</dtimeGame>	<dtimeReal>20221120131900</dtimeReal>
	<name>router</name>
	<networkConnect>Internet</networkConnect>
	<cost>0</cost><cash>6137</cash>
</componentEvent>
<componentEvent>
	<dtimeGame>20220106223500</dtimeGame>	<dtimeReal>20221120131900</dtimeReal>
	<name>router</name>
	<networkConnect>Lan1</networkConnect>
	<cost>0</cost><cash>6137</cash>
</componentEvent>
<gameEvent>
	<dtimeGame>20220106223500</dtimeGame>	<dtimeReal>20221120131900</dtimeReal>
	<creates>
		<deviceName>router</deviceName>
	</creates>
</gameEvent>
<goalFailure>
	<dtimeGame>20220106223500</dtimeGame>	<dtimeReal>20221120131901</dtimeReal>
	<name>Modify Sugar Data</name>
	<userList>Blake</userList>
	<reason>The server wants a password?  Do I have an account?</reason>
	<cost>0</cost><cash>6137</cash>
</goalFailure>
<gameEvent>
	<dtimeGame>20220106223500</dtimeGame>	<dtimeReal>20221120131901</dtimeReal>
	<start></start>
</gameEvent>
<gameEvent>
	<dtimeGame>20220106223500</dtimeGame>	<dtimeReal>20221120131907</dtimeReal>
	<end>quit</end>
</gameEvent>
<gameEvent>
	<dtimeGame>20220106223500</dtimeGame>	<dtimeReal>20221120131907</dtimeReal>
	<end>quit</end>
</gameEvent>
</CyberCIEGEeventLog>