<?xml version="1.0"?>
<!DOCTYPE CyberCIEGEeventLog SYSTEM "..\..\eventlog.dtd">
<CyberCIEGEeventLog>
<gameEvent>
	<dtimeGame>20220101060200</dtimeGame>	<dtimeReal>20221120125553</dtimeReal>
	<loadFile>C:\Users\Mohit Yadav\AppData\Roaming\CyberCIEGE\Identity Management\Mohit Yadav\saved_Nov20_0_13.sdf</loadFile>
</gameEvent>
<gameEvent>
	<dtimeGame>20220101060200</dtimeGame>	<dtimeReal>20221120125553</dtimeReal>
	<loadFile>Authentication.CSM 9/30/16 3 46 PM</loadFile>
</gameEvent>
<gameEvent>
	<dtimeGame>20220111114100</dtimeGame>	<dtimeReal>20221120125554</dtimeReal>
	<creates>
		<user>Blake</user>
	</creates>
</gameEvent>
<gameEvent>
	<dtimeGame>20220111114100</dtimeGame>	<dtimeReal>20221120125554</dtimeReal>
	<creates>
		<user>Customer</user>
	</creates>
</gameEvent>
<gameEvent>
	<dtimeGame>20220111114100</dtimeGame>	<dtimeReal>20221120125554</dtimeReal>
	<creates>
		<user>Joe</user>
	</creates>
</gameEvent>
<gameEvent>
	<dtimeGame>20220111114100</dtimeGame>	<dtimeReal>20221120125554</dtimeReal>
	<creates>
		<user>Mary</user>
	</creates>
</gameEvent>
<gameEvent>
	<dtimeGame>20220111114100</dtimeGame>	<dtimeReal>20221120125554</dtimeReal>
	<creates>
		<user>Frank</user>
	</creates>
</gameEvent>
<gameEvent>
	<dtimeGame>20220111114100</dtimeGame>	<dtimeReal>20221120125554</dtimeReal>
	<creates>
		<user>Peggy</user>
	</creates>
</gameEvent>
<gameEvent>
	<dtimeGame>20220111114100</dtimeGame>	<dtimeReal>20221120125554</dtimeReal>
	<creates>
		<user>Fiona</user>
	</creates>
</gameEvent>
<gameEvent>
	<dtimeGame>20220111114100</dtimeGame>	<dtimeReal>20221120125554</dtimeReal>
	<creates>
		<user>ITguy1</user>
	</creates>
</gameEvent>
<componentEvent>
	<dtimeGame>20220111114100</dtimeGame>	<dtimeReal>20221120125554</dtimeReal>
	<name>Lollipop Server</name>
	<networkConnect>Lan1</networkConnect>
	<cost>0</cost><cash>6028</cash>
</componentEvent>
<componentEvent>
	<dtimeGame>20220111114100</dtimeGame>	<dtimeReal>20221120125554</dtimeReal>
	<name>Lollipop Server</name>
	<accountAdd>
		<user>Joe</user>
	</accountAdd>
	<cost>0</cost><cash>6028</cash>
</componentEvent>
<componentEvent>
	<dtimeGame>20220111114100</dtimeGame>	<dtimeReal>20221120125554</dtimeReal>
	<name>Lollipop Server</name>
	<accountAdd>
		<user>Mary</user>
	</accountAdd>
	<cost>0</cost><cash>6028</cash>
</componentEvent>
<componentEvent>
	<dtimeGame>20220111114100</dtimeGame>	<dtimeReal>20221120125554</dtimeReal>
	<name>Lollipop Server</name>
	<accountAdd>
		<user>Frank</user>
	</accountAdd>
	<cost>0</cost><cash>6028</cash>
</componentEvent>
<componentEvent>
	<dtimeGame>20220111114100</dtimeGame>	<dtimeReal>20221120125554</dtimeReal>
	<name>Lollipop Server</name>
	<accountAdd>
		<user>Peggy</user>
	</accountAdd>
	<cost>0</cost><cash>6028</cash>
</componentEvent>
<componentEvent>
	<dtimeGame>20220111114100</dtimeGame>	<dtimeReal>20221120125554</dtimeReal>
	<name>Lollipop Server</name>
	<accountAdd>
		<user>Fiona</user>
	</accountAdd>
	<cost>0</cost><cash>6028</cash>
</componentEvent>
<componentEvent>
	<dtimeGame>20220111114100</dtimeGame>	<dtimeReal>20221120125554</dtimeReal>
	<name>Lollipop Server</name>
	<accountAdd>
		<group>Marketing</group>
	</accountAdd>
	<cost>0</cost><cash>6028</cash>
</componentEvent>
<assetEvent>
	<dtimeGame>20220111114100</dtimeGame>	<dtimeReal>20221120125554</dtimeReal>
	<name>M and F Web Site</name>
	<moveType>Add : SCENARIO_FILE</moveType>
	<computerName>Lollipop Server</computerName>
</assetEvent>
<assetEvent>
	<dtimeGame>20220111114100</dtimeGame>	<dtimeReal>20221120125554</dtimeReal>
	<name>Sugar Spinner Data</name>
	<moveType>Add : SCENARIO_FILE</moveType>
	<computerName>Lollipop Server</computerName>
</assetEvent>
<gameEvent>
	<dtimeGame>20220111114100</dtimeGame>	<dtimeReal>20221120125554</dtimeReal>
	<creates>
		<computerName>Lollipop Server</computerName>
	</creates>
</gameEvent>
<componentEvent>
	<dtimeGame>20220111114100</dtimeGame>	<dtimeReal>20221120125554</dtimeReal>
	<name>Button Holer</name>
	<networkConnect>Lan1</networkConnect>
	<cost>0</cost><cash>6028</cash>
</componentEvent>
<gameEvent>
	<dtimeGame>20220111114100</dtimeGame>	<dtimeReal>20221120125554</dtimeReal>
	<creates>
		<computerName>Button Holer</computerName>
	</creates>
</gameEvent>
<componentEvent>
	<dtimeGame>20220111114100</dtimeGame>	<dtimeReal>20221120125554</dtimeReal>
	<name>Joe's Workstation</name>
	<networkConnect>Lan1</networkConnect>
	<cost>0</cost><cash>6028</cash>
</componentEvent>
<assetEvent>
	<dtimeGame>20220111114100</dtimeGame>	<dtimeReal>20221120125554</dtimeReal>
	<name>Joe's Stuff</name>
	<moveType>Add : SCENARIO_FILE</moveType>
	<computerName>Joe's Workstation</computerName>
</assetEvent>
<gameEvent>
	<dtimeGame>20220111114100</dtimeGame>	<dtimeReal>20221120125554</dtimeReal>
	<creates>
		<computerName>Joe's Workstation</computerName>
	</creates>
</gameEvent>
<componentEvent>
	<dtimeGame>20220111114100</dtimeGame>	<dtimeReal>20221120125554</dtimeReal>
	<name>Mary's Workstation</name>
	<networkConnect>Lan1</networkConnect>
	<cost>0</cost><cash>6028</cash>
</componentEvent>
<assetEvent>
	<dtimeGame>20220111114100</dtimeGame>	<dtimeReal>20221120125554</dtimeReal>
	<name>Mary's Stuff</name>
	<moveType>Add : SCENARIO_FILE</moveType>
	<computerName>Mary's Workstation</computerName>
</assetEvent>
<gameEvent>
	<dtimeGame>20220111114100</dtimeGame>	<dtimeReal>20221120125554</dtimeReal>
	<creates>
		<computerName>Mary's Workstation</computerName>
	</creates>
</gameEvent>
<componentEvent>
	<dtimeGame>20220111114100</dtimeGame>	<dtimeReal>20221120125554</dtimeReal>
	<name>Frank's Workstation</name>
	<networkConnect>Lan1</networkConnect>
	<cost>0</cost><cash>6028</cash>
</componentEvent>
<assetEvent>
	<dtimeGame>20220111114100</dtimeGame>	<dtimeReal>20221120125554</dtimeReal>
	<name>Frank's Stuff</name>
	<moveType>Add : SCENARIO_FILE</moveType>
	<computerName>Frank's Workstation</computerName>
</assetEvent>
<gameEvent>
	<dtimeGame>20220111114100</dtimeGame>	<dtimeReal>20221120125554</dtimeReal>
	<creates>
		<computerName>Frank's Workstation</computerName>
	</creates>
</gameEvent>
<componentEvent>
	<dtimeGame>20220111114100</dtimeGame>	<dtimeReal>20221120125554</dtimeReal>
	<name>Peggy's Workstation</name>
	<networkConnect>Lan1</networkConnect>
	<cost>0</cost><cash>6028</cash>
</componentEvent>
<assetEvent>
	<dtimeGame>20220111114100</dtimeGame>	<dtimeReal>20221120125554</dtimeReal>
	<name>Peggy's Stuff</name>
	<moveType>Add : SCENARIO_FILE</moveType>
	<computerName>Peggy's Workstation</computerName>
</assetEvent>
<gameEvent>
	<dtimeGame>20220111114100</dtimeGame>	<dtimeReal>20221120125554</dtimeReal>
	<creates>
		<computerName>Peggy's Workstation</computerName>
	</creates>
</gameEvent>
<componentEvent>
	<dtimeGame>20220111114100</dtimeGame>	<dtimeReal>20221120125554</dtimeReal>
	<name>Hotel Workstation</name>
	<networkConnect>Offsite LAN</networkConnect>
	<cost>0</cost><cash>6028</cash>
</componentEvent>
<gameEvent>
	<dtimeGame>20220111114100</dtimeGame>	<dtimeReal>20221120125554</dtimeReal>
	<creates>
		<computerName>Hotel Workstation</computerName>
	</creates>
</gameEvent>
<componentEvent>
	<dtimeGame>20220111114100</dtimeGame>	<dtimeReal>20221120125554</dtimeReal>
	<name>Visitor's Workstation</name>
	<networkConnect>Lan1</networkConnect>
	<cost>0</cost><cash>6028</cash>
</componentEvent>
<gameEvent>
	<dtimeGame>20220111114100</dtimeGame>	<dtimeReal>20221120125554</dtimeReal>
	<creates>
		<computerName>Visitor's Workstation</computerName>
	</creates>
</gameEvent>
<componentEvent>
	<dtimeGame>20220111114100</dtimeGame>	<dtimeReal>20221120125554</dtimeReal>
	<name>Customer's Workstation</name>
	<networkConnect>Customer LAN</networkConnect>
	<cost>0</cost><cash>6028</cash>
</componentEvent>
<componentEvent>
	<dtimeGame>20220111114100</dtimeGame>	<dtimeReal>20221120125554</dtimeReal>
	<name>Customer's Workstation</name>
	<accountAdd>
		<user>Customer</user>
	</accountAdd>
	<cost>0</cost><cash>6028</cash>
</componentEvent>
<gameEvent>
	<dtimeGame>20220111114100</dtimeGame>	<dtimeReal>20221120125554</dtimeReal>
	<creates>
		<computerName>Customer's Workstation</computerName>
	</creates>
</gameEvent>
<gameEvent>
	<dtimeGame>20220111114100</dtimeGame>	<dtimeReal>20221120125554</dtimeReal>
	<creates>
		<computerName>Smartcard Minter</computerName>
	</creates>
</gameEvent>
<gameEvent>
	<dtimeGame>20220111114100</dtimeGame>	<dtimeReal>20221120125554</dtimeReal>
	<creates>
		<computerName>Veriscream CA</computerName>
	</creates>
</gameEvent>
<gameEvent>
	<dtimeGame>20220111114100</dtimeGame>	<dtimeReal>20221120125554</dtimeReal>
	<creates>
		<computerName>CardReader_2</computerName>
	</creates>
</gameEvent>
<gameEvent>
	<dtimeGame>20220111114100</dtimeGame>	<dtimeReal>20221120125554</dtimeReal>
	<creates>
		<computerName>CardReader_3</computerName>
	</creates>
</gameEvent>
<componentEvent>
	<dtimeGame>20220111114100</dtimeGame>	<dtimeReal>20221120125554</dtimeReal>
	<name>customer router</name>
	<networkConnect>Internet</networkConnect>
	<cost>0</cost><cash>6028</cash>
</componentEvent>
<componentEvent>
	<dtimeGame>20220111114100</dtimeGame>	<dtimeReal>20221120125554</dtimeReal>
	<name>customer router</name>
	<networkConnect>Customer LAN</networkConnect>
	<cost>0</cost><cash>6028</cash>
</componentEvent>
<gameEvent>
	<dtimeGame>20220111114100</dtimeGame>	<dtimeReal>20221120125554</dtimeReal>
	<creates>
		<deviceName>customer router</deviceName>
	</creates>
</gameEvent>
<componentEvent>
	<dtimeGame>20220111114100</dtimeGame>	<dtimeReal>20221120125554</dtimeReal>
	<name>HotelRouter</name>
	<networkConnect>Internet</networkConnect>
	<cost>0</cost><cash>6028</cash>
</componentEvent>
<componentEvent>
	<dtimeGame>20220111114100</dtimeGame>	<dtimeReal>20221120125554</dtimeReal>
	<name>HotelRouter</name>
	<networkConnect>Offsite LAN</networkConnect>
	<cost>0</cost><cash>6028</cash>
</componentEvent>
<gameEvent>
	<dtimeGame>20220111114100</dtimeGame>	<dtimeReal>20221120125554</dtimeReal>
	<creates>
		<deviceName>HotelRouter</deviceName>
	</creates>
</gameEvent>
<componentEvent>
	<dtimeGame>20220111114100</dtimeGame>	<dtimeReal>20221120125554</dtimeReal>
	<name>router</name>
	<networkConnect>Internet</networkConnect>
	<cost>0</cost><cash>6028</cash>
</componentEvent>
<componentEvent>
	<dtimeGame>20220111114100</dtimeGame>	<dtimeReal>20221120125554</dtimeReal>
	<name>router</name>
	<networkConnect>Lan1</networkConnect>
	<cost>0</cost><cash>6028</cash>
</componentEvent>
<gameEvent>
	<dtimeGame>20220111114100</dtimeGame>	<dtimeReal>20221120125554</dtimeReal>
	<creates>
		<deviceName>router</deviceName>
	</creates>
</gameEvent>
<goalFailure>
	<dtimeGame>20220111114100</dtimeGame>	<dtimeReal>20221120125554</dtimeReal>
	<name>Modify Sugar Data</name>
	<userList>Blake</userList>
	<reason>The Modify Sugar Data goal failed for Blake because no workstation could access Sugar Spinner Data.</reason>
	<cost>0</cost><cash>6028</cash>
</goalFailure>
<gameEvent>
	<dtimeGame>20220111114100</dtimeGame>	<dtimeReal>20221120125554</dtimeReal>
	<start></start>
</gameEvent>
<gameEvent>
	<dtimeGame>20220111114100</dtimeGame>	<dtimeReal>20221120125621</dtimeReal>
	<resume></resume>
</gameEvent>
<goalFailure>
	<dtimeGame>20220111114100</dtimeGame>	<dtimeReal>20221120125621</dtimeReal>
	<name>Modify Sugar Data</name>
	<userList>Blake</userList>
	<reason>The Modify Sugar Data goal failed for Blake because no workstation could access Sugar Spinner Data.</reason>
	<cost>0</cost><cash>6028</cash>
</goalFailure>
<summaryEvent>
	<dtimeGame>20220111114202</dtimeGame>	<dtimeReal>20221120125621</dtimeReal>
	<bonus>1</bonus><cash>6029</cash>
</summaryEvent>
<trigger>
	<dtimeGame>20220111114202</dtimeGame>	<dtimeReal>20221120125621</dtimeReal>
	<name>GoToBlake</name>
	<triggerType>SPEAK_TRIGGER</triggerType>
	<timesGoneOff>29</timesGoneOff>
	<conditions>ConditionList: BlakeFailsGoal(true) :end</conditions>
</trigger>
<trigger>
	<dtimeGame>20220111114202</dtimeGame>	<dtimeReal>20221120125621</dtimeReal>
	<name>BlakeProfileNoDevice</name>
	<triggerType>TICKER_TRIGGER</triggerType>
	<timesGoneOff>2</timesGoneOff>
	<conditions>ConditionList: PhaseTwoDone(true) and BlakeFailsGoal(true) and VisitorHasBlakeProfile(true) and_not VisitorHasCardReader(false) :end</conditions>
</trigger>
<trigger>
	<dtimeGame>20220111114704</dtimeGame>	<dtimeReal>20221120125622</dtimeReal>
	<name>insider</name>
	<triggerType>ATTACK_TRIGGER</triggerType>
	<timesGoneOff>46</timesGoneOff>
	<conditions>ConditionList: not AnyAssetAttacked(false) :end</conditions>
</trigger>
<trigger>
	<dtimeGame>20220111114704</dtimeGame>	<dtimeReal>20221120125622</dtimeReal>
	<name>InterentTrojan</name>
	<triggerType>ATTACK_TRIGGER</triggerType>
	<timesGoneOff>56</timesGoneOff>
	<conditions>ConditionList: not AnyAssetAttacked(false) :end</conditions>
</trigger>
<trigger>
	<dtimeGame>20220111114704</dtimeGame>	<dtimeReal>20221120125622</dtimeReal>
	<name>WireTap</name>
	<triggerType>ATTACK_TRIGGER</triggerType>
	<timesGoneOff>45</timesGoneOff>
	<conditions>ConditionList: not AnyAssetAttacked(false) :end</conditions>
</trigger>
<uiEvent>
	<dtimeGame>20220111115328</dtimeGame>	<dtimeReal>20221120125624</dtimeReal>
	<tab>objective</tab>
</uiEvent>
<goalFailure>
	<dtimeGame>20220111115328</dtimeGame>	<dtimeReal>20221120125626</dtimeReal>
	<name>Modify Sugar Data</name>
	<userList>Blake</userList>
	<reason>The Modify Sugar Data goal failed for Blake because no workstation could access Sugar Spinner Data.</reason>
	<cost>0</cost><cash>6043</cash>
</goalFailure>
<goalFailure>
	<dtimeGame>20220111115328</dtimeGame>	<dtimeReal>20221120125626</dtimeReal>
	<name>Modify Sugar Data</name>
	<userList>Blake</userList>
	<reason>The Modify Sugar Data goal failed for me because no workstation could access Sugar Spinner Data.</reason>
	<cost>2</cost><cash>6043</cash>
</goalFailure>
<uiEvent>
	<dtimeGame>20220111115328</dtimeGame>	<dtimeReal>20221120125626</dtimeReal>
	<tab>office</tab>
</uiEvent>
<goalFailure>
	<dtimeGame>20220111121658</dtimeGame>	<dtimeReal>20221120125651</dtimeReal>
	<name>Modify Sugar Data</name>
	<userList>Blake</userList>
	<reason></reason>
	<cost>0</cost><cash>6071</cash>
</goalFailure>
<goalFailure>
	<dtimeGame>20220111121658</dtimeGame>	<dtimeReal>20221120125705</dtimeReal>
	<name>Modify Sugar Data</name>
	<userList>Blake</userList>
	<reason></reason>
	<cost>0</cost><cash>6071</cash>
</goalFailure>
<goalFailure>
	<dtimeGame>20220111121658</dtimeGame>	<dtimeReal>20221120125718</dtimeReal>
	<name>Modify Sugar Data</name>
	<userList>Blake</userList>
	<reason></reason>
	<cost>0</cost><cash>6071</cash>
</goalFailure>
<goalFailure>
	<dtimeGame>20220111121658</dtimeGame>	<dtimeReal>20221120125732</dtimeReal>
	<name>Modify Sugar Data</name>
	<userList>Blake</userList>
	<reason></reason>
	<cost>0</cost><cash>6071</cash>
</goalFailure>
<goalFailure>
	<dtimeGame>20220111121658</dtimeGame>	<dtimeReal>20221120125747</dtimeReal>
	<name>Modify Sugar Data</name>
	<userList>Blake</userList>
	<reason></reason>
	<cost>0</cost><cash>6071</cash>
</goalFailure>
<goalFailure>
	<dtimeGame>20220111121658</dtimeGame>	<dtimeReal>20221120125801</dtimeReal>
	<name>Modify Sugar Data</name>
	<userList>Blake</userList>
	<reason></reason>
	<cost>0</cost><cash>6071</cash>
</goalFailure>
<goalFailure>
	<dtimeGame>20220111125853</dtimeGame>	<dtimeReal>20221120125815</dtimeReal>
	<name>Modify Sugar Data</name>
	<userList>Blake</userList>
	<reason></reason>
	<cost>10</cost><cash>6122</cash>
</goalFailure>
<trigger>
	<dtimeGame>20220111133101</dtimeGame>	<dtimeReal>20221120125821</dtimeReal>
	<name>insider</name>
	<triggerType>ATTACK_TRIGGER</triggerType>
	<timesGoneOff>47</timesGoneOff>
	<conditions>ConditionList: not AnyAssetAttacked(false) :end</conditions>
</trigger>
<trigger>
	<dtimeGame>20220111133101</dtimeGame>	<dtimeReal>20221120125821</dtimeReal>
	<name>InterentTrojan</name>
	<triggerType>ATTACK_TRIGGER</triggerType>
	<timesGoneOff>57</timesGoneOff>
	<conditions>ConditionList: not AnyAssetAttacked(false) :end</conditions>
</trigger>
<trigger>
	<dtimeGame>20220111133101</dtimeGame>	<dtimeReal>20221120125821</dtimeReal>
	<name>WireTap</name>
	<triggerType>ATTACK_TRIGGER</triggerType>
	<timesGoneOff>46</timesGoneOff>
	<conditions>ConditionList: not AnyAssetAttacked(false) :end</conditions>
</trigger>
<trigger>
	<dtimeGame>20220111133101</dtimeGame>	<dtimeReal>20221120125821</dtimeReal>
	<name>GoToBlake</name>
	<triggerType>SPEAK_TRIGGER</triggerType>
	<timesGoneOff>30</timesGoneOff>
	<conditions>ConditionList: BlakeFailsGoal(true) :end</conditions>
</trigger>
<trigger>
	<dtimeGame>20220111133101</dtimeGame>	<dtimeReal>20221120125821</dtimeReal>
	<name>BlakeProfileNoDevice</name>
	<triggerType>TICKER_TRIGGER</triggerType>
	<timesGoneOff>3</timesGoneOff>
	<conditions>ConditionList: PhaseTwoDone(true) and BlakeFailsGoal(true) and VisitorHasBlakeProfile(true) and_not VisitorHasCardReader(false) :end</conditions>
</trigger>
<goalFailure>
	<dtimeGame>20220111140525</dtimeGame>	<dtimeReal>20221120125829</dtimeReal>
	<name>Modify Sugar Data</name>
	<userList>Blake</userList>
	<reason>The Modify Sugar Data goal failed for Blake because no workstation could access Sugar Spinner Data.</reason>
	<cost>0</cost><cash>6204</cash>
</goalFailure>
<goalFailure>
	<dtimeGame>20220111140525</dtimeGame>	<dtimeReal>20221120125829</dtimeReal>
	<name>Modify Sugar Data</name>
	<userList>Blake</userList>
	<reason>The Modify Sugar Data goal failed for me because no workstation could access Sugar Spinner Data.</reason>
	<cost>16</cost><cash>6204</cash>
</goalFailure>
<trigger>
	<dtimeGame>20220111141603</dtimeGame>	<dtimeReal>20221120125831</dtimeReal>
	<name>BlakeProfileNoDevice</name>
	<triggerType>TICKER_TRIGGER</triggerType>
	<timesGoneOff>4</timesGoneOff>
	<conditions>ConditionList: PhaseTwoDone(true) and BlakeFailsGoal(true) and VisitorHasBlakeProfile(true) and_not VisitorHasCardReader(false) :end</conditions>
</trigger>
<trigger>
	<dtimeGame>20220111143100</dtimeGame>	<dtimeReal>20221120125834</dtimeReal>
	<name>InterentTrojan</name>
	<triggerType>ATTACK_TRIGGER</triggerType>
	<timesGoneOff>58</timesGoneOff>
	<conditions>ConditionList: not AnyAssetAttacked(false) :end</conditions>
</trigger>
<trigger>
	<dtimeGame>20220111144602</dtimeGame>	<dtimeReal>20221120125837</dtimeReal>
	<name>insider</name>
	<triggerType>ATTACK_TRIGGER</triggerType>
	<timesGoneOff>48</timesGoneOff>
	<conditions>ConditionList: not AnyAssetAttacked(false) :end</conditions>
</trigger>
<trigger>
	<dtimeGame>20220111144602</dtimeGame>	<dtimeReal>20221120125837</dtimeReal>
	<name>WireTap</name>
	<triggerType>ATTACK_TRIGGER</triggerType>
	<timesGoneOff>47</timesGoneOff>
	<conditions>ConditionList: not AnyAssetAttacked(false) :end</conditions>
</trigger>
<goalFailure>
	<dtimeGame>20220111151606</dtimeGame>	<dtimeReal>20221120125843</dtimeReal>
	<name>Modify Sugar Data</name>
	<userList>Blake</userList>
	<reason></reason>
	<cost>16</cost><cash>6290</cash>
</goalFailure>
<trigger>
	<dtimeGame>20220111153104</dtimeGame>	<dtimeReal>20221120125846</dtimeReal>
	<name>InterentTrojan</name>
	<triggerType>ATTACK_TRIGGER</triggerType>
	<timesGoneOff>59</timesGoneOff>
	<conditions>ConditionList: not AnyAssetAttacked(false) :end</conditions>
</trigger>
<trigger>
	<dtimeGame>20220111160103</dtimeGame>	<dtimeReal>20221120125853</dtimeReal>
	<name>insider</name>
	<triggerType>ATTACK_TRIGGER</triggerType>
	<timesGoneOff>49</timesGoneOff>
	<conditions>ConditionList: not AnyAssetAttacked(false) :end</conditions>
</trigger>
<trigger>
	<dtimeGame>20220111160103</dtimeGame>	<dtimeReal>20221120125853</dtimeReal>
	<name>WireTap</name>
	<triggerType>ATTACK_TRIGGER</triggerType>
	<timesGoneOff>48</timesGoneOff>
	<conditions>ConditionList: not AnyAssetAttacked(false) :end</conditions>
</trigger>
<goalFailure>
	<dtimeGame>20220111162239</dtimeGame>	<dtimeReal>20221120125857</dtimeReal>
	<name>Modify Sugar Data</name>
	<userList>Blake</userList>
	<reason></reason>
	<cost>15</cost><cash>6371</cash>
</goalFailure>
<trigger>
	<dtimeGame>20220111163102</dtimeGame>	<dtimeReal>20221120125859</dtimeReal>
	<name>InterentTrojan</name>
	<triggerType>ATTACK_TRIGGER</triggerType>
	<timesGoneOff>60</timesGoneOff>
	<conditions>ConditionList: not AnyAssetAttacked(false) :end</conditions>
</trigger>
<trigger>
	<dtimeGame>20220111171604</dtimeGame>	<dtimeReal>20221120125908</dtimeReal>
	<name>insider</name>
	<triggerType>ATTACK_TRIGGER</triggerType>
	<timesGoneOff>50</timesGoneOff>
	<conditions>ConditionList: not AnyAssetAttacked(false) :end</conditions>
</trigger>
<trigger>
	<dtimeGame>20220111171604</dtimeGame>	<dtimeReal>20221120125908</dtimeReal>
	<name>WireTap</name>
	<triggerType>ATTACK_TRIGGER</triggerType>
	<timesGoneOff>49</timesGoneOff>
	<conditions>ConditionList: not AnyAssetAttacked(false) :end</conditions>
</trigger>
<goalFailure>
	<dtimeGame>20220111172911</dtimeGame>	<dtimeReal>20221120125911</dtimeReal>
	<name>Modify Sugar Data</name>
	<userList>Blake</userList>
	<reason></reason>
	<cost>16</cost><cash>6453</cash>
</goalFailure>
<trigger>
	<dtimeGame>20220111173101</dtimeGame>	<dtimeReal>20221120125911</dtimeReal>
	<name>InterentTrojan</name>
	<triggerType>ATTACK_TRIGGER</triggerType>
	<timesGoneOff>61</timesGoneOff>
	<conditions>ConditionList: not AnyAssetAttacked(false) :end</conditions>
</trigger>
<trigger>
	<dtimeGame>20220111183100</dtimeGame>	<dtimeReal>20221120125924</dtimeReal>
	<name>insider</name>
	<triggerType>ATTACK_TRIGGER</triggerType>
	<timesGoneOff>51</timesGoneOff>
	<conditions>ConditionList: not AnyAssetAttacked(false) :end</conditions>
</trigger>
<trigger>
	<dtimeGame>20220111183100</dtimeGame>	<dtimeReal>20221120125924</dtimeReal>
	<name>InterentTrojan</name>
	<triggerType>ATTACK_TRIGGER</triggerType>
	<timesGoneOff>62</timesGoneOff>
	<conditions>ConditionList: not AnyAssetAttacked(false) :end</conditions>
</trigger>
<trigger>
	<dtimeGame>20220111183100</dtimeGame>	<dtimeReal>20221120125924</dtimeReal>
	<name>WireTap</name>
	<triggerType>ATTACK_TRIGGER</triggerType>
	<timesGoneOff>50</timesGoneOff>
	<conditions>ConditionList: not AnyAssetAttacked(false) :end</conditions>
</trigger>
<goalFailure>
	<dtimeGame>20220111183543</dtimeGame>	<dtimeReal>20221120125925</dtimeReal>
	<name>Modify Sugar Data</name>
	<userList>Blake</userList>
	<reason></reason>
	<cost>15</cost><cash>6533</cash>
</goalFailure>
<trigger>
	<dtimeGame>20220111193104</dtimeGame>	<dtimeReal>20221120125936</dtimeReal>
	<name>InterentTrojan</name>
	<triggerType>ATTACK_TRIGGER</triggerType>
	<timesGoneOff>63</timesGoneOff>
	<conditions>ConditionList: not AnyAssetAttacked(false) :end</conditions>
</trigger>
<trigger>
	<dtimeGame>20220111194601</dtimeGame>	<dtimeReal>20221120125940</dtimeReal>
	<name>insider</name>
	<triggerType>ATTACK_TRIGGER</triggerType>
	<timesGoneOff>52</timesGoneOff>
	<conditions>ConditionList: not AnyAssetAttacked(false) :end</conditions>
</trigger>
<trigger>
	<dtimeGame>20220111194601</dtimeGame>	<dtimeReal>20221120125940</dtimeReal>
	<name>WireTap</name>
	<triggerType>ATTACK_TRIGGER</triggerType>
	<timesGoneOff>51</timesGoneOff>
	<conditions>ConditionList: not AnyAssetAttacked(false) :end</conditions>
</trigger>
<goalFailure>
	<dtimeGame>20220111194625</dtimeGame>	<dtimeReal>20221120125940</dtimeReal>
	<name>Modify Sugar Data</name>
	<userList>Blake</userList>
	<reason></reason>
	<cost>16</cost><cash>6620</cash>
</goalFailure>
<goalFailure>
	<dtimeGame>20220111202227</dtimeGame>	<dtimeReal>20221120130007</dtimeReal>
	<name>Modify Sugar Data</name>
	<userList>Blake</userList>
	<reason></reason>
	<cost>0</cost><cash>6663</cash>
</goalFailure>
<goalFailure>
	<dtimeGame>20220111202227</dtimeGame>	<dtimeReal>20221120130021</dtimeReal>
	<name>Modify Sugar Data</name>
	<userList>Blake</userList>
	<reason></reason>
	<cost>0</cost><cash>6663</cash>
</goalFailure>
<goalFailure>
	<dtimeGame>20220111202227</dtimeGame>	<dtimeReal>20221120130035</dtimeReal>
	<name>Modify Sugar Data</name>
	<userList>Blake</userList>
	<reason></reason>
	<cost>0</cost><cash>6663</cash>
</goalFailure>
<goalFailure>
	<dtimeGame>20220111204843</dtimeGame>	<dtimeReal>20221120130050</dtimeReal>
	<name>Modify Sugar Data</name>
	<userList>Blake</userList>
	<reason></reason>
	<cost>6</cost><cash>6695</cash>
</goalFailure>
<goalFailure>
	<dtimeGame>20220111215515</dtimeGame>	<dtimeReal>20221120130104</dtimeReal>
	<name>Modify Sugar Data</name>
	<userList>Blake</userList>
	<reason></reason>
	<cost>16</cost><cash>6777</cash>
</goalFailure>
<goalFailure>
	<dtimeGame>20220111230147</dtimeGame>	<dtimeReal>20221120130118</dtimeReal>
	<name>Modify Sugar Data</name>
	<userList>Blake</userList>
	<reason></reason>
	<cost>15</cost><cash>6858</cash>
</goalFailure>
<goalFailure>
	<dtimeGame>20220112000819</dtimeGame>	<dtimeReal>20221120130131</dtimeReal>
	<name>Modify Sugar Data</name>
	<userList>Blake</userList>
	<reason></reason>
	<cost>16</cost><cash>6940</cash>
</goalFailure>
<goalFailure>
	<dtimeGame>20220112011901</dtimeGame>	<dtimeReal>20221120130146</dtimeReal>
	<name>Modify Sugar Data</name>
	<userList>Blake</userList>
	<reason></reason>
	<cost>16</cost><cash>7026</cash>
</goalFailure>
<goalFailure>
	<dtimeGame>20220112022534</dtimeGame>	<dtimeReal>20221120130200</dtimeReal>
	<name>Modify Sugar Data</name>
	<userList>Blake</userList>
	<reason></reason>
	<cost>15</cost><cash>7107</cash>
</goalFailure>
<goalFailure>
	<dtimeGame>20220112033206</dtimeGame>	<dtimeReal>20221120130214</dtimeReal>
	<name>Modify Sugar Data</name>
	<userList>Blake</userList>
	<reason></reason>
	<cost>16</cost><cash>7188</cash>
</goalFailure>
<goalFailure>
	<dtimeGame>20220112043838</dtimeGame>	<dtimeReal>20221120130228</dtimeReal>
	<name>Modify Sugar Data</name>
	<userList>Blake</userList>
	<reason></reason>
	<cost>15</cost><cash>7269</cash>
</goalFailure>
<goalFailure>
	<dtimeGame>20220112054920</dtimeGame>	<dtimeReal>20221120130242</dtimeReal>
	<name>Modify Sugar Data</name>
	<userList>Blake</userList>
	<reason></reason>
	<cost>16</cost><cash>7356</cash>
</goalFailure>
<goalFailure>
	<dtimeGame>20220112065552</dtimeGame>	<dtimeReal>20221120130256</dtimeReal>
	<name>Modify Sugar Data</name>
	<userList>Blake</userList>
	<reason></reason>
	<cost>15</cost><cash>7436</cash>
</goalFailure>
<goalFailure>
	<dtimeGame>20220112080224</dtimeGame>	<dtimeReal>20221120130310</dtimeReal>
	<name>Modify Sugar Data</name>
	<userList>Blake</userList>
	<reason></reason>
	<cost>16</cost><cash>7518</cash>
</goalFailure>
<goalFailure>
	<dtimeGame>20220112090857</dtimeGame>	<dtimeReal>20221120130324</dtimeReal>
	<name>Modify Sugar Data</name>
	<userList>Blake</userList>
	<reason></reason>
	<cost>15</cost><cash>7598</cash>
</goalFailure>
<goalFailure>
	<dtimeGame>20220112101938</dtimeGame>	<dtimeReal>20221120130339</dtimeReal>
	<name>Modify Sugar Data</name>
	<userList>Blake</userList>
	<reason></reason>
	<cost>16</cost><cash>7685</cash>
</goalFailure>
<goalFailure>
	<dtimeGame>20220112112611</dtimeGame>	<dtimeReal>20221120130353</dtimeReal>
	<name>Modify Sugar Data</name>
	<userList>Blake</userList>
	<reason></reason>
	<cost>16</cost><cash>7767</cash>
</goalFailure>
<goalFailure>
	<dtimeGame>20220112123243</dtimeGame>	<dtimeReal>20221120130406</dtimeReal>
	<name>Modify Sugar Data</name>
	<userList>Blake</userList>
	<reason></reason>
	<cost>15</cost><cash>7847</cash>
</goalFailure>
<goalFailure>
	<dtimeGame>20220112133915</dtimeGame>	<dtimeReal>20221120130420</dtimeReal>
	<name>Modify Sugar Data</name>
	<userList>Blake</userList>
	<reason></reason>
	<cost>16</cost><cash>7929</cash>
</goalFailure>
<goalFailure>
	<dtimeGame>20220112144957</dtimeGame>	<dtimeReal>20221120130435</dtimeReal>
	<name>Modify Sugar Data</name>
	<userList>Blake</userList>
	<reason></reason>
	<cost>16</cost><cash>8015</cash>
</goalFailure>
<goalFailure>
	<dtimeGame>20220112155629</dtimeGame>	<dtimeReal>20221120130449</dtimeReal>
	<name>Modify Sugar Data</name>
	<userList>Blake</userList>
	<reason></reason>
	<cost>16</cost><cash>8096</cash>
</goalFailure>
<goalFailure>
	<dtimeGame>20220112170301</dtimeGame>	<dtimeReal>20221120130503</dtimeReal>
	<name>Modify Sugar Data</name>
	<userList>Blake</userList>
	<reason></reason>
	<cost>16</cost><cash>8178</cash>
</goalFailure>
<goalFailure>
	<dtimeGame>20220112180934</dtimeGame>	<dtimeReal>20221120130517</dtimeReal>
	<name>Modify Sugar Data</name>
	<userList>Blake</userList>
	<reason></reason>
	<cost>15</cost><cash>8259</cash>
</goalFailure>
<goalFailure>
	<dtimeGame>20220112192015</dtimeGame>	<dtimeReal>20221120130531</dtimeReal>
	<name>Modify Sugar Data</name>
	<userList>Blake</userList>
	<reason></reason>
	<cost>16</cost><cash>8345</cash>
</goalFailure>
<goalFailure>
	<dtimeGame>20220112201312</dtimeGame>	<dtimeReal>20221120130549</dtimeReal>
	<name>Modify Sugar Data</name>
	<userList>Blake</userList>
	<reason></reason>
	<cost>12</cost><cash>8410</cash>
</goalFailure>
<goalFailure>
	<dtimeGame>20220112201312</dtimeGame>	<dtimeReal>20221120130606</dtimeReal>
	<name>Modify Sugar Data</name>
	<userList>Blake</userList>
	<reason></reason>
	<cost>0</cost><cash>8410</cash>
</goalFailure>
<goalFailure>
	<dtimeGame>20220112201312</dtimeGame>	<dtimeReal>20221120130627</dtimeReal>
	<name>Modify Sugar Data</name>
	<userList>Blake</userList>
	<reason></reason>
	<cost>0</cost><cash>8410</cash>
</goalFailure>
<goalFailure>
	<dtimeGame>20220112201312</dtimeGame>	<dtimeReal>20221120130644</dtimeReal>
	<name>Modify Sugar Data</name>
	<userList>Blake</userList>
	<reason></reason>
	<cost>0</cost><cash>8410</cash>
</goalFailure>
<goalFailure>
	<dtimeGame>20220112201312</dtimeGame>	<dtimeReal>20221120130705</dtimeReal>
	<name>Modify Sugar Data</name>
	<userList>Blake</userList>
	<reason></reason>
	<cost>0</cost><cash>8410</cash>
</goalFailure>
<goalFailure>
	<dtimeGame>20220112201541</dtimeGame>	<dtimeReal>20221120130719</dtimeReal>
	<name>Modify Sugar Data</name>
	<userList>Blake</userList>
	<reason></reason>
	<cost>0</cost><cash>8412</cash>
</goalFailure>
<goalFailure>
	<dtimeGame>20220112212623</dtimeGame>	<dtimeReal>20221120130734</dtimeReal>
	<name>Modify Sugar Data</name>
	<userList>Blake</userList>
	<reason></reason>
	<cost>16</cost><cash>8499</cash>
</goalFailure>
<goalFailure>
	<dtimeGame>20220112223255</dtimeGame>	<dtimeReal>20221120130748</dtimeReal>
	<name>Modify Sugar Data</name>
	<userList>Blake</userList>
	<reason></reason>
	<cost>15</cost><cash>8580</cash>
</goalFailure>
<goalFailure>
	<dtimeGame>20220112233928</dtimeGame>	<dtimeReal>20221120130802</dtimeReal>
	<name>Modify Sugar Data</name>
	<userList>Blake</userList>
	<reason></reason>
	<cost>16</cost><cash>8661</cash>
</goalFailure>
<goalFailure>
	<dtimeGame>20220113005009</dtimeGame>	<dtimeReal>20221120130816</dtimeReal>
	<name>Modify Sugar Data</name>
	<userList>Blake</userList>
	<reason></reason>
	<cost>16</cost><cash>8748</cash>
</goalFailure>
<gameEvent>
	<dtimeGame>20220113015530</dtimeGame>	<dtimeReal>20221120130830</dtimeReal>
	<pause></pause>
</gameEvent>
<goalFailure>
	<dtimeGame>20220113015530</dtimeGame>	<dtimeReal>20221120130830</dtimeReal>
	<name>Modify Sugar Data</name>
	<userList>Blake</userList>
	<reason>The Modify Sugar Data goal failed for Blake because no workstation could access Sugar Spinner Data.</reason>
	<cost>0</cost><cash>8827</cash>
</goalFailure>
<uiEvent>
	<dtimeGame>20220113015530</dtimeGame>	<dtimeReal>20221120130838</dtimeReal>
	<tab>objective</tab>
</uiEvent>
<goalFailure>
	<dtimeGame>20220113015530</dtimeGame>	<dtimeReal>20221120130840</dtimeReal>
	<name>Modify Sugar Data</name>
	<userList>Blake</userList>
	<reason>The Modify Sugar Data goal failed for Blake because no workstation could access Sugar Spinner Data.</reason>
	<cost>0</cost><cash>8827</cash>
</goalFailure>
<uiEvent>
	<dtimeGame>20220113015530</dtimeGame>	<dtimeReal>20221120130840</dtimeReal>
	<tab>office</tab>
</uiEvent>
<gameEvent>
	<dtimeGame>20220113015530</dtimeGame>	<dtimeReal>20221120130954</dtimeReal>
	<resume></resume>
</gameEvent>
<goalFailure>
	<dtimeGame>20220113015530</dtimeGame>	<dtimeReal>20221120130954</dtimeReal>
	<name>Modify Sugar Data</name>
	<userList>Blake</userList>
	<reason>The Modify Sugar Data goal failed for Blake because no workstation could access Sugar Spinner Data.</reason>
	<cost>0</cost><cash>8827</cash>
</goalFailure>
<trigger>
	<dtimeGame>20220113015603</dtimeGame>	<dtimeReal>20221120130954</dtimeReal>
	<name>insider</name>
	<triggerType>ATTACK_TRIGGER</triggerType>
	<timesGoneOff>53</timesGoneOff>
	<conditions>ConditionList: not AnyAssetAttacked(false) :end</conditions>
</trigger>
<trigger>
	<dtimeGame>20220113015603</dtimeGame>	<dtimeReal>20221120130954</dtimeReal>
	<name>InterentTrojan</name>
	<triggerType>ATTACK_TRIGGER</triggerType>
	<timesGoneOff>64</timesGoneOff>
	<conditions>ConditionList: not AnyAssetAttacked(false) :end</conditions>
</trigger>
<trigger>
	<dtimeGame>20220113015603</dtimeGame>	<dtimeReal>20221120130954</dtimeReal>
	<name>WireTap</name>
	<triggerType>ATTACK_TRIGGER</triggerType>
	<timesGoneOff>52</timesGoneOff>
	<conditions>ConditionList: not AnyAssetAttacked(false) :end</conditions>
</trigger>
<trigger>
	<dtimeGame>20220113015603</dtimeGame>	<dtimeReal>20221120130954</dtimeReal>
	<name>GoToBlake</name>
	<triggerType>SPEAK_TRIGGER</triggerType>
	<timesGoneOff>31</timesGoneOff>
	<conditions>ConditionList: BlakeFailsGoal(true) :end</conditions>
</trigger>
<trigger>
	<dtimeGame>20220113015603</dtimeGame>	<dtimeReal>20221120130954</dtimeReal>
	<name>BlakeProfileNoDevice</name>
	<triggerType>TICKER_TRIGGER</triggerType>
	<timesGoneOff>5</timesGoneOff>
	<conditions>ConditionList: PhaseTwoDone(true) and BlakeFailsGoal(true) and VisitorHasBlakeProfile(true) and_not VisitorHasCardReader(false) :end</conditions>
</trigger>
<goalFailure>
	<dtimeGame>20220113022646</dtimeGame>	<dtimeReal>20221120131422</dtimeReal>
	<name>Modify Sugar Data</name>
	<userList>Blake</userList>
	<reason></reason>
	<cost>0</cost><cash>8865</cash>
</goalFailure>
<goalFailure>
	<dtimeGame>20220113024841</dtimeGame>	<dtimeReal>20221120131436</dtimeReal>
	<name>Modify Sugar Data</name>
	<userList>Blake</userList>
	<reason></reason>
	<cost>5</cost><cash>8892</cash>
</goalFailure>
<goalFailure>
	<dtimeGame>20220113035513</dtimeGame>	<dtimeReal>20221120131450</dtimeReal>
	<name>Modify Sugar Data</name>
	<userList>Blake</userList>
	<reason></reason>
	<cost>16</cost><cash>8974</cash>
</goalFailure>
<goalFailure>
	<dtimeGame>20220113050555</dtimeGame>	<dtimeReal>20221120131504</dtimeReal>
	<name>Modify Sugar Data</name>
	<userList>Blake</userList>
	<reason></reason>
	<cost>16</cost><cash>9059</cash>
</goalFailure>
<goalFailure>
	<dtimeGame>20220113061227</dtimeGame>	<dtimeReal>20221120131518</dtimeReal>
	<name>Modify Sugar Data</name>
	<userList>Blake</userList>
	<reason></reason>
	<cost>16</cost><cash>9141</cash>
</goalFailure>
<goalFailure>
	<dtimeGame>20220113071859</dtimeGame>	<dtimeReal>20221120131532</dtimeReal>
	<name>Modify Sugar Data</name>
	<userList>Blake</userList>
	<reason></reason>
	<cost>15</cost><cash>9222</cash>
</goalFailure>
<goalFailure>
	<dtimeGame>20220113082531</dtimeGame>	<dtimeReal>20221120131546</dtimeReal>
	<name>Modify Sugar Data</name>
	<userList>Blake</userList>
	<reason></reason>
	<cost>16</cost><cash>9304</cash>
</goalFailure>
<goalFailure>
	<dtimeGame>20220113093613</dtimeGame>	<dtimeReal>20221120131601</dtimeReal>
	<name>Modify Sugar Data</name>
	<userList>Blake</userList>
	<reason></reason>
	<cost>16</cost><cash>9390</cash>
</goalFailure>
<goalFailure>
	<dtimeGame>20220113104245</dtimeGame>	<dtimeReal>20221120131615</dtimeReal>
	<name>Modify Sugar Data</name>
	<userList>Blake</userList>
	<reason></reason>
	<cost>15</cost><cash>9471</cash>
</goalFailure>
<componentEvent>
	<dtimeGame>20220113105626</dtimeGame>	<dtimeReal>20221120131617</dtimeReal>
	<name>CardReader_6</name>
	<buy>
		<catalogName>CardReader</catalogName>
		<position>6</position>
	</buy>
	<cost>1000</cost><cash>8488</cash>
</componentEvent>
<goalFailure>
	<dtimeGame>20220113105626</dtimeGame>	<dtimeReal>20221120131617</dtimeReal>
	<name>Modify Sugar Data</name>
	<userList>Blake</userList>
	<reason>The server wants a password?  Do I have an account?</reason>
	<cost>0</cost><cash>8488</cash>
</goalFailure>
<trigger>
	<dtimeGame>20220113105700</dtimeGame>	<dtimeReal>20221120131618</dtimeReal>
	<name>insider</name>
	<triggerType>ATTACK_TRIGGER</triggerType>
	<timesGoneOff>54</timesGoneOff>
	<conditions>ConditionList: not AnyAssetAttacked(false) :end</conditions>
</trigger>
<trigger>
	<dtimeGame>20220113105700</dtimeGame>	<dtimeReal>20221120131618</dtimeReal>
	<name>InterentTrojan</name>
	<triggerType>ATTACK_TRIGGER</triggerType>
	<timesGoneOff>65</timesGoneOff>
	<conditions>ConditionList: not AnyAssetAttacked(false) :end</conditions>
</trigger>
<trigger>
	<dtimeGame>20220113105700</dtimeGame>	<dtimeReal>20221120131618</dtimeReal>
	<name>WireTap</name>
	<triggerType>ATTACK_TRIGGER</triggerType>
	<timesGoneOff>53</timesGoneOff>
	<conditions>ConditionList: not AnyAssetAttacked(false) :end</conditions>
</trigger>
<trigger>
	<dtimeGame>20220113105700</dtimeGame>	<dtimeReal>20221120131618</dtimeReal>
	<name>CardNoAuthData</name>
	<triggerType>TICKER_TRIGGER</triggerType>
	<timesGoneOff>1</timesGoneOff>
	<conditions>ConditionList: PhaseTwoDone(true) and VisitorHasCardReader5,5 and BlakeFailsGoal(true) and VisitorHasBlakeProfile(true) :end</conditions>
</trigger>
<componentEvent>
	<dtimeGame>20220113105709</dtimeGame>	<dtimeReal>20221120131618</dtimeReal>
	<name>Visitor's Workstation</name>
	<move>
		<position>6</position>
		<newName>Visitor's Workstation</newName>
	</move>
	<cost>0</cost><cash>8489</cash>
</componentEvent>
<goalFailure>
	<dtimeGame>20220113105709</dtimeGame>	<dtimeReal>20221120131618</dtimeReal>
	<name>Modify Sugar Data</name>
	<userList>Blake</userList>
	<reason>The server wants a password?  Do I have an account?</reason>
	<cost>0</cost><cash>8489</cash>
</goalFailure>
<uiEvent>
	<dtimeGame>20220113113859</dtimeGame>	<dtimeReal>20221120131626</dtimeReal>
	<tab>component</tab>
</uiEvent>
<goalFailure>
	<dtimeGame>20220113113859</dtimeGame>	<dtimeReal>20221120131709</dtimeReal>
	<name>Modify Sugar Data</name>
	<userList>Blake</userList>
	<reason>The server wants a password?  Do I have an account?</reason>
	<cost>0</cost><cash>8539</cash>
</goalFailure>
<goalFailure>
	<dtimeGame>20220113113859</dtimeGame>	<dtimeReal>20221120131709</dtimeReal>
	<name>Modify Sugar Data</name>
	<userList>Blake</userList>
	<reason>The server wants a password?  Do I have an account?</reason>
	<cost>0</cost><cash>8539</cash>
</goalFailure>
<uiEvent>
	<dtimeGame>20220113113859</dtimeGame>	<dtimeReal>20221120131709</dtimeReal>
	<tab>office</tab>
</uiEvent>
<trigger>
	<dtimeGame>20220113114201</dtimeGame>	<dtimeReal>20221120131710</dtimeReal>
	<name>GoToBlake</name>
	<triggerType>SPEAK_TRIGGER</triggerType>
	<timesGoneOff>32</timesGoneOff>
	<conditions>ConditionList: BlakeFailsGoal(true) :end</conditions>
</trigger>
<trigger>
	<dtimeGame>20220113115703</dtimeGame>	<dtimeReal>20221120131713</dtimeReal>
	<name>InterentTrojan</name>
	<triggerType>ATTACK_TRIGGER</triggerType>
	<timesGoneOff>66</timesGoneOff>
	<conditions>ConditionList: not AnyAssetAttacked(false) :end</conditions>
</trigger>
<trigger>
	<dtimeGame>20220113121200</dtimeGame>	<dtimeReal>20221120131716</dtimeReal>
	<name>insider</name>
	<triggerType>ATTACK_TRIGGER</triggerType>
	<timesGoneOff>55</timesGoneOff>
	<conditions>ConditionList: not AnyAssetAttacked(false) :end</conditions>
</trigger>
<trigger>
	<dtimeGame>20220113121200</dtimeGame>	<dtimeReal>20221120131716</dtimeReal>
	<name>WireTap</name>
	<triggerType>ATTACK_TRIGGER</triggerType>
	<timesGoneOff>54</timesGoneOff>
	<conditions>ConditionList: not AnyAssetAttacked(false) :end</conditions>
</trigger>
<goalFailure>
	<dtimeGame>20220113125331</dtimeGame>	<dtimeReal>20221120131725</dtimeReal>
	<name>Modify Sugar Data</name>
	<userList>Blake</userList>
	<reason>The server wants a password?  Do I have an account?</reason>
	<cost>16</cost><cash>8631</cash>
</goalFailure>
<trigger>
	<dtimeGame>20220113125702</dtimeGame>	<dtimeReal>20221120131726</dtimeReal>
	<name>InterentTrojan</name>
	<triggerType>ATTACK_TRIGGER</triggerType>
	<timesGoneOff>67</timesGoneOff>
	<conditions>ConditionList: not AnyAssetAttacked(false) :end</conditions>
</trigger>
<trigger>
	<dtimeGame>20220113132701</dtimeGame>	<dtimeReal>20221120131732</dtimeReal>
	<name>insider</name>
	<triggerType>ATTACK_TRIGGER</triggerType>
	<timesGoneOff>56</timesGoneOff>
	<conditions>ConditionList: not AnyAssetAttacked(false) :end</conditions>
</trigger>
<trigger>
	<dtimeGame>20220113132701</dtimeGame>	<dtimeReal>20221120131732</dtimeReal>
	<name>WireTap</name>
	<triggerType>ATTACK_TRIGGER</triggerType>
	<timesGoneOff>55</timesGoneOff>
	<conditions>ConditionList: not AnyAssetAttacked(false) :end</conditions>
</trigger>
<trigger>
	<dtimeGame>20220113135701</dtimeGame>	<dtimeReal>20221120131738</dtimeReal>
	<name>InterentTrojan</name>
	<triggerType>ATTACK_TRIGGER</triggerType>
	<timesGoneOff>68</timesGoneOff>
	<conditions>ConditionList: not AnyAssetAttacked(false) :end</conditions>
</trigger>
<uiEvent>
	<dtimeGame>20220113135837</dtimeGame>	<dtimeReal>20221120131738</dtimeReal>
	<tab>objective</tab>
</uiEvent>
<uiEvent>
	<dtimeGame>20220113135837</dtimeGame>	<dtimeReal>20221120131740</dtimeReal>
	<tab>component</tab>
</uiEvent>
<componentEvent>
	<dtimeGame>20220113135837</dtimeGame>	<dtimeReal>20221120131758</dtimeReal>
	<name>Lollipop Server</name>
	<configSetting>
		<field>UseSmartcard:</field>
		<value>true</value>
		<newProtection>-1</newProtection>
	</configSetting>
	<cost>700</cost><cash>8010</cash>
</componentEvent>
<componentEvent>
	<dtimeGame>20220113135837</dtimeGame>	<dtimeReal>20221120131759</dtimeReal>
	<name>Lollipop Server</name>
	<configSetting>
		<field>UseSmartcard:</field>
		<value>false</value>
		<newProtection>-1</newProtection>
	</configSetting>
	<cost>350</cost><cash>7660</cash>
</componentEvent>
<gameEvent>
	<dtimeGame>20220113135837</dtimeGame>	<dtimeReal>20221120131841</dtimeReal>
	<end>quit</end>
</gameEvent>
<gameEvent>
	<dtimeGame>20220113135837</dtimeGame>	<dtimeReal>20221120131841</dtimeReal>
	<end>quit</end>
</gameEvent>
</CyberCIEGEeventLog>