<?xml version="1.0"?>
<!DOCTYPE CyberCIEGEeventLog SYSTEM "..\..\eventlog.dtd">
<CyberCIEGEeventLog>
<gameEvent>
	<dtimeGame>20220101060200</dtimeGame>	<dtimeReal>20221120161912</dtimeReal>
	<loadFile>C:\Users\Mohit Yadav\AppData\Roaming\CyberCIEGE\Identity Management\Mohit Yadav\AuthPhaseTwo.sdf</loadFile>
</gameEvent>
<gameEvent>
	<dtimeGame>20220101060200</dtimeGame>	<dtimeReal>20221120161912</dtimeReal>
	<loadFile>Authentication.CSM 9/30/16 3 46 PM</loadFile>
</gameEvent>
<gameEvent>
	<dtimeGame>20220106222500</dtimeGame>	<dtimeReal>20221120161912</dtimeReal>
	<creates>
		<user>Blake</user>
	</creates>
</gameEvent>
<gameEvent>
	<dtimeGame>20220106222500</dtimeGame>	<dtimeReal>20221120161912</dtimeReal>
	<creates>
		<user>Customer</user>
	</creates>
</gameEvent>
<gameEvent>
	<dtimeGame>20220106222500</dtimeGame>	<dtimeReal>20221120161912</dtimeReal>
	<creates>
		<user>Joe</user>
	</creates>
</gameEvent>
<gameEvent>
	<dtimeGame>20220106222500</dtimeGame>	<dtimeReal>20221120161912</dtimeReal>
	<creates>
		<user>Mary</user>
	</creates>
</gameEvent>
<gameEvent>
	<dtimeGame>20220106222500</dtimeGame>	<dtimeReal>20221120161912</dtimeReal>
	<creates>
		<user>Frank</user>
	</creates>
</gameEvent>
<gameEvent>
	<dtimeGame>20220106222500</dtimeGame>	<dtimeReal>20221120161912</dtimeReal>
	<creates>
		<user>Peggy</user>
	</creates>
</gameEvent>
<gameEvent>
	<dtimeGame>20220106222500</dtimeGame>	<dtimeReal>20221120161912</dtimeReal>
	<creates>
		<user>Fiona</user>
	</creates>
</gameEvent>
<gameEvent>
	<dtimeGame>20220106222500</dtimeGame>	<dtimeReal>20221120161912</dtimeReal>
	<creates>
		<user>ITguy1</user>
	</creates>
</gameEvent>
<componentEvent>
	<dtimeGame>20220106222500</dtimeGame>	<dtimeReal>20221120161912</dtimeReal>
	<name>Lollipop Server</name>
	<networkConnect>Lan1</networkConnect>
	<cost>0</cost><cash>6125</cash>
</componentEvent>
<componentEvent>
	<dtimeGame>20220106222500</dtimeGame>	<dtimeReal>20221120161912</dtimeReal>
	<name>Lollipop Server</name>
	<accountAdd>
		<user>Joe</user>
	</accountAdd>
	<cost>0</cost><cash>6125</cash>
</componentEvent>
<componentEvent>
	<dtimeGame>20220106222500</dtimeGame>	<dtimeReal>20221120161912</dtimeReal>
	<name>Lollipop Server</name>
	<accountAdd>
		<user>Mary</user>
	</accountAdd>
	<cost>0</cost><cash>6125</cash>
</componentEvent>
<componentEvent>
	<dtimeGame>20220106222500</dtimeGame>	<dtimeReal>20221120161912</dtimeReal>
	<name>Lollipop Server</name>
	<accountAdd>
		<user>Frank</user>
	</accountAdd>
	<cost>0</cost><cash>6125</cash>
</componentEvent>
<componentEvent>
	<dtimeGame>20220106222500</dtimeGame>	<dtimeReal>20221120161912</dtimeReal>
	<name>Lollipop Server</name>
	<accountAdd>
		<user>Peggy</user>
	</accountAdd>
	<cost>0</cost><cash>6125</cash>
</componentEvent>
<componentEvent>
	<dtimeGame>20220106222500</dtimeGame>	<dtimeReal>20221120161912</dtimeReal>
	<name>Lollipop Server</name>
	<accountAdd>
		<user>Fiona</user>
	</accountAdd>
	<cost>0</cost><cash>6125</cash>
</componentEvent>
<assetEvent>
	<dtimeGame>20220106222500</dtimeGame>	<dtimeReal>20221120161912</dtimeReal>
	<name>M and F Web Site</name>
	<moveType>Add : SCENARIO_FILE</moveType>
	<computerName>Lollipop Server</computerName>
</assetEvent>
<assetEvent>
	<dtimeGame>20220106222500</dtimeGame>	<dtimeReal>20221120161912</dtimeReal>
	<name>Sugar Spinner Data</name>
	<moveType>Add : SCENARIO_FILE</moveType>
	<computerName>Lollipop Server</computerName>
</assetEvent>
<gameEvent>
	<dtimeGame>20220106222500</dtimeGame>	<dtimeReal>20221120161912</dtimeReal>
	<creates>
		<computerName>Lollipop Server</computerName>
	</creates>
</gameEvent>
<componentEvent>
	<dtimeGame>20220106222500</dtimeGame>	<dtimeReal>20221120161912</dtimeReal>
	<name>Button Holer</name>
	<networkConnect>Lan1</networkConnect>
	<cost>0</cost><cash>6125</cash>
</componentEvent>
<gameEvent>
	<dtimeGame>20220106222500</dtimeGame>	<dtimeReal>20221120161912</dtimeReal>
	<creates>
		<computerName>Button Holer</computerName>
	</creates>
</gameEvent>
<componentEvent>
	<dtimeGame>20220106222500</dtimeGame>	<dtimeReal>20221120161912</dtimeReal>
	<name>Joe's Workstation</name>
	<networkConnect>Lan1</networkConnect>
	<cost>0</cost><cash>6125</cash>
</componentEvent>
<assetEvent>
	<dtimeGame>20220106222500</dtimeGame>	<dtimeReal>20221120161912</dtimeReal>
	<name>Joe's Stuff</name>
	<moveType>Add : SCENARIO_FILE</moveType>
	<computerName>Joe's Workstation</computerName>
</assetEvent>
<gameEvent>
	<dtimeGame>20220106222500</dtimeGame>	<dtimeReal>20221120161912</dtimeReal>
	<creates>
		<computerName>Joe's Workstation</computerName>
	</creates>
</gameEvent>
<componentEvent>
	<dtimeGame>20220106222500</dtimeGame>	<dtimeReal>20221120161912</dtimeReal>
	<name>Mary's Workstation</name>
	<networkConnect>Lan1</networkConnect>
	<cost>0</cost><cash>6125</cash>
</componentEvent>
<assetEvent>
	<dtimeGame>20220106222500</dtimeGame>	<dtimeReal>20221120161912</dtimeReal>
	<name>Mary's Stuff</name>
	<moveType>Add : SCENARIO_FILE</moveType>
	<computerName>Mary's Workstation</computerName>
</assetEvent>
<gameEvent>
	<dtimeGame>20220106222500</dtimeGame>	<dtimeReal>20221120161912</dtimeReal>
	<creates>
		<computerName>Mary's Workstation</computerName>
	</creates>
</gameEvent>
<componentEvent>
	<dtimeGame>20220106222500</dtimeGame>	<dtimeReal>20221120161912</dtimeReal>
	<name>Frank's Workstation</name>
	<networkConnect>Lan1</networkConnect>
	<cost>0</cost><cash>6125</cash>
</componentEvent>
<assetEvent>
	<dtimeGame>20220106222500</dtimeGame>	<dtimeReal>20221120161912</dtimeReal>
	<name>Frank's Stuff</name>
	<moveType>Add : SCENARIO_FILE</moveType>
	<computerName>Frank's Workstation</computerName>
</assetEvent>
<gameEvent>
	<dtimeGame>20220106222500</dtimeGame>	<dtimeReal>20221120161912</dtimeReal>
	<creates>
		<computerName>Frank's Workstation</computerName>
	</creates>
</gameEvent>
<componentEvent>
	<dtimeGame>20220106222500</dtimeGame>	<dtimeReal>20221120161912</dtimeReal>
	<name>Peggy's Workstation</name>
	<networkConnect>Lan1</networkConnect>
	<cost>0</cost><cash>6125</cash>
</componentEvent>
<assetEvent>
	<dtimeGame>20220106222500</dtimeGame>	<dtimeReal>20221120161912</dtimeReal>
	<name>Peggy's Stuff</name>
	<moveType>Add : SCENARIO_FILE</moveType>
	<computerName>Peggy's Workstation</computerName>
</assetEvent>
<gameEvent>
	<dtimeGame>20220106222500</dtimeGame>	<dtimeReal>20221120161912</dtimeReal>
	<creates>
		<computerName>Peggy's Workstation</computerName>
	</creates>
</gameEvent>
<componentEvent>
	<dtimeGame>20220106222500</dtimeGame>	<dtimeReal>20221120161912</dtimeReal>
	<name>Hotel Workstation</name>
	<networkConnect>Offsite LAN</networkConnect>
	<cost>0</cost><cash>6125</cash>
</componentEvent>
<gameEvent>
	<dtimeGame>20220106222500</dtimeGame>	<dtimeReal>20221120161912</dtimeReal>
	<creates>
		<computerName>Hotel Workstation</computerName>
	</creates>
</gameEvent>
<componentEvent>
	<dtimeGame>20220106222500</dtimeGame>	<dtimeReal>20221120161912</dtimeReal>
	<name>Visitor's Workstation</name>
	<networkConnect>Lan1</networkConnect>
	<cost>0</cost><cash>6125</cash>
</componentEvent>
<gameEvent>
	<dtimeGame>20220106222500</dtimeGame>	<dtimeReal>20221120161912</dtimeReal>
	<creates>
		<computerName>Visitor's Workstation</computerName>
	</creates>
</gameEvent>
<componentEvent>
	<dtimeGame>20220106222500</dtimeGame>	<dtimeReal>20221120161912</dtimeReal>
	<name>Customer's Workstation</name>
	<networkConnect>Customer LAN</networkConnect>
	<cost>0</cost><cash>6125</cash>
</componentEvent>
<componentEvent>
	<dtimeGame>20220106222500</dtimeGame>	<dtimeReal>20221120161912</dtimeReal>
	<name>Customer's Workstation</name>
	<accountAdd>
		<user>Customer</user>
	</accountAdd>
	<cost>0</cost><cash>6125</cash>
</componentEvent>
<gameEvent>
	<dtimeGame>20220106222500</dtimeGame>	<dtimeReal>20221120161912</dtimeReal>
	<creates>
		<computerName>Customer's Workstation</computerName>
	</creates>
</gameEvent>
<gameEvent>
	<dtimeGame>20220106222500</dtimeGame>	<dtimeReal>20221120161912</dtimeReal>
	<creates>
		<computerName>Smartcard Minter</computerName>
	</creates>
</gameEvent>
<gameEvent>
	<dtimeGame>20220106222500</dtimeGame>	<dtimeReal>20221120161912</dtimeReal>
	<creates>
		<computerName>Veriscream CA</computerName>
	</creates>
</gameEvent>
<componentEvent>
	<dtimeGame>20220106222500</dtimeGame>	<dtimeReal>20221120161912</dtimeReal>
	<name>customer router</name>
	<networkConnect>Internet</networkConnect>
	<cost>0</cost><cash>6125</cash>
</componentEvent>
<componentEvent>
	<dtimeGame>20220106222500</dtimeGame>	<dtimeReal>20221120161912</dtimeReal>
	<name>customer router</name>
	<networkConnect>Customer LAN</networkConnect>
	<cost>0</cost><cash>6125</cash>
</componentEvent>
<gameEvent>
	<dtimeGame>20220106222500</dtimeGame>	<dtimeReal>20221120161912</dtimeReal>
	<creates>
		<deviceName>customer router</deviceName>
	</creates>
</gameEvent>
<componentEvent>
	<dtimeGame>20220106222500</dtimeGame>	<dtimeReal>20221120161912</dtimeReal>
	<name>HotelRouter</name>
	<networkConnect>Internet</networkConnect>
	<cost>0</cost><cash>6125</cash>
</componentEvent>
<componentEvent>
	<dtimeGame>20220106222500</dtimeGame>	<dtimeReal>20221120161912</dtimeReal>
	<name>HotelRouter</name>
	<networkConnect>Offsite LAN</networkConnect>
	<cost>0</cost><cash>6125</cash>
</componentEvent>
<gameEvent>
	<dtimeGame>20220106222500</dtimeGame>	<dtimeReal>20221120161912</dtimeReal>
	<creates>
		<deviceName>HotelRouter</deviceName>
	</creates>
</gameEvent>
<componentEvent>
	<dtimeGame>20220106222500</dtimeGame>	<dtimeReal>20221120161912</dtimeReal>
	<name>router</name>
	<networkConnect>Internet</networkConnect>
	<cost>0</cost><cash>6125</cash>
</componentEvent>
<componentEvent>
	<dtimeGame>20220106222500</dtimeGame>	<dtimeReal>20221120161912</dtimeReal>
	<name>router</name>
	<networkConnect>Lan1</networkConnect>
	<cost>0</cost><cash>6125</cash>
</componentEvent>
<gameEvent>
	<dtimeGame>20220106222500</dtimeGame>	<dtimeReal>20221120161912</dtimeReal>
	<creates>
		<deviceName>router</deviceName>
	</creates>
</gameEvent>
<goalFailure>
	<dtimeGame>20220106222500</dtimeGame>	<dtimeReal>20221120161913</dtimeReal>
	<name>Modify Sugar Data</name>
	<userList>Blake</userList>
	<reason>The server wants a password?  Do I have an account?</reason>
	<cost>0</cost><cash>6125</cash>
</goalFailure>
<gameEvent>
	<dtimeGame>20220106222500</dtimeGame>	<dtimeReal>20221120161913</dtimeReal>
	<start></start>
</gameEvent>
<gameEvent>
	<dtimeGame>20220106222500</dtimeGame>	<dtimeReal>20221120161918</dtimeReal>
	<resume></resume>
</gameEvent>
<goalFailure>
	<dtimeGame>20220106222500</dtimeGame>	<dtimeReal>20221120161918</dtimeReal>
	<name>Modify Sugar Data</name>
	<userList>Blake</userList>
	<reason>The server wants a password?  Do I have an account?</reason>
	<cost>0</cost><cash>6125</cash>
</goalFailure>
<summaryEvent>
	<dtimeGame>20220106222602</dtimeGame>	<dtimeReal>20221120161918</dtimeReal>
	<bonus>1</bonus><cash>6126</cash>
</summaryEvent>
<trigger>
	<dtimeGame>20220106222602</dtimeGame>	<dtimeReal>20221120161918</dtimeReal>
	<name>GoToBlake</name>
	<triggerType>SPEAK_TRIGGER</triggerType>
	<timesGoneOff>2</timesGoneOff>
	<conditions>ConditionList: BlakeFailsGoal(true) :end</conditions>
</trigger>
<trigger>
	<dtimeGame>20220106223104</dtimeGame>	<dtimeReal>20221120161919</dtimeReal>
	<name>insider</name>
	<triggerType>ATTACK_TRIGGER</triggerType>
	<timesGoneOff>12</timesGoneOff>
	<conditions>ConditionList: not AnyAssetAttacked(false) :end</conditions>
</trigger>
<trigger>
	<dtimeGame>20220106223104</dtimeGame>	<dtimeReal>20221120161919</dtimeReal>
	<name>InterentTrojan</name>
	<triggerType>ATTACK_TRIGGER</triggerType>
	<timesGoneOff>14</timesGoneOff>
	<conditions>ConditionList: not AnyAssetAttacked(false) :end</conditions>
</trigger>
<trigger>
	<dtimeGame>20220106223104</dtimeGame>	<dtimeReal>20221120161919</dtimeReal>
	<name>WireTap</name>
	<triggerType>ATTACK_TRIGGER</triggerType>
	<timesGoneOff>11</timesGoneOff>
	<conditions>ConditionList: not AnyAssetAttacked(false) :end</conditions>
</trigger>
<gameEvent>
	<dtimeGame>20220106223914</dtimeGame>	<dtimeReal>20221120161921</dtimeReal>
	<pause></pause>
</gameEvent>
<goalFailure>
	<dtimeGame>20220106223914</dtimeGame>	<dtimeReal>20221120161921</dtimeReal>
	<name>Modify Sugar Data</name>
	<userList>Blake</userList>
	<reason>The server wants a password?  Do I have an account?</reason>
	<cost>0</cost><cash>6142</cash>
</goalFailure>
<uiEvent>
	<dtimeGame>20220106223914</dtimeGame>	<dtimeReal>20221120161923</dtimeReal>
	<tab>component</tab>
</uiEvent>
<componentEvent>
	<dtimeGame>20220106223914</dtimeGame>	<dtimeReal>20221120161931</dtimeReal>
	<name>Lollipop Server</name>
	<accountAdd>
		<group>Marketing</group>
	</accountAdd>
	<cost>0</cost><cash>6142</cash>
</componentEvent>
<componentEvent>
	<dtimeGame>20220106223914</dtimeGame>	<dtimeReal>20221120161938</dtimeReal>
	<name>Visitor's Workstation</name>
	<authServerAdd>Lollipop Server</authServerAdd>	<cost>0</cost><cash>6142</cash>
</componentEvent>
<uiEvent>
	<dtimeGame>20220106223914</dtimeGame>	<dtimeReal>20221120161941</dtimeReal>
	<tab>component</tab>
</uiEvent>
<uiEvent>
	<dtimeGame>20220106223914</dtimeGame>	<dtimeReal>20221120161948</dtimeReal>
	<tab>component</tab>
</uiEvent>
<componentEvent>
	<dtimeGame>20220106223914</dtimeGame>	<dtimeReal>20221120161952</dtimeReal>
	<name>Lollipop Server</name>
	<profileAdd>
		<group>Marketing</group>
	</profileAdd>
	<cost>0</cost><cash>6142</cash>
</componentEvent>
<uiEvent>
	<dtimeGame>20220106223914</dtimeGame>	<dtimeReal>20221120161954</dtimeReal>
	<tab>component</tab>
</uiEvent>
<componentEvent>
	<dtimeGame>20220106223914</dtimeGame>	<dtimeReal>20221120161958</dtimeReal>
	<name>Lollipop Server</name>
	<assetACL>
		<assetName>Sugar Spinner Data</assetName>
		<removeDeniedGroup>Public</removeDeniedGroup>
	</assetACL>
	<cost>0</cost><cash>6142</cash>
</componentEvent>
<componentEvent>
	<dtimeGame>20220106223914</dtimeGame>	<dtimeReal>20221120162019</dtimeReal>
	<name>Visitor's Workstation</name>
	<profileAdd>
		<group>Marketing</group>
	</profileAdd>
	<cost>0</cost><cash>6142</cash>
</componentEvent>
<uiEvent>
	<dtimeGame>20220106223914</dtimeGame>	<dtimeReal>20221120162022</dtimeReal>
	<tab>component</tab>
</uiEvent>
<uiEvent>
	<dtimeGame>20220106223914</dtimeGame>	<dtimeReal>20221120162025</dtimeReal>
	<tab>component</tab>
</uiEvent>
<assetEvent>
	<dtimeGame>20220106223914</dtimeGame>	<dtimeReal>20221120162046</dtimeReal>
	<name>Sugar Spinner Data</name>
	<moveType>Remove : PLAYER</moveType>
	<computerName>Lollipop Server</computerName>
</assetEvent>
<assetEvent>
	<dtimeGame>20220106223914</dtimeGame>	<dtimeReal>20221120162046</dtimeReal>
	<name>Sugar Spinner Data</name>
	<moveType>Add : PLAYER</moveType>
	<computerName>Visitor's Workstation</computerName>
</assetEvent>
<uiEvent>
	<dtimeGame>20220106223914</dtimeGame>	<dtimeReal>20221120162046</dtimeReal>
	<tab>component</tab>
</uiEvent>
<componentEvent>
	<dtimeGame>20220106223914</dtimeGame>	<dtimeReal>20221120162051</dtimeReal>
	<name>Visitor's Workstation</name>
	<assetACL>
		<assetName>Sugar Spinner Data</assetName>
		<removeDeniedGroup>Marketing</removeDeniedGroup>
	</assetACL>
	<cost>0</cost><cash>6142</cash>
</componentEvent>
<goalFailure>
	<dtimeGame>20220106223914</dtimeGame>	<dtimeReal>20221120162056</dtimeReal>
	<name>Remote Sugar Data Access</name>
	<userList>Fiona</userList>
	<reason>Asset Goal Remote Sugar Data Access failed for Fiona because no one machine with suitable software could access all the assets required in the asset goal.</reason>
	<cost>0</cost><cash>6142</cash>
</goalFailure>
<goalFailure>
	<dtimeGame>20220106223914</dtimeGame>	<dtimeReal>20221120162056</dtimeReal>
	<name>Modify Sugar Data</name>
	<userList>Blake</userList>
	<reason>Asset Goal Modify Sugar Data failed for Blake because user doesn't have modify rights to asset Sugar Spinner Data</reason>
	<cost>0</cost><cash>6142</cash>
</goalFailure>
<uiEvent>
	<dtimeGame>20220106223914</dtimeGame>	<dtimeReal>20221120162056</dtimeReal>
	<tab>office</tab>
</uiEvent>
<componentEvent>
	<dtimeGame>20220106223914</dtimeGame>	<dtimeReal>20221120162115</dtimeReal>
	<name>CardReader_2</name>
	<buy>
		<catalogName>CardReader</catalogName>
		<position>6</position>
	</buy>
	<cost>1000</cost><cash>5142</cash>
</componentEvent>
<goalFailure>
	<dtimeGame>20220106223914</dtimeGame>	<dtimeReal>20221120162115</dtimeReal>
	<name>Remote Sugar Data Access</name>
	<userList>Fiona</userList>
	<reason>Asset Goal Remote Sugar Data Access failed for Fiona because no one machine with suitable software could access all the assets required in the asset goal.</reason>
	<cost>0</cost><cash>5142</cash>
</goalFailure>
<gameEvent>
	<dtimeGame>20220106223914</dtimeGame>	<dtimeReal>20221120162120</dtimeReal>
	<resume></resume>
</gameEvent>
<goalFailure>
	<dtimeGame>20220106223914</dtimeGame>	<dtimeReal>20221120162120</dtimeReal>
	<name>Remote Sugar Data Access</name>
	<userList>Fiona</userList>
	<reason>Asset Goal Remote Sugar Data Access failed for Fiona because no one machine with suitable software could access all the assets required in the asset goal.</reason>
	<cost>0</cost><cash>5142</cash>
</goalFailure>
<summaryEvent>
	<dtimeGame>20220106224002</dtimeGame>	<dtimeReal>20221120162120</dtimeReal>
	<bonus>1</bonus><cash>5142</cash>
</summaryEvent>
<trigger>
	<dtimeGame>20220106224104</dtimeGame>	<dtimeReal>20221120162121</dtimeReal>
	<name>GoToFiona</name>
	<triggerType>SPEAK_TRIGGER</triggerType>
	<timesGoneOff>3</timesGoneOff>
	<conditions>ConditionList: FionaFailsGoal(true) :end</conditions>
</trigger>
<userEvent>
	<dtimeGame>20220106224119</dtimeGame>	<dtimeReal>20221120162121</dtimeReal>
	<newMode>
		<name>Blake</name>
		<animMode>5</animMode>
	</newMode>
	<cost>0</cost><cash>5143</cash>
</userEvent>
<userEvent>
	<dtimeGame>20220106224119</dtimeGame>	<dtimeReal>20221120162121</dtimeReal>
	<newMode>
		<name>Blake</name>
		<animMode>12</animMode>
	</newMode>
	<cost>0</cost><cash>5143</cash>
</userEvent>
<uiEvent>
	<dtimeGame>20220106225533</dtimeGame>	<dtimeReal>20221120162124</dtimeReal>
	<tab>component</tab>
</uiEvent>
<componentEvent>
	<dtimeGame>20220106225533</dtimeGame>	<dtimeReal>20221120162129</dtimeReal>
	<name>Visitor's Workstation</name>
	<configSetting>
		<field>UseSmartcard:</field>
		<value>true</value>
		<newProtection>-1</newProtection>
	</configSetting>
	<cost>700</cost><cash>4447</cash>
</componentEvent>
<goalFailure>
	<dtimeGame>20220106225533</dtimeGame>	<dtimeReal>20221120162131</dtimeReal>
	<name>Remote Sugar Data Access</name>
	<userList>Fiona</userList>
	<reason>Asset Goal Remote Sugar Data Access failed for Fiona because no one machine with suitable software could access all the assets required in the asset goal.</reason>
	<cost>0</cost><cash>4447</cash>
</goalFailure>
<goalFailure>
	<dtimeGame>20220106225533</dtimeGame>	<dtimeReal>20221120162131</dtimeReal>
	<name>Remote Sugar Data Access</name>
	<userList>Fiona</userList>
	<reason>Asset Goal Remote Sugar Data Access failed for me because no one machine with suitable software could access all the assets required in the asset goal.</reason>
	<cost>0</cost><cash>4447</cash>
</goalFailure>
<uiEvent>
	<dtimeGame>20220106225533</dtimeGame>	<dtimeReal>20221120162131</dtimeReal>
	<tab>office</tab>
</uiEvent>
<userEvent>
	<dtimeGame>20220106231058</dtimeGame>	<dtimeReal>20221120162134</dtimeReal>
	<newMode>
		<name>Fiona</name>
		<animMode>14</animMode>
	</newMode>
	<cost>0</cost><cash>4452</cash>
</userEvent>
<trigger>
	<dtimeGame>20220106231103</dtimeGame>	<dtimeReal>20221120162134</dtimeReal>
	<name>UsingIdCard</name>
	<triggerType>SPEAK_TRIGGER</triggerType>
	<timesGoneOff>1</timesGoneOff>
	<conditions>ConditionList: not BlakeFailsGoal(false) and PhaseTwoDone(true) and VisitorHasBlakeProfile(true) and (VisitorHasCardReader5,5 or VisitorHasCardReader6,5 or VisitorHasCardReader7,5 or VisitorHasCardReader8,5) :end</conditions>
</trigger>
<userEvent>
	<dtimeGame>20220106231756</dtimeGame>	<dtimeReal>20221120162135</dtimeReal>
	<newMode>
		<name>Fiona</name>
		<animMode>3</animMode>
	</newMode>
	<cost>0</cost><cash>4454</cash>
</userEvent>
<trigger>
	<dtimeGame>20220106233103</dtimeGame>	<dtimeReal>20221120162138</dtimeReal>
	<name>InterentTrojan</name>
	<triggerType>ATTACK_TRIGGER</triggerType>
	<timesGoneOff>15</timesGoneOff>
	<conditions>ConditionList: not AnyAssetAttacked(false) :end</conditions>
</trigger>
<userEvent>
	<dtimeGame>20220106233848</dtimeGame>	<dtimeReal>20221120162140</dtimeReal>
	<newMode>
		<name>Fiona</name>
		<animMode>14</animMode>
	</newMode>
	<cost>0</cost><cash>4461</cash>
</userEvent>
<userEvent>
	<dtimeGame>20220106234546</dtimeGame>	<dtimeReal>20221120162141</dtimeReal>
	<newMode>
		<name>Fiona</name>
		<animMode>3</animMode>
	</newMode>
	<cost>0</cost><cash>4463</cash>
</userEvent>
<trigger>
	<dtimeGame>20220106234600</dtimeGame>	<dtimeReal>20221120162141</dtimeReal>
	<name>insider</name>
	<triggerType>ATTACK_TRIGGER</triggerType>
	<timesGoneOff>13</timesGoneOff>
	<conditions>ConditionList: not AnyAssetAttacked(false) :end</conditions>
</trigger>
<trigger>
	<dtimeGame>20220106234600</dtimeGame>	<dtimeReal>20221120162141</dtimeReal>
	<name>WireTap</name>
	<triggerType>ATTACK_TRIGGER</triggerType>
	<timesGoneOff>12</timesGoneOff>
	<conditions>ConditionList: not AnyAssetAttacked(false) :end</conditions>
</trigger>
<userEvent>
	<dtimeGame>20220106235453</dtimeGame>	<dtimeReal>20221120162143</dtimeReal>
	<newMode>
		<name>Blake</name>
		<animMode>1</animMode>
	</newMode>
	<cost>0</cost><cash>4466</cash>
</userEvent>
<userEvent>
	<dtimeGame>20220107000150</dtimeGame>	<dtimeReal>20221120162144</dtimeReal>
	<newMode>
		<name>Blake</name>
		<animMode>3</animMode>
	</newMode>
	<cost>0</cost><cash>4468</cash>
</userEvent>
<userEvent>
	<dtimeGame>20220107000638</dtimeGame>	<dtimeReal>20221120162145</dtimeReal>
	<newMode>
		<name>Fiona</name>
		<animMode>14</animMode>
	</newMode>
	<cost>0</cost><cash>4470</cash>
</userEvent>
<userEvent>
	<dtimeGame>20220107001336</dtimeGame>	<dtimeReal>20221120162147</dtimeReal>
	<newMode>
		<name>Fiona</name>
		<animMode>3</animMode>
	</newMode>
	<cost>0</cost><cash>4472</cash>
</userEvent>
<trigger>
	<dtimeGame>20220107003102</dtimeGame>	<dtimeReal>20221120162150</dtimeReal>
	<name>InterentTrojan</name>
	<triggerType>ATTACK_TRIGGER</triggerType>
	<timesGoneOff>16</timesGoneOff>
	<conditions>ConditionList: not AnyAssetAttacked(false) :end</conditions>
</trigger>
<userEvent>
	<dtimeGame>20220107003428</dtimeGame>	<dtimeReal>20221120162151</dtimeReal>
	<newMode>
		<name>Fiona</name>
		<animMode>14</animMode>
	</newMode>
	<cost>0</cost><cash>4479</cash>
</userEvent>
<userEvent>
	<dtimeGame>20220107004125</dtimeGame>	<dtimeReal>20221120162153</dtimeReal>
	<newMode>
		<name>Fiona</name>
		<animMode>3</animMode>
	</newMode>
	<cost>0</cost><cash>4481</cash>
</userEvent>
<goalFailure>
	<dtimeGame>20220107005335</dtimeGame>	<dtimeReal>20221120162155</dtimeReal>
	<name>Remote Sugar Data Access</name>
	<userList>Fiona</userList>
	<reason></reason>
	<cost>16</cost><cash>4485</cash>
</goalFailure>
<userEvent>
	<dtimeGame>20220107005520</dtimeGame>	<dtimeReal>20221120162155</dtimeReal>
	<newMode>
		<name>Fiona</name>
		<animMode>14</animMode>
	</newMode>
	<cost>0</cost><cash>4486</cash>
</userEvent>
<trigger>
	<dtimeGame>20220107010101</dtimeGame>	<dtimeReal>20221120162157</dtimeReal>
	<name>insider</name>
	<triggerType>ATTACK_TRIGGER</triggerType>
	<timesGoneOff>14</timesGoneOff>
	<conditions>ConditionList: not AnyAssetAttacked(false) :end</conditions>
</trigger>
<trigger>
	<dtimeGame>20220107010101</dtimeGame>	<dtimeReal>20221120162157</dtimeReal>
	<name>WireTap</name>
	<triggerType>ATTACK_TRIGGER</triggerType>
	<timesGoneOff>13</timesGoneOff>
	<conditions>ConditionList: not AnyAssetAttacked(false) :end</conditions>
</trigger>
<userEvent>
	<dtimeGame>20220107010915</dtimeGame>	<dtimeReal>20221120162158</dtimeReal>
	<newMode>
		<name>Fiona</name>
		<animMode>3</animMode>
	</newMode>
	<cost>0</cost><cash>4490</cash>
</userEvent>
<trigger>
	<dtimeGame>20220107012101</dtimeGame>	<dtimeReal>20221120162201</dtimeReal>
	<name>VisitorWorkingOK</name>
	<triggerType>SET_OBJECTIVE_STATUS</triggerType>
	<timesGoneOff>1</timesGoneOff>
	<conditions>ConditionList: not BlakeFailsGoal(false) and PublicAllowedVisitorRoom(true) and PhaseTwoDone(true) and_not AnyAssetAttacked(false) and BlakeTyping(true) :end</conditions>
</trigger>
<trigger>
	<dtimeGame>20220107012603</dtimeGame>	<dtimeReal>20221120162202</dtimeReal>
	<name>GoToFiona</name>
	<triggerType>SPEAK_TRIGGER</triggerType>
	<timesGoneOff>4</timesGoneOff>
	<conditions>ConditionList: FionaFailsGoal(true) :end</conditions>
</trigger>
<userEvent>
	<dtimeGame>20220107013008</dtimeGame>	<dtimeReal>20221120162203</dtimeReal>
	<newMode>
		<name>Fiona</name>
		<animMode>14</animMode>
	</newMode>
	<cost>0</cost><cash>4497</cash>
</userEvent>
<trigger>
	<dtimeGame>20220107013101</dtimeGame>	<dtimeReal>20221120162203</dtimeReal>
	<name>InterentTrojan</name>
	<triggerType>ATTACK_TRIGGER</triggerType>
	<timesGoneOff>17</timesGoneOff>
	<conditions>ConditionList: not AnyAssetAttacked(false) :end</conditions>
</trigger>
<userEvent>
	<dtimeGame>20220107013705</dtimeGame>	<dtimeReal>20221120162204</dtimeReal>
	<newMode>
		<name>Fiona</name>
		<animMode>3</animMode>
	</newMode>
	<cost>0</cost><cash>4499</cash>
</userEvent>
<goalFailure>
	<dtimeGame>20220107020417</dtimeGame>	<dtimeReal>20221120162210</dtimeReal>
	<name>Remote Sugar Data Access</name>
	<userList>Fiona</userList>
	<reason>Asset Goal Remote Sugar Data Access failed for Fiona because no one machine with suitable software could access all the assets required in the asset goal.</reason>
	<cost>0</cost><cash>4508</cash>
</goalFailure>
<goalFailure>
	<dtimeGame>20220107020417</dtimeGame>	<dtimeReal>20221120162210</dtimeReal>
	<name>Remote Sugar Data Access</name>
	<userList>Fiona</userList>
	<reason>Asset Goal Remote Sugar Data Access failed for me because no one machine with suitable software could access all the assets required in the asset goal.</reason>
	<cost>16</cost><cash>4508</cash>
</goalFailure>
<trigger>
	<dtimeGame>20220107021602</dtimeGame>	<dtimeReal>20221120162212</dtimeReal>
	<name>insider</name>
	<triggerType>ATTACK_TRIGGER</triggerType>
	<timesGoneOff>15</timesGoneOff>
	<conditions>ConditionList: not AnyAssetAttacked(false) :end</conditions>
</trigger>
<trigger>
	<dtimeGame>20220107021602</dtimeGame>	<dtimeReal>20221120162212</dtimeReal>
	<name>WireTap</name>
	<triggerType>ATTACK_TRIGGER</triggerType>
	<timesGoneOff>14</timesGoneOff>
	<conditions>ConditionList: not AnyAssetAttacked(false) :end</conditions>
</trigger>
<trigger>
	<dtimeGame>20220107023104</dtimeGame>	<dtimeReal>20221120162215</dtimeReal>
	<name>InterentTrojan</name>
	<triggerType>ATTACK_TRIGGER</triggerType>
	<timesGoneOff>18</timesGoneOff>
	<conditions>ConditionList: not AnyAssetAttacked(false) :end</conditions>
</trigger>
<trigger>
	<dtimeGame>20220107023602</dtimeGame>	<dtimeReal>20221120162216</dtimeReal>
	<name>Win</name>
	<triggerType>WIN_TRIGGER</triggerType>
	<timesGoneOff>1</timesGoneOff>
	<conditions>ConditionList: VisitorAssetAccess(true) :end</conditions>
</trigger>
<gameEvent>
	<dtimeGame>20220107023602</dtimeGame>	<dtimeReal>20221120162216</dtimeReal>
	<end>win</end>
</gameEvent>
<uiEvent>
	<dtimeGame>20220107023602</dtimeGame>	<dtimeReal>20221120162233</dtimeReal>
	<tab>game</tab>
</uiEvent>
<gameEvent>
	<dtimeGame>20220107023602</dtimeGame>	<dtimeReal>20221120162254</dtimeReal>
	<saveFile>saved_Nov20_16_22.sdf</saveFile>
</gameEvent>
<gameEvent>
	<dtimeGame>20220107023602</dtimeGame>	<dtimeReal>20221120162310</dtimeReal>
	<saveFile>saved_Nov20_16_23.sdf</saveFile>
</gameEvent>
<gameEvent>
	<dtimeGame>20220107023602</dtimeGame>	<dtimeReal>20221120162312</dtimeReal>
	<end>quit</end>
</gameEvent>
</CyberCIEGEeventLog>