<?xml version="1.0"?>
<!DOCTYPE CyberCIEGEeventLog SYSTEM "..\..\eventlog.dtd">
<CyberCIEGEeventLog>
<gameEvent>
	<dtimeGame>20220101060200</dtimeGame>	<dtimeReal>20221119224210</dtimeReal>
	<loadFile>..\Identity Management\1_Authentication.sdf</loadFile>
</gameEvent>
<gameEvent>
	<dtimeGame>20220101060200</dtimeGame>	<dtimeReal>20221119224210</dtimeReal>
	<loadFile>Authentication.CSM 9/30/16 3 46 PM</loadFile>
</gameEvent>
<gameEvent>
	<dtimeGame>20220106080000</dtimeGame>	<dtimeReal>20221119224210</dtimeReal>
	<creates>
		<user>Blake</user>
	</creates>
</gameEvent>
<gameEvent>
	<dtimeGame>20220106080000</dtimeGame>	<dtimeReal>20221119224210</dtimeReal>
	<creates>
		<user>Customer</user>
	</creates>
</gameEvent>
<gameEvent>
	<dtimeGame>20220106080000</dtimeGame>	<dtimeReal>20221119224210</dtimeReal>
	<creates>
		<user>Joe</user>
	</creates>
</gameEvent>
<gameEvent>
	<dtimeGame>20220106080000</dtimeGame>	<dtimeReal>20221119224210</dtimeReal>
	<creates>
		<user>Mary</user>
	</creates>
</gameEvent>
<gameEvent>
	<dtimeGame>20220106080000</dtimeGame>	<dtimeReal>20221119224210</dtimeReal>
	<creates>
		<user>Frank</user>
	</creates>
</gameEvent>
<gameEvent>
	<dtimeGame>20220106080000</dtimeGame>	<dtimeReal>20221119224210</dtimeReal>
	<creates>
		<user>Peggy</user>
	</creates>
</gameEvent>
<gameEvent>
	<dtimeGame>20220106080000</dtimeGame>	<dtimeReal>20221119224210</dtimeReal>
	<creates>
		<user>Fiona</user>
	</creates>
</gameEvent>
<gameEvent>
	<dtimeGame>20220106080000</dtimeGame>	<dtimeReal>20221119224210</dtimeReal>
	<creates>
		<user>ITguy1</user>
	</creates>
</gameEvent>
<componentEvent>
	<dtimeGame>20220106080000</dtimeGame>	<dtimeReal>20221119224210</dtimeReal>
	<name>customer router</name>
	<networkConnect>Internet</networkConnect>
	<cost>0</cost><cash>20000</cash>
</componentEvent>
<componentEvent>
	<dtimeGame>20220106080000</dtimeGame>	<dtimeReal>20221119224210</dtimeReal>
	<name>customer router</name>
	<networkConnect>Customer LAN</networkConnect>
	<cost>0</cost><cash>20000</cash>
</componentEvent>
<gameEvent>
	<dtimeGame>20220106080000</dtimeGame>	<dtimeReal>20221119224210</dtimeReal>
	<creates>
		<deviceName>customer router</deviceName>
	</creates>
</gameEvent>
<componentEvent>
	<dtimeGame>20220106080000</dtimeGame>	<dtimeReal>20221119224210</dtimeReal>
	<name>HotelRouter</name>
	<networkConnect>Offsite LAN</networkConnect>
	<cost>0</cost><cash>20000</cash>
</componentEvent>
<componentEvent>
	<dtimeGame>20220106080000</dtimeGame>	<dtimeReal>20221119224210</dtimeReal>
	<name>HotelRouter</name>
	<networkConnect>Internet</networkConnect>
	<cost>0</cost><cash>20000</cash>
</componentEvent>
<gameEvent>
	<dtimeGame>20220106080000</dtimeGame>	<dtimeReal>20221119224210</dtimeReal>
	<creates>
		<deviceName>HotelRouter</deviceName>
	</creates>
</gameEvent>
<componentEvent>
	<dtimeGame>20220106080000</dtimeGame>	<dtimeReal>20221119224210</dtimeReal>
	<name>router</name>
	<networkConnect>Lan1</networkConnect>
	<cost>0</cost><cash>20000</cash>
</componentEvent>
<componentEvent>
	<dtimeGame>20220106080000</dtimeGame>	<dtimeReal>20221119224210</dtimeReal>
	<name>router</name>
	<networkConnect>Internet</networkConnect>
	<cost>0</cost><cash>20000</cash>
</componentEvent>
<gameEvent>
	<dtimeGame>20220106080000</dtimeGame>	<dtimeReal>20221119224210</dtimeReal>
	<creates>
		<deviceName>router</deviceName>
	</creates>
</gameEvent>
<componentEvent>
	<dtimeGame>20220106080000</dtimeGame>	<dtimeReal>20221119224210</dtimeReal>
	<name>Lollipop Server</name>
	<networkConnect>Lan1</networkConnect>
	<cost>0</cost><cash>20000</cash>
</componentEvent>
<assetEvent>
	<dtimeGame>20220106080000</dtimeGame>	<dtimeReal>20221119224210</dtimeReal>
	<name>Sugar Spinner Data</name>
	<moveType>Add : SCENARIO_FILE</moveType>
	<computerName>Lollipop Server</computerName>
</assetEvent>
<assetEvent>
	<dtimeGame>20220106080000</dtimeGame>	<dtimeReal>20221119224210</dtimeReal>
	<name>M and F Web Site</name>
	<moveType>Add : SCENARIO_FILE</moveType>
	<computerName>Lollipop Server</computerName>
</assetEvent>
<gameEvent>
	<dtimeGame>20220106080000</dtimeGame>	<dtimeReal>20221119224210</dtimeReal>
	<creates>
		<computerName>Lollipop Server</computerName>
	</creates>
</gameEvent>
<componentEvent>
	<dtimeGame>20220106080000</dtimeGame>	<dtimeReal>20221119224210</dtimeReal>
	<name>Button Holer</name>
	<networkConnect>Lan1</networkConnect>
	<cost>0</cost><cash>20000</cash>
</componentEvent>
<gameEvent>
	<dtimeGame>20220106080000</dtimeGame>	<dtimeReal>20221119224210</dtimeReal>
	<creates>
		<computerName>Button Holer</computerName>
	</creates>
</gameEvent>
<componentEvent>
	<dtimeGame>20220106080000</dtimeGame>	<dtimeReal>20221119224210</dtimeReal>
	<name>Joe's Workstation</name>
	<networkConnect>Lan1</networkConnect>
	<cost>0</cost><cash>20000</cash>
</componentEvent>
<gameEvent>
	<dtimeGame>20220106080000</dtimeGame>	<dtimeReal>20221119224210</dtimeReal>
	<creates>
		<computerName>Joe's Workstation</computerName>
	</creates>
</gameEvent>
<componentEvent>
	<dtimeGame>20220106080000</dtimeGame>	<dtimeReal>20221119224210</dtimeReal>
	<name>Mary's Workstation</name>
	<networkConnect>Lan1</networkConnect>
	<cost>0</cost><cash>20000</cash>
</componentEvent>
<gameEvent>
	<dtimeGame>20220106080000</dtimeGame>	<dtimeReal>20221119224210</dtimeReal>
	<creates>
		<computerName>Mary's Workstation</computerName>
	</creates>
</gameEvent>
<componentEvent>
	<dtimeGame>20220106080000</dtimeGame>	<dtimeReal>20221119224210</dtimeReal>
	<name>Frank's Workstation</name>
	<networkConnect>Lan1</networkConnect>
	<cost>0</cost><cash>20000</cash>
</componentEvent>
<gameEvent>
	<dtimeGame>20220106080000</dtimeGame>	<dtimeReal>20221119224210</dtimeReal>
	<creates>
		<computerName>Frank's Workstation</computerName>
	</creates>
</gameEvent>
<componentEvent>
	<dtimeGame>20220106080000</dtimeGame>	<dtimeReal>20221119224210</dtimeReal>
	<name>Peggy's Workstation</name>
	<networkConnect>Lan1</networkConnect>
	<cost>0</cost><cash>20000</cash>
</componentEvent>
<gameEvent>
	<dtimeGame>20220106080000</dtimeGame>	<dtimeReal>20221119224210</dtimeReal>
	<creates>
		<computerName>Peggy's Workstation</computerName>
	</creates>
</gameEvent>
<componentEvent>
	<dtimeGame>20220106080000</dtimeGame>	<dtimeReal>20221119224210</dtimeReal>
	<name>Hotel Workstation</name>
	<networkConnect>Offsite LAN</networkConnect>
	<cost>0</cost><cash>20000</cash>
</componentEvent>
<gameEvent>
	<dtimeGame>20220106080000</dtimeGame>	<dtimeReal>20221119224210</dtimeReal>
	<creates>
		<computerName>Hotel Workstation</computerName>
	</creates>
</gameEvent>
<componentEvent>
	<dtimeGame>20220106080000</dtimeGame>	<dtimeReal>20221119224210</dtimeReal>
	<name>Visitor's Workstation</name>
	<networkConnect>Lan1</networkConnect>
	<cost>0</cost><cash>20000</cash>
</componentEvent>
<gameEvent>
	<dtimeGame>20220106080000</dtimeGame>	<dtimeReal>20221119224210</dtimeReal>
	<creates>
		<computerName>Visitor's Workstation</computerName>
	</creates>
</gameEvent>
<componentEvent>
	<dtimeGame>20220106080000</dtimeGame>	<dtimeReal>20221119224210</dtimeReal>
	<name>Customer's Workstation</name>
	<networkConnect>Customer LAN</networkConnect>
	<cost>0</cost><cash>20000</cash>
</componentEvent>
<componentEvent>
	<dtimeGame>20220106080000</dtimeGame>	<dtimeReal>20221119224210</dtimeReal>
	<name>Customer's Workstation</name>
	<accountAdd>
		<user>Customer</user>
	</accountAdd>
	<cost>0</cost><cash>20000</cash>
</componentEvent>
<gameEvent>
	<dtimeGame>20220106080000</dtimeGame>	<dtimeReal>20221119224210</dtimeReal>
	<creates>
		<computerName>Customer's Workstation</computerName>
	</creates>
</gameEvent>
<gameEvent>
	<dtimeGame>20220106080000</dtimeGame>	<dtimeReal>20221119224210</dtimeReal>
	<creates>
		<computerName>Smartcard Minter</computerName>
	</creates>
</gameEvent>
<gameEvent>
	<dtimeGame>20220106080000</dtimeGame>	<dtimeReal>20221119224210</dtimeReal>
	<creates>
		<computerName>Veriscream CA</computerName>
	</creates>
</gameEvent>
<goalFailure>
	<dtimeGame>20220106080000</dtimeGame>	<dtimeReal>20221119224210</dtimeReal>
	<name>Modify Sugar Data</name>
	<userList>Frank</userList>
	<reason>The Modify Sugar Data goal failed for Frank because no workstation could access Sugar Spinner Data.</reason>
	<cost>0</cost><cash>20000</cash>
</goalFailure>
<goalFailure>
	<dtimeGame>20220106080000</dtimeGame>	<dtimeReal>20221119224210</dtimeReal>
	<name>Modify Sugar Data</name>
	<userList>Mary</userList>
	<reason>The Modify Sugar Data goal failed for Mary because no workstation could access Sugar Spinner Data.</reason>
	<cost>0</cost><cash>20000</cash>
</goalFailure>
<goalFailure>
	<dtimeGame>20220106080000</dtimeGame>	<dtimeReal>20221119224210</dtimeReal>
	<name>Modify Sugar Data</name>
	<userList>Joe</userList>
	<reason>The Modify Sugar Data goal failed for Joe because no workstation could access Sugar Spinner Data.</reason>
	<cost>0</cost><cash>20000</cash>
</goalFailure>
<gameEvent>
	<dtimeGame>20220106080000</dtimeGame>	<dtimeReal>20221119224210</dtimeReal>
	<start></start>
</gameEvent>
<trigger>
	<dtimeGame>20220106080000</dtimeGame>	<dtimeReal>20221119224210</dtimeReal>
	<name>IdentEncy</name>
	<triggerType>ECONTEXT_TRIGGER</triggerType>
	<timesGoneOff>1</timesGoneOff>
	<conditions>ConditionList: time1hour(false) or_not time1hour(false) :end</conditions>
</trigger>
<uiEvent>
	<dtimeGame>20220106080000</dtimeGame>	<dtimeReal>20221119224214</dtimeReal>
	<tab>objective</tab>
</uiEvent>
<gameEvent>
	<dtimeGame>20220106080000</dtimeGame>	<dtimeReal>20221119224231</dtimeReal>
	<end>quit</end>
</gameEvent>
<gameEvent>
	<dtimeGame>20220106080000</dtimeGame>	<dtimeReal>20221119224231</dtimeReal>
	<end>quit</end>
</gameEvent>
</CyberCIEGEeventLog>